Current configuration:
[NAME]		[DEFLT]	[VALUE]
-accumdir		/home/nattapong/Downloads/acoustic_model/bwaccumdir/acoustic_model_buff_1,
-constE		3.0	3.000000e+00
-dcountfn		
-example	no	no
-fullvar	no	no
-help		no	no
-inmeanfn		
-inmixwfn		
-invarfn		
-meanfn			/home/nattapong/Downloads/acoustic_model/model_parameters/acoustic_model.cd_cont_200/means
-mixwfn			/home/nattapong/Downloads/acoustic_model/model_parameters/acoustic_model.cd_cont_200/mixture_weights
-mmie		no	no
-oaccumdir		
-regmatfn		
-tiedvar	no	no
-tmatfn			/home/nattapong/Downloads/acoustic_model/model_parameters/acoustic_model.cd_cont_200/transition_matrices
-varfn			/home/nattapong/Downloads/acoustic_model/model_parameters/acoustic_model.cd_cont_200/variances

INFO: main.c(207): Reading and accumulating counts from /home/nattapong/Downloads/acoustic_model/bwaccumdir/acoustic_model_buff_1
INFO: s3mixw_io.c(116): Read /home/nattapong/Downloads/acoustic_model/bwaccumdir/acoustic_model_buff_1/mixw_counts [308x1x8 array]
INFO: s3tmat_io.c(117): Read /home/nattapong/Downloads/acoustic_model/bwaccumdir/acoustic_model_buff_1/tmat_counts [36x3x4 array]
INFO: s3gau_io.c(381): Read /home/nattapong/Downloads/acoustic_model/bwaccumdir/acoustic_model_buff_1/gauden_counts with means with vars (2pass) [308x1x8 vector arrays]
INFO: main.c(321): -2passvar yes
INFO: main.c(390): Normalizing mean for n_mgau= 308, n_stream= 1, n_density= 8
INFO: main.c(414): Normalizing var
INFO: s3mixw_io.c(232): Wrote /home/nattapong/Downloads/acoustic_model/model_parameters/acoustic_model.cd_cont_200/mixture_weights [308x1x8 array]
INFO: s3tmat_io.c(175): Wrote /home/nattapong/Downloads/acoustic_model/model_parameters/acoustic_model.cd_cont_200/transition_matrices [36x3x4 array]
INFO: s3gau_io.c(228): Wrote /home/nattapong/Downloads/acoustic_model/model_parameters/acoustic_model.cd_cont_200/means [308x1x8 array]
INFO: s3gau_io.c(228): Wrote /home/nattapong/Downloads/acoustic_model/model_parameters/acoustic_model.cd_cont_200/variances [308x1x8 array]
Tue Jun  9 01:52:04 2020
Current Overall Likelihood Per Frame = -127.828103156601
Convergence ratio = 0.117005825813308
