Current configuration:
[NAME]		[DEFLT]	[VALUE]
-dcountfn		/home/nattapong/Downloads/acoustic_model/model_parameters/acoustic_model.cd_cont_200/mixture_weights
-example	no	no
-fullvar	no	no
-help		no	no
-inmeanfn		/home/nattapong/Downloads/acoustic_model/model_parameters/acoustic_model.cd_cont_200/means
-inmixwfn		/home/nattapong/Downloads/acoustic_model/model_parameters/acoustic_model.cd_cont_200/mixture_weights
-invarfn		/home/nattapong/Downloads/acoustic_model/model_parameters/acoustic_model.cd_cont_200/variances
-ninc		1	2
-outmeanfn		/home/nattapong/Downloads/acoustic_model/model_parameters/acoustic_model.cd_cont_initial/means
-outmixwfn		/home/nattapong/Downloads/acoustic_model/model_parameters/acoustic_model.cd_cont_initial/mixture_weights
-outvarfn		/home/nattapong/Downloads/acoustic_model/model_parameters/acoustic_model.cd_cont_initial/variances

INFO: main.c(85): Reading mixing weight file /home/nattapong/Downloads/acoustic_model/model_parameters/acoustic_model.cd_cont_200/mixture_weights.
INFO: s3mixw_io.c(116): Read /home/nattapong/Downloads/acoustic_model/model_parameters/acoustic_model.cd_cont_200/mixture_weights [308x1x2 array]
INFO: s3gau_io.c(168): Read /home/nattapong/Downloads/acoustic_model/model_parameters/acoustic_model.cd_cont_200/means [308x1x2 array]
INFO: s3gau_io.c(168): Read /home/nattapong/Downloads/acoustic_model/model_parameters/acoustic_model.cd_cont_200/variances [308x1x2 array]
INFO: s3gau_io.c(552): Read /home/nattapong/Downloads/acoustic_model/model_parameters/acoustic_model.cd_cont_200/mixture_weights [308x1x2 array]
INFO: main.c(151): output n_density == 4
0:1(9.51e+03)0(7.64e+03)
1:0(1.74e+04)1(1.41e+04)
2:0(1.97e+04)1(1.73e+04)
3:1(1.31e+04)0(1.24e+04)
4:0(8.54e+03)1(7.66e+03)
5:1(1.04e+04)0(5.43e+03)
6:0(3.12e+02)1(1.54e+02)
7:1(7.17e+01)0(3.45e+01)
8:1(8.57e+01)0(6.88e+01)
9:0(7.32e+02)1(5.18e+02)
10:1(2.52e+03)0(2.37e+03)
11:1(1.60e+03)0(1.30e+03)
12:0(1.30e+03)1(8.55e+02)
13:0(4.03e+02)1(3.53e+02)
14:0(4.26e+02)1(4.09e+02)
15:0(1.38e+02)1(7.57e+01)
16:0(5.03e+01)1(1.57e+01)
17:0(8.39e+01)1(7.09e+01)
18:0(3.98e+03)1(2.26e+03)
19:1(1.70e+03)0(1.38e+03)
20:0(1.89e+03)1(8.91e+02)
21:0(1.50e+03)1(8.17e+02)
22:0(1.20e+03)1(6.86e+02)
23:0(4.95e+03)1(1.45e+03)
24:1(6.79e+02)0(5.66e+02)
25:1(2.35e+03)0(1.57e+03)
26:0(1.13e+03)1(9.13e+02)
27:1(1.53e+02)0(1.39e+02)
28:1(2.08e+02)0(1.37e+02)
29:1(6.74e+02)0(4.25e+02)
30:1(7.13e+02)0(2.70e+02)
31:1(4.16e+02)0(3.70e+02)
32:0(1.00e+03)1(8.69e+02)
33:1(1.39e+03)0(6.73e+02)
34:1(4.99e+02)0(3.32e+02)
35:1(6.90e+02)0(3.24e+02)
36:1(7.18e+02)0(4.60e+02)
37:0(3.02e+02)1(2.67e+02)
38:1(4.08e+02)0(3.57e+02)
39:0(1.72e+03)1(1.69e+03)
40:0(2.91e+03)1(2.59e+03)
41:0(3.72e+03)1(2.43e+03)
42:1(9.46e+02)0(4.98e+02)
43:1(2.59e+03)0(1.56e+03)
44:1(1.38e+03)0(1.32e+03)
45:0(1.65e+04)1(1.15e+04)
46:1(5.19e+03)0(4.02e+03)
47:1(4.34e+03)0(4.20e+03)
48:0(5.68e+02)1(4.13e+02)
49:0(3.00e+02)1(2.88e+02)
50:1(4.82e+02)0(3.42e+02)
51:1(2.80e+03)0(2.61e+03)
52:0(5.31e+03)1(4.06e+03)
53:0(6.48e+03)1(2.78e+03)
54:1(4.83e+03)0(3.12e+03)
55:0(5.14e+03)1(3.68e+03)
56:0(7.61e+03)1(6.04e+03)
57:0(1.36e+02)1(9.64e+01)
58:0(2.27e+02)1(1.94e+02)
59:0(1.06e+02)1(7.91e+01)
60:0(3.82e+02)1(2.37e+02)
61:0(2.25e+02)1(2.13e+02)
62:1(4.98e+02)0(3.52e+02)
63:1(2.86e+03)0(2.81e+03)
64:1(3.05e+03)0(2.10e+03)
65:0(5.10e+03)1(4.19e+03)
66:1(1.77e+03)0(1.49e+03)
67:1(6.16e+02)0(5.87e+02)
68:1(5.50e+02)0(3.25e+02)
69:0(8.49e+03)1(5.09e+03)
70:1(2.20e+03)0(1.13e+03)
71:0(2.10e+03)1(1.81e+03)
72:1(2.49e+03)0(2.24e+03)
73:1(1.75e+03)0(1.09e+03)
74:1(1.69e+03)0(1.60e+03)
75:0(4.53e+03)1(3.68e+03)
76:1(2.70e+03)0(1.95e+03)
77:1(1.43e+03)0(1.28e+03)
78:0(6.13e+04)1(5.75e+04)
79:0(5.80e+04)1(4.77e+04)
80:0(1.92e+04)1(6.34e+03)
81:1(4.08e+03)0(1.37e+03)
82:1(5.85e+03)0(2.23e+03)
83:1(1.17e+04)0(5.44e+03)
84:0(6.32e+01)1(6.11e+01)
85:0(4.05e+01)1(3.05e+01)
86:1(1.91e+02)0(1.33e+02)
87:0(6.28e+03)1(4.53e+03)
88:1(1.63e+03)0(1.54e+03)
89:0(1.84e+03)1(1.33e+03)
90:0(3.42e+03)1(1.16e+03)
91:1(8.93e+02)0(6.84e+02)
92:0(6.56e+02)1(5.51e+02)
93:0(8.77e+02)1(7.97e+02)
94:0(1.45e+02)1(1.28e+02)
95:1(2.31e+02)0(1.94e+02)
96:1(1.02e+03)0(8.97e+02)
97:0(2.67e+03)1(1.60e+03)
98:0(1.65e+03)1(1.55e+03)
99:0(3.26e+03)1(2.78e+03)
100:1(1.97e+03)0(1.76e+03)
101:1(1.52e+03)0(8.57e+02)
102:1(4.79e+02)0(3.48e+02)
103:1(2.17e+02)0(1.87e+02)
104:1(1.48e+02)0(1.41e+02)
105:1(8.87e+02)0(8.51e+02)
106:1(4.05e+02)0(2.46e+02)
107:0(5.58e+02)1(4.56e+02)
108:0(1.81e+03)1(1.04e+03)
109:1(2.41e+03)0(2.08e+03)
110:1(5.25e+02)0(5.25e+02)
111:0(7.70e+02)1(6.96e+02)
112:1(1.28e+03)0(1.22e+03)
113:0(1.47e+03)1(1.14e+03)
114:1(4.77e+02)0(4.46e+02)
115:1(6.67e+02)0(5.88e+02)
116:0(5.64e+02)1(5.47e+02)
117:0(1.15e+03)1(7.89e+02)
118:0(4.43e+03)1(3.88e+03)
119:0(5.68e+03)1(5.56e+03)
120:1(1.94e+03)0(1.68e+03)
121:0(5.44e+02)1(3.80e+02)
122:0(2.48e+03)1(1.87e+03)
123:0(3.45e+03)1(2.84e+03)
124:0(1.37e+04)1(6.72e+03)
125:1(4.19e+03)0(4.07e+03)
126:0(6.85e+02)1(5.83e+02)
127:0(4.50e+02)1(2.37e+02)
128:0(1.79e+03)1(1.31e+03)
129:0(3.27e+03)1(1.66e+03)
130:0(4.77e+03)1(2.82e+03)
131:0(1.39e+03)1(7.83e+02)
132:1(5.30e+02)0(4.39e+02)
133:0(8.63e+02)1(3.72e+02)
134:1(2.84e+03)0(2.68e+03)
135:1(7.26e+02)0(4.75e+02)
136:1(2.01e+03)0(1.40e+03)
137:0(2.17e+03)1(2.10e+03)
138:0(5.54e+02)1(5.14e+02)
139:1(3.32e+03)0(2.92e+03)
140:1(1.76e+03)0(1.46e+03)
141:1(8.98e+02)0(8.07e+02)
142:1(4.84e+02)0(3.29e+02)
143:1(5.50e+03)0(4.55e+03)
144:0(3.12e+02)1(1.54e+02)
145:1(7.17e+01)0(3.45e+01)
146:1(8.57e+01)0(6.88e+01)
147:0(7.32e+02)1(5.18e+02)
148:0(1.90e+03)1(9.11e+02)
149:1(1.41e+03)0(6.73e+02)
150:1(1.60e+03)0(1.30e+03)
151:0(1.30e+03)1(8.55e+02)
152:0(4.03e+02)1(3.53e+02)
153:0(4.26e+02)1(4.09e+02)
154:0(1.38e+02)1(7.57e+01)
155:0(5.03e+01)1(1.57e+01)
156:0(8.39e+01)1(7.09e+01)
157:0(2.03e+03)1(1.30e+03)
158:0(1.76e+03)1(1.15e+03)
159:1(1.70e+03)0(1.38e+03)
160:1(1.03e+03)0(8.96e+02)
161:1(4.28e+02)0(4.26e+02)
162:0(9.11e+02)1(7.53e+02)
163:0(3.29e+02)1(3.25e+02)
164:1(3.20e+02)0(2.99e+02)
165:1(7.37e+02)0(5.34e+02)
166:0(4.01e+03)1(1.73e+03)
167:0(4.08e+02)1(2.54e+02)
168:1(6.79e+02)0(5.66e+02)
169:0(4.56e+02)1(3.80e+02)
170:1(2.06e+03)0(1.03e+03)
171:0(1.13e+03)1(9.13e+02)
172:1(1.53e+02)0(1.39e+02)
173:1(2.08e+02)0(1.37e+02)
174:1(6.74e+02)0(4.25e+02)
175:1(7.13e+02)0(2.70e+02)
176:1(4.16e+02)0(3.70e+02)
177:0(1.00e+03)1(8.69e+02)
178:1(1.39e+03)0(6.73e+02)
179:1(4.99e+02)0(3.32e+02)
180:1(6.90e+02)0(3.24e+02)
181:1(7.18e+02)0(4.60e+02)
182:0(3.02e+02)1(2.67e+02)
183:1(4.08e+02)0(3.57e+02)
184:0(1.41e+03)1(1.31e+03)
185:1(3.93e+02)0(3.02e+02)
186:0(1.01e+03)1(9.67e+02)
187:0(2.00e+03)1(1.53e+03)
188:0(3.72e+03)1(2.43e+03)
189:0(2.95e+02)1(1.82e+02)
190:0(6.87e+02)1(2.80e+02)
191:0(1.22e+03)1(7.14e+02)
192:0(1.14e+03)1(1.08e+03)
193:1(1.38e+03)0(1.32e+03)
194:0(3.73e+03)1(1.51e+03)
195:0(3.89e+03)1(3.10e+03)
196:0(2.36e+03)1(2.16e+03)
197:0(4.48e+03)1(3.86e+03)
198:1(1.64e+03)0(1.31e+03)
199:0(3.32e+03)1(3.16e+03)
200:1(1.43e+03)0(1.31e+03)
201:1(1.21e+03)0(5.72e+02)
202:0(1.58e+03)1(1.39e+03)
203:0(2.05e+03)1(1.74e+03)
204:0(5.68e+02)1(4.13e+02)
205:0(3.00e+02)1(2.88e+02)
206:1(4.82e+02)0(3.42e+02)
207:0(1.38e+03)1(1.18e+03)
208:1(5.94e+02)0(4.18e+02)
209:0(1.04e+03)1(8.07e+02)
210:1(1.21e+03)0(1.13e+03)
211:1(7.03e+02)0(7.00e+02)
212:1(2.89e+03)0(2.73e+03)
213:0(1.39e+03)1(6.39e+02)
214:1(2.95e+03)0(2.07e+03)
215:1(5.07e+02)0(4.39e+02)
216:1(6.34e+02)0(6.22e+02)
217:1(1.17e+03)0(4.99e+02)
218:0(9.98e+02)1(8.97e+02)
219:1(1.41e+03)0(7.62e+02)
220:0(1.15e+03)1(1.06e+03)
221:0(1.80e+03)1(1.23e+03)
222:0(1.02e+03)1(9.72e+02)
223:1(1.40e+03)0(1.05e+03)
224:0(8.05e+02)1(5.36e+02)
225:0(4.00e+03)1(2.77e+03)
226:0(2.43e+03)1(5.51e+02)
227:1(3.79e+02)0(3.00e+02)
228:1(1.21e+03)0(8.73e+02)
229:1(6.63e+02)0(4.79e+02)
230:0(1.36e+02)1(9.64e+01)
231:0(2.27e+02)1(1.94e+02)
232:0(1.06e+02)1(7.91e+01)
233:0(3.82e+02)1(2.37e+02)
234:0(2.25e+02)1(2.13e+02)
235:1(4.98e+02)0(3.52e+02)
236:1(1.97e+03)0(1.05e+03)
237:1(1.11e+03)0(8.94e+02)
238:0(3.39e+02)1(3.00e+02)
239:0(8.55e+02)1(4.33e+02)
240:0(8.41e+02)1(8.02e+02)
241:1(5.16e+02)0(4.98e+02)
242:0(7.50e+02)1(4.58e+02)
243:1(1.02e+03)0(8.33e+02)
244:0(2.99e+02)1(2.87e+02)
245:1(9.56e+02)0(7.88e+02)
246:0(1.76e+03)1(1.09e+03)
247:0(1.35e+03)1(9.16e+02)
248:1(1.77e+03)0(1.49e+03)
249:1(6.16e+02)0(5.87e+02)
250:1(5.50e+02)0(3.25e+02)
251:0(6.57e+03)1(3.51e+03)
252:1(1.86e+03)0(1.64e+03)
253:1(2.20e+03)0(1.13e+03)
254:0(1.33e+03)1(1.13e+03)
255:1(7.75e+02)0(6.74e+02)
256:1(2.49e+03)0(2.24e+03)
257:1(1.75e+03)0(1.09e+03)
258:1(7.44e+02)0(4.20e+02)
259:1(1.13e+03)0(9.96e+02)
260:1(1.40e+03)0(1.39e+03)
261:0(3.00e+03)1(2.42e+03)
262:1(2.70e+03)0(1.95e+03)
263:1(1.04e+03)0(8.21e+02)
264:0(5.50e+02)1(3.03e+02)
265:1(8.58e+02)0(5.58e+02)
266:1(1.15e+03)0(7.72e+02)
267:1(1.25e+03)0(8.61e+02)
268:1(6.16e+02)0(5.37e+02)
269:0(3.63e+03)1(3.30e+03)
270:0(4.26e+03)1(3.09e+03)
271:1(4.41e+03)0(4.29e+03)
272:1(7.01e+02)0(4.36e+02)
273:0(6.32e+01)1(6.11e+01)
274:0(4.05e+01)1(3.05e+01)
275:1(1.91e+02)0(1.33e+02)
276:1(3.11e+03)0(2.83e+03)
277:0(2.87e+03)1(1.99e+03)
278:1(1.63e+03)0(1.54e+03)
279:0(5.52e+02)1(5.37e+02)
280:0(1.33e+03)1(7.53e+02)
281:1(7.11e+02)0(4.00e+02)
282:0(1.83e+03)1(1.64e+03)
283:1(8.93e+02)0(6.84e+02)
284:0(6.56e+02)1(5.51e+02)
285:0(8.77e+02)1(7.97e+02)
286:0(1.45e+02)1(1.28e+02)
287:1(2.31e+02)0(1.94e+02)
288:1(7.77e+02)0(6.89e+02)
289:1(2.38e+02)0(2.16e+02)
290:1(9.25e+02)0(7.67e+02)
291:0(1.39e+03)1(1.18e+03)
292:1(1.39e+03)0(8.17e+02)
293:1(5.64e+02)0(4.32e+02)
294:1(3.38e+03)0(1.72e+03)
295:0(5.77e+02)1(3.67e+02)
296:1(6.39e+02)0(5.89e+02)
297:1(1.07e+03)0(8.99e+02)
298:0(3.31e+02)1(2.01e+02)
299:1(3.54e+02)0(1.31e+02)
300:1(4.06e+02)0(3.27e+02)
301:1(6.20e+02)0(5.39e+02)
302:1(4.79e+02)0(3.48e+02)
303:1(2.17e+02)0(1.87e+02)
304:1(1.48e+02)0(1.41e+02)
305:1(8.87e+02)0(8.51e+02)
306:1(4.05e+02)0(2.46e+02)
307:0(5.58e+02)1(4.56e+02)INFO: s3mixw_io.c(232): Wrote /home/nattapong/Downloads/acoustic_model/model_parameters/acoustic_model.cd_cont_initial/mixture_weights [308x1x4 array]
INFO: s3gau_io.c(228): Wrote /home/nattapong/Downloads/acoustic_model/model_parameters/acoustic_model.cd_cont_initial/means [308x1x4 array]
INFO: s3gau_io.c(228): Wrote /home/nattapong/Downloads/acoustic_model/model_parameters/acoustic_model.cd_cont_initial/variances [308x1x4 array]

Tue Jun  9 01:50:38 2020
