Current configuration:
[NAME]		[DEFLT]	[VALUE]
-dcountfn		/home/nattapong/Downloads/acoustic_model/model_parameters/acoustic_model.cd_cont_200/mixture_weights
-example	no	no
-fullvar	no	no
-help		no	no
-inmeanfn		/home/nattapong/Downloads/acoustic_model/model_parameters/acoustic_model.cd_cont_200/means
-inmixwfn		/home/nattapong/Downloads/acoustic_model/model_parameters/acoustic_model.cd_cont_200/mixture_weights
-invarfn		/home/nattapong/Downloads/acoustic_model/model_parameters/acoustic_model.cd_cont_200/variances
-ninc		1	4
-outmeanfn		/home/nattapong/Downloads/acoustic_model/model_parameters/acoustic_model.cd_cont_initial/means
-outmixwfn		/home/nattapong/Downloads/acoustic_model/model_parameters/acoustic_model.cd_cont_initial/mixture_weights
-outvarfn		/home/nattapong/Downloads/acoustic_model/model_parameters/acoustic_model.cd_cont_initial/variances

INFO: main.c(85): Reading mixing weight file /home/nattapong/Downloads/acoustic_model/model_parameters/acoustic_model.cd_cont_200/mixture_weights.
INFO: s3mixw_io.c(116): Read /home/nattapong/Downloads/acoustic_model/model_parameters/acoustic_model.cd_cont_200/mixture_weights [308x1x4 array]
INFO: s3gau_io.c(168): Read /home/nattapong/Downloads/acoustic_model/model_parameters/acoustic_model.cd_cont_200/means [308x1x4 array]
INFO: s3gau_io.c(168): Read /home/nattapong/Downloads/acoustic_model/model_parameters/acoustic_model.cd_cont_200/variances [308x1x4 array]
INFO: s3gau_io.c(552): Read /home/nattapong/Downloads/acoustic_model/model_parameters/acoustic_model.cd_cont_200/mixture_weights [308x1x4 array]
INFO: main.c(151): output n_density == 8
0:3(4.93e+03)1(4.69e+03)2(4.44e+03)0(3.59e+03)
1:3(9.75e+03)2(7.35e+03)0(7.29e+03)1(6.86e+03)
2:3(1.16e+04)0(8.59e+03)2(8.44e+03)1(7.85e+03)
3:1(9.24e+03)3(6.16e+03)0(5.17e+03)2(4.96e+03)
4:2(5.25e+03)3(4.19e+03)1(4.04e+03)0(3.23e+03)
5:1(6.09e+03)2(4.90e+03)0(2.20e+03)3(2.19e+03)
6:2(2.03e+02)0(1.97e+02)1(7.30e+01)3(4.63e+01)
7:2(5.27e+01)1(3.28e+01)3(2.00e+01)0(8.00e+00)
8:1(5.88e+01)3(3.49e+01)2(3.21e+01)0(2.62e+01)
9:2(7.06e+02)0(4.90e+02)1(2.96e+02)3(2.52e+02)
10:3(1.84e+03)1(1.65e+03)2(8.13e+02)0(5.54e+02)
11:1(1.12e+03)3(5.60e+02)2(5.23e+02)0(4.64e+02)
12:2(7.14e+02)0(6.48e+02)3(4.36e+02)1(2.24e+02)
13:0(2.31e+02)1(2.27e+02)2(2.24e+02)3(1.45e+02)
14:2(2.91e+02)1(2.31e+02)0(1.65e+02)3(1.39e+02)
15:2(9.12e+01)1(4.00e+01)3(3.40e+01)0(3.25e+01)
16:2(3.76e+01)0(1.40e+01)1(8.00e+00)3(8.00e+00)
17:2(5.86e+01)3(5.06e+01)1(3.94e+01)0(1.91e+01)
18:2(2.11e+03)0(1.96e+03)1(1.36e+03)3(8.94e+02)
19:3(8.77e+02)1(7.87e+02)2(7.47e+02)0(5.66e+02)
20:2(1.17e+03)0(9.37e+02)3(4.18e+02)1(3.66e+02)
21:2(8.77e+02)0(6.88e+02)1(4.04e+02)3(2.66e+02)
22:2(9.27e+02)0(5.26e+02)3(4.66e+02)1(3.02e+02)
23:0(2.23e+03)2(1.97e+03)1(1.05e+03)3(7.26e+02)
24:2(4.58e+02)0(3.65e+02)1(3.06e+02)3(2.32e+02)
25:1(1.24e+03)2(1.18e+03)0(9.41e+02)3(6.11e+02)
26:2(8.34e+02)1(5.62e+02)0(4.26e+02)3(3.83e+02)
27:2(7.88e+01)3(7.60e+01)1(6.42e+01)0(6.28e+01)
28:2(1.30e+02)1(9.81e+01)0(6.97e+01)3(5.88e+01)
29:1(5.53e+02)2(2.94e+02)3(1.52e+02)0(1.34e+02)
30:1(3.72e+02)2(3.19e+02)3(1.83e+02)0(1.46e+02)
31:1(3.38e+02)0(2.45e+02)2(1.29e+02)3(1.23e+02)
32:1(5.02e+02)2(5.01e+02)0(4.37e+02)3(2.81e+02)
33:1(7.71e+02)2(7.18e+02)3(3.62e+02)0(1.61e+02)
34:2(3.13e+02)1(1.91e+02)3(1.85e+02)0(1.70e+02)
35:1(3.63e+02)2(3.61e+02)0(1.41e+02)3(1.23e+02)
36:1(4.79e+02)2(2.21e+02)3(1.62e+02)0(1.30e+02)
37:1(2.32e+02)3(1.59e+02)0(1.45e+02)2(1.27e+02)
38:1(2.78e+02)3(2.18e+02)2(1.83e+02)0(1.48e+02)
39:1(9.90e+02)0(9.59e+02)3(7.54e+02)2(7.06e+02)
40:2(1.60e+03)3(1.40e+03)0(1.38e+03)1(9.35e+02)
41:0(3.34e+03)2(3.22e+03)1(1.36e+03)3(1.23e+03)
42:1(6.61e+02)0(3.17e+02)3(2.88e+02)2(2.72e+02)
43:1(1.41e+03)2(1.05e+03)0(9.22e+02)3(5.63e+02)
44:1(8.82e+02)3(7.99e+02)2(7.05e+02)0(3.74e+02)
45:2(1.18e+04)0(8.35e+03)1(5.85e+03)3(2.75e+03)
46:1(2.56e+03)3(2.51e+03)2(2.49e+03)0(1.61e+03)
47:3(2.37e+03)1(2.21e+03)0(2.03e+03)2(1.80e+03)
48:0(3.06e+02)2(2.92e+02)1(2.00e+02)3(1.62e+02)
49:1(2.29e+02)0(1.59e+02)2(1.34e+02)3(1.19e+02)
50:1(2.79e+02)2(2.16e+02)3(2.11e+02)0(1.00e+02)
51:2(2.11e+03)1(1.46e+03)0(1.33e+03)3(1.22e+03)
52:3(3.31e+03)2(2.34e+03)0(2.03e+03)1(1.31e+03)
53:2(3.59e+03)0(2.94e+03)1(1.20e+03)3(1.14e+03)
54:1(3.33e+03)2(2.56e+03)0(1.13e+03)3(1.08e+03)
55:0(2.35e+03)2(2.23e+03)1(2.15e+03)3(1.85e+03)
56:2(3.73e+03)0(3.73e+03)3(3.51e+03)1(3.41e+03)
57:2(1.21e+02)0(6.77e+01)1(5.56e+01)3(4.00e+01)
58:2(1.25e+02)1(1.02e+02)0(1.02e+02)3(9.03e+01)
59:3(7.27e+01)2(4.94e+01)0(4.67e+01)1(4.31e+01)
60:0(1.90e+02)2(1.83e+02)3(1.18e+02)1(1.03e+02)
61:1(1.74e+02)2(1.30e+02)0(7.87e+01)3(7.53e+01)
62:1(2.90e+02)2(2.27e+02)3(2.09e+02)0(9.79e+01)
63:2(1.86e+03)0(1.61e+03)3(1.05e+03)1(7.94e+02)
64:1(1.64e+03)2(1.49e+03)3(1.24e+03)0(9.62e+02)
65:2(3.19e+03)3(2.05e+03)1(2.00e+03)0(1.98e+03)
66:1(1.38e+03)2(8.68e+02)3(7.62e+02)0(5.68e+02)
67:1(3.88e+02)3(3.17e+02)2(2.72e+02)0(2.23e+02)
68:1(3.26e+02)3(2.28e+02)2(2.24e+02)0(1.15e+02)
69:2(5.13e+03)0(4.94e+03)1(2.07e+03)3(1.91e+03)
70:1(1.20e+03)2(9.14e+02)0(5.65e+02)3(5.37e+02)
71:2(1.27e+03)3(1.09e+03)0(8.49e+02)1(7.84e+02)
72:1(1.80e+03)3(1.16e+03)2(1.02e+03)0(7.29e+02)
73:1(1.05e+03)2(9.51e+02)0(6.22e+02)3(3.93e+02)
74:1(1.20e+03)3(9.56e+02)2(8.10e+02)0(3.88e+02)
75:2(2.51e+03)0(2.37e+03)1(1.96e+03)3(1.73e+03)
76:1(1.17e+03)3(9.39e+02)2(8.93e+02)0(6.39e+02)
77:1(9.04e+02)3(7.46e+02)0(6.57e+02)2(5.45e+02)
78:1(3.57e+04)2(3.56e+04)0(2.25e+04)3(1.70e+04)
79:2(2.94e+04)0(2.28e+04)1(2.07e+04)3(1.38e+04)
80:0(2.16e+04)2(1.93e+04)3(5.57e+03)1(2.18e+03)
81:2(2.25e+03)1(2.18e+03)3(7.95e+02)0(6.31e+02)
82:1(3.33e+03)2(2.60e+03)0(9.50e+02)3(7.93e+02)
83:2(7.90e+03)1(4.15e+03)0(3.50e+03)3(1.23e+03)
84:2(4.84e+01)1(3.26e+01)3(2.55e+01)0(2.45e+01)
85:0(2.22e+01)1(1.80e+01)2(1.80e+01)3(1.60e+01)
86:1(1.34e+02)2(8.89e+01)3(5.71e+01)0(5.20e+01)
87:2(3.80e+03)0(3.20e+03)1(2.17e+03)3(1.51e+03)
88:3(1.21e+03)1(6.83e+02)0(6.71e+02)2(6.03e+02)
89:2(1.06e+03)0(7.68e+02)1(7.30e+02)3(5.69e+02)
90:0(1.83e+03)2(1.67e+03)3(7.23e+02)1(3.62e+02)
91:2(4.65e+02)3(3.65e+02)0(3.27e+02)1(2.67e+02)
92:2(4.25e+02)3(3.27e+02)0(3.04e+02)1(2.62e+02)
93:2(5.52e+02)1(4.83e+02)0(3.40e+02)3(3.25e+02)
94:3(8.19e+01)2(7.11e+01)1(6.52e+01)0(5.17e+01)
95:1(1.16e+02)2(1.12e+02)0(1.10e+02)3(8.45e+01)
96:3(7.71e+02)0(5.06e+02)2(3.98e+02)1(3.85e+02)
97:0(1.53e+03)2(1.13e+03)3(9.67e+02)1(5.88e+02)
98:1(1.57e+03)3(9.51e+02)2(4.99e+02)0(3.88e+02)
99:2(3.38e+03)0(9.42e+02)3(7.76e+02)1(5.77e+02)
100:2(1.06e+03)3(1.05e+03)0(7.85e+02)1(6.19e+02)
101:1(1.09e+03)2(7.13e+02)0(4.87e+02)3(3.90e+02)
102:1(2.79e+02)2(2.45e+02)3(2.10e+02)0(1.31e+02)
103:1(1.16e+02)3(1.05e+02)2(8.40e+01)0(5.39e+01)
104:1(1.10e+02)0(1.01e+02)2(5.33e+01)3(4.20e+01)
105:0(4.90e+02)1(4.75e+02)2(3.85e+02)3(3.81e+02)
106:1(2.59e+02)2(1.40e+02)0(1.25e+02)3(1.02e+02)
107:2(3.44e+02)0(2.77e+02)3(2.72e+02)1(1.63e+02)
108:2(1.03e+03)0(8.21e+02)3(7.52e+02)1(6.28e+02)
109:3(1.52e+03)1(1.04e+03)2(8.13e+02)0(7.77e+02)
110:1(3.63e+02)3(2.74e+02)2(2.60e+02)0(2.41e+02)
111:2(5.04e+02)1(4.24e+02)0(3.06e+02)3(2.65e+02)
112:1(7.34e+02)3(6.69e+02)0(5.57e+02)2(4.81e+02)
113:2(8.23e+02)0(7.09e+02)1(7.06e+02)3(6.45e+02)
114:1(2.98e+02)2(2.34e+02)3(1.97e+02)0(1.74e+02)
115:1(4.62e+02)0(3.90e+02)3(3.11e+02)2(2.46e+02)
116:2(4.10e+02)0(3.72e+02)3(2.98e+02)1(2.50e+02)
117:2(7.00e+02)0(6.73e+02)1(3.71e+02)3(3.43e+02)
118:3(2.24e+03)0(2.03e+03)1(2.00e+03)2(1.68e+03)
119:3(3.01e+03)2(2.90e+03)1(2.37e+03)0(2.03e+03)
120:3(1.52e+03)1(1.23e+03)2(7.93e+02)0(5.56e+02)
121:0(3.09e+02)2(2.68e+02)1(2.15e+02)3(1.54e+02)
122:2(1.22e+03)3(1.19e+03)0(1.17e+03)1(9.77e+02)
123:0(2.08e+03)2(1.62e+03)3(1.31e+03)1(1.21e+03)
124:2(6.88e+03)0(6.70e+03)3(3.98e+03)1(2.67e+03)
125:1(3.10e+03)3(2.04e+03)2(1.55e+03)0(1.34e+03)
126:3(4.40e+02)2(4.17e+02)0(2.83e+02)1(2.47e+02)
127:0(2.01e+02)2(1.86e+02)1(1.31e+02)3(1.29e+02)
128:0(9.11e+02)2(8.77e+02)1(8.03e+02)3(4.53e+02)
129:0(1.84e+03)2(1.41e+03)1(9.37e+02)3(7.08e+02)
130:0(2.31e+03)2(2.09e+03)3(1.64e+03)1(1.58e+03)
131:2(7.72e+02)0(7.20e+02)1(4.62e+02)3(2.81e+02)
132:1(2.81e+02)0(2.57e+02)2(2.49e+02)3(1.69e+02)
133:2(4.23e+02)0(4.19e+02)3(2.05e+02)1(1.49e+02)
134:0(1.48e+03)1(1.39e+03)3(1.39e+03)2(1.32e+03)
135:2(4.30e+02)1(4.13e+02)3(2.73e+02)0(1.30e+02)
136:1(1.06e+03)3(1.01e+03)2(9.40e+02)0(3.78e+02)
137:2(1.45e+03)1(1.25e+03)3(1.20e+03)0(7.25e+02)
138:2(4.07e+02)0(2.86e+02)1(2.59e+02)3(1.55e+02)
139:1(1.78e+03)0(1.66e+03)3(1.59e+03)2(1.31e+03)
140:1(1.10e+03)3(7.80e+02)2(6.93e+02)0(6.64e+02)
141:1(4.95e+02)3(3.98e+02)0(3.79e+02)2(3.24e+02)
142:1(2.67e+02)2(2.23e+02)3(1.82e+02)0(1.62e+02)
143:1(3.59e+03)3(2.85e+03)2(2.07e+03)0(1.19e+03)
144:2(2.03e+02)0(1.97e+02)1(7.30e+01)3(4.63e+01)
145:2(5.27e+01)1(3.28e+01)3(2.00e+01)0(8.00e+00)
146:1(5.88e+01)3(3.49e+01)2(3.21e+01)0(2.62e+01)
147:2(7.06e+02)0(4.90e+02)1(2.96e+02)3(2.52e+02)
148:2(1.02e+03)0(8.62e+02)1(4.10e+02)3(3.78e+02)
149:2(8.58e+02)1(5.63e+02)3(4.65e+02)0(2.94e+02)
150:1(1.12e+03)3(5.60e+02)2(5.23e+02)0(4.64e+02)
151:2(7.14e+02)0(6.48e+02)3(4.36e+02)1(2.24e+02)
152:0(2.31e+02)1(2.27e+02)2(2.24e+02)3(1.45e+02)
153:2(2.91e+02)1(2.31e+02)0(1.65e+02)3(1.39e+02)
154:2(9.12e+01)1(4.00e+01)3(3.40e+01)0(3.25e+01)
155:2(3.76e+01)0(1.40e+01)1(8.00e+00)3(8.00e+00)
156:2(5.86e+01)3(5.06e+01)1(3.94e+01)0(1.91e+01)
157:2(1.05e+03)0(9.50e+02)1(8.08e+02)3(7.41e+02)
158:2(1.22e+03)0(6.73e+02)1(6.16e+02)3(2.67e+02)
159:3(8.77e+02)1(7.87e+02)2(7.47e+02)0(5.66e+02)
160:1(6.06e+02)2(5.95e+02)3(4.55e+02)0(3.77e+02)
161:1(3.03e+02)3(2.05e+02)0(2.00e+02)2(1.55e+02)
162:2(5.09e+02)0(3.90e+02)1(3.89e+02)3(3.14e+02)
163:3(1.80e+02)2(1.78e+02)0(1.69e+02)1(1.06e+02)
164:1(3.73e+02)3(1.75e+02)2(1.26e+02)0(9.65e+01)
165:1(5.32e+02)2(4.34e+02)0(2.55e+02)3(2.28e+02)
166:2(2.01e+03)0(1.93e+03)1(7.74e+02)3(5.65e+02)
167:2(2.20e+02)0(2.15e+02)1(1.38e+02)3(1.29e+02)
168:2(4.58e+02)0(3.65e+02)1(3.06e+02)3(2.32e+02)
169:2(2.90e+02)1(2.37e+02)0(2.10e+02)3(1.24e+02)
170:1(1.13e+03)2(7.87e+02)3(6.82e+02)0(5.09e+02)
171:2(8.34e+02)1(5.62e+02)0(4.26e+02)3(3.83e+02)
172:2(7.88e+01)3(7.60e+01)1(6.42e+01)0(6.28e+01)
173:2(1.30e+02)1(9.81e+01)0(6.97e+01)3(5.88e+01)
174:1(5.53e+02)2(2.94e+02)3(1.52e+02)0(1.34e+02)
175:1(3.72e+02)2(3.19e+02)3(1.83e+02)0(1.46e+02)
176:1(3.38e+02)0(2.45e+02)2(1.29e+02)3(1.23e+02)
177:1(5.02e+02)2(5.01e+02)0(4.37e+02)3(2.81e+02)
178:1(7.71e+02)2(7.18e+02)3(3.62e+02)0(1.61e+02)
179:2(3.13e+02)1(1.91e+02)3(1.85e+02)0(1.70e+02)
180:1(3.63e+02)2(3.61e+02)0(1.41e+02)3(1.23e+02)
181:1(4.79e+02)2(2.21e+02)3(1.62e+02)0(1.30e+02)
182:1(2.32e+02)3(1.59e+02)0(1.45e+02)2(1.27e+02)
183:1(2.78e+02)3(2.18e+02)2(1.83e+02)0(1.48e+02)
184:0(7.93e+02)1(7.29e+02)2(6.78e+02)3(4.68e+02)
185:1(2.65e+02)2(1.68e+02)3(1.68e+02)0(1.40e+02)
186:3(6.96e+02)2(5.25e+02)0(4.15e+02)1(2.99e+02)
187:2(1.17e+03)0(1.00e+03)3(6.92e+02)1(5.15e+02)
188:0(3.34e+03)2(3.22e+03)1(1.36e+03)3(1.23e+03)
189:2(1.59e+02)0(1.56e+02)1(9.45e+01)3(6.43e+01)
190:2(4.47e+02)0(3.62e+02)1(1.67e+02)3(8.83e+01)
191:0(6.13e+02)2(6.10e+02)1(4.06e+02)3(3.06e+02)
192:2(6.34e+02)1(6.33e+02)0(3.98e+02)3(3.49e+02)
193:1(8.82e+02)3(7.99e+02)2(7.05e+02)0(3.74e+02)
194:2(1.95e+03)0(1.92e+03)1(7.88e+02)3(5.30e+02)
195:2(2.94e+03)0(2.05e+03)1(1.31e+03)3(7.58e+02)
196:2(1.61e+03)1(1.39e+03)0(1.13e+03)3(8.63e+02)
197:2(2.50e+03)1(2.19e+03)0(1.97e+03)3(1.45e+03)
198:1(1.09e+03)2(1.00e+03)0(6.74e+02)3(5.76e+02)
199:2(2.19e+03)0(1.56e+03)1(1.30e+03)3(1.17e+03)
200:3(8.48e+02)1(8.16e+02)2(6.57e+02)0(6.27e+02)
201:1(7.66e+02)2(3.68e+02)3(2.56e+02)0(2.55e+02)
202:2(1.15e+03)3(6.71e+02)1(6.04e+02)0(5.64e+02)
203:0(1.21e+03)2(1.09e+03)1(9.36e+02)3(5.48e+02)
204:0(3.06e+02)2(2.92e+02)1(2.00e+02)3(1.62e+02)
205:1(2.29e+02)0(1.59e+02)2(1.34e+02)3(1.19e+02)
206:1(2.79e+02)2(2.16e+02)3(2.11e+02)0(1.00e+02)
207:0(7.41e+02)2(7.06e+02)3(6.12e+02)1(5.50e+02)
208:2(8.44e+02)3(3.55e+02)1(2.19e+02)0(2.06e+02)
209:2(5.93e+02)0(5.71e+02)1(4.29e+02)3(2.95e+02)
210:1(8.08e+02)3(5.33e+02)0(4.74e+02)2(4.13e+02)
211:1(4.34e+02)2(3.19e+02)0(2.81e+02)3(2.46e+02)
212:1(1.55e+03)3(1.52e+03)2(1.30e+03)0(1.11e+03)
213:2(9.96e+02)0(5.05e+02)3(3.72e+02)1(2.83e+02)
214:1(1.57e+03)3(1.07e+03)0(1.02e+03)2(9.96e+02)
215:1(2.32e+02)2(2.21e+02)3(2.18e+02)0(2.14e+02)
216:1(3.79e+02)0(3.02e+02)3(2.96e+02)2(1.94e+02)
217:1(6.56e+02)2(5.74e+02)3(2.83e+02)0(2.09e+02)
218:2(8.18e+02)1(7.36e+02)3(2.62e+02)0(2.49e+02)
219:2(7.35e+02)1(6.28e+02)0(4.06e+02)3(3.06e+02)
220:0(6.66e+02)2(6.09e+02)1(5.50e+02)3(4.19e+02)
221:0(9.69e+02)2(8.96e+02)1(8.41e+02)3(4.49e+02)
222:2(5.60e+02)1(4.49e+02)0(4.47e+02)3(4.33e+02)
223:3(7.25e+02)2(7.00e+02)1(4.41e+02)0(3.51e+02)
224:2(5.11e+02)0(3.06e+02)1(3.04e+02)3(1.93e+02)
225:0(2.41e+03)2(2.02e+03)3(1.71e+03)1(1.10e+03)
226:0(1.41e+03)2(9.41e+02)3(3.06e+02)1(2.50e+02)
227:1(2.55e+02)3(2.03e+02)2(1.66e+02)0(1.23e+02)
228:2(7.62e+02)1(6.75e+02)3(5.02e+02)0(3.83e+02)
229:3(3.71e+02)1(3.19e+02)2(2.72e+02)0(2.04e+02)
230:2(1.21e+02)0(6.77e+01)1(5.56e+01)3(4.00e+01)
231:2(1.25e+02)1(1.02e+02)0(1.02e+02)3(9.03e+01)
232:3(7.27e+01)2(4.94e+01)0(4.67e+01)1(4.31e+01)
233:0(1.90e+02)2(1.83e+02)3(1.18e+02)1(1.03e+02)
234:1(1.74e+02)2(1.30e+02)0(7.87e+01)3(7.53e+01)
235:1(2.90e+02)2(2.27e+02)3(2.09e+02)0(9.79e+01)
236:1(1.07e+03)2(8.01e+02)3(4.82e+02)0(4.69e+02)
237:3(5.58e+02)1(5.35e+02)2(5.05e+02)0(2.38e+02)
238:1(2.11e+02)0(1.66e+02)2(1.48e+02)3(1.32e+02)
239:2(4.68e+02)0(4.40e+02)3(2.61e+02)1(1.58e+02)
240:1(6.27e+02)0(4.67e+02)2(3.59e+02)3(2.61e+02)
241:2(2.77e+02)0(2.50e+02)3(2.29e+02)1(1.93e+02)
242:2(4.33e+02)0(4.22e+02)1(2.53e+02)3(2.30e+02)
243:1(5.38e+02)2(5.01e+02)3(4.27e+02)0(3.67e+02)
244:0(1.76e+02)2(1.55e+02)1(1.36e+02)3(1.33e+02)
245:2(5.54e+02)3(4.96e+02)0(3.94e+02)1(3.43e+02)
246:2(1.16e+03)0(6.94e+02)1(6.64e+02)3(4.35e+02)
247:1(6.75e+02)0(5.46e+02)2(4.24e+02)3(4.03e+02)
248:1(1.38e+03)2(8.68e+02)3(7.62e+02)0(5.68e+02)
249:1(3.88e+02)3(3.17e+02)2(2.72e+02)0(2.23e+02)
250:1(3.26e+02)3(2.28e+02)2(2.24e+02)0(1.15e+02)
251:2(3.79e+03)0(3.73e+03)1(1.54e+03)3(1.50e+03)
252:1(1.27e+03)2(8.28e+02)3(7.78e+02)0(5.97e+02)
253:1(1.20e+03)2(9.14e+02)0(5.65e+02)3(5.37e+02)
254:2(7.97e+02)1(7.08e+02)3(5.52e+02)0(4.36e+02)
255:2(6.36e+02)3(3.74e+02)1(2.64e+02)0(2.22e+02)
256:1(1.80e+03)3(1.16e+03)2(1.02e+03)0(7.29e+02)
257:1(1.05e+03)2(9.51e+02)0(6.22e+02)3(3.93e+02)
258:1(4.49e+02)2(3.20e+02)3(2.30e+02)0(1.68e+02)
259:1(7.74e+02)3(5.12e+02)2(4.67e+02)0(4.33e+02)
260:3(9.99e+02)1(7.99e+02)0(6.73e+02)2(5.65e+02)
261:0(1.50e+03)2(1.48e+03)3(1.33e+03)1(1.22e+03)
262:1(1.17e+03)3(9.39e+02)2(8.93e+02)0(6.39e+02)
263:1(5.87e+02)3(5.03e+02)2(4.46e+02)0(3.65e+02)
264:0(3.55e+02)2(3.29e+02)1(1.47e+02)3(1.19e+02)
265:2(6.33e+02)1(4.00e+02)3(2.70e+02)0(2.60e+02)
266:1(8.10e+02)3(5.09e+02)2(5.07e+02)0(2.98e+02)
267:1(7.29e+02)3(5.88e+02)2(4.79e+02)0(3.68e+02)
268:3(3.49e+02)1(3.30e+02)2(2.29e+02)0(2.03e+02)
269:1(2.43e+03)2(1.98e+03)3(1.12e+03)0(1.04e+03)
270:2(2.46e+03)0(2.00e+03)1(1.19e+03)3(1.03e+03)
271:1(3.19e+03)3(2.43e+03)2(1.87e+03)0(1.41e+03)
272:1(4.21e+02)2(3.47e+02)3(2.53e+02)0(1.92e+02)
273:2(4.84e+01)1(3.26e+01)3(2.55e+01)0(2.45e+01)
274:0(2.22e+01)1(1.80e+01)2(1.80e+01)3(1.60e+01)
275:1(1.34e+02)2(8.89e+01)3(5.71e+01)0(5.20e+01)
276:1(2.37e+03)2(1.40e+03)0(1.11e+03)3(1.10e+03)
277:2(1.62e+03)0(1.40e+03)1(9.97e+02)3(6.76e+02)
278:3(1.21e+03)1(6.83e+02)0(6.71e+02)2(6.03e+02)
279:2(2.95e+02)3(2.63e+02)1(2.34e+02)0(2.30e+02)
280:2(7.31e+02)0(6.67e+02)1(5.01e+02)3(2.03e+02)
281:1(3.97e+02)2(3.03e+02)3(2.13e+02)0(2.12e+02)
282:2(1.29e+03)0(8.88e+02)1(7.36e+02)3(5.35e+02)
283:2(4.65e+02)3(3.65e+02)0(3.27e+02)1(2.67e+02)
284:2(4.25e+02)3(3.27e+02)0(3.04e+02)1(2.62e+02)
285:2(5.52e+02)1(4.83e+02)0(3.40e+02)3(3.25e+02)
286:3(8.19e+01)2(7.11e+01)1(6.52e+01)0(5.17e+01)
287:1(1.16e+02)2(1.12e+02)0(1.10e+02)3(8.45e+01)
288:3(5.28e+02)2(3.75e+02)0(3.32e+02)1(2.97e+02)
289:1(2.56e+02)0(1.27e+02)3(8.61e+01)2(5.81e+01)
290:3(5.70e+02)2(5.63e+02)1(3.30e+02)0(2.72e+02)
291:2(7.72e+02)3(6.16e+02)1(5.64e+02)0(5.29e+02)
292:1(8.74e+02)2(7.90e+02)3(3.82e+02)0(3.36e+02)
293:1(2.96e+02)2(2.85e+02)3(2.73e+02)0(1.70e+02)
294:1(1.75e+03)2(1.60e+03)3(6.76e+02)0(6.49e+02)
295:2(3.68e+02)0(3.23e+02)3(1.90e+02)1(1.19e+02)
296:1(4.42e+02)2(3.18e+02)0(2.18e+02)3(2.07e+02)
297:3(6.98e+02)2(4.51e+02)0(3.29e+02)1(3.15e+02)
298:2(1.80e+02)0(1.39e+02)3(1.15e+02)1(9.72e+01)
299:1(3.39e+02)2(1.74e+02)0(6.58e+01)3(5.54e+01)
300:1(2.87e+02)0(1.59e+02)3(1.53e+02)2(1.51e+02)
301:3(4.31e+02)1(3.60e+02)2(3.01e+02)0(2.00e+02)
302:1(2.79e+02)2(2.45e+02)3(2.10e+02)0(1.31e+02)
303:1(1.16e+02)3(1.05e+02)2(8.40e+01)0(5.39e+01)
304:1(1.10e+02)0(1.01e+02)2(5.33e+01)3(4.20e+01)
305:0(4.90e+02)1(4.75e+02)2(3.85e+02)3(3.81e+02)
306:1(2.59e+02)2(1.40e+02)0(1.25e+02)3(1.02e+02)
307:2(3.44e+02)0(2.77e+02)3(2.72e+02)1(1.63e+02)INFO: s3mixw_io.c(232): Wrote /home/nattapong/Downloads/acoustic_model/model_parameters/acoustic_model.cd_cont_initial/mixture_weights [308x1x8 array]
INFO: s3gau_io.c(228): Wrote /home/nattapong/Downloads/acoustic_model/model_parameters/acoustic_model.cd_cont_initial/means [308x1x8 array]
INFO: s3gau_io.c(228): Wrote /home/nattapong/Downloads/acoustic_model/model_parameters/acoustic_model.cd_cont_initial/variances [308x1x8 array]

Tue Jun  9 01:51:13 2020
