Current configuration:
[NAME]		[DEFLT]	[VALUE]
-dcountfn		/home/nattapong/Downloads/acoustic_model/model_parameters/acoustic_model.cd_cont_200/mixture_weights
-example	no	no
-fullvar	no	no
-help		no	no
-inmeanfn		/home/nattapong/Downloads/acoustic_model/model_parameters/acoustic_model.cd_cont_200/means
-inmixwfn		/home/nattapong/Downloads/acoustic_model/model_parameters/acoustic_model.cd_cont_200/mixture_weights
-invarfn		/home/nattapong/Downloads/acoustic_model/model_parameters/acoustic_model.cd_cont_200/variances
-ninc		1	1
-outmeanfn		/home/nattapong/Downloads/acoustic_model/model_parameters/acoustic_model.cd_cont_initial/means
-outmixwfn		/home/nattapong/Downloads/acoustic_model/model_parameters/acoustic_model.cd_cont_initial/mixture_weights
-outvarfn		/home/nattapong/Downloads/acoustic_model/model_parameters/acoustic_model.cd_cont_initial/variances

INFO: main.c(85): Reading mixing weight file /home/nattapong/Downloads/acoustic_model/model_parameters/acoustic_model.cd_cont_200/mixture_weights.
INFO: s3mixw_io.c(116): Read /home/nattapong/Downloads/acoustic_model/model_parameters/acoustic_model.cd_cont_200/mixture_weights [308x1x1 array]
INFO: s3gau_io.c(168): Read /home/nattapong/Downloads/acoustic_model/model_parameters/acoustic_model.cd_cont_200/means [308x1x1 array]
INFO: s3gau_io.c(168): Read /home/nattapong/Downloads/acoustic_model/model_parameters/acoustic_model.cd_cont_200/variances [308x1x1 array]
INFO: s3gau_io.c(552): Read /home/nattapong/Downloads/acoustic_model/model_parameters/acoustic_model.cd_cont_200/mixture_weights [308x1x1 array]
INFO: main.c(151): output n_density == 2
0:0(1.64e+04)
1:0(2.98e+04)
2:0(3.89e+04)
3:0(2.53e+04)
4:0(1.70e+04)
5:0(1.63e+04)
6:0(4.09e+02)
7:0(9.41e+01)
8:0(1.56e+02)
9:0(1.12e+03)
10:0(4.84e+03)
11:0(3.02e+03)
12:0(2.02e+03)
13:0(7.66e+02)
14:0(9.16e+02)
15:0(2.17e+02)
16:0(6.44e+01)
17:0(1.45e+02)
18:0(6.10e+03)
19:0(3.01e+03)
20:0(2.75e+03)
21:0(2.35e+03)
22:0(1.56e+03)
23:0(4.27e+03)
24:0(1.02e+03)
25:0(3.43e+03)
26:0(2.50e+03)
27:0(2.72e+02)
28:0(3.19e+02)
29:0(1.19e+03)
30:0(8.64e+02)
31:0(7.60e+02)
32:0(1.87e+03)
33:0(2.05e+03)
34:0(8.03e+02)
35:0(1.12e+03)
36:0(1.37e+03)
37:0(5.76e+02)
38:0(7.51e+02)
39:0(3.61e+03)
40:0(5.81e+03)
41:0(5.88e+03)
42:0(1.65e+03)
43:0(3.89e+03)
44:0(2.89e+03)
45:0(2.43e+04)
46:0(8.90e+03)
47:0(8.60e+03)
48:0(1.07e+03)
49:0(6.20e+02)
50:0(8.33e+02)
51:0(5.22e+03)
52:0(1.03e+04)
53:0(8.73e+03)
54:0(8.32e+03)
55:0(7.80e+03)
56:0(1.27e+04)
57:0(2.04e+02)
58:0(4.14e+02)
59:0(1.88e+02)
60:0(6.06e+02)
61:0(3.92e+02)
62:0(1.02e+03)
63:0(5.62e+03)
64:0(4.66e+03)
65:0(9.60e+03)
66:0(3.15e+03)
67:0(1.13e+03)
68:0(9.04e+02)
69:0(1.07e+04)
70:0(3.71e+03)
71:0(3.96e+03)
72:0(4.24e+03)
73:0(3.44e+03)
74:0(3.14e+03)
75:0(8.57e+03)
76:0(4.87e+03)
77:0(2.72e+03)
78:0(1.34e+05)
79:0(1.08e+05)
80:0(1.69e+04)
81:0(5.60e+03)
82:0(8.17e+03)
83:0(1.73e+04)
84:0(1.15e+02)
85:0(7.34e+01)
86:0(3.25e+02)
87:0(1.11e+04)
88:0(3.39e+03)
89:0(2.86e+03)
90:0(4.06e+03)
91:0(1.53e+03)
92:0(1.44e+03)
93:0(1.71e+03)
94:0(2.05e+02)
95:0(5.05e+02)
96:0(1.79e+03)
97:0(4.06e+03)
98:0(3.30e+03)
99:0(6.38e+03)
100:0(3.84e+03)
101:0(2.41e+03)
102:0(8.10e+02)
103:0(4.25e+02)
104:0(2.82e+02)
105:0(1.62e+03)
106:0(7.17e+02)
107:0(1.05e+03)
108:0(2.80e+03)
109:0(4.66e+03)
110:0(9.02e+02)
111:0(1.31e+03)
112:0(2.37e+03)
113:0(2.37e+03)
114:0(8.22e+02)
115:0(1.22e+03)
116:0(8.93e+02)
117:0(1.97e+03)
118:0(7.76e+03)
119:0(1.06e+04)
120:0(3.66e+03)
121:0(9.14e+02)
122:0(4.00e+03)
123:0(6.59e+03)
124:0(2.11e+04)
125:0(9.62e+03)
126:0(1.00e+03)
127:0(5.81e+02)
128:0(3.35e+03)
129:0(5.02e+03)
130:0(8.11e+03)
131:0(2.08e+03)
132:0(9.79e+02)
133:0(1.23e+03)
134:0(4.54e+03)
135:0(1.06e+03)
136:0(3.87e+03)
137:0(4.26e+03)
138:0(8.92e+02)
139:0(6.88e+03)
140:0(3.23e+03)
141:0(1.85e+03)
142:0(6.66e+02)
143:0(1.05e+04)
144:0(4.09e+02)
145:0(9.41e+01)
146:0(1.56e+02)
147:0(1.12e+03)
148:0(2.79e+03)
149:0(2.05e+03)
150:0(3.02e+03)
151:0(2.02e+03)
152:0(7.66e+02)
153:0(9.16e+02)
154:0(2.17e+02)
155:0(6.44e+01)
156:0(1.45e+02)
157:0(2.99e+03)
158:0(3.11e+03)
159:0(3.01e+03)
160:0(1.88e+03)
161:0(8.70e+02)
162:0(1.70e+03)
163:0(6.41e+02)
164:0(6.33e+02)
165:0(9.29e+02)
166:0(3.69e+03)
167:0(5.78e+02)
168:0(1.02e+03)
169:0(8.10e+02)
170:0(2.62e+03)
171:0(2.50e+03)
172:0(2.72e+02)
173:0(3.19e+02)
174:0(1.19e+03)
175:0(8.64e+02)
176:0(7.60e+02)
177:0(1.87e+03)
178:0(2.05e+03)
179:0(8.03e+02)
180:0(1.12e+03)
181:0(1.37e+03)
182:0(5.76e+02)
183:0(7.51e+02)
184:0(2.96e+03)
185:0(6.47e+02)
186:0(2.24e+03)
187:0(3.57e+03)
188:0(5.88e+03)
189:0(4.61e+02)
190:0(1.18e+03)
191:0(1.95e+03)
192:0(1.94e+03)
193:0(2.89e+03)
194:0(5.08e+03)
195:0(7.05e+03)
196:0(4.49e+03)
197:0(4.50e+03)
198:0(3.14e+03)
199:0(6.16e+03)
200:0(2.74e+03)
201:0(1.95e+03)
202:0(2.75e+03)
203:0(3.89e+03)
204:0(1.07e+03)
205:0(6.20e+02)
206:0(8.33e+02)
207:0(2.48e+03)
208:0(7.23e+02)
209:0(2.02e+03)
210:0(2.52e+03)
211:0(1.53e+03)
212:0(6.25e+03)
213:0(1.63e+03)
214:0(4.61e+03)
215:0(1.12e+03)
216:0(1.37e+03)
217:0(1.85e+03)
218:0(1.78e+03)
219:0(2.37e+03)
220:0(2.33e+03)
221:0(2.71e+03)
222:0(1.86e+03)
223:0(2.03e+03)
224:0(1.20e+03)
225:0(6.27e+03)
226:0(3.05e+03)
227:0(8.53e+02)
228:0(1.87e+03)
229:0(6.98e+02)
230:0(2.04e+02)
231:0(4.14e+02)
232:0(1.88e+02)
233:0(6.06e+02)
234:0(3.92e+02)
235:0(1.02e+03)
236:0(2.99e+03)
237:0(2.16e+03)
238:0(4.76e+02)
239:0(1.27e+03)
240:0(1.55e+03)
241:0(9.38e+02)
242:0(9.05e+02)
243:0(1.92e+03)
244:0(5.51e+02)
245:0(1.85e+03)
246:0(2.79e+03)
247:0(2.49e+03)
248:0(3.15e+03)
249:0(1.13e+03)
250:0(9.04e+02)
251:0(7.23e+03)
252:0(3.44e+03)
253:0(3.71e+03)
254:0(2.33e+03)
255:0(1.63e+03)
256:0(4.24e+03)
257:0(3.44e+03)
258:0(9.72e+02)
259:0(2.17e+03)
260:0(3.11e+03)
261:0(5.46e+03)
262:0(4.87e+03)
263:0(1.68e+03)
264:0(1.04e+03)
265:0(1.28e+03)
266:0(1.89e+03)
267:0(2.42e+03)
268:0(8.20e+02)
269:0(7.35e+03)
270:0(7.53e+03)
271:0(9.01e+03)
272:0(7.72e+02)
273:0(1.15e+02)
274:0(7.34e+01)
275:0(3.25e+02)
276:0(6.09e+03)
277:0(4.99e+03)
278:0(3.39e+03)
279:0(7.99e+02)
280:0(2.06e+03)
281:0(9.42e+02)
282:0(3.12e+03)
283:0(1.53e+03)
284:0(1.44e+03)
285:0(1.71e+03)
286:0(2.05e+02)
287:0(5.05e+02)
288:0(1.31e+03)
289:0(4.79e+02)
290:0(1.43e+03)
291:0(2.63e+03)
292:0(2.20e+03)
293:0(1.11e+03)
294:0(5.35e+03)
295:0(1.02e+03)
296:0(1.44e+03)
297:0(1.83e+03)
298:0(5.77e+02)
299:0(3.51e+02)
300:0(5.93e+02)
301:0(1.47e+03)
302:0(8.10e+02)
303:0(4.25e+02)
304:0(2.82e+02)
305:0(1.62e+03)
306:0(7.17e+02)
307:0(1.05e+03)INFO: s3mixw_io.c(232): Wrote /home/nattapong/Downloads/acoustic_model/model_parameters/acoustic_model.cd_cont_initial/mixture_weights [308x1x2 array]
INFO: s3gau_io.c(228): Wrote /home/nattapong/Downloads/acoustic_model/model_parameters/acoustic_model.cd_cont_initial/means [308x1x2 array]
INFO: s3gau_io.c(228): Wrote /home/nattapong/Downloads/acoustic_model/model_parameters/acoustic_model.cd_cont_initial/variances [308x1x2 array]

Tue Jun  9 01:50:14 2020
