Current configuration:
[NAME]		[DEFLT]	[VALUE]
-dictfn			/home/nattapong/Downloads/acoustic_model/etc/acoustic_model.dic
-example	no	no
-fdictfn		/home/nattapong/Downloads/acoustic_model/etc/acoustic_model.filler
-help		no	no
-ignorewpos	no	no
-inCDmdef		
-inCImdef		
-lsnfn			
-maxtriphones	100000	100000
-minocc		1	1
-n_state_pm	3	3
-oalltphnmdef		/home/nattapong/Downloads/acoustic_model/model_architecture/acoustic_model.alltriphones.mdef
-ocimdef		
-ocountfn		
-ountiedmdef		
-phnlstfn		/home/nattapong/Downloads/acoustic_model/model_architecture/acoustic_model.phonelist
-triphnlstfn		

INFO: main.c(94): Will write alltriphone mdef file /home/nattapong/Downloads/acoustic_model/model_architecture/acoustic_model.alltriphones.mdef
INFO: mk_mdef_gen.c(189): 0 single word triphones in input phone list
INFO: mk_mdef_gen.c(190): 0 word beginning triphones in input phone list
INFO: mk_mdef_gen.c(191): 0 word internal triphones in input phone list
INFO: mk_mdef_gen.c(192): 0 word ending triphones in input phone list
INFO: mk_mdef_gen.c(280): Reading dict /home/nattapong/Downloads/acoustic_model/etc/acoustic_model.dic
INFO: mk_mdef_gen.c(322): 133 words in dict /home/nattapong/Downloads/acoustic_model/etc/acoustic_model.dic
INFO: mk_mdef_gen.c(280): Reading dict /home/nattapong/Downloads/acoustic_model/etc/acoustic_model.filler
INFO: mk_mdef_gen.c(322): 3 words in dict /home/nattapong/Downloads/acoustic_model/etc/acoustic_model.filler
INFO: mk_mdef_gen.c(442): 136 words in dictionary
INFO: mk_mdef_gen.c(443): 0 unique single word triphones in dictionary
INFO: mk_mdef_gen.c(444): 615 unique word beginning triphones in dictionary
INFO: mk_mdef_gen.c(445): 310 unique word internal triphones in dictionary
INFO: mk_mdef_gen.c(446): 348 unique word ending triphones in dictionary
INFO: mk_mdef_gen.c(897): 36 n_base, 1273 n_tri
INFO: mk_mdef_gen.c(969): Wrote mdef file /home/nattapong/Downloads/acoustic_model/model_architecture/acoustic_model.alltriphones.mdef
Tue Jun  9 01:50:05 2020
