INFO: pocketsphinx.c(151): Parsed model-specific feature parameters from /home/nattapong/Downloads/acoustic_model/model_parameters/acoustic_model.cd_cont_200/feat.params
Current configuration:
[NAME]			[DEFLT]		[VALUE]
-agc			none		none
-agcthresh		2.0		2.000000e+00
-allphone				
-allphone_ci		no		no
-alpha			0.97		9.700000e-01
-ascale			20.0		2.000000e+01
-aw			1		1
-backtrace		no		no
-beam			1e-48		1.000000e-80
-bestpath		yes		yes
-bestpathlw		9.5		1.000000e+01
-ceplen			13		13
-cmn			live		batch
-cmninit		40,3,-1		40,3,-1
-compallsen		no		no
-debug					0
-dict					/home/nattapong/Downloads/acoustic_model/etc/acoustic_model.dic
-dictcase		no		no
-dither			no		no
-doublebw		no		no
-ds			1		1
-fdict					
-feat			1s_c_d_dd	1s_c_d_dd
-featparams				
-fillprob		1e-8		1.000000e-08
-frate			100		100
-fsg					
-fsgusealtpron		yes		yes
-fsgusefiller		yes		yes
-fwdflat		yes		yes
-fwdflatbeam		1e-64		1.000000e-80
-fwdflatefwid		4		4
-fwdflatlw		8.5		1.000000e+01
-fwdflatsfwin		25		25
-fwdflatwbeam		7e-29		1.000000e-40
-fwdtree		yes		yes
-hmm					/home/nattapong/Downloads/acoustic_model/model_parameters/acoustic_model.cd_cont_200
-input_endian		little		little
-jsgf					
-keyphrase				
-kws					
-kws_delay		10		10
-kws_plp		1e-1		1.000000e-01
-kws_threshold		1		1.000000e+00
-latsize		5000		5000
-lda					
-ldadim			0		0
-lifter			0		22
-lm					/home/nattapong/Downloads/acoustic_model/etc/acoustic_model.lm.DMP
-lmctl					
-lmname					
-logbase		1.0001		1.000100e+00
-logfn					
-logspec		no		no
-lowerf			133.33334	2.000000e+02
-lpbeam			1e-40		1.000000e-80
-lponlybeam		7e-29		1.000000e-80
-lw			6.5		1.000000e+01
-maxhmmpf		30000		30000
-maxwpf			-1		-1
-mdef					
-mean					
-mfclogdir				
-min_endfr		0		0
-mixw					
-mixwfloor		0.0000001	1.000000e-07
-mllr					
-mmap			yes		yes
-ncep			13		13
-nfft			512		512
-nfilt			40		15
-nwpen			1.0		1.000000e+00
-pbeam			1e-48		1.000000e-80
-pip			1.0		1.000000e+00
-pl_beam		1e-10		1.000000e-10
-pl_pbeam		1e-10		1.000000e-10
-pl_pip			1.0		1.000000e+00
-pl_weight		3.0		3.000000e+00
-pl_window		5		5
-rawlogdir				
-remove_dc		no		no
-remove_noise		yes		yes
-remove_silence		yes		yes
-round_filters		yes		yes
-samprate		16000		1.600000e+04
-seed			-1		-1
-sendump				
-senlogdir				
-senmgau				
-silprob		0.005		5.000000e-03
-smoothspec		no		no
-svspec					
-tmat					
-tmatfloor		0.0001		1.000000e-04
-topn			4		4
-topn_beam		0		0
-toprule				
-transform		legacy		dct
-unit_area		yes		yes
-upperf			6855.4976	3.500000e+03
-uw			1.0		1.000000e+00
-vad_postspeech		50		50
-vad_prespeech		20		20
-vad_startspeech	10		10
-vad_threshold		2.0		2.000000e+00
-var					
-varfloor		0.0001		1.000000e-04
-varnorm		no		no
-verbose		no		no
-warp_params				
-warp_type		inverse_linear	inverse_linear
-wbeam			7e-29		1.000000e-40
-wip			0.65		2.000000e-01
-wlen			0.025625	2.562500e-02

INFO: feat.c(713): Initializing feature stream to type: '1s_c_d_dd', ceplen=13, CMN='batch', VARNORM='no', AGC='none'
INFO: mdef.c(518): Reading model definition: /home/nattapong/Downloads/acoustic_model/model_parameters/acoustic_model.cd_cont_200/mdef
INFO: bin_mdef.c(179): Allocating 1777 * 8 bytes (13 KiB) for CD tree
INFO: tmat.c(148): Reading HMM transition probability matrices: /home/nattapong/Downloads/acoustic_model/model_parameters/acoustic_model.cd_cont_200/transition_matrices
INFO: acmod.c(113): Attempting to use PTM computation module
INFO: ms_gauden.c(127): Reading mixture gaussian parameter: /home/nattapong/Downloads/acoustic_model/model_parameters/acoustic_model.cd_cont_200/means
INFO: ms_gauden.c(242): 308 codebook, 1 feature, size: 
INFO: ms_gauden.c(244):  8x39
INFO: ms_gauden.c(127): Reading mixture gaussian parameter: /home/nattapong/Downloads/acoustic_model/model_parameters/acoustic_model.cd_cont_200/variances
INFO: ms_gauden.c(242): 308 codebook, 1 feature, size: 
INFO: ms_gauden.c(244):  8x39
INFO: ms_gauden.c(304): 78 variance values floored
INFO: ptm_mgau.c(804): Number of codebooks exceeds 256: 308
INFO: acmod.c(115): Attempting to use semi-continuous computation module
INFO: ms_gauden.c(127): Reading mixture gaussian parameter: /home/nattapong/Downloads/acoustic_model/model_parameters/acoustic_model.cd_cont_200/means
INFO: ms_gauden.c(242): 308 codebook, 1 feature, size: 
INFO: ms_gauden.c(244):  8x39
INFO: ms_gauden.c(127): Reading mixture gaussian parameter: /home/nattapong/Downloads/acoustic_model/model_parameters/acoustic_model.cd_cont_200/variances
INFO: ms_gauden.c(242): 308 codebook, 1 feature, size: 
INFO: ms_gauden.c(244):  8x39
INFO: ms_gauden.c(304): 78 variance values floored
INFO: acmod.c(117): Falling back to general multi-stream GMM computation
INFO: ms_gauden.c(127): Reading mixture gaussian parameter: /home/nattapong/Downloads/acoustic_model/model_parameters/acoustic_model.cd_cont_200/means
INFO: ms_gauden.c(242): 308 codebook, 1 feature, size: 
INFO: ms_gauden.c(244):  8x39
INFO: ms_gauden.c(127): Reading mixture gaussian parameter: /home/nattapong/Downloads/acoustic_model/model_parameters/acoustic_model.cd_cont_200/variances
INFO: ms_gauden.c(242): 308 codebook, 1 feature, size: 
INFO: ms_gauden.c(244):  8x39
INFO: ms_gauden.c(304): 78 variance values floored
INFO: ms_senone.c(149): Reading senone mixture weights: /home/nattapong/Downloads/acoustic_model/model_parameters/acoustic_model.cd_cont_200/mixture_weights
INFO: ms_senone.c(200): Truncating senone logs3(pdf) values by 10 bits
INFO: ms_senone.c(207): Not transposing mixture weights in memory
INFO: ms_senone.c(266): Read mixture weights for 308 senones: 1 features x 8 codewords
INFO: ms_senone.c(320): Mapping senones to individual codebooks
INFO: ms_mgau.c(144): The value of topn: 4
INFO: phone_loop_search.c(113): State beam -225 Phone exit beam -225 Insertion penalty 0
INFO: dict.c(318): Allocating 4232 * 32 bytes (132 KiB) for word entries
INFO: dict.c(333): Reading main dictionary: /home/nattapong/Downloads/acoustic_model/etc/acoustic_model.dic
INFO: dict.c(212): Dictionary size 133, allocated 3 KiB for strings, 2 KiB for phones
INFO: dict.c(336): 133 words read
INFO: dict.c(358): Reading filler dictionary: /home/nattapong/Downloads/acoustic_model/model_parameters/acoustic_model.cd_cont_200/noisedict
INFO: dict.c(212): Dictionary size 136, allocated 0 KiB for strings, 0 KiB for phones
INFO: dict.c(361): 3 words read
INFO: dict2pid.c(396): Building PID tables for dictionary
INFO: dict2pid.c(404): Allocating 36^3 * 2 bytes (91 KiB) for word-initial triphones
INFO: dict2pid.c(131): Allocated 31392 bytes (30 KiB) for word-final triphones
INFO: dict2pid.c(195): Allocated 31392 bytes (30 KiB) for single-phone word triphones
INFO: ngram_model_trie.c(354): Trying to read LM in trie binary format
INFO: ngram_model_trie.c(365): Header doesn't match
INFO: ngram_model_trie.c(177): Trying to read LM in arpa format
INFO: ngram_model_trie.c(193): LM of order 3
INFO: ngram_model_trie.c(195): #1-grams: 57
INFO: ngram_model_trie.c(195): #2-grams: 74
INFO: ngram_model_trie.c(195): #3-grams: 85
INFO: lm_trie.c(474): Training quantizer
INFO: lm_trie.c(482): Building LM trie
INFO: ngram_search_fwdtree.c(74): Initializing search tree
INFO: ngram_search_fwdtree.c(101): 41 unique initial diphones
INFO: ngram_search_fwdtree.c(186): Creating search channels
INFO: ngram_search_fwdtree.c(323): Max nonroot chan increased to 128
INFO: ngram_search_fwdtree.c(332): Created 0 root, 0 non-root channels, 3 single-phone words
INFO: ngram_search_fwdflat.c(156): fwdflat: min_ef_width = 4, max_sf_win = 25
INFO: batch.c(777): TOTAL 0.00 seconds speech, 0.00 seconds CPU, 0.00 seconds wall
INFO: batch.c(779): AVERAGE -nan xRT (CPU), -nan xRT (elapsed)
INFO: ngram_search_fwdtree.c(427): TOTAL fwdtree 0.00 CPU -nan xRT
INFO: ngram_search_fwdtree.c(430): TOTAL fwdtree 0.00 wall -nan xRT
INFO: ngram_search_fwdflat.c(174): TOTAL fwdflat 0.00 CPU -nan xRT
INFO: ngram_search_fwdflat.c(177): TOTAL fwdflat 0.00 wall -nan xRT
INFO: ngram_search.c(301): TOTAL bestpath 0.00 CPU -nan xRT
INFO: ngram_search.c(304): TOTAL bestpath 0.00 wall -nan xRT
Tue Jun  9 01:52:14 2020
