Current configuration:
[NAME]		[DEFLT]	[VALUE]
-allphones	no	no
-cntthresh	0.00001	1.000000e-05
-csplitmax	100	2000
-csplitmin	1	1
-csplitthr	8e-4	0.000000e+00
-example	no	no
-fullvar	no	no
-help		no	no
-meanfn			/home/nattapong/Downloads/acoustic_model/model_parameters/acoustic_model.cd_cont_untied/means
-mixwfn			/home/nattapong/Downloads/acoustic_model/model_parameters/acoustic_model.cd_cont_untied/mixture_weights
-moddeffn		/home/nattapong/Downloads/acoustic_model/model_architecture/acoustic_model.untied.mdef
-mwfloor	1e-4	1.000000e-08
-phone			R
-psetfn			/home/nattapong/Downloads/acoustic_model/model_architecture/acoustic_model.tree_questions
-ssplitmax	5	7
-ssplitmin	1	1
-ssplitthr	8e-4	0.000000e+00
-state			1
-stwt			1.0,0.05,0.0,
-treefn			/home/nattapong/Downloads/acoustic_model/trees/acoustic_model.unpruned/R-1.dtree
-ts2cbfn	.semi.	.cont.
-varfloor	0.00001	1.000000e-05
-varfn			/home/nattapong/Downloads/acoustic_model/model_parameters/acoustic_model.cd_cont_untied/variances

INFO: main.c(223): Reading: /home/nattapong/Downloads/acoustic_model/model_architecture/acoustic_model.untied.mdef
INFO: model_def_io.c(573): Model definition info:
INFO: model_def_io.c(574): 416 total models defined (36 base, 380 tri)
INFO: model_def_io.c(575): 1664 total states
INFO: model_def_io.c(576): 1248 total tied states
INFO: model_def_io.c(577): 108 total tied CI states
INFO: model_def_io.c(578): 36 total tied transition matrices
INFO: model_def_io.c(579): 4 max state/model
INFO: model_def_io.c(580): 4 min state/model
INFO: main.c(242): Building trees for [R A A i] through [R UW UW i]
INFO: main.c(268): Covering states |[957 1001]| == 45
INFO: main.c(275): Reading: /home/nattapong/Downloads/acoustic_model/model_parameters/acoustic_model.cd_cont_untied/mixture_weights
INFO: s3mixw_io.c(172): Read /home/nattapong/Downloads/acoustic_model/model_parameters/acoustic_model.cd_cont_untied/mixture_weights [45x1x1 array]
INFO: main.c(311): 15 of 15 models have observation count greater than 0.000010
INFO: main.c(95): nrm stwt: 0.045 0.909 0.045 
INFO: s3gau_io.c(168): Read /home/nattapong/Downloads/acoustic_model/model_parameters/acoustic_model.cd_cont_untied/means [1248x1x1 array]
INFO: s3gau_io.c(168): Read /home/nattapong/Downloads/acoustic_model/model_parameters/acoustic_model.cd_cont_untied/variances [1248x1x1 array]
INFO: main.c(549): Reading: /home/nattapong/Downloads/acoustic_model/model_architecture/acoustic_model.tree_questions
INFO: main.c(587): 178 total simple questions (170 phone; 8 word bndry)
INFO: main.c(589): 42 Left Only questions, and 40 Right Only questions
INFO: dtree.c(1478): Final simple tree
|( QUESTION0_1_R 1 -7.652e+05 1.741e+03 3.660e+03
|    ( - -1.106e+05 1 0)
|    ( QUESTION0_3_R 1 -6.529e+05 1.860e+03 3.119e+03
|        ( QUESTION2_0_L -1 -2.182e+05 8.449e+02 1.059e+03
|            ( - -9.739e+04 1 0)
|            ( - -1.199e+05 2 0 QUESTION0 -1 4.876e+02 5.890e+02))
|        ( QUESTION0_0_R 1 -4.329e+05 8.622e+02 2.060e+03
|            ( QUESTION17 -1 -2.905e+05 8.141e+02 1.394e+03
|                ( - -2.991e+04 1 0)
|                ( QUESTION2_0_L -1 -2.598e+05 6.838e+02 1.249e+03
|                    ( QUESTION0 -1 -2.085e+05 5.420e+02 1.006e+03
|                        ( - -1.969e+05 2 0)
|                        ( - -1.104e+04 1 0))
|                    ( - -5.056e+04 2 0 QUESTION0 -1 2.584e+02 2.432e+02)))
|            ( - -1.415e+05 5 0 QUESTION0_10_R 1 4.114e+02 6.660e+02))))
s>    ( QUESTION0_1_R 1 -7.652e+05 1.741e+03 3.660e+03
s>        ( - -1.106e+05 1 0)
s>        ( QUESTION0_3_R 1 -6.529e+05 1.860e+03 3.119e+03
s>            ( QUESTION2_0_L -1 -2.182e+05 8.449e+02 1.059e+03
s>                ( - -9.739e+04 1 0)
s>                ( - -1.199e+05 2 0 QUESTION0 -1 4.876e+02 5.890e+02))
s>            ( QUESTION0_0_R 1 -4.329e+05 8.622e+02 2.060e+03
s>                ( QUESTION17 -1 -2.905e+05 8.141e+02 1.394e+03
s>                    ( - -2.991e+04 1 0)
s>                    ( QUESTION2_0_L -1 -2.598e+05 6.838e+02 1.249e+03
s>                        ( QUESTION0 -1 -2.085e+05 5.420e+02 1.006e+03
s>                            ( - -1.969e+05 2 0)
s>                            ( - -1.104e+04 1 0))
s>                        ( - -5.056e+04 2 0 QUESTION0 -1 2.584e+02 2.432e+02)))
s>                ( - -1.415e+05 5 0 QUESTION0_10_R 1 4.114e+02 6.660e+02))))INFO: dtree.c(1315): Comp split 0
INFO: dtree.c(1478): Final simple tree
|( QUESTION0_0_R 1 -4.329e+05 8.622e+02 2.060e+03
|    ( QUESTION17 -1 -2.905e+05 8.141e+02 1.394e+03
|        ( - -2.991e+04 1 0)
|        ( QUESTION2_0_L -1 -2.598e+05 6.838e+02 1.249e+03
|            ( QUESTION0 -1 -2.085e+05 5.420e+02 1.006e+03
|                ( - -1.969e+05 2 0)
|                ( - -1.104e+04 1 0))
|            ( - -5.056e+04 2 0 QUESTION0 -1 2.584e+02 2.432e+02)))
|    ( QUESTION0_10_R 1 -1.415e+05 4.114e+02 6.660e+02
|        ( - -1.536e+04 1 0)
|        ( QUESTION2_2_L -1 -1.257e+05 2.886e+02 5.921e+02
|            ( - -1.604e+04 1 0)
|            ( QUESTION2_0_L -1 -1.094e+05 2.694e+02 5.171e+02
|                ( - -9.496e+04 2 0)
|                ( - -1.418e+04 1 0)))))
s>    ( QUESTION0_0_R 1 -4.329e+05 8.622e+02 2.060e+03
s>        ( QUESTION17 -1 -2.905e+05 8.141e+02 1.394e+03
s>            ( - -2.991e+04 1 0)
s>            ( QUESTION2_0_L -1 -2.598e+05 6.838e+02 1.249e+03
s>                ( QUESTION0 -1 -2.085e+05 5.420e+02 1.006e+03
s>                    ( - -1.969e+05 2 0)
s>                    ( - -1.104e+04 1 0))
s>                ( - -5.056e+04 2 0 QUESTION0 -1 2.584e+02 2.432e+02)))
s>        ( QUESTION0_10_R 1 -1.415e+05 4.114e+02 6.660e+02
s>            ( - -1.536e+04 1 0)
s>            ( QUESTION2_2_L -1 -1.257e+05 2.886e+02 5.921e+02
s>                ( - -1.604e+04 1 0)
s>                ( QUESTION2_0_L -1 -1.094e+05 2.694e+02 5.171e+02
s>                    ( - -9.496e+04 2 0)
s>                    ( - -1.418e+04 1 0)))))INFO: dtree.c(1439): stop. leaf nodes are specific
INFO: dtree.c(1478): Final simple tree
|( QUESTION0_1_R 1 -3.300e+05 1.227e+03 1.599e+03
|    ( - -1.106e+05 1 0)
|    ( QUESTION2_0_L -1 -2.182e+05 8.449e+02 1.059e+03
|        ( - -9.739e+04 1 0)
|        ( QUESTION0 -1 -1.199e+05 4.876e+02 5.890e+02
|            ( - -3.962e+04 1 0)
|            ( - -7.983e+04 1 0))))
s>    ( QUESTION0_1_R 1 -3.300e+05 1.227e+03 1.599e+03
s>        ( - -1.106e+05 1 0)
s>        ( QUESTION2_0_L -1 -2.182e+05 8.449e+02 1.059e+03
s>            ( - -9.739e+04 1 0)
s>            ( QUESTION0 -1 -1.199e+05 4.876e+02 5.890e+02
s>                ( - -3.962e+04 1 0)
s>                ( - -7.983e+04 1 0))))INFO: dtree.c(1315): Comp split 1
INFO: dtree.c(1439): stop. leaf nodes are specific
INFO: dtree.c(1478): Final simple tree
|( QUESTION2_0_L -1 -2.182e+05 8.449e+02 1.059e+03
|    ( - -9.739e+04 1 0)
|    ( QUESTION0 -1 -1.199e+05 4.876e+02 5.890e+02
|        ( - -3.962e+04 1 0)
|        ( - -7.983e+04 1 0)))
s>    ( QUESTION2_0_L -1 -2.182e+05 8.449e+02 1.059e+03
s>        ( - -9.739e+04 1 0)
s>        ( QUESTION0 -1 -1.199e+05 4.876e+02 5.890e+02
s>            ( - -3.962e+04 1 0)
s>            ( - -7.983e+04 1 0)))INFO: dtree.c(1315): Comp split 2
INFO: dtree.c(1439): stop. leaf nodes are specific
INFO: dtree.c(1478): Final simple tree
|( QUESTION0_0_R 1 -1.927e+05 6.298e+02 9.092e+02
|    ( QUESTION0 -1 -5.056e+04 2.584e+02 2.432e+02
|        ( - -3.967e+04 1 0)
|        ( - -1.064e+04 1 0))
|    ( QUESTION0_10_R 1 -1.415e+05 4.114e+02 6.660e+02
|        ( - -1.536e+04 1 0)
|        ( QUESTION2_2_L -1 -1.257e+05 2.886e+02 5.921e+02
|            ( - -1.604e+04 1 0)
|            ( QUESTION2_0_L -1 -1.094e+05 2.694e+02 5.171e+02
|                ( - -9.496e+04 2 0)
|                ( - -1.418e+04 1 0)))))
s>    ( QUESTION0_0_R 1 -1.927e+05 6.298e+02 9.092e+02
s>        ( QUESTION0 -1 -5.056e+04 2.584e+02 2.432e+02
s>            ( - -3.967e+04 1 0)
s>            ( - -1.064e+04 1 0))
s>        ( QUESTION0_10_R 1 -1.415e+05 4.114e+02 6.660e+02
s>            ( - -1.536e+04 1 0)
s>            ( QUESTION2_2_L -1 -1.257e+05 2.886e+02 5.921e+02
s>                ( - -1.604e+04 1 0)
s>                ( QUESTION2_0_L -1 -1.094e+05 2.694e+02 5.171e+02
s>                    ( - -9.496e+04 2 0)
s>                    ( - -1.418e+04 1 0)))))INFO: dtree.c(1439): stop. leaf nodes are specific
INFO: dtree.c(1478): Final simple tree
|( QUESTION14 -1 -2.392e+05 7.877e+02 1.151e+03
|    ( - -2.991e+04 1 0)
|    ( QUESTION0 -1 -2.085e+05 5.420e+02 1.006e+03
|        ( - -1.969e+05 2 0)
|        ( - -1.104e+04 1 0)))
s>    ( QUESTION14 -1 -2.392e+05 7.877e+02 1.151e+03
s>        ( - -2.991e+04 1 0)
s>        ( QUESTION0 -1 -2.085e+05 5.420e+02 1.006e+03
s>            ( - -1.969e+05 2 0)
s>            ( - -1.104e+04 1 0)))INFO: dtree.c(1315): Comp split 3
INFO: dtree.c(1439): stop. leaf nodes are specific
INFO: dtree.c(1478): Final simple tree
|( QUESTION0 -1 -1.199e+05 4.876e+02 5.890e+02
|    ( - -3.962e+04 1 0)
|    ( - -7.983e+04 1 0))
s>    ( QUESTION0 -1 -1.199e+05 4.876e+02 5.890e+02
s>        ( - -3.962e+04 1 0)
s>        ( - -7.983e+04 1 0))INFO: dtree.c(1315): Comp split 4
INFO: dtree.c(1439): stop. leaf nodes are specific
INFO: dtree.c(1478): Final simple tree
|( QUESTION0 -1 -2.085e+05 5.420e+02 1.006e+03
|    ( - -1.969e+05 2 0)
|    ( - -1.104e+04 1 0))
s>    ( QUESTION0 -1 -2.085e+05 5.420e+02 1.006e+03
s>        ( - -1.969e+05 2 0)
s>        ( - -1.104e+04 1 0))INFO: dtree.c(1315): Comp split 5
INFO: dtree.c(1439): stop. leaf nodes are specific
INFO: dtree.c(1478): Final simple tree
|( QUESTION0_10_R 1 -1.415e+05 4.114e+02 6.660e+02
|    ( - -1.536e+04 1 0)
|    ( QUESTION2_2_L -1 -1.257e+05 2.886e+02 5.921e+02
|        ( - -1.604e+04 1 0)
|        ( QUESTION2_0_L -1 -1.094e+05 2.694e+02 5.171e+02
|            ( - -9.496e+04 2 0)
|            ( - -1.418e+04 1 0))))
s>    ( QUESTION0_10_R 1 -1.415e+05 4.114e+02 6.660e+02
s>        ( - -1.536e+04 1 0)
s>        ( QUESTION2_2_L -1 -1.257e+05 2.886e+02 5.921e+02
s>            ( - -1.604e+04 1 0)
s>            ( QUESTION2_0_L -1 -1.094e+05 2.694e+02 5.171e+02
s>                ( - -9.496e+04 2 0)
s>                ( - -1.418e+04 1 0))))INFO: dtree.c(1439): stop. leaf nodes are specific
INFO: dtree.c(1478): Final simple tree
|( QUESTION0 -1 -5.056e+04 2.584e+02 2.432e+02
|    ( - -3.967e+04 1 0)
|    ( - -1.064e+04 1 0))
s>    ( QUESTION0 -1 -5.056e+04 2.584e+02 2.432e+02
s>        ( - -3.967e+04 1 0)
s>        ( - -1.064e+04 1 0))INFO: dtree.c(1315): Comp split 6
INFO: dtree.c(1315): Comp split 7
INFO: dtree.c(1315): Comp split 8
INFO: dtree.c(1439): stop. leaf nodes are specific
INFO: dtree.c(1478): Final simple tree
|( QUESTION2_2_L -1 -1.257e+05 2.886e+02 5.921e+02
|    ( - -1.604e+04 1 0)
|    ( QUESTION2_0_L -1 -1.094e+05 2.694e+02 5.171e+02
|        ( - -9.496e+04 2 0)
|        ( - -1.418e+04 1 0)))
s>    ( QUESTION2_2_L -1 -1.257e+05 2.886e+02 5.921e+02
s>        ( - -1.604e+04 1 0)
s>        ( QUESTION2_0_L -1 -1.094e+05 2.694e+02 5.171e+02
s>            ( - -9.496e+04 2 0)
s>            ( - -1.418e+04 1 0)))INFO: dtree.c(1315): Comp split 9
INFO: dtree.c(1439): stop. leaf nodes are specific
INFO: dtree.c(1478): Final simple tree
|( QUESTION2_0_L -1 -1.094e+05 2.694e+02 5.171e+02
|    ( - -9.496e+04 2 0)
|    ( - -1.418e+04 1 0))
s>    ( QUESTION2_0_L -1 -1.094e+05 2.694e+02 5.171e+02
s>        ( - -9.496e+04 2 0)
s>        ( - -1.418e+04 1 0))INFO: dtree.c(1315): Comp split 10
INFO: dtree.c(1315): Comp split 11
INFO: dtree.c(1315): Comp split 12
INFO: dtree.c(1318): stop. leaf nodes are specific
Tue Jun  9 01:50:02 2020
