Current configuration:
[NAME]		[DEFLT]	[VALUE]
-allphones	no	no
-cntthresh	0.00001	1.000000e-05
-csplitmax	100	2000
-csplitmin	1	1
-csplitthr	8e-4	0.000000e+00
-example	no	no
-fullvar	no	no
-help		no	no
-meanfn			/home/nattapong/Downloads/acoustic_model/model_parameters/acoustic_model.cd_cont_untied/means
-mixwfn			/home/nattapong/Downloads/acoustic_model/model_parameters/acoustic_model.cd_cont_untied/mixture_weights
-moddeffn		/home/nattapong/Downloads/acoustic_model/model_architecture/acoustic_model.untied.mdef
-mwfloor	1e-4	1.000000e-08
-phone			W
-psetfn			/home/nattapong/Downloads/acoustic_model/model_architecture/acoustic_model.tree_questions
-ssplitmax	5	7
-ssplitmin	1	1
-ssplitthr	8e-4	0.000000e+00
-state			2
-stwt			1.0,0.05,0.0,
-treefn			/home/nattapong/Downloads/acoustic_model/trees/acoustic_model.unpruned/W-2.dtree
-ts2cbfn	.semi.	.cont.
-varfloor	0.00001	1.000000e-05
-varfn			/home/nattapong/Downloads/acoustic_model/model_parameters/acoustic_model.cd_cont_untied/variances

INFO: main.c(223): Reading: /home/nattapong/Downloads/acoustic_model/model_architecture/acoustic_model.untied.mdef
INFO: model_def_io.c(573): Model definition info:
INFO: model_def_io.c(574): 416 total models defined (36 base, 380 tri)
INFO: model_def_io.c(575): 1664 total states
INFO: model_def_io.c(576): 1248 total tied states
INFO: model_def_io.c(577): 108 total tied CI states
INFO: model_def_io.c(578): 36 total tied transition matrices
INFO: model_def_io.c(579): 4 max state/model
INFO: model_def_io.c(580): 4 min state/model
INFO: main.c(242): Building trees for [W A A i] through [W W AA i]
INFO: main.c(268): Covering states |[1197 1235]| == 39
INFO: main.c(275): Reading: /home/nattapong/Downloads/acoustic_model/model_parameters/acoustic_model.cd_cont_untied/mixture_weights
INFO: s3mixw_io.c(172): Read /home/nattapong/Downloads/acoustic_model/model_parameters/acoustic_model.cd_cont_untied/mixture_weights [39x1x1 array]
INFO: main.c(311): 13 of 13 models have observation count greater than 0.000010
INFO: main.c(95): nrm stwt: 0.000 0.048 0.952 
INFO: s3gau_io.c(168): Read /home/nattapong/Downloads/acoustic_model/model_parameters/acoustic_model.cd_cont_untied/means [1248x1x1 array]
INFO: s3gau_io.c(168): Read /home/nattapong/Downloads/acoustic_model/model_parameters/acoustic_model.cd_cont_untied/variances [1248x1x1 array]
INFO: main.c(549): Reading: /home/nattapong/Downloads/acoustic_model/model_architecture/acoustic_model.tree_questions
INFO: main.c(587): 178 total simple questions (170 phone; 8 word bndry)
INFO: main.c(589): 42 Left Only questions, and 40 Right Only questions
INFO: dtree.c(1478): Final simple tree
|( QUESTION0 1 -5.051e+05 1.062e+04 2.355e+03
|    ( QUESTION0_0_R 1 -2.878e+05 2.146e+03 1.410e+03
|        ( QUESTION0 -1 -1.351e+05 5.137e+02 6.537e+02
|            ( - -1.050e+05 2 0 QUESTION2_0_L -1 2.650e+02 5.132e+02)
|            ( - -2.960e+04 2 0 WDBNDRY_B 0 2.660e+02 1.405e+02))
|        ( WDBNDRY_B 0 -1.506e+05 1.050e+03 7.564e+02
|            ( - -4.521e+04 1 0)
|            ( - -1.043e+05 2 0 QUESTION3 -1 2.017e+02 5.312e+02)))
|    ( QUESTION0_0_R 1 -2.066e+05 4.459e+03 9.448e+02
|        ( - -1.277e+05 3 0 WDBNDRY_B 0 5.106e+02 5.878e+02)
|        ( QUESTION0 -1 -7.444e+04 1.098e+03 3.570e+02
|            ( WDBNDRY_E 0 -6.049e+04 1.041e+03 2.910e+02
|                ( - -2.991e+04 1 0)
|                ( - -2.955e+04 1 0))
|            ( - -1.284e+04 1 0))))
s>    ( QUESTION0 1 -5.051e+05 1.062e+04 2.355e+03
s>        ( QUESTION0_0_R 1 -2.878e+05 2.146e+03 1.410e+03
s>            ( QUESTION0 -1 -1.351e+05 5.137e+02 6.537e+02
s>                ( - -1.050e+05 2 0 QUESTION2_0_L -1 2.650e+02 5.132e+02)
s>                ( - -2.960e+04 2 0 WDBNDRY_B 0 2.660e+02 1.405e+02))
s>            ( WDBNDRY_B 0 -1.506e+05 1.050e+03 7.564e+02
s>                ( - -4.521e+04 1 0)
s>                ( - -1.043e+05 2 0 QUESTION3 -1 2.017e+02 5.312e+02)))
s>        ( QUESTION0_0_R 1 -2.066e+05 4.459e+03 9.448e+02
s>            ( - -1.277e+05 3 0 WDBNDRY_B 0 5.106e+02 5.878e+02)
s>            ( QUESTION0 -1 -7.444e+04 1.098e+03 3.570e+02
s>                ( WDBNDRY_E 0 -6.049e+04 1.041e+03 2.910e+02
s>                    ( - -2.991e+04 1 0)
s>                    ( - -2.955e+04 1 0))
s>                ( - -1.284e+04 1 0))))INFO: dtree.c(1315): Comp split 0
INFO: dtree.c(1439): stop. leaf nodes are specific
INFO: dtree.c(1478): Final simple tree
|( QUESTION0_0_R 1 -2.066e+05 4.459e+03 9.448e+02
|    ( WDBNDRY_B 0 -1.277e+05 5.106e+02 5.878e+02
|        ( - -7.754e+04 1 0)
|        ( QUESTION2 -1 -4.968e+04 2.115e+02 2.251e+02
|            ( - -2.601e+04 1 0)
|            ( - -2.346e+04 1 0)))
|    ( QUESTION0 -1 -7.444e+04 1.098e+03 3.570e+02
|        ( WDBNDRY_E 0 -6.049e+04 1.041e+03 2.910e+02
|            ( - -2.991e+04 1 0)
|            ( - -2.955e+04 1 0))
|        ( - -1.284e+04 1 0)))
s>    ( QUESTION0_0_R 1 -2.066e+05 4.459e+03 9.448e+02
s>        ( WDBNDRY_B 0 -1.277e+05 5.106e+02 5.878e+02
s>            ( - -7.754e+04 1 0)
s>            ( QUESTION2 -1 -4.968e+04 2.115e+02 2.251e+02
s>                ( - -2.601e+04 1 0)
s>                ( - -2.346e+04 1 0)))
s>        ( QUESTION0 -1 -7.444e+04 1.098e+03 3.570e+02
s>            ( WDBNDRY_E 0 -6.049e+04 1.041e+03 2.910e+02
s>                ( - -2.991e+04 1 0)
s>                ( - -2.955e+04 1 0))
s>            ( - -1.284e+04 1 0)))INFO: dtree.c(1439): stop. leaf nodes are specific
INFO: dtree.c(1478): Final simple tree
|( QUESTION0_0_R 1 -2.878e+05 2.146e+03 1.410e+03
|    ( QUESTION0 -1 -1.351e+05 5.137e+02 6.537e+02
|        ( QUESTION2_0_L -1 -1.050e+05 2.650e+02 5.132e+02
|            ( - -7.109e+04 1 0)
|            ( - -3.362e+04 1 0))
|        ( WDBNDRY_B 0 -2.960e+04 2.660e+02 1.405e+02
|            ( - -1.347e+04 1 0)
|            ( - -1.587e+04 1 0)))
|    ( WDBNDRY_B 0 -1.506e+05 1.050e+03 7.564e+02
|        ( - -4.521e+04 1 0)
|        ( QUESTION3 -1 -1.043e+05 2.017e+02 5.312e+02
|            ( - -7.836e+04 1 0)
|            ( - -2.578e+04 1 0))))
s>    ( QUESTION0_0_R 1 -2.878e+05 2.146e+03 1.410e+03
s>        ( QUESTION0 -1 -1.351e+05 5.137e+02 6.537e+02
s>            ( QUESTION2_0_L -1 -1.050e+05 2.650e+02 5.132e+02
s>                ( - -7.109e+04 1 0)
s>                ( - -3.362e+04 1 0))
s>            ( WDBNDRY_B 0 -2.960e+04 2.660e+02 1.405e+02
s>                ( - -1.347e+04 1 0)
s>                ( - -1.587e+04 1 0)))
s>        ( WDBNDRY_B 0 -1.506e+05 1.050e+03 7.564e+02
s>            ( - -4.521e+04 1 0)
s>            ( QUESTION3 -1 -1.043e+05 2.017e+02 5.312e+02
s>                ( - -7.836e+04 1 0)
s>                ( - -2.578e+04 1 0))))INFO: dtree.c(1315): Comp split 1
INFO: dtree.c(1439): stop. leaf nodes are specific
INFO: dtree.c(1478): Final simple tree
|( QUESTION0 -1 -7.444e+04 1.098e+03 3.570e+02
|    ( WDBNDRY_E 0 -6.049e+04 1.041e+03 2.910e+02
|        ( - -2.991e+04 1 0)
|        ( - -2.955e+04 1 0))
|    ( - -1.284e+04 1 0))
s>    ( QUESTION0 -1 -7.444e+04 1.098e+03 3.570e+02
s>        ( WDBNDRY_E 0 -6.049e+04 1.041e+03 2.910e+02
s>            ( - -2.991e+04 1 0)
s>            ( - -2.955e+04 1 0))
s>        ( - -1.284e+04 1 0))INFO: dtree.c(1439): stop. leaf nodes are specific
INFO: dtree.c(1478): Final simple tree
|( WDBNDRY_B 0 -1.277e+05 5.106e+02 5.878e+02
|    ( - -7.754e+04 1 0)
|    ( QUESTION2 -1 -4.968e+04 2.115e+02 2.251e+02
|        ( - -2.601e+04 1 0)
|        ( - -2.346e+04 1 0)))
s>    ( WDBNDRY_B 0 -1.277e+05 5.106e+02 5.878e+02
s>        ( - -7.754e+04 1 0)
s>        ( QUESTION2 -1 -4.968e+04 2.115e+02 2.251e+02
s>            ( - -2.601e+04 1 0)
s>            ( - -2.346e+04 1 0)))INFO: dtree.c(1315): Comp split 2
INFO: dtree.c(1439): stop. leaf nodes are specific
INFO: dtree.c(1478): Final simple tree
|( QUESTION0 -1 -1.351e+05 5.137e+02 6.537e+02
|    ( QUESTION2_0_L -1 -1.050e+05 2.650e+02 5.132e+02
|        ( - -7.109e+04 1 0)
|        ( - -3.362e+04 1 0))
|    ( WDBNDRY_B 0 -2.960e+04 2.660e+02 1.405e+02
|        ( - -1.347e+04 1 0)
|        ( - -1.587e+04 1 0)))
s>    ( QUESTION0 -1 -1.351e+05 5.137e+02 6.537e+02
s>        ( QUESTION2_0_L -1 -1.050e+05 2.650e+02 5.132e+02
s>            ( - -7.109e+04 1 0)
s>            ( - -3.362e+04 1 0))
s>        ( WDBNDRY_B 0 -2.960e+04 2.660e+02 1.405e+02
s>            ( - -1.347e+04 1 0)
s>            ( - -1.587e+04 1 0)))INFO: dtree.c(1439): stop. leaf nodes are specific
INFO: dtree.c(1478): Final simple tree
|( WDBNDRY_B 0 -1.506e+05 1.050e+03 7.564e+02
|    ( - -4.521e+04 1 0)
|    ( QUESTION3 -1 -1.043e+05 2.017e+02 5.312e+02
|        ( - -7.836e+04 1 0)
|        ( - -2.578e+04 1 0)))
s>    ( WDBNDRY_B 0 -1.506e+05 1.050e+03 7.564e+02
s>        ( - -4.521e+04 1 0)
s>        ( QUESTION3 -1 -1.043e+05 2.017e+02 5.312e+02
s>            ( - -7.836e+04 1 0)
s>            ( - -2.578e+04 1 0)))INFO: dtree.c(1315): Comp split 3
INFO: dtree.c(1439): stop. leaf nodes are specific
INFO: dtree.c(1478): Final simple tree
|( WDBNDRY_E 0 -6.049e+04 1.041e+03 2.910e+02
|    ( - -2.991e+04 1 0)
|    ( - -2.955e+04 1 0))
s>    ( WDBNDRY_E 0 -6.049e+04 1.041e+03 2.910e+02
s>        ( - -2.991e+04 1 0)
s>        ( - -2.955e+04 1 0))INFO: dtree.c(1315): Comp split 4
INFO: dtree.c(1439): stop. leaf nodes are specific
INFO: dtree.c(1478): Final simple tree
|( QUESTION3 -1 -1.043e+05 2.017e+02 5.312e+02
|    ( - -7.836e+04 1 0)
|    ( - -2.578e+04 1 0))
s>    ( QUESTION3 -1 -1.043e+05 2.017e+02 5.312e+02
s>        ( - -7.836e+04 1 0)
s>        ( - -2.578e+04 1 0))INFO: dtree.c(1315): Comp split 5
INFO: dtree.c(1315): Comp split 6
INFO: dtree.c(1439): stop. leaf nodes are specific
INFO: dtree.c(1478): Final simple tree
|( WDBNDRY_B 0 -2.960e+04 2.660e+02 1.405e+02
|    ( - -1.347e+04 1 0)
|    ( - -1.587e+04 1 0))
s>    ( WDBNDRY_B 0 -2.960e+04 2.660e+02 1.405e+02
s>        ( - -1.347e+04 1 0)
s>        ( - -1.587e+04 1 0))INFO: dtree.c(1439): stop. leaf nodes are specific
INFO: dtree.c(1478): Final simple tree
|( QUESTION2_0_L -1 -1.050e+05 2.650e+02 5.132e+02
|    ( - -7.109e+04 1 0)
|    ( - -3.362e+04 1 0))
s>    ( QUESTION2_0_L -1 -1.050e+05 2.650e+02 5.132e+02
s>        ( - -7.109e+04 1 0)
s>        ( - -3.362e+04 1 0))INFO: dtree.c(1315): Comp split 7
INFO: dtree.c(1439): stop. leaf nodes are specific
INFO: dtree.c(1478): Final simple tree
|( QUESTION2 -1 -4.968e+04 2.115e+02 2.251e+02
|    ( - -2.601e+04 1 0)
|    ( - -2.346e+04 1 0))
s>    ( QUESTION2 -1 -4.968e+04 2.115e+02 2.251e+02
s>        ( - -2.601e+04 1 0)
s>        ( - -2.346e+04 1 0))INFO: dtree.c(1315): Comp split 8
INFO: dtree.c(1315): Comp split 9
INFO: dtree.c(1315): Comp split 10
INFO: dtree.c(1315): Comp split 11
INFO: dtree.c(1315): Comp split 12
INFO: dtree.c(1318): stop. leaf nodes are specific
Tue Jun  9 01:50:03 2020
