Current configuration:
[NAME]		[DEFLT]	[VALUE]
-allphones	no	no
-cntthresh	0.00001	1.000000e-05
-csplitmax	100	2000
-csplitmin	1	1
-csplitthr	8e-4	0.000000e+00
-example	no	no
-fullvar	no	no
-help		no	no
-meanfn			/home/nattapong/Downloads/acoustic_model/model_parameters/acoustic_model.cd_cont_untied/means
-mixwfn			/home/nattapong/Downloads/acoustic_model/model_parameters/acoustic_model.cd_cont_untied/mixture_weights
-moddeffn		/home/nattapong/Downloads/acoustic_model/model_architecture/acoustic_model.untied.mdef
-mwfloor	1e-4	1.000000e-08
-phone			M
-psetfn			/home/nattapong/Downloads/acoustic_model/model_architecture/acoustic_model.tree_questions
-ssplitmax	5	7
-ssplitmin	1	1
-ssplitthr	8e-4	0.000000e+00
-state			0
-stwt			1.0,0.05,0.0,
-treefn			/home/nattapong/Downloads/acoustic_model/trees/acoustic_model.unpruned/M-0.dtree
-ts2cbfn	.semi.	.cont.
-varfloor	0.00001	1.000000e-05
-varfn			/home/nattapong/Downloads/acoustic_model/model_parameters/acoustic_model.cd_cont_untied/variances

INFO: main.c(223): Reading: /home/nattapong/Downloads/acoustic_model/model_architecture/acoustic_model.untied.mdef
INFO: model_def_io.c(573): Model definition info:
INFO: model_def_io.c(574): 416 total models defined (36 base, 380 tri)
INFO: model_def_io.c(575): 1664 total states
INFO: model_def_io.c(576): 1248 total tied states
INFO: model_def_io.c(577): 108 total tied CI states
INFO: model_def_io.c(578): 36 total tied transition matrices
INFO: model_def_io.c(579): 4 max state/model
INFO: model_def_io.c(580): 4 min state/model
INFO: main.c(242): Building trees for [M A A i] through [M UW SIL e]
INFO: main.c(268): Covering states |[702 767]| == 66
INFO: main.c(275): Reading: /home/nattapong/Downloads/acoustic_model/model_parameters/acoustic_model.cd_cont_untied/mixture_weights
INFO: s3mixw_io.c(172): Read /home/nattapong/Downloads/acoustic_model/model_parameters/acoustic_model.cd_cont_untied/mixture_weights [66x1x1 array]
INFO: main.c(311): 22 of 22 models have observation count greater than 0.000010
INFO: main.c(95): nrm stwt: 0.952 0.048 0.000 
INFO: s3gau_io.c(168): Read /home/nattapong/Downloads/acoustic_model/model_parameters/acoustic_model.cd_cont_untied/means [1248x1x1 array]
INFO: s3gau_io.c(168): Read /home/nattapong/Downloads/acoustic_model/model_parameters/acoustic_model.cd_cont_untied/variances [1248x1x1 array]
INFO: main.c(549): Reading: /home/nattapong/Downloads/acoustic_model/model_architecture/acoustic_model.tree_questions
INFO: main.c(587): 178 total simple questions (170 phone; 8 word bndry)
INFO: main.c(589): 42 Left Only questions, and 40 Right Only questions
INFO: dtree.c(1478): Final simple tree
|( QUESTION2_20_L -1 -1.129e+06 6.559e+03 5.377e+03
|    ( - -3.809e+05 6 0 WDBNDRY_E 0 7.863e+02 1.838e+03)
|    ( QUESTION0_16_R 1 -7.414e+05 3.966e+03 3.539e+03
|        ( - -1.269e+05 2 0 QUESTION15 1 1.893e+02 6.362e+02)
|        ( QUESTION2_4_L -1 -6.105e+05 3.709e+03 2.903e+03
|            ( - -2.511e+05 7 0 QUESTION0_3_R 1 1.185e+03 1.186e+03)
|            ( WDBNDRY_E 0 -3.558e+05 2.954e+03 1.717e+03
|                ( - -1.348e+05 1 0)
|                ( QUESTION0_6_R 1 -2.180e+05 1.555e+03 1.048e+03
|                    ( QUESTION0 -1 -1.247e+05 1.338e+03 6.000e+02
|                        ( - -9.281e+04 1 0)
|                        ( - -3.056e+04 1 0))
|                    ( QUESTION0_9_R 1 -9.176e+04 1.243e+03 4.481e+02
|                        ( - -6.030e+04 2 0 QUESTION0 -1 1.131e+03 3.015e+02)
|                        ( - -3.021e+04 2 0 QUESTION0_0_R 1 1.614e+02 1.466e+02)))))))
s>    ( QUESTION2_20_L -1 -1.129e+06 6.559e+03 5.377e+03
s>        ( - -3.809e+05 6 0 WDBNDRY_E 0 7.863e+02 1.838e+03)
s>        ( QUESTION0_16_R 1 -7.414e+05 3.966e+03 3.539e+03
s>            ( - -1.269e+05 2 0 QUESTION15 1 1.893e+02 6.362e+02)
s>            ( QUESTION2_4_L -1 -6.105e+05 3.709e+03 2.903e+03
s>                ( - -2.511e+05 7 0 QUESTION0_3_R 1 1.185e+03 1.186e+03)
s>                ( WDBNDRY_E 0 -3.558e+05 2.954e+03 1.717e+03
s>                    ( - -1.348e+05 1 0)
s>                    ( QUESTION0_6_R 1 -2.180e+05 1.555e+03 1.048e+03
s>                        ( QUESTION0 -1 -1.247e+05 1.338e+03 6.000e+02
s>                            ( - -9.281e+04 1 0)
s>                            ( - -3.056e+04 1 0))
s>                        ( QUESTION0_9_R 1 -9.176e+04 1.243e+03 4.481e+02
s>                            ( - -6.030e+04 2 0 QUESTION0 -1 1.131e+03 3.015e+02)
s>                            ( - -3.021e+04 2 0 QUESTION0_0_R 1 1.614e+02 1.466e+02)))))))INFO: dtree.c(1315): Comp split 0
INFO: dtree.c(1478): Final simple tree
|( QUESTION2_0_L -1 -5.482e+05 1.654e+03 2.654e+03
|    ( - -1.348e+05 1 0)
|    ( WDBNDRY_E 0 -4.118e+05 8.675e+02 1.984e+03
|        ( - -1.308e+05 1 0)
|        ( QUESTION15 1 -2.801e+05 6.732e+02 1.361e+03
|            ( QUESTION0_0_R 1 -8.197e+04 4.869e+02 3.887e+02
|                ( - -4.667e+04 1 0)
|                ( QUESTION0 -1 -3.482e+04 2.958e+02 1.641e+02
|                    ( - -1.503e+04 1 0)
|                    ( - -1.949e+04 1 0)))
|            ( QUESTION0 -1 -1.974e+05 3.251e+02 9.727e+02
|                ( - -1.502e+04 1 0)
|                ( QUESTION14 1 -1.821e+05 3.091e+02 8.973e+02
|                    ( - -2.035e+04 1 0)
|                    ( - -1.614e+05 2 0 QUESTION0_0_R 1 2.850e+02 7.991e+02))))))
s>    ( QUESTION2_0_L -1 -5.482e+05 1.654e+03 2.654e+03
s>        ( - -1.348e+05 1 0)
s>        ( WDBNDRY_E 0 -4.118e+05 8.675e+02 1.984e+03
s>            ( - -1.308e+05 1 0)
s>            ( QUESTION15 1 -2.801e+05 6.732e+02 1.361e+03
s>                ( QUESTION0_0_R 1 -8.197e+04 4.869e+02 3.887e+02
s>                    ( - -4.667e+04 1 0)
s>                    ( QUESTION0 -1 -3.482e+04 2.958e+02 1.641e+02
s>                        ( - -1.503e+04 1 0)
s>                        ( - -1.949e+04 1 0)))
s>                ( QUESTION0 -1 -1.974e+05 3.251e+02 9.727e+02
s>                    ( - -1.502e+04 1 0)
s>                    ( QUESTION14 1 -1.821e+05 3.091e+02 8.973e+02
s>                        ( - -2.035e+04 1 0)
s>                        ( - -1.614e+05 2 0 QUESTION0_0_R 1 2.850e+02 7.991e+02))))))INFO: dtree.c(1478): Final simple tree
|( QUESTION0_12_R 1 -5.712e+05 4.166e+03 2.724e+03
|    ( - -1.269e+05 2 0 QUESTION15 1 1.893e+02 6.362e+02)
|    ( QUESTION2_1_L -1 -4.402e+05 4.026e+03 2.087e+03
|        ( QUESTION0 1 -2.917e+05 1.361e+03 1.390e+03
|            ( QUESTION0_3_R 1 -2.239e+05 9.951e+02 1.081e+03
|                ( - -2.399e+04 1 0)
|                ( QUESTION0 -1 -1.989e+05 5.189e+02 9.599e+02
|                    ( - -1.585e+05 3 0 QUESTION0_0_R 1 2.681e+02 7.557e+02)
|                    ( - -3.989e+04 1 0)))
|            ( - -6.651e+04 3 0 WDBNDRY_E 0 2.798e+02 3.089e+02))
|        ( QUESTION0 -1 -1.444e+05 1.368e+03 6.973e+02
|            ( QUESTION0_0_R 1 -1.125e+05 3.874e+02 5.471e+02
|                ( - -9.281e+04 1 0)
|                ( - -1.929e+04 1 0))
|            ( - -3.056e+04 1 0))))
s>    ( QUESTION0_12_R 1 -5.712e+05 4.166e+03 2.724e+03
s>        ( - -1.269e+05 2 0 QUESTION15 1 1.893e+02 6.362e+02)
s>        ( QUESTION2_1_L -1 -4.402e+05 4.026e+03 2.087e+03
s>            ( QUESTION0 1 -2.917e+05 1.361e+03 1.390e+03
s>                ( QUESTION0_3_R 1 -2.239e+05 9.951e+02 1.081e+03
s>                    ( - -2.399e+04 1 0)
s>                    ( QUESTION0 -1 -1.989e+05 5.189e+02 9.599e+02
s>                        ( - -1.585e+05 3 0 QUESTION0_0_R 1 2.681e+02 7.557e+02)
s>                        ( - -3.989e+04 1 0)))
s>                ( - -6.651e+04 3 0 WDBNDRY_E 0 2.798e+02 3.089e+02))
s>            ( QUESTION0 -1 -1.444e+05 1.368e+03 6.973e+02
s>                ( QUESTION0_0_R 1 -1.125e+05 3.874e+02 5.471e+02
s>                    ( - -9.281e+04 1 0)
s>                    ( - -1.929e+04 1 0))
s>                ( - -3.056e+04 1 0))))INFO: dtree.c(1315): Comp split 1
INFO: dtree.c(1439): stop. leaf nodes are specific
INFO: dtree.c(1478): Final simple tree
|( QUESTION0 -1 -1.444e+05 1.368e+03 6.973e+02
|    ( QUESTION0_0_R 1 -1.125e+05 3.874e+02 5.471e+02
|        ( - -9.281e+04 1 0)
|        ( - -1.929e+04 1 0))
|    ( - -3.056e+04 1 0))
s>    ( QUESTION0 -1 -1.444e+05 1.368e+03 6.973e+02
s>        ( QUESTION0_0_R 1 -1.125e+05 3.874e+02 5.471e+02
s>            ( - -9.281e+04 1 0)
s>            ( - -1.929e+04 1 0))
s>        ( - -3.056e+04 1 0))INFO: dtree.c(1478): Final simple tree
|( QUESTION0_12_R 1 -4.226e+05 3.970e+03 2.026e+03
|    ( - -1.269e+05 2 0 QUESTION15 1 1.893e+02 6.362e+02)
|    ( QUESTION0 1 -2.917e+05 1.361e+03 1.390e+03
|        ( QUESTION0_3_R 1 -2.239e+05 9.951e+02 1.081e+03
|            ( - -2.399e+04 1 0)
|            ( QUESTION0 -1 -1.989e+05 5.189e+02 9.599e+02
|                ( QUESTION0_0_R 1 -1.585e+05 2.681e+02 7.557e+02
|                    ( - -1.192e+05 2 0)
|                    ( - -3.904e+04 1 0))
|                ( - -3.989e+04 1 0)))
|        ( WDBNDRY_E 0 -6.651e+04 2.798e+02 3.089e+02
|            ( - -3.531e+04 1 0)
|            ( QUESTION2 1 -3.092e+04 1.913e+02 1.477e+02
|                ( - -1.655e+04 1 0)
|                ( - -1.417e+04 1 0)))))
s>    ( QUESTION0_12_R 1 -4.226e+05 3.970e+03 2.026e+03
s>        ( - -1.269e+05 2 0 QUESTION15 1 1.893e+02 6.362e+02)
s>        ( QUESTION0 1 -2.917e+05 1.361e+03 1.390e+03
s>            ( QUESTION0_3_R 1 -2.239e+05 9.951e+02 1.081e+03
s>                ( - -2.399e+04 1 0)
s>                ( QUESTION0 -1 -1.989e+05 5.189e+02 9.599e+02
s>                    ( QUESTION0_0_R 1 -1.585e+05 2.681e+02 7.557e+02
s>                        ( - -1.192e+05 2 0)
s>                        ( - -3.904e+04 1 0))
s>                    ( - -3.989e+04 1 0)))
s>            ( WDBNDRY_E 0 -6.651e+04 2.798e+02 3.089e+02
s>                ( - -3.531e+04 1 0)
s>                ( QUESTION2 1 -3.092e+04 1.913e+02 1.477e+02
s>                    ( - -1.655e+04 1 0)
s>                    ( - -1.417e+04 1 0)))))INFO: dtree.c(1315): Comp split 2
INFO: dtree.c(1439): stop. leaf nodes are specific
INFO: dtree.c(1478): Final simple tree
|( QUESTION0 1 -2.917e+05 1.361e+03 1.390e+03
|    ( QUESTION0_3_R 1 -2.239e+05 9.951e+02 1.081e+03
|        ( - -2.399e+04 1 0)
|        ( QUESTION0 -1 -1.989e+05 5.189e+02 9.599e+02
|            ( QUESTION0_0_R 1 -1.585e+05 2.681e+02 7.557e+02
|                ( - -1.192e+05 2 0)
|                ( - -3.904e+04 1 0))
|            ( - -3.989e+04 1 0)))
|    ( WDBNDRY_E 0 -6.651e+04 2.798e+02 3.089e+02
|        ( - -3.531e+04 1 0)
|        ( QUESTION2 1 -3.092e+04 1.913e+02 1.477e+02
|            ( - -1.655e+04 1 0)
|            ( - -1.417e+04 1 0))))
s>    ( QUESTION0 1 -2.917e+05 1.361e+03 1.390e+03
s>        ( QUESTION0_3_R 1 -2.239e+05 9.951e+02 1.081e+03
s>            ( - -2.399e+04 1 0)
s>            ( QUESTION0 -1 -1.989e+05 5.189e+02 9.599e+02
s>                ( QUESTION0_0_R 1 -1.585e+05 2.681e+02 7.557e+02
s>                    ( - -1.192e+05 2 0)
s>                    ( - -3.904e+04 1 0))
s>                ( - -3.989e+04 1 0)))
s>        ( WDBNDRY_E 0 -6.651e+04 2.798e+02 3.089e+02
s>            ( - -3.531e+04 1 0)
s>            ( QUESTION2 1 -3.092e+04 1.913e+02 1.477e+02
s>                ( - -1.655e+04 1 0)
s>                ( - -1.417e+04 1 0))))INFO: dtree.c(1439): stop. leaf nodes are specific
INFO: dtree.c(1478): Final simple tree
|( QUESTION15 1 -1.269e+05 1.893e+02 6.362e+02
|    ( - -6.267e+04 1 0)
|    ( - -6.399e+04 1 0))
s>    ( QUESTION15 1 -1.269e+05 1.893e+02 6.362e+02
s>        ( - -6.267e+04 1 0)
s>        ( - -6.399e+04 1 0))INFO: dtree.c(1315): Comp split 3
INFO: dtree.c(1439): stop. leaf nodes are specific
INFO: dtree.c(1478): Final simple tree
|( QUESTION0 -1 -1.989e+05 5.189e+02 9.599e+02
|    ( QUESTION0_0_R 1 -1.585e+05 2.681e+02 7.557e+02
|        ( - -1.192e+05 2 0)
|        ( - -3.904e+04 1 0))
|    ( - -3.989e+04 1 0))
s>    ( QUESTION0 -1 -1.989e+05 5.189e+02 9.599e+02
s>        ( QUESTION0_0_R 1 -1.585e+05 2.681e+02 7.557e+02
s>            ( - -1.192e+05 2 0)
s>            ( - -3.904e+04 1 0))
s>        ( - -3.989e+04 1 0))INFO: dtree.c(1439): stop. leaf nodes are specific
INFO: dtree.c(1478): Final simple tree
|( WDBNDRY_E 0 -9.070e+04 3.096e+02 4.302e+02
|    ( - -3.531e+04 1 0)
|    ( QUESTION2 1 -5.508e+04 1.921e+02 2.690e+02
|        ( - -1.655e+04 1 0)
|        ( QUESTION0 1 -3.833e+04 1.688e+02 1.915e+02
|            ( - -2.399e+04 1 0)
|            ( - -1.417e+04 1 0))))
s>    ( WDBNDRY_E 0 -9.070e+04 3.096e+02 4.302e+02
s>        ( - -3.531e+04 1 0)
s>        ( QUESTION2 1 -5.508e+04 1.921e+02 2.690e+02
s>            ( - -1.655e+04 1 0)
s>            ( QUESTION0 1 -3.833e+04 1.688e+02 1.915e+02
s>                ( - -2.399e+04 1 0)
s>                ( - -1.417e+04 1 0))))INFO: dtree.c(1315): Comp split 4
INFO: dtree.c(1478): Final simple tree
|( WDBNDRY_E 0 -4.118e+05 8.675e+02 1.984e+03
|    ( - -1.308e+05 1 0)
|    ( QUESTION15 1 -2.801e+05 6.732e+02 1.361e+03
|        ( QUESTION0_0_R 1 -8.197e+04 4.869e+02 3.887e+02
|            ( - -4.667e+04 1 0)
|            ( QUESTION0 -1 -3.482e+04 2.958e+02 1.641e+02
|                ( - -1.503e+04 1 0)
|                ( - -1.949e+04 1 0)))
|        ( QUESTION0 -1 -1.974e+05 3.251e+02 9.727e+02
|            ( - -1.502e+04 1 0)
|            ( QUESTION14 1 -1.821e+05 3.091e+02 8.973e+02
|                ( - -2.035e+04 1 0)
|                ( QUESTION0_0_R 1 -1.614e+05 2.850e+02 7.991e+02
|                    ( - -1.236e+05 1 0)
|                    ( - -3.759e+04 1 0))))))
s>    ( WDBNDRY_E 0 -4.118e+05 8.675e+02 1.984e+03
s>        ( - -1.308e+05 1 0)
s>        ( QUESTION15 1 -2.801e+05 6.732e+02 1.361e+03
s>            ( QUESTION0_0_R 1 -8.197e+04 4.869e+02 3.887e+02
s>                ( - -4.667e+04 1 0)
s>                ( QUESTION0 -1 -3.482e+04 2.958e+02 1.641e+02
s>                    ( - -1.503e+04 1 0)
s>                    ( - -1.949e+04 1 0)))
s>            ( QUESTION0 -1 -1.974e+05 3.251e+02 9.727e+02
s>                ( - -1.502e+04 1 0)
s>                ( QUESTION14 1 -1.821e+05 3.091e+02 8.973e+02
s>                    ( - -2.035e+04 1 0)
s>                    ( QUESTION0_0_R 1 -1.614e+05 2.850e+02 7.991e+02
s>                        ( - -1.236e+05 1 0)
s>                        ( - -3.759e+04 1 0))))))INFO: dtree.c(1315): Comp split 5
INFO: dtree.c(1439): stop. leaf nodes are specific
INFO: dtree.c(1478): Final simple tree
|( QUESTION0_0_R 1 -1.125e+05 3.874e+02 5.471e+02
|    ( - -9.281e+04 1 0)
|    ( - -1.929e+04 1 0))
s>    ( QUESTION0_0_R 1 -1.125e+05 3.874e+02 5.471e+02
s>        ( - -9.281e+04 1 0)
s>        ( - -1.929e+04 1 0))INFO: dtree.c(1315): Comp split 6
INFO: dtree.c(1439): stop. leaf nodes are specific
INFO: dtree.c(1478): Final simple tree
|( QUESTION0 -1 -2.327e+05 6.114e+02 1.137e+03
|    ( QUESTION0_0_R 1 -3.021e+04 1.614e+02 1.466e+02
|        ( - -1.502e+04 1 0)
|        ( - -1.503e+04 1 0))
|    ( QUESTION14 1 -2.019e+05 3.206e+02 9.901e+02
|        ( QUESTION0_16_R 1 -4.012e+04 2.799e+02 1.911e+02
|            ( - -2.035e+04 1 0)
|            ( - -1.949e+04 1 0))
|        ( QUESTION0_0_R 1 -1.614e+05 2.850e+02 7.991e+02
|            ( - -1.236e+05 1 0)
|            ( - -3.759e+04 1 0))))
s>    ( QUESTION0 -1 -2.327e+05 6.114e+02 1.137e+03
s>        ( QUESTION0_0_R 1 -3.021e+04 1.614e+02 1.466e+02
s>            ( - -1.502e+04 1 0)
s>            ( - -1.503e+04 1 0))
s>        ( QUESTION14 1 -2.019e+05 3.206e+02 9.901e+02
s>            ( QUESTION0_16_R 1 -4.012e+04 2.799e+02 1.911e+02
s>                ( - -2.035e+04 1 0)
s>                ( - -1.949e+04 1 0))
s>            ( QUESTION0_0_R 1 -1.614e+05 2.850e+02 7.991e+02
s>                ( - -1.236e+05 1 0)
s>                ( - -3.759e+04 1 0))))INFO: dtree.c(1439): stop. leaf nodes are specific
INFO: dtree.c(1478): Final simple tree
|( WDBNDRY_E 0 -1.782e+05 6.665e+02 8.477e+02
|    ( - -1.308e+05 1 0)
|    ( - -4.667e+04 1 0))
s>    ( WDBNDRY_E 0 -1.782e+05 6.665e+02 8.477e+02
s>        ( - -1.308e+05 1 0)
s>        ( - -4.667e+04 1 0))INFO: dtree.c(1315): Comp split 7
INFO: dtree.c(1315): Comp split 8
INFO: dtree.c(1439): stop. leaf nodes are specific
INFO: dtree.c(1478): Final simple tree
|( QUESTION14 1 -2.019e+05 3.206e+02 9.901e+02
|    ( QUESTION0_16_R 1 -4.012e+04 2.799e+02 1.911e+02
|        ( - -2.035e+04 1 0)
|        ( - -1.949e+04 1 0))
|    ( QUESTION0_0_R 1 -1.614e+05 2.850e+02 7.991e+02
|        ( - -1.236e+05 1 0)
|        ( - -3.759e+04 1 0)))
s>    ( QUESTION14 1 -2.019e+05 3.206e+02 9.901e+02
s>        ( QUESTION0_16_R 1 -4.012e+04 2.799e+02 1.911e+02
s>            ( - -2.035e+04 1 0)
s>            ( - -1.949e+04 1 0))
s>        ( QUESTION0_0_R 1 -1.614e+05 2.850e+02 7.991e+02
s>            ( - -1.236e+05 1 0)
s>            ( - -3.759e+04 1 0)))INFO: dtree.c(1439): stop. leaf nodes are specific
INFO: dtree.c(1478): Final simple tree
|( QUESTION0_0_R 1 -3.021e+04 1.614e+02 1.466e+02
|    ( - -1.502e+04 1 0)
|    ( - -1.503e+04 1 0))
s>    ( QUESTION0_0_R 1 -3.021e+04 1.614e+02 1.466e+02
s>        ( - -1.502e+04 1 0)
s>        ( - -1.503e+04 1 0))INFO: dtree.c(1315): Comp split 9
INFO: dtree.c(1439): stop. leaf nodes are specific
INFO: dtree.c(1478): Final simple tree
|( QUESTION0_0_R 1 -1.585e+05 2.681e+02 7.557e+02
|    ( - -1.192e+05 2 0)
|    ( - -3.904e+04 1 0))
s>    ( QUESTION0_0_R 1 -1.585e+05 2.681e+02 7.557e+02
s>        ( - -1.192e+05 2 0)
s>        ( - -3.904e+04 1 0))INFO: dtree.c(1315): Comp split 10
INFO: dtree.c(1315): Comp split 11
INFO: dtree.c(1439): stop. leaf nodes are specific
INFO: dtree.c(1478): Final simple tree
|( QUESTION0_0_R 1 -1.614e+05 2.850e+02 7.991e+02
|    ( - -1.236e+05 1 0)
|    ( - -3.759e+04 1 0))
s>    ( QUESTION0_0_R 1 -1.614e+05 2.850e+02 7.991e+02
s>        ( - -1.236e+05 1 0)
s>        ( - -3.759e+04 1 0))INFO: dtree.c(1439): stop. leaf nodes are specific
INFO: dtree.c(1478): Final simple tree
|( QUESTION0_16_R 1 -4.012e+04 2.799e+02 1.911e+02
|    ( - -2.035e+04 1 0)
|    ( - -1.949e+04 1 0))
s>    ( QUESTION0_16_R 1 -4.012e+04 2.799e+02 1.911e+02
s>        ( - -2.035e+04 1 0)
s>        ( - -1.949e+04 1 0))INFO: dtree.c(1315): Comp split 12
INFO: dtree.c(1439): stop. leaf nodes are specific
INFO: dtree.c(1478): Final simple tree
|( QUESTION2 1 -5.508e+04 1.921e+02 2.690e+02
|    ( - -1.655e+04 1 0)
|    ( QUESTION0 1 -3.833e+04 1.688e+02 1.915e+02
|        ( - -2.399e+04 1 0)
|        ( - -1.417e+04 1 0)))
s>    ( QUESTION2 1 -5.508e+04 1.921e+02 2.690e+02
s>        ( - -1.655e+04 1 0)
s>        ( QUESTION0 1 -3.833e+04 1.688e+02 1.915e+02
s>            ( - -2.399e+04 1 0)
s>            ( - -1.417e+04 1 0)))INFO: dtree.c(1315): Comp split 13
INFO: dtree.c(1315): Comp split 14
INFO: dtree.c(1315): Comp split 15
INFO: dtree.c(1315): Comp split 16
INFO: dtree.c(1439): stop. leaf nodes are specific
INFO: dtree.c(1478): Final simple tree
|( QUESTION0 1 -3.833e+04 1.688e+02 1.915e+02
|    ( - -2.399e+04 1 0)
|    ( - -1.417e+04 1 0))
s>    ( QUESTION0 1 -3.833e+04 1.688e+02 1.915e+02
s>        ( - -2.399e+04 1 0)
s>        ( - -1.417e+04 1 0))INFO: dtree.c(1315): Comp split 17
INFO: dtree.c(1315): Comp split 18
INFO: dtree.c(1315): Comp split 19
INFO: dtree.c(1315): Comp split 20
INFO: dtree.c(1318): stop. leaf nodes are specific
Tue Jun  9 01:50:01 2020
