Current configuration:
[NAME]		[DEFLT]	[VALUE]
-allphones	no	no
-cntthresh	0.00001	1.000000e-05
-csplitmax	100	2000
-csplitmin	1	1
-csplitthr	8e-4	0.000000e+00
-example	no	no
-fullvar	no	no
-help		no	no
-meanfn			/home/nattapong/Downloads/acoustic_model/model_parameters/acoustic_model.cd_cont_untied/means
-mixwfn			/home/nattapong/Downloads/acoustic_model/model_parameters/acoustic_model.cd_cont_untied/mixture_weights
-moddeffn		/home/nattapong/Downloads/acoustic_model/model_architecture/acoustic_model.untied.mdef
-mwfloor	1e-4	1.000000e-08
-phone			S
-psetfn			/home/nattapong/Downloads/acoustic_model/model_architecture/acoustic_model.tree_questions
-ssplitmax	5	7
-ssplitmin	1	1
-ssplitthr	8e-4	0.000000e+00
-state			0
-stwt			1.0,0.05,0.0,
-treefn			/home/nattapong/Downloads/acoustic_model/trees/acoustic_model.unpruned/S-0.dtree
-ts2cbfn	.semi.	.cont.
-varfloor	0.00001	1.000000e-05
-varfn			/home/nattapong/Downloads/acoustic_model/model_parameters/acoustic_model.cd_cont_untied/variances

INFO: main.c(223): Reading: /home/nattapong/Downloads/acoustic_model/model_architecture/acoustic_model.untied.mdef
INFO: model_def_io.c(573): Model definition info:
INFO: model_def_io.c(574): 416 total models defined (36 base, 380 tri)
INFO: model_def_io.c(575): 1664 total states
INFO: model_def_io.c(576): 1248 total tied states
INFO: model_def_io.c(577): 108 total tied CI states
INFO: model_def_io.c(578): 36 total tied transition matrices
INFO: model_def_io.c(579): 4 max state/model
INFO: model_def_io.c(580): 4 min state/model
INFO: main.c(242): Building trees for [S A A i] through [S T A i]
INFO: main.c(268): Covering states |[1002 1037]| == 36
INFO: main.c(275): Reading: /home/nattapong/Downloads/acoustic_model/model_parameters/acoustic_model.cd_cont_untied/mixture_weights
INFO: s3mixw_io.c(172): Read /home/nattapong/Downloads/acoustic_model/model_parameters/acoustic_model.cd_cont_untied/mixture_weights [36x1x1 array]
INFO: main.c(311): 12 of 12 models have observation count greater than 0.000010
INFO: main.c(95): nrm stwt: 0.952 0.048 0.000 
INFO: s3gau_io.c(168): Read /home/nattapong/Downloads/acoustic_model/model_parameters/acoustic_model.cd_cont_untied/means [1248x1x1 array]
INFO: s3gau_io.c(168): Read /home/nattapong/Downloads/acoustic_model/model_parameters/acoustic_model.cd_cont_untied/variances [1248x1x1 array]
INFO: main.c(549): Reading: /home/nattapong/Downloads/acoustic_model/model_architecture/acoustic_model.tree_questions
INFO: main.c(587): 178 total simple questions (170 phone; 8 word bndry)
INFO: main.c(589): 42 Left Only questions, and 40 Right Only questions
INFO: dtree.c(1478): Final simple tree
|( WDBNDRY_B 0 -1.615e+06 4.205e+03 8.785e+03
|    ( QUESTION0_1_R 1 -5.344e+05 1.028e+03 2.926e+03
|        ( - -9.344e+04 1 0)
|        ( - -4.400e+05 2 0 QUESTION0_3_R 1 5.063e+02 2.416e+03))
|    ( QUESTION2_1_L -1 -1.076e+06 2.402e+03 5.859e+03
|        ( QUESTION0_1_R 1 -4.737e+05 8.678e+02 2.626e+03
|            ( - -1.171e+05 1 0)
|            ( QUESTION15 -1 -3.558e+05 8.185e+02 1.975e+03
|                ( - -5.710e+04 1 0)
|                ( - -2.979e+05 2 0 QUESTION0 -1 3.847e+02 1.671e+03)))
|        ( QUESTION5 -1 -6.000e+05 1.491e+03 3.233e+03
|            ( - -3.328e+04 1 0)
|            ( QUESTION0_0_R 1 -5.653e+05 7.512e+02 3.063e+03
|                ( - -1.440e+05 3 0 QUESTION0 -1 5.639e+02 7.817e+02)
|                ( - -4.206e+05 1 0)))))
s>    ( WDBNDRY_B 0 -1.615e+06 4.205e+03 8.785e+03
s>        ( QUESTION0_1_R 1 -5.344e+05 1.028e+03 2.926e+03
s>            ( - -9.344e+04 1 0)
s>            ( - -4.400e+05 2 0 QUESTION0_3_R 1 5.063e+02 2.416e+03))
s>        ( QUESTION2_1_L -1 -1.076e+06 2.402e+03 5.859e+03
s>            ( QUESTION0_1_R 1 -4.737e+05 8.678e+02 2.626e+03
s>                ( - -1.171e+05 1 0)
s>                ( QUESTION15 -1 -3.558e+05 8.185e+02 1.975e+03
s>                    ( - -5.710e+04 1 0)
s>                    ( - -2.979e+05 2 0 QUESTION0 -1 3.847e+02 1.671e+03)))
s>            ( QUESTION5 -1 -6.000e+05 1.491e+03 3.233e+03
s>                ( - -3.328e+04 1 0)
s>                ( QUESTION0_0_R 1 -5.653e+05 7.512e+02 3.063e+03
s>                    ( - -1.440e+05 3 0 QUESTION0 -1 5.639e+02 7.817e+02)
s>                    ( - -4.206e+05 1 0)))))INFO: dtree.c(1315): Comp split 0
INFO: dtree.c(1439): stop. leaf nodes are specific
INFO: dtree.c(1478): Final simple tree
|( QUESTION0_1_R 1 -5.921e+05 1.085e+03 3.230e+03
|    ( - -9.344e+04 1 0)
|    ( WDBNDRY_B 0 -4.976e+05 5.332e+02 2.720e+03
|        ( QUESTION0_3_R 1 -4.400e+05 5.063e+02 2.416e+03
|            ( - -1.115e+05 1 0)
|            ( - -3.280e+05 1 0))
|        ( - -5.710e+04 1 0)))
s>    ( QUESTION0_1_R 1 -5.921e+05 1.085e+03 3.230e+03
s>        ( - -9.344e+04 1 0)
s>        ( WDBNDRY_B 0 -4.976e+05 5.332e+02 2.720e+03
s>            ( QUESTION0_3_R 1 -4.400e+05 5.063e+02 2.416e+03
s>                ( - -1.115e+05 1 0)
s>                ( - -3.280e+05 1 0))
s>            ( - -5.710e+04 1 0)))INFO: dtree.c(1478): Final simple tree
|( QUESTION2_1_L -1 -1.018e+06 2.534e+03 5.555e+03
|    ( QUESTION0_1_R 1 -4.159e+05 9.587e+02 2.322e+03
|        ( - -1.171e+05 1 0)
|        ( QUESTION0 -1 -2.979e+05 3.847e+02 1.671e+03
|            ( - -1.784e+05 1 0)
|            ( - -1.191e+05 1 0)))
|    ( QUESTION5 -1 -6.000e+05 1.491e+03 3.233e+03
|        ( - -3.328e+04 1 0)
|        ( QUESTION0_0_R 1 -5.653e+05 7.512e+02 3.063e+03
|            ( QUESTION0 -1 -1.440e+05 5.639e+02 7.817e+02
|                ( QUESTION0_1_R 1 -1.069e+05 3.682e+02 5.804e+02
|                    ( - -7.213e+04 1 0)
|                    ( - -3.443e+04 1 0))
|                ( - -3.648e+04 1 0))
|            ( - -4.206e+05 1 0))))
s>    ( QUESTION2_1_L -1 -1.018e+06 2.534e+03 5.555e+03
s>        ( QUESTION0_1_R 1 -4.159e+05 9.587e+02 2.322e+03
s>            ( - -1.171e+05 1 0)
s>            ( QUESTION0 -1 -2.979e+05 3.847e+02 1.671e+03
s>                ( - -1.784e+05 1 0)
s>                ( - -1.191e+05 1 0)))
s>        ( QUESTION5 -1 -6.000e+05 1.491e+03 3.233e+03
s>            ( - -3.328e+04 1 0)
s>            ( QUESTION0_0_R 1 -5.653e+05 7.512e+02 3.063e+03
s>                ( QUESTION0 -1 -1.440e+05 5.639e+02 7.817e+02
s>                    ( QUESTION0_1_R 1 -1.069e+05 3.682e+02 5.804e+02
s>                        ( - -7.213e+04 1 0)
s>                        ( - -3.443e+04 1 0))
s>                    ( - -3.648e+04 1 0))
s>                ( - -4.206e+05 1 0))))INFO: dtree.c(1315): Comp split 1
INFO: dtree.c(1439): stop. leaf nodes are specific
INFO: dtree.c(1478): Final simple tree
|( QUESTION0_1_R 1 -4.530e+05 9.017e+02 2.524e+03
|    ( - -1.171e+05 1 0)
|    ( QUESTION15 -1 -3.351e+05 7.054e+02 1.872e+03
|        ( - -3.648e+04 1 0)
|        ( QUESTION0 -1 -2.979e+05 3.847e+02 1.671e+03
|            ( - -1.784e+05 1 0)
|            ( - -1.191e+05 1 0))))
s>    ( QUESTION0_1_R 1 -4.530e+05 9.017e+02 2.524e+03
s>        ( - -1.171e+05 1 0)
s>        ( QUESTION15 -1 -3.351e+05 7.054e+02 1.872e+03
s>            ( - -3.648e+04 1 0)
s>            ( QUESTION0 -1 -2.979e+05 3.847e+02 1.671e+03
s>                ( - -1.784e+05 1 0)
s>                ( - -1.191e+05 1 0))))INFO: dtree.c(1439): stop. leaf nodes are specific
INFO: dtree.c(1478): Final simple tree
|( QUESTION5 -1 -5.629e+05 1.498e+03 3.031e+03
|    ( - -3.328e+04 1 0)
|    ( QUESTION0_0_R 1 -5.281e+05 6.090e+02 2.862e+03
|        ( QUESTION0_1_R 1 -1.069e+05 3.682e+02 5.804e+02
|            ( - -7.213e+04 1 0)
|            ( - -3.443e+04 1 0))
|        ( - -4.206e+05 1 0)))
s>    ( QUESTION5 -1 -5.629e+05 1.498e+03 3.031e+03
s>        ( - -3.328e+04 1 0)
s>        ( QUESTION0_0_R 1 -5.281e+05 6.090e+02 2.862e+03
s>            ( QUESTION0_1_R 1 -1.069e+05 3.682e+02 5.804e+02
s>                ( - -7.213e+04 1 0)
s>                ( - -3.443e+04 1 0))
s>            ( - -4.206e+05 1 0)))INFO: dtree.c(1315): Comp split 2
INFO: dtree.c(1439): stop. leaf nodes are specific
INFO: dtree.c(1478): Final simple tree
|( QUESTION0_0_R 1 -5.281e+05 6.090e+02 2.862e+03
|    ( QUESTION0_1_R 1 -1.069e+05 3.682e+02 5.804e+02
|        ( - -7.213e+04 1 0)
|        ( - -3.443e+04 1 0))
|    ( - -4.206e+05 1 0))
s>    ( QUESTION0_0_R 1 -5.281e+05 6.090e+02 2.862e+03
s>        ( QUESTION0_1_R 1 -1.069e+05 3.682e+02 5.804e+02
s>            ( - -7.213e+04 1 0)
s>            ( - -3.443e+04 1 0))
s>        ( - -4.206e+05 1 0))INFO: dtree.c(1315): Comp split 3
INFO: dtree.c(1439): stop. leaf nodes are specific
INFO: dtree.c(1478): Final simple tree
|( WDBNDRY_B 0 -4.976e+05 5.332e+02 2.720e+03
|    ( QUESTION0_3_R 1 -4.400e+05 5.063e+02 2.416e+03
|        ( - -1.115e+05 1 0)
|        ( - -3.280e+05 1 0))
|    ( - -5.710e+04 1 0))
s>    ( WDBNDRY_B 0 -4.976e+05 5.332e+02 2.720e+03
s>        ( QUESTION0_3_R 1 -4.400e+05 5.063e+02 2.416e+03
s>            ( - -1.115e+05 1 0)
s>            ( - -3.280e+05 1 0))
s>        ( - -5.710e+04 1 0))INFO: dtree.c(1315): Comp split 4
INFO: dtree.c(1439): stop. leaf nodes are specific
INFO: dtree.c(1478): Final simple tree
|( QUESTION0 -1 -2.979e+05 3.847e+02 1.671e+03
|    ( - -1.784e+05 1 0)
|    ( - -1.191e+05 1 0))
s>    ( QUESTION0 -1 -2.979e+05 3.847e+02 1.671e+03
s>        ( - -1.784e+05 1 0)
s>        ( - -1.191e+05 1 0))INFO: dtree.c(1439): stop. leaf nodes are specific
INFO: dtree.c(1478): Final simple tree
|( QUESTION0_1_R 1 -1.542e+05 6.355e+02 8.524e+02
|    ( - -1.171e+05 1 0)
|    ( - -3.648e+04 1 0))
s>    ( QUESTION0_1_R 1 -1.542e+05 6.355e+02 8.524e+02
s>        ( - -1.171e+05 1 0)
s>        ( - -3.648e+04 1 0))INFO: dtree.c(1315): Comp split 5
INFO: dtree.c(1315): Comp split 6
INFO: dtree.c(1439): stop. leaf nodes are specific
INFO: dtree.c(1478): Final simple tree
|( QUESTION0_1_R 1 -1.069e+05 3.682e+02 5.804e+02
|    ( - -7.213e+04 1 0)
|    ( - -3.443e+04 1 0))
s>    ( QUESTION0_1_R 1 -1.069e+05 3.682e+02 5.804e+02
s>        ( - -7.213e+04 1 0)
s>        ( - -3.443e+04 1 0))INFO: dtree.c(1315): Comp split 7
INFO: dtree.c(1439): stop. leaf nodes are specific
INFO: dtree.c(1478): Final simple tree
|( QUESTION0_3_R 1 -4.400e+05 5.063e+02 2.416e+03
|    ( - -1.115e+05 1 0)
|    ( - -3.280e+05 1 0))
s>    ( QUESTION0_3_R 1 -4.400e+05 5.063e+02 2.416e+03
s>        ( - -1.115e+05 1 0)
s>        ( - -3.280e+05 1 0))INFO: dtree.c(1315): Comp split 8
INFO: dtree.c(1315): Comp split 9
INFO: dtree.c(1315): Comp split 10
INFO: dtree.c(1315): Comp split 11
INFO: dtree.c(1318): stop. leaf nodes are specific
Tue Jun  9 01:50:02 2020
