Current configuration:
[NAME]		[DEFLT]	[VALUE]
-allphones	no	no
-cntthresh	0.00001	1.000000e-05
-csplitmax	100	2000
-csplitmin	1	1
-csplitthr	8e-4	0.000000e+00
-example	no	no
-fullvar	no	no
-help		no	no
-meanfn			/home/nattapong/Downloads/acoustic_model/model_parameters/acoustic_model.cd_cont_untied/means
-mixwfn			/home/nattapong/Downloads/acoustic_model/model_parameters/acoustic_model.cd_cont_untied/mixture_weights
-moddeffn		/home/nattapong/Downloads/acoustic_model/model_architecture/acoustic_model.untied.mdef
-mwfloor	1e-4	1.000000e-08
-phone			TH
-psetfn			/home/nattapong/Downloads/acoustic_model/model_architecture/acoustic_model.tree_questions
-ssplitmax	5	7
-ssplitmin	1	1
-ssplitthr	8e-4	0.000000e+00
-state			0
-stwt			1.0,0.05,0.0,
-treefn			/home/nattapong/Downloads/acoustic_model/trees/acoustic_model.unpruned/TH-0.dtree
-ts2cbfn	.semi.	.cont.
-varfloor	0.00001	1.000000e-05
-varfn			/home/nattapong/Downloads/acoustic_model/model_parameters/acoustic_model.cd_cont_untied/variances

INFO: main.c(223): Reading: /home/nattapong/Downloads/acoustic_model/model_architecture/acoustic_model.untied.mdef
INFO: model_def_io.c(573): Model definition info:
INFO: model_def_io.c(574): 416 total models defined (36 base, 380 tri)
INFO: model_def_io.c(575): 1664 total states
INFO: model_def_io.c(576): 1248 total tied states
INFO: model_def_io.c(577): 108 total tied CI states
INFO: model_def_io.c(578): 36 total tied transition matrices
INFO: model_def_io.c(579): 4 max state/model
INFO: model_def_io.c(580): 4 min state/model
INFO: main.c(242): Building trees for [TH A A i] through [TH T IH i]
INFO: main.c(268): Covering states |[1128 1172]| == 45
INFO: main.c(275): Reading: /home/nattapong/Downloads/acoustic_model/model_parameters/acoustic_model.cd_cont_untied/mixture_weights
INFO: s3mixw_io.c(172): Read /home/nattapong/Downloads/acoustic_model/model_parameters/acoustic_model.cd_cont_untied/mixture_weights [45x1x1 array]
INFO: main.c(311): 15 of 15 models have observation count greater than 0.000010
INFO: main.c(95): nrm stwt: 0.952 0.048 0.000 
INFO: s3gau_io.c(168): Read /home/nattapong/Downloads/acoustic_model/model_parameters/acoustic_model.cd_cont_untied/means [1248x1x1 array]
INFO: s3gau_io.c(168): Read /home/nattapong/Downloads/acoustic_model/model_parameters/acoustic_model.cd_cont_untied/variances [1248x1x1 array]
INFO: main.c(549): Reading: /home/nattapong/Downloads/acoustic_model/model_architecture/acoustic_model.tree_questions
INFO: main.c(587): 178 total simple questions (170 phone; 8 word bndry)
INFO: main.c(589): 42 Left Only questions, and 40 Right Only questions
INFO: dtree.c(1478): Final simple tree
|( QUESTION3 1 -2.064e+06 5.172e+03 1.162e+04
|    ( WDBNDRY_B 0 -8.108e+05 2.372e+03 4.684e+03
|        ( - -5.302e+05 1 0)
|        ( QUESTION2_3_L -1 -2.783e+05 9.418e+02 1.596e+03
|            ( - -1.527e+05 2 0 QUESTION2 -1 5.178e+02 8.787e+02)
|            ( - -1.247e+05 2 0 QUESTION0 -1 3.124e+02 7.173e+02)))
|    ( QUESTION1 -1 -1.248e+06 2.705e+03 6.932e+03
|        ( - -1.736e+05 3 0 QUESTION2 -1 3.534e+02 9.911e+02)
|        ( WDBNDRY_B 0 -1.072e+06 2.211e+03 5.941e+03
|            ( QUESTION0_3_R 1 -6.328e+05 1.867e+03 3.509e+03
|                ( - -1.322e+05 1 0)
|                ( - -4.988e+05 2 0 QUESTION0_1_R 1 6.136e+02 2.760e+03))
|            ( QUESTION0_0_R 1 -4.368e+05 7.857e+02 2.432e+03
|                ( - -1.707e+05 2 0 QUESTION0_3_R 1 3.298e+02 9.608e+02)
|                ( - -2.653e+05 2 0)))))
s>    ( QUESTION3 1 -2.064e+06 5.172e+03 1.162e+04
s>        ( WDBNDRY_B 0 -8.108e+05 2.372e+03 4.684e+03
s>            ( - -5.302e+05 1 0)
s>            ( QUESTION2_3_L -1 -2.783e+05 9.418e+02 1.596e+03
s>                ( - -1.527e+05 2 0 QUESTION2 -1 5.178e+02 8.787e+02)
s>                ( - -1.247e+05 2 0 QUESTION0 -1 3.124e+02 7.173e+02)))
s>        ( QUESTION1 -1 -1.248e+06 2.705e+03 6.932e+03
s>            ( - -1.736e+05 3 0 QUESTION2 -1 3.534e+02 9.911e+02)
s>            ( WDBNDRY_B 0 -1.072e+06 2.211e+03 5.941e+03
s>                ( QUESTION0_3_R 1 -6.328e+05 1.867e+03 3.509e+03
s>                    ( - -1.322e+05 1 0)
s>                    ( - -4.988e+05 2 0 QUESTION0_1_R 1 6.136e+02 2.760e+03))
s>                ( QUESTION0_0_R 1 -4.368e+05 7.857e+02 2.432e+03
s>                    ( - -1.707e+05 2 0 QUESTION0_3_R 1 3.298e+02 9.608e+02)
s>                    ( - -2.653e+05 2 0)))))INFO: dtree.c(1315): Comp split 0
INFO: dtree.c(1439): stop. leaf nodes are specific
INFO: dtree.c(1478): Final simple tree
|( WDBNDRY_B 0 -1.078e+06 3.135e+03 6.155e+03
|    ( - -5.302e+05 1 0)
|    ( QUESTION0_0_R 1 -5.449e+05 1.329e+03 3.067e+03
|        ( QUESTION2_3_L -1 -2.783e+05 9.418e+02 1.596e+03
|            ( QUESTION2 -1 -1.527e+05 5.178e+02 8.787e+02
|                ( - -8.884e+04 1 0)
|                ( - -6.330e+04 1 0))
|            ( QUESTION0 -1 -1.247e+05 3.124e+02 7.173e+02
|                ( - -6.829e+04 1 0)
|                ( - -5.605e+04 1 0)))
|        ( - -2.653e+05 2 0)))
s>    ( WDBNDRY_B 0 -1.078e+06 3.135e+03 6.155e+03
s>        ( - -5.302e+05 1 0)
s>        ( QUESTION0_0_R 1 -5.449e+05 1.329e+03 3.067e+03
s>            ( QUESTION2_3_L -1 -2.783e+05 9.418e+02 1.596e+03
s>                ( QUESTION2 -1 -1.527e+05 5.178e+02 8.787e+02
s>                    ( - -8.884e+04 1 0)
s>                    ( - -6.330e+04 1 0))
s>                ( QUESTION0 -1 -1.247e+05 3.124e+02 7.173e+02
s>                    ( - -6.829e+04 1 0)
s>                    ( - -5.605e+04 1 0)))
s>            ( - -2.653e+05 2 0)))INFO: dtree.c(1478): Final simple tree
|( QUESTION1 -1 -9.806e+05 2.518e+03 5.461e+03
|    ( QUESTION2 -1 -1.736e+05 3.534e+02 9.911e+02
|        ( - -7.445e+04 1 0)
|        ( QUESTION0_0_R 1 -9.881e+04 2.081e+02 5.688e+02
|            ( - -4.473e+04 1 0)
|            ( - -5.387e+04 1 0)))
|    ( QUESTION0_3_R 1 -8.045e+05 1.892e+03 4.470e+03
|        ( WDBNDRY_B 0 -2.510e+05 7.987e+02 1.417e+03
|            ( - -1.322e+05 1 0)
|            ( - -1.180e+05 1 0))
|        ( QUESTION0_1_R 1 -5.516e+05 6.348e+02 3.053e+03
|            ( - -9.567e+04 1 0)
|            ( WDBNDRY_B 0 -4.553e+05 4.014e+02 2.527e+03
|                ( - -4.025e+05 1 0)
|                ( - -5.237e+04 1 0)))))
s>    ( QUESTION1 -1 -9.806e+05 2.518e+03 5.461e+03
s>        ( QUESTION2 -1 -1.736e+05 3.534e+02 9.911e+02
s>            ( - -7.445e+04 1 0)
s>            ( QUESTION0_0_R 1 -9.881e+04 2.081e+02 5.688e+02
s>                ( - -4.473e+04 1 0)
s>                ( - -5.387e+04 1 0)))
s>        ( QUESTION0_3_R 1 -8.045e+05 1.892e+03 4.470e+03
s>            ( WDBNDRY_B 0 -2.510e+05 7.987e+02 1.417e+03
s>                ( - -1.322e+05 1 0)
s>                ( - -1.180e+05 1 0))
s>            ( QUESTION0_1_R 1 -5.516e+05 6.348e+02 3.053e+03
s>                ( - -9.567e+04 1 0)
s>                ( WDBNDRY_B 0 -4.553e+05 4.014e+02 2.527e+03
s>                    ( - -4.025e+05 1 0)
s>                    ( - -5.237e+04 1 0)))))INFO: dtree.c(1315): Comp split 1
INFO: dtree.c(1439): stop. leaf nodes are specific
INFO: dtree.c(1478): Final simple tree
|( QUESTION0_0_R 1 -5.449e+05 1.329e+03 3.067e+03
|    ( QUESTION2_3_L -1 -2.783e+05 9.418e+02 1.596e+03
|        ( QUESTION2 -1 -1.527e+05 5.178e+02 8.787e+02
|            ( - -8.884e+04 1 0)
|            ( - -6.330e+04 1 0))
|        ( QUESTION0 -1 -1.247e+05 3.124e+02 7.173e+02
|            ( - -6.829e+04 1 0)
|            ( - -5.605e+04 1 0)))
|    ( - -2.653e+05 2 0))
s>    ( QUESTION0_0_R 1 -5.449e+05 1.329e+03 3.067e+03
s>        ( QUESTION2_3_L -1 -2.783e+05 9.418e+02 1.596e+03
s>            ( QUESTION2 -1 -1.527e+05 5.178e+02 8.787e+02
s>                ( - -8.884e+04 1 0)
s>                ( - -6.330e+04 1 0))
s>            ( QUESTION0 -1 -1.247e+05 3.124e+02 7.173e+02
s>                ( - -6.829e+04 1 0)
s>                ( - -5.605e+04 1 0)))
s>        ( - -2.653e+05 2 0))INFO: dtree.c(1315): Comp split 2
INFO: dtree.c(1439): stop. leaf nodes are specific
INFO: dtree.c(1478): Final simple tree
|( QUESTION0_3_R 1 -8.045e+05 1.892e+03 4.470e+03
|    ( WDBNDRY_B 0 -2.510e+05 7.987e+02 1.417e+03
|        ( - -1.322e+05 1 0)
|        ( - -1.180e+05 1 0))
|    ( QUESTION0_1_R 1 -5.516e+05 6.348e+02 3.053e+03
|        ( - -9.567e+04 1 0)
|        ( WDBNDRY_B 0 -4.553e+05 4.014e+02 2.527e+03
|            ( - -4.025e+05 1 0)
|            ( - -5.237e+04 1 0))))
s>    ( QUESTION0_3_R 1 -8.045e+05 1.892e+03 4.470e+03
s>        ( WDBNDRY_B 0 -2.510e+05 7.987e+02 1.417e+03
s>            ( - -1.322e+05 1 0)
s>            ( - -1.180e+05 1 0))
s>        ( QUESTION0_1_R 1 -5.516e+05 6.348e+02 3.053e+03
s>            ( - -9.567e+04 1 0)
s>            ( WDBNDRY_B 0 -4.553e+05 4.014e+02 2.527e+03
s>                ( - -4.025e+05 1 0)
s>                ( - -5.237e+04 1 0))))INFO: dtree.c(1439): stop. leaf nodes are specific
INFO: dtree.c(1478): Final simple tree
|( QUESTION2 -1 -1.736e+05 3.534e+02 9.911e+02
|    ( - -7.445e+04 1 0)
|    ( QUESTION0_0_R 1 -9.881e+04 2.081e+02 5.688e+02
|        ( - -4.473e+04 1 0)
|        ( - -5.387e+04 1 0)))
s>    ( QUESTION2 -1 -1.736e+05 3.534e+02 9.911e+02
s>        ( - -7.445e+04 1 0)
s>        ( QUESTION0_0_R 1 -9.881e+04 2.081e+02 5.688e+02
s>            ( - -4.473e+04 1 0)
s>            ( - -5.387e+04 1 0)))INFO: dtree.c(1315): Comp split 3
INFO: dtree.c(1439): stop. leaf nodes are specific
INFO: dtree.c(1478): Final simple tree
|( QUESTION0_1_R 1 -5.516e+05 6.348e+02 3.053e+03
|    ( - -9.567e+04 1 0)
|    ( WDBNDRY_B 0 -4.553e+05 4.014e+02 2.527e+03
|        ( - -4.025e+05 1 0)
|        ( - -5.237e+04 1 0)))
s>    ( QUESTION0_1_R 1 -5.516e+05 6.348e+02 3.053e+03
s>        ( - -9.567e+04 1 0)
s>        ( WDBNDRY_B 0 -4.553e+05 4.014e+02 2.527e+03
s>            ( - -4.025e+05 1 0)
s>            ( - -5.237e+04 1 0)))INFO: dtree.c(1439): stop. leaf nodes are specific
INFO: dtree.c(1478): Final simple tree
|( WDBNDRY_B 0 -2.510e+05 7.987e+02 1.417e+03
|    ( - -1.322e+05 1 0)
|    ( - -1.180e+05 1 0))
s>    ( WDBNDRY_B 0 -2.510e+05 7.987e+02 1.417e+03
s>        ( - -1.322e+05 1 0)
s>        ( - -1.180e+05 1 0))INFO: dtree.c(1315): Comp split 4
INFO: dtree.c(1439): stop. leaf nodes are specific
INFO: dtree.c(1478): Final simple tree
|( QUESTION2_3_L -1 -2.783e+05 9.418e+02 1.596e+03
|    ( QUESTION2 -1 -1.527e+05 5.178e+02 8.787e+02
|        ( - -8.884e+04 1 0)
|        ( - -6.330e+04 1 0))
|    ( QUESTION0 -1 -1.247e+05 3.124e+02 7.173e+02
|        ( - -6.829e+04 1 0)
|        ( - -5.605e+04 1 0)))
s>    ( QUESTION2_3_L -1 -2.783e+05 9.418e+02 1.596e+03
s>        ( QUESTION2 -1 -1.527e+05 5.178e+02 8.787e+02
s>            ( - -8.884e+04 1 0)
s>            ( - -6.330e+04 1 0))
s>        ( QUESTION0 -1 -1.247e+05 3.124e+02 7.173e+02
s>            ( - -6.829e+04 1 0)
s>            ( - -5.605e+04 1 0)))INFO: dtree.c(1315): Comp split 5
INFO: dtree.c(1439): stop. leaf nodes are specific
INFO: dtree.c(1478): Final simple tree
|( QUESTION0 -1 -1.247e+05 3.124e+02 7.173e+02
|    ( - -6.829e+04 1 0)
|    ( - -5.605e+04 1 0))
s>    ( QUESTION0 -1 -1.247e+05 3.124e+02 7.173e+02
s>        ( - -6.829e+04 1 0)
s>        ( - -5.605e+04 1 0))INFO: dtree.c(1439): stop. leaf nodes are specific
INFO: dtree.c(1478): Final simple tree
|( QUESTION2 -1 -1.527e+05 5.178e+02 8.787e+02
|    ( - -8.884e+04 1 0)
|    ( - -6.330e+04 1 0))
s>    ( QUESTION2 -1 -1.527e+05 5.178e+02 8.787e+02
s>        ( - -8.884e+04 1 0)
s>        ( - -6.330e+04 1 0))INFO: dtree.c(1315): Comp split 6
INFO: dtree.c(1315): Comp split 7
INFO: dtree.c(1439): stop. leaf nodes are specific
INFO: dtree.c(1478): Final simple tree
|( WDBNDRY_B 0 -4.553e+05 4.014e+02 2.527e+03
|    ( - -4.025e+05 1 0)
|    ( - -5.237e+04 1 0))
s>    ( WDBNDRY_B 0 -4.553e+05 4.014e+02 2.527e+03
s>        ( - -4.025e+05 1 0)
s>        ( - -5.237e+04 1 0))INFO: dtree.c(1315): Comp split 8
INFO: dtree.c(1315): Comp split 9
INFO: dtree.c(1315): Comp split 10
INFO: dtree.c(1439): stop. leaf nodes are specific
INFO: dtree.c(1478): Final simple tree
|( QUESTION0_0_R 1 -9.881e+04 2.081e+02 5.688e+02
|    ( - -4.473e+04 1 0)
|    ( - -5.387e+04 1 0))
s>    ( QUESTION0_0_R 1 -9.881e+04 2.081e+02 5.688e+02
s>        ( - -4.473e+04 1 0)
s>        ( - -5.387e+04 1 0))INFO: dtree.c(1315): Comp split 11
INFO: dtree.c(1315): Comp split 12
INFO: dtree.c(1315): Comp split 13
INFO: dtree.c(1318): stop. leaf nodes are specific
Tue Jun  9 01:50:03 2020
