Current configuration:
[NAME]		[DEFLT]	[VALUE]
-allphones	no	no
-cntthresh	0.00001	1.000000e-05
-csplitmax	100	2000
-csplitmin	1	1
-csplitthr	8e-4	0.000000e+00
-example	no	no
-fullvar	no	no
-help		no	no
-meanfn			/home/nattapong/Downloads/acoustic_model/model_parameters/acoustic_model.cd_cont_untied/means
-mixwfn			/home/nattapong/Downloads/acoustic_model/model_parameters/acoustic_model.cd_cont_untied/mixture_weights
-moddeffn		/home/nattapong/Downloads/acoustic_model/model_architecture/acoustic_model.untied.mdef
-mwfloor	1e-4	1.000000e-08
-phone			CH
-psetfn			/home/nattapong/Downloads/acoustic_model/model_architecture/acoustic_model.tree_questions
-ssplitmax	5	7
-ssplitmin	1	1
-ssplitthr	8e-4	0.000000e+00
-state			0
-stwt			1.0,0.05,0.0,
-treefn			/home/nattapong/Downloads/acoustic_model/trees/acoustic_model.unpruned/CH-0.dtree
-ts2cbfn	.semi.	.cont.
-varfloor	0.00001	1.000000e-05
-varfn			/home/nattapong/Downloads/acoustic_model/model_parameters/acoustic_model.cd_cont_untied/variances

INFO: main.c(223): Reading: /home/nattapong/Downloads/acoustic_model/model_architecture/acoustic_model.untied.mdef
INFO: model_def_io.c(573): Model definition info:
INFO: model_def_io.c(574): 416 total models defined (36 base, 380 tri)
INFO: model_def_io.c(575): 1664 total states
INFO: model_def_io.c(576): 1248 total tied states
INFO: model_def_io.c(577): 108 total tied CI states
INFO: model_def_io.c(578): 36 total tied transition matrices
INFO: model_def_io.c(579): 4 max state/model
INFO: model_def_io.c(580): 4 min state/model
INFO: main.c(242): Building trees for [CH A A i] through [CH SIL OW b]
INFO: main.c(268): Covering states |[432 461]| == 30
INFO: main.c(275): Reading: /home/nattapong/Downloads/acoustic_model/model_parameters/acoustic_model.cd_cont_untied/mixture_weights
INFO: s3mixw_io.c(172): Read /home/nattapong/Downloads/acoustic_model/model_parameters/acoustic_model.cd_cont_untied/mixture_weights [30x1x1 array]
INFO: main.c(311): 10 of 10 models have observation count greater than 0.000010
INFO: main.c(95): nrm stwt: 0.952 0.048 0.000 
INFO: s3gau_io.c(168): Read /home/nattapong/Downloads/acoustic_model/model_parameters/acoustic_model.cd_cont_untied/means [1248x1x1 array]
INFO: s3gau_io.c(168): Read /home/nattapong/Downloads/acoustic_model/model_parameters/acoustic_model.cd_cont_untied/variances [1248x1x1 array]
INFO: main.c(549): Reading: /home/nattapong/Downloads/acoustic_model/model_architecture/acoustic_model.tree_questions
INFO: main.c(587): 178 total simple questions (170 phone; 8 word bndry)
INFO: main.c(589): 42 Left Only questions, and 40 Right Only questions
INFO: dtree.c(1478): Final simple tree
|( QUESTION0_1_R 1 -1.218e+06 4.557e+03 6.546e+03
|    ( - -1.974e+05 1 0)
|    ( WDBNDRY_B 0 -1.016e+06 4.148e+03 5.411e+03
|        ( QUESTION0_6_R 1 -4.827e+05 1.148e+03 2.520e+03
|            ( - -2.506e+05 1 0)
|            ( QUESTION0_0_R 1 -2.309e+05 4.744e+02 1.178e+03
|                ( - -1.152e+05 1 0)
|                ( - -1.152e+05 1 0)))
|        ( QUESTION2_4_L -1 -5.296e+05 2.269e+03 2.892e+03
|            ( QUESTION0_3_R 1 -1.964e+05 7.985e+02 1.065e+03
|                ( - -1.307e+05 1 0)
|                ( - -6.486e+04 2 0))
|            ( QUESTION0_0_R 1 -3.310e+05 1.038e+03 1.826e+03
|                ( - -1.275e+05 1 0)
|                ( - -2.024e+05 2 0 QUESTION2 -1 2.534e+02 1.123e+03)))))
s>    ( QUESTION0_1_R 1 -1.218e+06 4.557e+03 6.546e+03
s>        ( - -1.974e+05 1 0)
s>        ( WDBNDRY_B 0 -1.016e+06 4.148e+03 5.411e+03
s>            ( QUESTION0_6_R 1 -4.827e+05 1.148e+03 2.520e+03
s>                ( - -2.506e+05 1 0)
s>                ( QUESTION0_0_R 1 -2.309e+05 4.744e+02 1.178e+03
s>                    ( - -1.152e+05 1 0)
s>                    ( - -1.152e+05 1 0)))
s>            ( QUESTION2_4_L -1 -5.296e+05 2.269e+03 2.892e+03
s>                ( QUESTION0_3_R 1 -1.964e+05 7.985e+02 1.065e+03
s>                    ( - -1.307e+05 1 0)
s>                    ( - -6.486e+04 2 0))
s>                ( QUESTION0_0_R 1 -3.310e+05 1.038e+03 1.826e+03
s>                    ( - -1.275e+05 1 0)
s>                    ( - -2.024e+05 2 0 QUESTION2 -1 2.534e+02 1.123e+03)))))INFO: dtree.c(1315): Comp split 0
INFO: dtree.c(1439): stop. leaf nodes are specific
INFO: dtree.c(1478): Final simple tree
|( WDBNDRY_B 0 -5.488e+05 1.224e+03 2.863e+03
|    ( QUESTION0_6_R 1 -4.827e+05 1.148e+03 2.520e+03
|        ( - -2.506e+05 1 0)
|        ( QUESTION0_0_R 1 -2.309e+05 4.744e+02 1.178e+03
|            ( - -1.152e+05 1 0)
|            ( - -1.152e+05 1 0)))
|    ( - -6.486e+04 2 0))
s>    ( WDBNDRY_B 0 -5.488e+05 1.224e+03 2.863e+03
s>        ( QUESTION0_6_R 1 -4.827e+05 1.148e+03 2.520e+03
s>            ( - -2.506e+05 1 0)
s>            ( QUESTION0_0_R 1 -2.309e+05 4.744e+02 1.178e+03
s>                ( - -1.152e+05 1 0)
s>                ( - -1.152e+05 1 0)))
s>        ( - -6.486e+04 2 0))INFO: dtree.c(1439): stop. leaf nodes are specific
INFO: dtree.c(1478): Final simple tree
|( WDBNDRY_B 0 -6.642e+05 3.200e+03 3.683e+03
|    ( - -1.974e+05 1 0)
|    ( QUESTION2_4_L -1 -4.636e+05 1.884e+03 2.548e+03
|        ( - -1.307e+05 1 0)
|        ( QUESTION0_0_R 1 -3.310e+05 1.038e+03 1.826e+03
|            ( - -1.275e+05 1 0)
|            ( QUESTION2 -1 -2.024e+05 2.534e+02 1.123e+03
|                ( - -5.645e+04 1 0)
|                ( - -1.457e+05 1 0)))))
s>    ( WDBNDRY_B 0 -6.642e+05 3.200e+03 3.683e+03
s>        ( - -1.974e+05 1 0)
s>        ( QUESTION2_4_L -1 -4.636e+05 1.884e+03 2.548e+03
s>            ( - -1.307e+05 1 0)
s>            ( QUESTION0_0_R 1 -3.310e+05 1.038e+03 1.826e+03
s>                ( - -1.275e+05 1 0)
s>                ( QUESTION2 -1 -2.024e+05 2.534e+02 1.123e+03
s>                    ( - -5.645e+04 1 0)
s>                    ( - -1.457e+05 1 0)))))INFO: dtree.c(1315): Comp split 1
INFO: dtree.c(1439): stop. leaf nodes are specific
INFO: dtree.c(1478): Final simple tree
|( QUESTION2_4_L -1 -4.636e+05 1.884e+03 2.548e+03
|    ( - -1.307e+05 1 0)
|    ( QUESTION0_0_R 1 -3.310e+05 1.038e+03 1.826e+03
|        ( - -1.275e+05 1 0)
|        ( QUESTION2 -1 -2.024e+05 2.534e+02 1.123e+03
|            ( - -5.645e+04 1 0)
|            ( - -1.457e+05 1 0))))
s>    ( QUESTION2_4_L -1 -4.636e+05 1.884e+03 2.548e+03
s>        ( - -1.307e+05 1 0)
s>        ( QUESTION0_0_R 1 -3.310e+05 1.038e+03 1.826e+03
s>            ( - -1.275e+05 1 0)
s>            ( QUESTION2 -1 -2.024e+05 2.534e+02 1.123e+03
s>                ( - -5.645e+04 1 0)
s>                ( - -1.457e+05 1 0))))INFO: dtree.c(1315): Comp split 2
INFO: dtree.c(1439): stop. leaf nodes are specific
INFO: dtree.c(1478): Final simple tree
|( QUESTION0_0_R 1 -3.310e+05 1.038e+03 1.826e+03
|    ( - -1.275e+05 1 0)
|    ( QUESTION2 -1 -2.024e+05 2.534e+02 1.123e+03
|        ( - -5.645e+04 1 0)
|        ( - -1.457e+05 1 0)))
s>    ( QUESTION0_0_R 1 -3.310e+05 1.038e+03 1.826e+03
s>        ( - -1.275e+05 1 0)
s>        ( QUESTION2 -1 -2.024e+05 2.534e+02 1.123e+03
s>            ( - -5.645e+04 1 0)
s>            ( - -1.457e+05 1 0)))INFO: dtree.c(1315): Comp split 3
INFO: dtree.c(1439): stop. leaf nodes are specific
INFO: dtree.c(1478): Final simple tree
|( QUESTION0_6_R 1 -4.827e+05 1.148e+03 2.520e+03
|    ( - -2.506e+05 1 0)
|    ( QUESTION0_0_R 1 -2.309e+05 4.744e+02 1.178e+03
|        ( - -1.152e+05 1 0)
|        ( - -1.152e+05 1 0)))
s>    ( QUESTION0_6_R 1 -4.827e+05 1.148e+03 2.520e+03
s>        ( - -2.506e+05 1 0)
s>        ( QUESTION0_0_R 1 -2.309e+05 4.744e+02 1.178e+03
s>            ( - -1.152e+05 1 0)
s>            ( - -1.152e+05 1 0)))INFO: dtree.c(1315): Comp split 4
INFO: dtree.c(1439): stop. leaf nodes are specific
INFO: dtree.c(1478): Final simple tree
|( QUESTION0_0_R 1 -2.309e+05 4.744e+02 1.178e+03
|    ( - -1.152e+05 1 0)
|    ( - -1.152e+05 1 0))
s>    ( QUESTION0_0_R 1 -2.309e+05 4.744e+02 1.178e+03
s>        ( - -1.152e+05 1 0)
s>        ( - -1.152e+05 1 0))INFO: dtree.c(1315): Comp split 5
INFO: dtree.c(1439): stop. leaf nodes are specific
INFO: dtree.c(1478): Final simple tree
|( QUESTION2 -1 -2.024e+05 2.534e+02 1.123e+03
|    ( - -5.645e+04 1 0)
|    ( - -1.457e+05 1 0))
s>    ( QUESTION2 -1 -2.024e+05 2.534e+02 1.123e+03
s>        ( - -5.645e+04 1 0)
s>        ( - -1.457e+05 1 0))INFO: dtree.c(1315): Comp split 6
INFO: dtree.c(1315): Comp split 7
INFO: dtree.c(1315): Comp split 8
INFO: dtree.c(1318): stop. leaf nodes are specific
Tue Jun  9 01:50:00 2020
