Current configuration:
[NAME]		[DEFLT]	[VALUE]
-allphones	no	no
-cntthresh	0.00001	1.000000e-05
-csplitmax	100	2000
-csplitmin	1	1
-csplitthr	8e-4	0.000000e+00
-example	no	no
-fullvar	no	no
-help		no	no
-meanfn			/home/nattapong/Downloads/acoustic_model/model_parameters/acoustic_model.cd_cont_untied/means
-mixwfn			/home/nattapong/Downloads/acoustic_model/model_parameters/acoustic_model.cd_cont_untied/mixture_weights
-moddeffn		/home/nattapong/Downloads/acoustic_model/model_architecture/acoustic_model.untied.mdef
-mwfloor	1e-4	1.000000e-08
-phone			A
-psetfn			/home/nattapong/Downloads/acoustic_model/model_architecture/acoustic_model.tree_questions
-ssplitmax	5	7
-ssplitmin	1	1
-ssplitthr	8e-4	0.000000e+00
-state			1
-stwt			1.0,0.05,0.0,
-treefn			/home/nattapong/Downloads/acoustic_model/trees/acoustic_model.unpruned/A-1.dtree
-ts2cbfn	.semi.	.cont.
-varfloor	0.00001	1.000000e-05
-varfn			/home/nattapong/Downloads/acoustic_model/model_parameters/acoustic_model.cd_cont_untied/variances

INFO: main.c(223): Reading: /home/nattapong/Downloads/acoustic_model/model_architecture/acoustic_model.untied.mdef
INFO: model_def_io.c(573): Model definition info:
INFO: model_def_io.c(574): 416 total models defined (36 base, 380 tri)
INFO: model_def_io.c(575): 1664 total states
INFO: model_def_io.c(576): 1248 total tied states
INFO: model_def_io.c(577): 108 total tied CI states
INFO: model_def_io.c(578): 36 total tied transition matrices
INFO: model_def_io.c(579): 4 max state/model
INFO: model_def_io.c(580): 4 min state/model
INFO: main.c(242): Building trees for [A A M i] through [A WH N i]
INFO: main.c(268): Covering states |[108 314]| == 207
INFO: main.c(275): Reading: /home/nattapong/Downloads/acoustic_model/model_parameters/acoustic_model.cd_cont_untied/mixture_weights
INFO: s3mixw_io.c(172): Read /home/nattapong/Downloads/acoustic_model/model_parameters/acoustic_model.cd_cont_untied/mixture_weights [207x1x1 array]
INFO: main.c(311): 69 of 69 models have observation count greater than 0.000010
INFO: main.c(95): nrm stwt: 0.045 0.909 0.045 
INFO: s3gau_io.c(168): Read /home/nattapong/Downloads/acoustic_model/model_parameters/acoustic_model.cd_cont_untied/means [1248x1x1 array]
INFO: s3gau_io.c(168): Read /home/nattapong/Downloads/acoustic_model/model_parameters/acoustic_model.cd_cont_untied/variances [1248x1x1 array]
INFO: main.c(549): Reading: /home/nattapong/Downloads/acoustic_model/model_architecture/acoustic_model.tree_questions
INFO: main.c(587): 178 total simple questions (170 phone; 8 word bndry)
INFO: main.c(589): 42 Left Only questions, and 40 Right Only questions
INFO: dtree.c(1478): Final simple tree
|( WDBNDRY_B 0 -5.487e+06 1.403e+04 2.988e+04
|    ( QUESTION5 1 -3.845e+05 8.403e+03 2.078e+03
|        ( - -1.401e+05 2 0 QUESTION0_0_R 1 6.721e+02 7.562e+02)
|        ( - -2.360e+05 4 0 QUESTION0_18_R 1 1.315e+03 1.322e+03))
|    ( QUESTION3 -1 -5.088e+06 9.647e+03 2.780e+04
|        ( - -7.089e+05 7 0 QUESTION14 1 1.347e+03 3.910e+03)
|        ( QUESTION2_9_L -1 -4.370e+06 8.360e+03 2.389e+04
|            ( - -4.864e+05 5 0 QUESTION11 1 1.043e+03 2.773e+03)
|            ( QUESTION0_1_R 1 -3.875e+06 6.705e+03 2.112e+04
|                ( - -1.678e+05 3 0 QUESTION2 -1 2.252e+03 9.954e+02)
|                ( WDBNDRY_E 0 -3.700e+06 4.083e+03 2.012e+04
|                    ( - -1.554e+05 1 0)
|                    ( QUESTION7 -1 -3.541e+06 3.653e+03 1.920e+04
|                        ( - -5.589e+05 6 0 QUESTION0_16_R 1 1.249e+03 3.136e+03)
|                        ( - -2.978e+06 41 0 QUESTION2_17_L -1 3.457e+03 1.606e+04)))))))
s>    ( WDBNDRY_B 0 -5.487e+06 1.403e+04 2.988e+04
s>        ( QUESTION5 1 -3.845e+05 8.403e+03 2.078e+03
s>            ( - -1.401e+05 2 0 QUESTION0_0_R 1 6.721e+02 7.562e+02)
s>            ( - -2.360e+05 4 0 QUESTION0_18_R 1 1.315e+03 1.322e+03))
s>        ( QUESTION3 -1 -5.088e+06 9.647e+03 2.780e+04
s>            ( - -7.089e+05 7 0 QUESTION14 1 1.347e+03 3.910e+03)
s>            ( QUESTION2_9_L -1 -4.370e+06 8.360e+03 2.389e+04
s>                ( - -4.864e+05 5 0 QUESTION11 1 1.043e+03 2.773e+03)
s>                ( QUESTION0_1_R 1 -3.875e+06 6.705e+03 2.112e+04
s>                    ( - -1.678e+05 3 0 QUESTION2 -1 2.252e+03 9.954e+02)
s>                    ( WDBNDRY_E 0 -3.700e+06 4.083e+03 2.012e+04
s>                        ( - -1.554e+05 1 0)
s>                        ( QUESTION7 -1 -3.541e+06 3.653e+03 1.920e+04
s>                            ( - -5.589e+05 6 0 QUESTION0_16_R 1 1.249e+03 3.136e+03)
s>                            ( - -2.978e+06 41 0 QUESTION2_17_L -1 3.457e+03 1.606e+04)))))))INFO: dtree.c(1315): Comp split 0
INFO: dtree.c(1439): stop. leaf nodes are specific
INFO: dtree.c(1478): Final simple tree
|( QUESTION0_0_R 1 -1.401e+05 6.721e+02 7.562e+02
|    ( - -5.599e+04 1 0)
|    ( - -8.342e+04 1 0))
s>    ( QUESTION0_0_R 1 -1.401e+05 6.721e+02 7.562e+02
s>        ( - -5.599e+04 1 0)
s>        ( - -8.342e+04 1 0))INFO: dtree.c(1478): Final simple tree
|( QUESTION3 -1 -5.326e+06 9.334e+03 2.912e+04
|    ( - -7.089e+05 7 0 QUESTION14 1 1.347e+03 3.910e+03)
|    ( QUESTION2_9_L -1 -4.608e+06 8.276e+03 2.521e+04
|        ( - -4.864e+05 5 0 QUESTION11 1 1.043e+03 2.773e+03)
|        ( QUESTION0_1_R 1 -4.113e+06 6.735e+03 2.244e+04
|            ( - -1.678e+05 3 0 QUESTION2 -1 2.252e+03 9.954e+02)
|            ( WDBNDRY_E 0 -3.939e+06 4.099e+03 2.144e+04
|                ( - -1.554e+05 1 0)
|                ( QUESTION12 -1 -3.779e+06 3.604e+03 2.052e+04
|                    ( - -9.821e+04 3 0 QUESTION2 1 6.941e+02 5.207e+02)
|                    ( QUESTION2_14_L -1 -3.677e+06 3.429e+03 2.000e+04
|                        ( QUESTION19 -1 -2.310e+06 3.351e+03 1.246e+04
|                            ( - -3.945e+05 4 0 QUESTION0_5_R 1 1.789e+03 2.174e+03)
|                            ( - -1.912e+06 25 0 QUESTION2_17_L -1 2.971e+03 1.029e+04))
|                        ( - -1.364e+06 19 0 QUESTION15 -1 2.216e+03 7.537e+03)))))))
s>    ( QUESTION3 -1 -5.326e+06 9.334e+03 2.912e+04
s>        ( - -7.089e+05 7 0 QUESTION14 1 1.347e+03 3.910e+03)
s>        ( QUESTION2_9_L -1 -4.608e+06 8.276e+03 2.521e+04
s>            ( - -4.864e+05 5 0 QUESTION11 1 1.043e+03 2.773e+03)
s>            ( QUESTION0_1_R 1 -4.113e+06 6.735e+03 2.244e+04
s>                ( - -1.678e+05 3 0 QUESTION2 -1 2.252e+03 9.954e+02)
s>                ( WDBNDRY_E 0 -3.939e+06 4.099e+03 2.144e+04
s>                    ( - -1.554e+05 1 0)
s>                    ( QUESTION12 -1 -3.779e+06 3.604e+03 2.052e+04
s>                        ( - -9.821e+04 3 0 QUESTION2 1 6.941e+02 5.207e+02)
s>                        ( QUESTION2_14_L -1 -3.677e+06 3.429e+03 2.000e+04
s>                            ( QUESTION19 -1 -2.310e+06 3.351e+03 1.246e+04
s>                                ( - -3.945e+05 4 0 QUESTION0_5_R 1 1.789e+03 2.174e+03)
s>                                ( - -1.912e+06 25 0 QUESTION2_17_L -1 2.971e+03 1.029e+04))
s>                            ( - -1.364e+06 19 0 QUESTION15 -1 2.216e+03 7.537e+03)))))))INFO: dtree.c(1315): Comp split 1
INFO: dtree.c(1478): Final simple tree
|( QUESTION12 -1 -3.779e+06 3.604e+03 2.052e+04
|    ( - -9.821e+04 3 0 QUESTION2 1 6.941e+02 5.207e+02)
|    ( QUESTION2_14_L -1 -3.677e+06 3.429e+03 2.000e+04
|        ( QUESTION19 -1 -2.310e+06 3.351e+03 1.246e+04
|            ( - -3.945e+05 4 0 QUESTION0_5_R 1 1.789e+03 2.174e+03)
|            ( QUESTION2_17_L -1 -1.912e+06 2.971e+03 1.029e+04
|                ( - -8.006e+05 9 0 QUESTION17 1 1.080e+03 4.291e+03)
|                ( - -1.108e+06 16 0 QUESTION2_15_L -1 1.624e+03 5.998e+03)))
|        ( QUESTION15 -1 -1.364e+06 2.216e+03 7.537e+03
|            ( QUESTION0 1 -5.047e+05 1.916e+03 2.742e+03
|                ( - -5.439e+04 1 0)
|                ( - -4.484e+05 6 0 QUESTION3 1 2.194e+03 2.426e+03))
|            ( QUESTION1 -1 -8.572e+05 2.025e+03 4.796e+03
|                ( - -5.813e+05 7 0 QUESTION0_16_R 1 1.341e+03 3.259e+03)
|                ( - -2.738e+05 5 0 QUESTION0_13_R 1 1.298e+03 1.537e+03)))))
s>    ( QUESTION12 -1 -3.779e+06 3.604e+03 2.052e+04
s>        ( - -9.821e+04 3 0 QUESTION2 1 6.941e+02 5.207e+02)
s>        ( QUESTION2_14_L -1 -3.677e+06 3.429e+03 2.000e+04
s>            ( QUESTION19 -1 -2.310e+06 3.351e+03 1.246e+04
s>                ( - -3.945e+05 4 0 QUESTION0_5_R 1 1.789e+03 2.174e+03)
s>                ( QUESTION2_17_L -1 -1.912e+06 2.971e+03 1.029e+04
s>                    ( - -8.006e+05 9 0 QUESTION17 1 1.080e+03 4.291e+03)
s>                    ( - -1.108e+06 16 0 QUESTION2_15_L -1 1.624e+03 5.998e+03)))
s>            ( QUESTION15 -1 -1.364e+06 2.216e+03 7.537e+03
s>                ( QUESTION0 1 -5.047e+05 1.916e+03 2.742e+03
s>                    ( - -5.439e+04 1 0)
s>                    ( - -4.484e+05 6 0 QUESTION3 1 2.194e+03 2.426e+03))
s>                ( QUESTION1 -1 -8.572e+05 2.025e+03 4.796e+03
s>                    ( - -5.813e+05 7 0 QUESTION0_16_R 1 1.341e+03 3.259e+03)
s>                    ( - -2.738e+05 5 0 QUESTION0_13_R 1 1.298e+03 1.537e+03)))))INFO: dtree.c(1478): Final simple tree
|( QUESTION3 -1 -1.536e+06 8.918e+03 8.601e+03
|    ( QUESTION14 1 -7.089e+05 1.347e+03 3.910e+03
|        ( - -2.888e+05 4 0 QUESTION0_16_R 1 6.505e+02 1.634e+03)
|        ( WDBNDRY_E 0 -4.187e+05 8.892e+02 2.276e+03
|            ( - -2.287e+05 1 0)
|            ( - -1.891e+05 2 0 QUESTION0 1 4.111e+02 1.039e+03)))
|    ( QUESTION0_1_R 1 -8.180e+05 5.411e+03 4.691e+03
|        ( QUESTION2 -1 -1.678e+05 2.252e+03 9.954e+02
|            ( - -8.718e+04 1 0)
|            ( - -7.837e+04 2 0 QUESTION2_16_L -1 2.597e+02 4.858e+02))
|        ( WDBNDRY_E 0 -6.448e+05 2.970e+03 3.696e+03
|            ( - -1.554e+05 1 0)
|            ( QUESTION11 1 -4.864e+05 1.043e+03 2.773e+03
|                ( - -7.077e+04 1 0)
|                ( - -4.146e+05 4 0 QUESTION2 1 6.705e+02 2.375e+03)))))
s>    ( QUESTION3 -1 -1.536e+06 8.918e+03 8.601e+03
s>        ( QUESTION14 1 -7.089e+05 1.347e+03 3.910e+03
s>            ( - -2.888e+05 4 0 QUESTION0_16_R 1 6.505e+02 1.634e+03)
s>            ( WDBNDRY_E 0 -4.187e+05 8.892e+02 2.276e+03
s>                ( - -2.287e+05 1 0)
s>                ( - -1.891e+05 2 0 QUESTION0 1 4.111e+02 1.039e+03)))
s>        ( QUESTION0_1_R 1 -8.180e+05 5.411e+03 4.691e+03
s>            ( QUESTION2 -1 -1.678e+05 2.252e+03 9.954e+02
s>                ( - -8.718e+04 1 0)
s>                ( - -7.837e+04 2 0 QUESTION2_16_L -1 2.597e+02 4.858e+02))
s>            ( WDBNDRY_E 0 -6.448e+05 2.970e+03 3.696e+03
s>                ( - -1.554e+05 1 0)
s>                ( QUESTION11 1 -4.864e+05 1.043e+03 2.773e+03
s>                    ( - -7.077e+04 1 0)
s>                    ( - -4.146e+05 4 0 QUESTION2 1 6.705e+02 2.375e+03)))))INFO: dtree.c(1315): Comp split 2
INFO: dtree.c(1478): Final simple tree
|( QUESTION0_1_R 1 -8.180e+05 5.411e+03 4.691e+03
|    ( QUESTION2 -1 -1.678e+05 2.252e+03 9.954e+02
|        ( - -8.718e+04 1 0)
|        ( - -7.837e+04 2 0 QUESTION2_16_L -1 2.597e+02 4.858e+02))
|    ( WDBNDRY_E 0 -6.448e+05 2.970e+03 3.696e+03
|        ( - -1.554e+05 1 0)
|        ( QUESTION11 1 -4.864e+05 1.043e+03 2.773e+03
|            ( - -7.077e+04 1 0)
|            ( QUESTION2 1 -4.146e+05 6.705e+02 2.375e+03
|                ( - -6.695e+04 1 0)
|                ( QUESTION0_0_R 1 -3.470e+05 5.645e+02 2.007e+03
|                    ( - -1.958e+05 1 0)
|                    ( QUESTION0_16_R 1 -1.506e+05 5.109e+02 8.687e+02
|                        ( - -1.056e+05 1 0)
|                        ( - -4.451e+04 1 0)))))))
s>    ( QUESTION0_1_R 1 -8.180e+05 5.411e+03 4.691e+03
s>        ( QUESTION2 -1 -1.678e+05 2.252e+03 9.954e+02
s>            ( - -8.718e+04 1 0)
s>            ( - -7.837e+04 2 0 QUESTION2_16_L -1 2.597e+02 4.858e+02))
s>        ( WDBNDRY_E 0 -6.448e+05 2.970e+03 3.696e+03
s>            ( - -1.554e+05 1 0)
s>            ( QUESTION11 1 -4.864e+05 1.043e+03 2.773e+03
s>                ( - -7.077e+04 1 0)
s>                ( QUESTION2 1 -4.146e+05 6.705e+02 2.375e+03
s>                    ( - -6.695e+04 1 0)
s>                    ( QUESTION0_0_R 1 -3.470e+05 5.645e+02 2.007e+03
s>                        ( - -1.958e+05 1 0)
s>                        ( QUESTION0_16_R 1 -1.506e+05 5.109e+02 8.687e+02
s>                            ( - -1.056e+05 1 0)
s>                            ( - -4.451e+04 1 0)))))))INFO: dtree.c(1439): stop. leaf nodes are specific
INFO: dtree.c(1478): Final simple tree
|( QUESTION14 1 -7.089e+05 1.347e+03 3.910e+03
|    ( QUESTION0_16_R 1 -2.888e+05 6.505e+02 1.634e+03
|        ( QUESTION15 1 -1.796e+05 6.036e+02 1.003e+03
|            ( - -4.230e+04 1 0)
|            ( - -1.367e+05 1 0))
|        ( QUESTION0_0_R 1 -1.086e+05 3.922e+02 6.309e+02
|            ( - -4.857e+04 1 0)
|            ( - -5.960e+04 1 0)))
|    ( WDBNDRY_E 0 -4.187e+05 8.892e+02 2.276e+03
|        ( - -2.287e+05 1 0)
|        ( QUESTION0 1 -1.891e+05 4.111e+02 1.039e+03
|            ( - -3.271e+04 1 0)
|            ( - -1.560e+05 1 0))))
s>    ( QUESTION14 1 -7.089e+05 1.347e+03 3.910e+03
s>        ( QUESTION0_16_R 1 -2.888e+05 6.505e+02 1.634e+03
s>            ( QUESTION15 1 -1.796e+05 6.036e+02 1.003e+03
s>                ( - -4.230e+04 1 0)
s>                ( - -1.367e+05 1 0))
s>            ( QUESTION0_0_R 1 -1.086e+05 3.922e+02 6.309e+02
s>                ( - -4.857e+04 1 0)
s>                ( - -5.960e+04 1 0)))
s>        ( WDBNDRY_E 0 -4.187e+05 8.892e+02 2.276e+03
s>            ( - -2.287e+05 1 0)
s>            ( QUESTION0 1 -1.891e+05 4.111e+02 1.039e+03
s>                ( - -3.271e+04 1 0)
s>                ( - -1.560e+05 1 0))))INFO: dtree.c(1315): Comp split 3
INFO: dtree.c(1439): stop. leaf nodes are specific
INFO: dtree.c(1478): Final simple tree
|( WDBNDRY_E 0 -6.448e+05 2.970e+03 3.696e+03
|    ( - -1.554e+05 1 0)
|    ( QUESTION11 1 -4.864e+05 1.043e+03 2.773e+03
|        ( - -7.077e+04 1 0)
|        ( QUESTION2 1 -4.146e+05 6.705e+02 2.375e+03
|            ( - -6.695e+04 1 0)
|            ( QUESTION0_0_R 1 -3.470e+05 5.645e+02 2.007e+03
|                ( - -1.958e+05 1 0)
|                ( QUESTION0_16_R 1 -1.506e+05 5.109e+02 8.687e+02
|                    ( - -1.056e+05 1 0)
|                    ( - -4.451e+04 1 0))))))
s>    ( WDBNDRY_E 0 -6.448e+05 2.970e+03 3.696e+03
s>        ( - -1.554e+05 1 0)
s>        ( QUESTION11 1 -4.864e+05 1.043e+03 2.773e+03
s>            ( - -7.077e+04 1 0)
s>            ( QUESTION2 1 -4.146e+05 6.705e+02 2.375e+03
s>                ( - -6.695e+04 1 0)
s>                ( QUESTION0_0_R 1 -3.470e+05 5.645e+02 2.007e+03
s>                    ( - -1.958e+05 1 0)
s>                    ( QUESTION0_16_R 1 -1.506e+05 5.109e+02 8.687e+02
s>                        ( - -1.056e+05 1 0)
s>                        ( - -4.451e+04 1 0))))))INFO: dtree.c(1439): stop. leaf nodes are specific
INFO: dtree.c(1478): Final simple tree
|( QUESTION2 -1 -1.678e+05 2.252e+03 9.954e+02
|    ( - -8.718e+04 1 0)
|    ( QUESTION2_16_L -1 -7.837e+04 2.597e+02 4.858e+02
|        ( - -2.640e+04 1 0)
|        ( - -5.171e+04 1 0)))
s>    ( QUESTION2 -1 -1.678e+05 2.252e+03 9.954e+02
s>        ( - -8.718e+04 1 0)
s>        ( QUESTION2_16_L -1 -7.837e+04 2.597e+02 4.858e+02
s>            ( - -2.640e+04 1 0)
s>            ( - -5.171e+04 1 0)))INFO: dtree.c(1315): Comp split 4
INFO: dtree.c(1478): Final simple tree
|( QUESTION14 -1 -1.761e+06 2.685e+03 9.711e+03
|    ( QUESTION0 1 -9.235e+05 2.078e+03 5.038e+03
|        ( - -5.439e+04 1 0)
|        ( QUESTION3 1 -8.670e+05 1.925e+03 4.722e+03
|            ( QUESTION0_4_R 1 -4.864e+05 2.721e+03 2.657e+03
|                ( - -1.875e+05 2 0 QUESTION15 -1 6.576e+02 1.000e+03)
|                ( QUESTION15 -1 -2.962e+05 2.629e+03 1.657e+03
|                    ( - -1.611e+05 1 0)
|                    ( - -1.324e+05 1 0)))
|            ( QUESTION15 -1 -3.786e+05 1.302e+03 2.065e+03
|                ( - -2.379e+05 4 0 QUESTION2 1 6.410e+02 1.277e+03)
|                ( - -1.394e+05 3 0 QUESTION18 -1 7.091e+02 7.880e+02))))
|    ( QUESTION1 -1 -8.348e+05 2.008e+03 4.673e+03
|        ( - -5.589e+05 6 0 QUESTION0_16_R 1 1.249e+03 3.136e+03)
|        ( - -2.738e+05 5 0 QUESTION0_13_R 1 1.298e+03 1.537e+03)))
s>    ( QUESTION14 -1 -1.761e+06 2.685e+03 9.711e+03
s>        ( QUESTION0 1 -9.235e+05 2.078e+03 5.038e+03
s>            ( - -5.439e+04 1 0)
s>            ( QUESTION3 1 -8.670e+05 1.925e+03 4.722e+03
s>                ( QUESTION0_4_R 1 -4.864e+05 2.721e+03 2.657e+03
s>                    ( - -1.875e+05 2 0 QUESTION15 -1 6.576e+02 1.000e+03)
s>                    ( QUESTION15 -1 -2.962e+05 2.629e+03 1.657e+03
s>                        ( - -1.611e+05 1 0)
s>                        ( - -1.324e+05 1 0)))
s>                ( QUESTION15 -1 -3.786e+05 1.302e+03 2.065e+03
s>                    ( - -2.379e+05 4 0 QUESTION2 1 6.410e+02 1.277e+03)
s>                    ( - -1.394e+05 3 0 QUESTION18 -1 7.091e+02 7.880e+02))))
s>        ( QUESTION1 -1 -8.348e+05 2.008e+03 4.673e+03
s>            ( - -5.589e+05 6 0 QUESTION0_16_R 1 1.249e+03 3.136e+03)
s>            ( - -2.738e+05 5 0 QUESTION0_13_R 1 1.298e+03 1.537e+03)))INFO: dtree.c(1478): Final simple tree
|( QUESTION2_17_L -1 -2.013e+06 3.443e+03 1.081e+04
|    ( QUESTION17 1 -8.006e+05 1.080e+03 4.291e+03
|        ( - -2.059e+05 1 0)
|        ( QUESTION9 1 -5.936e+05 1.090e+03 3.202e+03
|            ( - -7.160e+04 1 0)
|            ( - -5.209e+05 7 0 QUESTION2_18_L -1 9.865e+02 2.790e+03)))
|    ( QUESTION12 -1 -1.209e+06 2.828e+03 6.519e+03
|        ( - -9.821e+04 3 0 QUESTION2 1 6.941e+02 5.207e+02)
|        ( QUESTION2_15_L -1 -1.108e+06 1.624e+03 5.998e+03
|            ( QUESTION0_15_R 1 -2.676e+05 1.161e+03 1.475e+03
|                ( - -7.541e+04 1 0)
|                ( - -1.910e+05 4 0 QUESTION14 1 7.578e+02 1.050e+03))
|            ( QUESTION16 -1 -8.391e+05 1.298e+03 4.523e+03
|                ( - -2.230e+05 3 0 QUESTION0_15_R 1 8.939e+02 1.236e+03)
|                ( - -6.148e+05 8 0 QUESTION14 1 9.793e+02 3.287e+03)))))
s>    ( QUESTION2_17_L -1 -2.013e+06 3.443e+03 1.081e+04
s>        ( QUESTION17 1 -8.006e+05 1.080e+03 4.291e+03
s>            ( - -2.059e+05 1 0)
s>            ( QUESTION9 1 -5.936e+05 1.090e+03 3.202e+03
s>                ( - -7.160e+04 1 0)
s>                ( - -5.209e+05 7 0 QUESTION2_18_L -1 9.865e+02 2.790e+03)))
s>        ( QUESTION12 -1 -1.209e+06 2.828e+03 6.519e+03
s>            ( - -9.821e+04 3 0 QUESTION2 1 6.941e+02 5.207e+02)
s>            ( QUESTION2_15_L -1 -1.108e+06 1.624e+03 5.998e+03
s>                ( QUESTION0_15_R 1 -2.676e+05 1.161e+03 1.475e+03
s>                    ( - -7.541e+04 1 0)
s>                    ( - -1.910e+05 4 0 QUESTION14 1 7.578e+02 1.050e+03))
s>                ( QUESTION16 -1 -8.391e+05 1.298e+03 4.523e+03
s>                    ( - -2.230e+05 3 0 QUESTION0_15_R 1 8.939e+02 1.236e+03)
s>                    ( - -6.148e+05 8 0 QUESTION14 1 9.793e+02 3.287e+03)))))INFO: dtree.c(1315): Comp split 5
INFO: dtree.c(1439): stop. leaf nodes are specific
INFO: dtree.c(1478): Final simple tree
|( QUESTION15 -1 -3.524e+05 3.208e+03 1.973e+03
|    ( QUESTION0 1 -2.168e+05 1.237e+03 1.232e+03
|        ( - -5.439e+04 1 0)
|        ( - -1.611e+05 1 0))
|    ( - -1.324e+05 1 0))
s>    ( QUESTION15 -1 -3.524e+05 3.208e+03 1.973e+03
s>        ( QUESTION0 1 -2.168e+05 1.237e+03 1.232e+03
s>            ( - -5.439e+04 1 0)
s>            ( - -1.611e+05 1 0))
s>        ( - -1.324e+05 1 0))INFO: dtree.c(1478): Final simple tree
|( QUESTION15 -1 -1.404e+06 2.491e+03 7.738e+03
|    ( - -2.837e+05 5 0 QUESTION0_4_R 1 7.366e+02 1.510e+03)
|    ( QUESTION0_16_R 1 -1.118e+06 2.112e+03 6.229e+03
|        ( - -3.852e+05 4 0 QUESTION18 -1 7.274e+02 2.195e+03)
|        ( QUESTION0_18_R 1 -7.306e+05 1.625e+03 4.033e+03
|            ( - -1.207e+05 1 0)
|            ( QUESTION2 -1 -6.083e+05 1.391e+03 3.334e+03
|                ( QUESTION11 1 -2.805e+05 8.445e+02 1.555e+03
|                    ( - -1.579e+05 1 0)
|                    ( - -1.218e+05 3 0 QUESTION0_9_R 1 5.620e+02 6.759e+02))
|                ( QUESTION0_4_R 1 -3.264e+05 9.151e+02 1.779e+03
|                    ( - -1.419e+05 1 0)
|                    ( QUESTION0_13_R 1 -1.836e+05 8.460e+02 1.012e+03
|                        ( - -3.396e+04 1 0)
|                        ( - -1.488e+05 4 0 QUESTION0 -1 5.796e+02 8.285e+02)))))))
s>    ( QUESTION15 -1 -1.404e+06 2.491e+03 7.738e+03
s>        ( - -2.837e+05 5 0 QUESTION0_4_R 1 7.366e+02 1.510e+03)
s>        ( QUESTION0_16_R 1 -1.118e+06 2.112e+03 6.229e+03
s>            ( - -3.852e+05 4 0 QUESTION18 -1 7.274e+02 2.195e+03)
s>            ( QUESTION0_18_R 1 -7.306e+05 1.625e+03 4.033e+03
s>                ( - -1.207e+05 1 0)
s>                ( QUESTION2 -1 -6.083e+05 1.391e+03 3.334e+03
s>                    ( QUESTION11 1 -2.805e+05 8.445e+02 1.555e+03
s>                        ( - -1.579e+05 1 0)
s>                        ( - -1.218e+05 3 0 QUESTION0_9_R 1 5.620e+02 6.759e+02))
s>                    ( QUESTION0_4_R 1 -3.264e+05 9.151e+02 1.779e+03
s>                        ( - -1.419e+05 1 0)
s>                        ( QUESTION0_13_R 1 -1.836e+05 8.460e+02 1.012e+03
s>                            ( - -3.396e+04 1 0)
s>                            ( - -1.488e+05 4 0 QUESTION0 -1 5.796e+02 8.285e+02)))))))INFO: dtree.c(1315): Comp split 6
INFO: dtree.c(1478): Final simple tree
|( QUESTION2_18_L -1 -8.774e+05 1.434e+03 4.716e+03
|    ( QUESTION17 1 -6.641e+05 1.028e+03 3.548e+03
|        ( - -2.059e+05 1 0)
|        ( QUESTION14 1 -4.571e+05 8.822e+02 2.458e+03
|            ( QUESTION0_17_R 1 -1.674e+05 9.094e+02 8.875e+02
|                ( - -3.031e+04 1 0)
|                ( - -1.362e+05 2 0 QUESTION0_0_R 1 4.414e+02 7.220e+02))
|            ( QUESTION0 1 -2.888e+05 4.929e+02 1.571e+03
|                ( - -1.173e+05 1 0)
|                ( - -1.710e+05 1 0))))
|    ( QUESTION16 1 -2.119e+05 9.331e+02 1.168e+03
|        ( - -7.541e+04 1 0)
|        ( QUESTION9 1 -1.356e+05 1.122e+03 7.438e+02
|            ( - -7.160e+04 1 0)
|            ( - -6.283e+04 2 0 QUESTION0_0_R 1 2.557e+02 3.323e+02))))
s>    ( QUESTION2_18_L -1 -8.774e+05 1.434e+03 4.716e+03
s>        ( QUESTION17 1 -6.641e+05 1.028e+03 3.548e+03
s>            ( - -2.059e+05 1 0)
s>            ( QUESTION14 1 -4.571e+05 8.822e+02 2.458e+03
s>                ( QUESTION0_17_R 1 -1.674e+05 9.094e+02 8.875e+02
s>                    ( - -3.031e+04 1 0)
s>                    ( - -1.362e+05 2 0 QUESTION0_0_R 1 4.414e+02 7.220e+02))
s>                ( QUESTION0 1 -2.888e+05 4.929e+02 1.571e+03
s>                    ( - -1.173e+05 1 0)
s>                    ( - -1.710e+05 1 0))))
s>        ( QUESTION16 1 -2.119e+05 9.331e+02 1.168e+03
s>            ( - -7.541e+04 1 0)
s>            ( QUESTION9 1 -1.356e+05 1.122e+03 7.438e+02
s>                ( - -7.160e+04 1 0)
s>                ( - -6.283e+04 2 0 QUESTION0_0_R 1 2.557e+02 3.323e+02))))INFO: dtree.c(1478): Final simple tree
|( QUESTION12 -1 -1.132e+06 2.687e+03 6.094e+03
|    ( - -9.821e+04 3 0 QUESTION2 1 6.941e+02 5.207e+02)
|    ( QUESTION16 -1 -1.031e+06 1.423e+03 5.573e+03
|        ( QUESTION17 -1 -4.152e+05 1.210e+03 2.286e+03
|            ( QUESTION14 1 -1.910e+05 7.578e+02 1.050e+03
|                ( - -8.937e+04 2 0 QUESTION0_0_R 1 5.345e+02 5.036e+02)
|                ( - -1.009e+05 2 0 QUESTION0 1 4.193e+02 5.464e+02))
|            ( QUESTION0_15_R 1 -2.230e+05 8.939e+02 1.236e+03
|                ( - -7.231e+04 1 0)
|                ( - -1.498e+05 2 0 QUESTION0_0_R 1 5.865e+02 8.364e+02)))
|        ( QUESTION14 1 -6.148e+05 9.793e+02 3.287e+03
|            ( - -7.058e+04 2 0 QUESTION15 1 2.827e+02 3.979e+02)
|            ( QUESTION0_0_R 1 -5.433e+05 8.214e+02 2.889e+03
|                ( - -4.642e+05 4 0 QUESTION2 -1 5.447e+02 2.454e+03)
|                ( - -7.831e+04 2 0 QUESTION0_13_R 1 1.474e+02 4.360e+02)))))
s>    ( QUESTION12 -1 -1.132e+06 2.687e+03 6.094e+03
s>        ( - -9.821e+04 3 0 QUESTION2 1 6.941e+02 5.207e+02)
s>        ( QUESTION16 -1 -1.031e+06 1.423e+03 5.573e+03
s>            ( QUESTION17 -1 -4.152e+05 1.210e+03 2.286e+03
s>                ( QUESTION14 1 -1.910e+05 7.578e+02 1.050e+03
s>                    ( - -8.937e+04 2 0 QUESTION0_0_R 1 5.345e+02 5.036e+02)
s>                    ( - -1.009e+05 2 0 QUESTION0 1 4.193e+02 5.464e+02))
s>                ( QUESTION0_15_R 1 -2.230e+05 8.939e+02 1.236e+03
s>                    ( - -7.231e+04 1 0)
s>                    ( - -1.498e+05 2 0 QUESTION0_0_R 1 5.865e+02 8.364e+02)))
s>            ( QUESTION14 1 -6.148e+05 9.793e+02 3.287e+03
s>                ( - -7.058e+04 2 0 QUESTION15 1 2.827e+02 3.979e+02)
s>                ( QUESTION0_0_R 1 -5.433e+05 8.214e+02 2.889e+03
s>                    ( - -4.642e+05 4 0 QUESTION2 -1 5.447e+02 2.454e+03)
s>                    ( - -7.831e+04 2 0 QUESTION0_13_R 1 1.474e+02 4.360e+02)))))INFO: dtree.c(1315): Comp split 7
INFO: dtree.c(1439): stop. leaf nodes are specific
INFO: dtree.c(1478): Final simple tree
|( QUESTION0_4_R 1 -4.613e+05 1.096e+03 2.461e+03
|    ( QUESTION15 -1 -1.875e+05 6.576e+02 1.000e+03
|        ( - -4.499e+04 1 0)
|        ( - -1.419e+05 1 0))
|    ( WDBNDRY_B 0 -2.727e+05 8.200e+02 1.460e+03
|        ( - -3.396e+04 1 0)
|        ( QUESTION2 1 -2.379e+05 6.410e+02 1.277e+03
|            ( - -8.451e+04 1 0)
|            ( QUESTION0_0_R 1 -1.528e+05 5.366e+02 8.258e+02
|                ( - -2.187e+04 1 0)
|                ( QUESTION0_13_R 1 -1.304e+05 3.822e+02 7.049e+02
|                    ( - -7.600e+04 1 0)
|                    ( - -5.400e+04 1 0))))))
s>    ( QUESTION0_4_R 1 -4.613e+05 1.096e+03 2.461e+03
s>        ( QUESTION15 -1 -1.875e+05 6.576e+02 1.000e+03
s>            ( - -4.499e+04 1 0)
s>            ( - -1.419e+05 1 0))
s>        ( WDBNDRY_B 0 -2.727e+05 8.200e+02 1.460e+03
s>            ( - -3.396e+04 1 0)
s>            ( QUESTION2 1 -2.379e+05 6.410e+02 1.277e+03
s>                ( - -8.451e+04 1 0)
s>                ( QUESTION0_0_R 1 -1.528e+05 5.366e+02 8.258e+02
s>                    ( - -2.187e+04 1 0)
s>                    ( QUESTION0_13_R 1 -1.304e+05 3.822e+02 7.049e+02
s>                        ( - -7.600e+04 1 0)
s>                        ( - -5.400e+04 1 0))))))INFO: dtree.c(1478): Final simple tree
|( QUESTION1 -1 -9.394e+05 1.952e+03 5.278e+03
|    ( QUESTION0_0_R 1 -6.989e+05 1.314e+03 3.924e+03
|        ( QUESTION3 1 -2.728e+05 7.164e+02 1.505e+03
|            ( - -8.233e+04 1 0)
|            ( - -1.898e+05 2 0 QUESTION2 -1 5.940e+02 1.053e+03))
|        ( QUESTION0_16_R 1 -4.248e+05 6.624e+02 2.419e+03
|            ( QUESTION18 -1 -3.852e+05 7.274e+02 2.195e+03
|                ( - -8.499e+04 1 0)
|                ( QUESTION2 -1 -2.995e+05 6.125e+02 1.704e+03
|                    ( - -2.772e+05 2 0)
|                    ( - -2.168e+04 1 0)))
|            ( - -3.891e+04 2 0 QUESTION0_9_R 1 4.806e+02 2.239e+02)))
|    ( QUESTION0_18_R 1 -2.386e+05 8.495e+02 1.354e+03
|        ( - -1.207e+05 1 0)
|        ( - -1.170e+05 3 0 WDBNDRY_B 0 5.975e+02 6.547e+02)))
s>    ( QUESTION1 -1 -9.394e+05 1.952e+03 5.278e+03
s>        ( QUESTION0_0_R 1 -6.989e+05 1.314e+03 3.924e+03
s>            ( QUESTION3 1 -2.728e+05 7.164e+02 1.505e+03
s>                ( - -8.233e+04 1 0)
s>                ( - -1.898e+05 2 0 QUESTION2 -1 5.940e+02 1.053e+03))
s>            ( QUESTION0_16_R 1 -4.248e+05 6.624e+02 2.419e+03
s>                ( QUESTION18 -1 -3.852e+05 7.274e+02 2.195e+03
s>                    ( - -8.499e+04 1 0)
s>                    ( QUESTION2 -1 -2.995e+05 6.125e+02 1.704e+03
s>                        ( - -2.772e+05 2 0)
s>                        ( - -2.168e+04 1 0)))
s>                ( - -3.891e+04 2 0 QUESTION0_9_R 1 4.806e+02 2.239e+02)))
s>        ( QUESTION0_18_R 1 -2.386e+05 8.495e+02 1.354e+03
s>            ( - -1.207e+05 1 0)
s>            ( - -1.170e+05 3 0 WDBNDRY_B 0 5.975e+02 6.547e+02)))INFO: dtree.c(1315): Comp split 8
INFO: dtree.c(1439): stop. leaf nodes are specific
INFO: dtree.c(1478): Final simple tree
|( QUESTION0 1 -2.168e+05 1.237e+03 1.232e+03
|    ( - -5.439e+04 1 0)
|    ( - -1.611e+05 1 0))
s>    ( QUESTION0 1 -2.168e+05 1.237e+03 1.232e+03
s>        ( - -5.439e+04 1 0)
s>        ( - -1.611e+05 1 0))INFO: dtree.c(1315): Comp split 9
INFO: dtree.c(1439): stop. leaf nodes are specific
INFO: dtree.c(1478): Final simple tree
|( QUESTION11 1 -4.864e+05 1.043e+03 2.773e+03
|    ( - -7.077e+04 1 0)
|    ( QUESTION2 1 -4.146e+05 6.705e+02 2.375e+03
|        ( - -6.695e+04 1 0)
|        ( QUESTION0_0_R 1 -3.470e+05 5.645e+02 2.007e+03
|            ( - -1.958e+05 1 0)
|            ( QUESTION0_16_R 1 -1.506e+05 5.109e+02 8.687e+02
|                ( - -1.056e+05 1 0)
|                ( - -4.451e+04 1 0)))))
s>    ( QUESTION11 1 -4.864e+05 1.043e+03 2.773e+03
s>        ( - -7.077e+04 1 0)
s>        ( QUESTION2 1 -4.146e+05 6.705e+02 2.375e+03
s>            ( - -6.695e+04 1 0)
s>            ( QUESTION0_0_R 1 -3.470e+05 5.645e+02 2.007e+03
s>                ( - -1.958e+05 1 0)
s>                ( QUESTION0_16_R 1 -1.506e+05 5.109e+02 8.687e+02
s>                    ( - -1.056e+05 1 0)
s>                    ( - -4.451e+04 1 0)))))INFO: dtree.c(1315): Comp split 10
INFO: dtree.c(1439): stop. leaf nodes are specific
INFO: dtree.c(1478): Final simple tree
|( QUESTION2 1 -1.715e+05 1.106e+03 9.204e+02
|    ( - -7.643e+04 2 0)
|    ( QUESTION0_0_R 1 -9.398e+04 5.817e+02 5.204e+02
|        ( - -2.109e+04 1 0)
|        ( - -7.231e+04 1 0)))
s>    ( QUESTION2 1 -1.715e+05 1.106e+03 9.204e+02
s>        ( - -7.643e+04 2 0)
s>        ( QUESTION0_0_R 1 -9.398e+04 5.817e+02 5.204e+02
s>            ( - -2.109e+04 1 0)
s>            ( - -7.231e+04 1 0)))INFO: dtree.c(1478): Final simple tree
|( QUESTION16 -1 -9.581e+05 1.503e+03 5.174e+03
|    ( QUESTION17 -1 -3.417e+05 9.433e+02 1.886e+03
|        ( QUESTION14 1 -1.910e+05 7.578e+02 1.050e+03
|            ( - -8.937e+04 2 0 QUESTION0_0_R 1 5.345e+02 5.036e+02)
|            ( - -1.009e+05 2 0 QUESTION0 1 4.193e+02 5.464e+02))
|        ( QUESTION0_0_R 1 -1.498e+05 5.865e+02 8.364e+02
|            ( - -6.880e+04 1 0)
|            ( - -8.040e+04 1 0)))
|    ( QUESTION14 1 -6.148e+05 9.793e+02 3.287e+03
|        ( - -7.058e+04 2 0 QUESTION15 1 2.827e+02 3.979e+02)
|        ( QUESTION0_0_R 1 -5.433e+05 8.214e+02 2.889e+03
|            ( QUESTION2 -1 -4.642e+05 5.447e+02 2.454e+03
|                ( - -5.450e+04 1 0)
|                ( - -4.091e+05 3 0 QUESTION0_3_R 1 4.981e+02 2.163e+03))
|            ( - -7.831e+04 2 0 QUESTION0_13_R 1 1.474e+02 4.360e+02))))
s>    ( QUESTION16 -1 -9.581e+05 1.503e+03 5.174e+03
s>        ( QUESTION17 -1 -3.417e+05 9.433e+02 1.886e+03
s>            ( QUESTION14 1 -1.910e+05 7.578e+02 1.050e+03
s>                ( - -8.937e+04 2 0 QUESTION0_0_R 1 5.345e+02 5.036e+02)
s>                ( - -1.009e+05 2 0 QUESTION0 1 4.193e+02 5.464e+02))
s>            ( QUESTION0_0_R 1 -1.498e+05 5.865e+02 8.364e+02
s>                ( - -6.880e+04 1 0)
s>                ( - -8.040e+04 1 0)))
s>        ( QUESTION14 1 -6.148e+05 9.793e+02 3.287e+03
s>            ( - -7.058e+04 2 0 QUESTION15 1 2.827e+02 3.979e+02)
s>            ( QUESTION0_0_R 1 -5.433e+05 8.214e+02 2.889e+03
s>                ( QUESTION2 -1 -4.642e+05 5.447e+02 2.454e+03
s>                    ( - -5.450e+04 1 0)
s>                    ( - -4.091e+05 3 0 QUESTION0_3_R 1 4.981e+02 2.163e+03))
s>                ( - -7.831e+04 2 0 QUESTION0_13_R 1 1.474e+02 4.360e+02))))INFO: dtree.c(1315): Comp split 11
INFO: dtree.c(1439): stop. leaf nodes are specific
INFO: dtree.c(1478): Final simple tree
|( QUESTION2_16_L -1 -7.837e+04 2.597e+02 4.858e+02
|    ( - -2.640e+04 1 0)
|    ( - -5.171e+04 1 0))
s>    ( QUESTION2_16_L -1 -7.837e+04 2.597e+02 4.858e+02
s>        ( - -2.640e+04 1 0)
s>        ( - -5.171e+04 1 0))INFO: dtree.c(1315): Comp split 12
INFO: dtree.c(1478): Final simple tree
|( QUESTION0_0_R 1 -6.989e+05 1.314e+03 3.924e+03
|    ( QUESTION3 1 -2.728e+05 7.164e+02 1.505e+03
|        ( - -8.233e+04 1 0)
|        ( QUESTION2 -1 -1.898e+05 5.940e+02 1.053e+03
|            ( - -1.579e+05 1 0)
|            ( - -3.131e+04 1 0)))
|    ( QUESTION0_16_R 1 -4.248e+05 6.624e+02 2.419e+03
|        ( QUESTION18 -1 -3.852e+05 7.274e+02 2.195e+03
|            ( - -8.499e+04 1 0)
|            ( QUESTION2 -1 -2.995e+05 6.125e+02 1.704e+03
|                ( - -2.772e+05 2 0)
|                ( - -2.168e+04 1 0)))
|        ( QUESTION0_9_R 1 -3.891e+04 4.806e+02 2.239e+02
|            ( - -1.063e+04 1 0)
|            ( - -2.780e+04 1 0))))
s>    ( QUESTION0_0_R 1 -6.989e+05 1.314e+03 3.924e+03
s>        ( QUESTION3 1 -2.728e+05 7.164e+02 1.505e+03
s>            ( - -8.233e+04 1 0)
s>            ( QUESTION2 -1 -1.898e+05 5.940e+02 1.053e+03
s>                ( - -1.579e+05 1 0)
s>                ( - -3.131e+04 1 0)))
s>        ( QUESTION0_16_R 1 -4.248e+05 6.624e+02 2.419e+03
s>            ( QUESTION18 -1 -3.852e+05 7.274e+02 2.195e+03
s>                ( - -8.499e+04 1 0)
s>                ( QUESTION2 -1 -2.995e+05 6.125e+02 1.704e+03
s>                    ( - -2.772e+05 2 0)
s>                    ( - -2.168e+04 1 0)))
s>            ( QUESTION0_9_R 1 -3.891e+04 4.806e+02 2.239e+02
s>                ( - -1.063e+04 1 0)
s>                ( - -2.780e+04 1 0))))INFO: dtree.c(1439): stop. leaf nodes are specific
INFO: dtree.c(1478): Final simple tree
|( QUESTION0_18_R 1 -2.386e+05 8.495e+02 1.354e+03
|    ( - -1.207e+05 1 0)
|    ( WDBNDRY_B 0 -1.170e+05 5.975e+02 6.547e+02
|        ( QUESTION0_0_R 1 -7.924e+04 3.441e+02 4.400e+02
|            ( - -4.557e+04 1 0)
|            ( - -3.333e+04 1 0))
|        ( - -3.717e+04 1 0)))
s>    ( QUESTION0_18_R 1 -2.386e+05 8.495e+02 1.354e+03
s>        ( - -1.207e+05 1 0)
s>        ( WDBNDRY_B 0 -1.170e+05 5.975e+02 6.547e+02
s>            ( QUESTION0_0_R 1 -7.924e+04 3.441e+02 4.400e+02
s>                ( - -4.557e+04 1 0)
s>                ( - -3.333e+04 1 0))
s>            ( - -3.717e+04 1 0)))INFO: dtree.c(1315): Comp split 13
INFO: dtree.c(1439): stop. leaf nodes are specific
INFO: dtree.c(1478): Final simple tree
|( QUESTION2 -1 -4.642e+05 5.447e+02 2.454e+03
|    ( - -5.450e+04 1 0)
|    ( QUESTION0_3_R 1 -4.091e+05 4.981e+02 2.163e+03
|        ( QUESTION0 1 -3.734e+05 4.666e+02 1.971e+03
|            ( - -8.605e+04 1 0)
|            ( - -2.868e+05 1 0))
|        ( - -3.524e+04 1 0)))
s>    ( QUESTION2 -1 -4.642e+05 5.447e+02 2.454e+03
s>        ( - -5.450e+04 1 0)
s>        ( QUESTION0_3_R 1 -4.091e+05 4.981e+02 2.163e+03
s>            ( QUESTION0 1 -3.734e+05 4.666e+02 1.971e+03
s>                ( - -8.605e+04 1 0)
s>                ( - -2.868e+05 1 0))
s>            ( - -3.524e+04 1 0)))INFO: dtree.c(1478): Final simple tree
|( QUESTION20 -1 -4.921e+05 1.003e+03 2.720e+03
|    ( QUESTION0_0_R 1 -1.498e+05 5.865e+02 8.364e+02
|        ( - -6.880e+04 1 0)
|        ( - -8.040e+04 1 0))
|    ( QUESTION15 -1 -3.413e+05 9.278e+02 1.884e+03
|        ( QUESTION0_0_R 1 -1.494e+05 5.027e+02 8.338e+02
|            ( - -7.058e+04 2 0 QUESTION15 1 2.827e+02 3.979e+02)
|            ( - -7.831e+04 2 0 QUESTION0_13_R 1 1.474e+02 4.360e+02))
|        ( QUESTION14 1 -1.910e+05 7.578e+02 1.050e+03
|            ( QUESTION0_0_R 1 -8.937e+04 5.345e+02 5.036e+02
|                ( - -1.699e+04 1 0)
|                ( - -7.185e+04 1 0))
|            ( QUESTION0 1 -1.009e+05 4.193e+02 5.464e+02
|                ( - -3.003e+04 1 0)
|                ( - -7.041e+04 1 0)))))
s>    ( QUESTION20 -1 -4.921e+05 1.003e+03 2.720e+03
s>        ( QUESTION0_0_R 1 -1.498e+05 5.865e+02 8.364e+02
s>            ( - -6.880e+04 1 0)
s>            ( - -8.040e+04 1 0))
s>        ( QUESTION15 -1 -3.413e+05 9.278e+02 1.884e+03
s>            ( QUESTION0_0_R 1 -1.494e+05 5.027e+02 8.338e+02
s>                ( - -7.058e+04 2 0 QUESTION15 1 2.827e+02 3.979e+02)
s>                ( - -7.831e+04 2 0 QUESTION0_13_R 1 1.474e+02 4.360e+02))
s>            ( QUESTION14 1 -1.910e+05 7.578e+02 1.050e+03
s>                ( QUESTION0_0_R 1 -8.937e+04 5.345e+02 5.036e+02
s>                    ( - -1.699e+04 1 0)
s>                    ( - -7.185e+04 1 0))
s>                ( QUESTION0 1 -1.009e+05 4.193e+02 5.464e+02
s>                    ( - -3.003e+04 1 0)
s>                    ( - -7.041e+04 1 0)))))INFO: dtree.c(1315): Comp split 14
INFO: dtree.c(1478): Final simple tree
|( QUESTION17 1 -7.280e+05 1.137e+03 3.880e+03
|    ( - -2.059e+05 1 0)
|    ( QUESTION2_18_L -1 -5.209e+05 9.865e+02 2.790e+03
|        ( QUESTION14 1 -4.571e+05 8.822e+02 2.458e+03
|            ( QUESTION0_17_R 1 -1.674e+05 9.094e+02 8.875e+02
|                ( - -3.031e+04 1 0)
|                ( QUESTION0_0_R 1 -1.362e+05 4.414e+02 7.220e+02
|                    ( - -8.654e+04 1 0)
|                    ( - -4.921e+04 1 0)))
|            ( QUESTION0 1 -2.888e+05 4.929e+02 1.571e+03
|                ( - -1.173e+05 1 0)
|                ( - -1.710e+05 1 0)))
|        ( QUESTION0_0_R 1 -6.283e+04 2.557e+02 3.323e+02
|            ( - -3.428e+04 1 0)
|            ( - -2.830e+04 1 0))))
s>    ( QUESTION17 1 -7.280e+05 1.137e+03 3.880e+03
s>        ( - -2.059e+05 1 0)
s>        ( QUESTION2_18_L -1 -5.209e+05 9.865e+02 2.790e+03
s>            ( QUESTION14 1 -4.571e+05 8.822e+02 2.458e+03
s>                ( QUESTION0_17_R 1 -1.674e+05 9.094e+02 8.875e+02
s>                    ( - -3.031e+04 1 0)
s>                    ( QUESTION0_0_R 1 -1.362e+05 4.414e+02 7.220e+02
s>                        ( - -8.654e+04 1 0)
s>                        ( - -4.921e+04 1 0)))
s>                ( QUESTION0 1 -2.888e+05 4.929e+02 1.571e+03
s>                    ( - -1.173e+05 1 0)
s>                    ( - -1.710e+05 1 0)))
s>            ( QUESTION0_0_R 1 -6.283e+04 2.557e+02 3.323e+02
s>                ( - -3.428e+04 1 0)
s>                ( - -2.830e+04 1 0))))INFO: dtree.c(1439): stop. leaf nodes are specific
INFO: dtree.c(1478): Final simple tree
|( QUESTION0_0_R 1 -1.478e+05 7.852e+02 8.361e+02
|    ( - -7.160e+04 1 0)
|    ( - -7.541e+04 1 0))
s>    ( QUESTION0_0_R 1 -1.478e+05 7.852e+02 8.361e+02
s>        ( - -7.160e+04 1 0)
s>        ( - -7.541e+04 1 0))INFO: dtree.c(1315): Comp split 15
INFO: dtree.c(1439): stop. leaf nodes are specific
INFO: dtree.c(1478): Final simple tree
|( QUESTION2 -1 -2.995e+05 6.125e+02 1.704e+03
|    ( - -2.772e+05 2 0)
|    ( - -2.168e+04 1 0))
s>    ( QUESTION2 -1 -2.995e+05 6.125e+02 1.704e+03
s>        ( - -2.772e+05 2 0)
s>        ( - -2.168e+04 1 0))INFO: dtree.c(1439): stop. leaf nodes are specific
INFO: dtree.c(1478): Final simple tree
|( QUESTION11 1 -3.980e+05 8.201e+02 2.220e+03
|    ( - -1.579e+05 1 0)
|    ( QUESTION0_0_R 1 -2.393e+05 6.384e+02 1.341e+03
|        ( QUESTION2 -1 -1.143e+05 6.263e+02 6.258e+02
|            ( - -8.233e+04 1 0)
|            ( - -3.131e+04 1 0))
|        ( QUESTION0_9_R 1 -1.244e+05 5.515e+02 7.156e+02
|            ( - -1.063e+04 1 0)
|            ( QUESTION0_16_R 1 -1.132e+05 3.915e+02 6.535e+02
|                ( - -8.499e+04 1 0)
|                ( - -2.780e+04 1 0)))))
s>    ( QUESTION11 1 -3.980e+05 8.201e+02 2.220e+03
s>        ( - -1.579e+05 1 0)
s>        ( QUESTION0_0_R 1 -2.393e+05 6.384e+02 1.341e+03
s>            ( QUESTION2 -1 -1.143e+05 6.263e+02 6.258e+02
s>                ( - -8.233e+04 1 0)
s>                ( - -3.131e+04 1 0))
s>            ( QUESTION0_9_R 1 -1.244e+05 5.515e+02 7.156e+02
s>                ( - -1.063e+04 1 0)
s>                ( QUESTION0_16_R 1 -1.132e+05 3.915e+02 6.535e+02
s>                    ( - -8.499e+04 1 0)
s>                    ( - -2.780e+04 1 0)))))INFO: dtree.c(1315): Comp split 16
INFO: dtree.c(1439): stop. leaf nodes are specific
INFO: dtree.c(1478): Final simple tree
|( QUESTION0_0_R 1 -4.618e+05 9.864e+02 2.510e+03
|    ( QUESTION0 1 -1.891e+05 4.111e+02 1.039e+03
|        ( - -3.271e+04 1 0)
|        ( - -1.560e+05 1 0))
|    ( WDBNDRY_E 0 -2.717e+05 6.496e+02 1.471e+03
|        ( - -2.287e+05 1 0)
|        ( - -4.230e+04 1 0)))
s>    ( QUESTION0_0_R 1 -4.618e+05 9.864e+02 2.510e+03
s>        ( QUESTION0 1 -1.891e+05 4.111e+02 1.039e+03
s>            ( - -3.271e+04 1 0)
s>            ( - -1.560e+05 1 0))
s>        ( WDBNDRY_E 0 -2.717e+05 6.496e+02 1.471e+03
s>            ( - -2.287e+05 1 0)
s>            ( - -4.230e+04 1 0)))INFO: dtree.c(1439): stop. leaf nodes are specific
INFO: dtree.c(1478): Final simple tree
|( QUESTION0_16_R 1 -2.457e+05 4.651e+02 1.400e+03
|    ( - -1.367e+05 1 0)
|    ( QUESTION0_0_R 1 -1.086e+05 3.922e+02 6.309e+02
|        ( - -4.857e+04 1 0)
|        ( - -5.960e+04 1 0)))
s>    ( QUESTION0_16_R 1 -2.457e+05 4.651e+02 1.400e+03
s>        ( - -1.367e+05 1 0)
s>        ( QUESTION0_0_R 1 -1.086e+05 3.922e+02 6.309e+02
s>            ( - -4.857e+04 1 0)
s>            ( - -5.960e+04 1 0)))INFO: dtree.c(1315): Comp split 17
INFO: dtree.c(1439): stop. leaf nodes are specific
INFO: dtree.c(1478): Final simple tree
|( QUESTION2_18_L -1 -3.180e+05 9.438e+02 1.691e+03
|    ( QUESTION0 1 -2.542e+05 7.008e+02 1.359e+03
|        ( - -1.173e+05 1 0)
|        ( QUESTION0_0_R 1 -1.362e+05 4.414e+02 7.220e+02
|            ( - -8.654e+04 1 0)
|            ( - -4.921e+04 1 0)))
|    ( QUESTION0_0_R 1 -6.283e+04 2.557e+02 3.323e+02
|        ( - -3.428e+04 1 0)
|        ( - -2.830e+04 1 0)))
s>    ( QUESTION2_18_L -1 -3.180e+05 9.438e+02 1.691e+03
s>        ( QUESTION0 1 -2.542e+05 7.008e+02 1.359e+03
s>            ( - -1.173e+05 1 0)
s>            ( QUESTION0_0_R 1 -1.362e+05 4.414e+02 7.220e+02
s>                ( - -8.654e+04 1 0)
s>                ( - -4.921e+04 1 0)))
s>        ( QUESTION0_0_R 1 -6.283e+04 2.557e+02 3.323e+02
s>            ( - -3.428e+04 1 0)
s>            ( - -2.830e+04 1 0)))INFO: dtree.c(1439): stop. leaf nodes are specific
INFO: dtree.c(1478): Final simple tree
|( QUESTION2 1 -4.087e+05 8.007e+02 2.189e+03
|    ( - -1.710e+05 1 0)
|    ( QUESTION0_0_R 1 -2.368e+05 6.059e+02 1.255e+03
|        ( - -2.059e+05 1 0)
|        ( - -3.031e+04 1 0)))
s>    ( QUESTION2 1 -4.087e+05 8.007e+02 2.189e+03
s>        ( - -1.710e+05 1 0)
s>        ( QUESTION0_0_R 1 -2.368e+05 6.059e+02 1.255e+03
s>            ( - -2.059e+05 1 0)
s>            ( - -3.031e+04 1 0)))INFO: dtree.c(1315): Comp split 18
INFO: dtree.c(1315): Comp split 19
INFO: dtree.c(1439): stop. leaf nodes are specific
INFO: dtree.c(1478): Final simple tree
|( QUESTION0_0_R 1 -9.398e+04 5.817e+02 5.204e+02
|    ( - -2.109e+04 1 0)
|    ( - -7.231e+04 1 0))
s>    ( QUESTION0_0_R 1 -9.398e+04 5.817e+02 5.204e+02
s>        ( - -2.109e+04 1 0)
s>        ( - -7.231e+04 1 0))INFO: dtree.c(1315): Comp split 20
INFO: dtree.c(1439): stop. leaf nodes are specific
INFO: dtree.c(1478): Final simple tree
|( QUESTION2 1 -2.379e+05 6.410e+02 1.277e+03
|    ( - -8.451e+04 1 0)
|    ( QUESTION0_0_R 1 -1.528e+05 5.366e+02 8.258e+02
|        ( - -2.187e+04 1 0)
|        ( QUESTION0_13_R 1 -1.304e+05 3.822e+02 7.049e+02
|            ( - -7.600e+04 1 0)
|            ( - -5.400e+04 1 0))))
s>    ( QUESTION2 1 -2.379e+05 6.410e+02 1.277e+03
s>        ( - -8.451e+04 1 0)
s>        ( QUESTION0_0_R 1 -1.528e+05 5.366e+02 8.258e+02
s>            ( - -2.187e+04 1 0)
s>            ( QUESTION0_13_R 1 -1.304e+05 3.822e+02 7.049e+02
s>                ( - -7.600e+04 1 0)
s>                ( - -5.400e+04 1 0))))INFO: dtree.c(1439): stop. leaf nodes are specific
INFO: dtree.c(1478): Final simple tree
|( QUESTION16 -1 -2.223e+05 9.455e+02 1.183e+03
|    ( - -1.419e+05 1 0)
|    ( WDBNDRY_B 0 -7.948e+04 5.305e+02 4.159e+02
|        ( - -3.396e+04 1 0)
|        ( - -4.499e+04 1 0)))
s>    ( QUESTION16 -1 -2.223e+05 9.455e+02 1.183e+03
s>        ( - -1.419e+05 1 0)
s>        ( WDBNDRY_B 0 -7.948e+04 5.305e+02 4.159e+02
s>            ( - -3.396e+04 1 0)
s>            ( - -4.499e+04 1 0)))INFO: dtree.c(1315): Comp split 21
INFO: dtree.c(1439): stop. leaf nodes are specific
INFO: dtree.c(1478): Final simple tree
|( QUESTION2 1 -1.589e+05 7.824e+02 8.837e+02
|    ( - -6.880e+04 1 0)
|    ( QUESTION0_0_R 1 -8.937e+04 5.345e+02 5.036e+02
|        ( - -1.699e+04 1 0)
|        ( - -7.185e+04 1 0)))
s>    ( QUESTION2 1 -1.589e+05 7.824e+02 8.837e+02
s>        ( - -6.880e+04 1 0)
s>        ( QUESTION0_0_R 1 -8.937e+04 5.345e+02 5.036e+02
s>            ( - -1.699e+04 1 0)
s>            ( - -7.185e+04 1 0)))INFO: dtree.c(1439): stop. leaf nodes are specific
INFO: dtree.c(1478): Final simple tree
|( QUESTION17 -1 -3.321e+05 7.736e+02 1.837e+03
|    ( QUESTION0 1 -1.009e+05 4.193e+02 5.464e+02
|        ( - -3.003e+04 1 0)
|        ( - -7.041e+04 1 0))
|    ( QUESTION15 -1 -2.304e+05 6.577e+02 1.290e+03
|        ( QUESTION0_0_R 1 -1.494e+05 5.027e+02 8.338e+02
|            ( QUESTION15 1 -7.058e+04 2.827e+02 3.979e+02
|                ( - -5.657e+04 1 0)
|                ( - -1.373e+04 1 0))
|            ( QUESTION0_13_R 1 -7.831e+04 1.474e+02 4.360e+02
|                ( - -5.420e+04 1 0)
|                ( - -2.396e+04 1 0)))
|        ( - -8.040e+04 1 0)))
s>    ( QUESTION17 -1 -3.321e+05 7.736e+02 1.837e+03
s>        ( QUESTION0 1 -1.009e+05 4.193e+02 5.464e+02
s>            ( - -3.003e+04 1 0)
s>            ( - -7.041e+04 1 0))
s>        ( QUESTION15 -1 -2.304e+05 6.577e+02 1.290e+03
s>            ( QUESTION0_0_R 1 -1.494e+05 5.027e+02 8.338e+02
s>                ( QUESTION15 1 -7.058e+04 2.827e+02 3.979e+02
s>                    ( - -5.657e+04 1 0)
s>                    ( - -1.373e+04 1 0))
s>                ( QUESTION0_13_R 1 -7.831e+04 1.474e+02 4.360e+02
s>                    ( - -5.420e+04 1 0)
s>                    ( - -2.396e+04 1 0)))
s>            ( - -8.040e+04 1 0)))INFO: dtree.c(1315): Comp split 22
INFO: dtree.c(1439): stop. leaf nodes are specific
INFO: dtree.c(1478): Final simple tree
|( QUESTION2 1 -4.146e+05 6.705e+02 2.375e+03
|    ( - -6.695e+04 1 0)
|    ( QUESTION0_0_R 1 -3.470e+05 5.645e+02 2.007e+03
|        ( - -1.958e+05 1 0)
|        ( QUESTION0_16_R 1 -1.506e+05 5.109e+02 8.687e+02
|            ( - -1.056e+05 1 0)
|            ( - -4.451e+04 1 0))))
s>    ( QUESTION2 1 -4.146e+05 6.705e+02 2.375e+03
s>        ( - -6.695e+04 1 0)
s>        ( QUESTION0_0_R 1 -3.470e+05 5.645e+02 2.007e+03
s>            ( - -1.958e+05 1 0)
s>            ( QUESTION0_16_R 1 -1.506e+05 5.109e+02 8.687e+02
s>                ( - -1.056e+05 1 0)
s>                ( - -4.451e+04 1 0))))INFO: dtree.c(1315): Comp split 23
INFO: dtree.c(1439): stop. leaf nodes are specific
INFO: dtree.c(1478): Final simple tree
|( QUESTION0_0_R 1 -1.362e+05 4.414e+02 7.220e+02
|    ( - -8.654e+04 1 0)
|    ( - -4.921e+04 1 0))
s>    ( QUESTION0_0_R 1 -1.362e+05 4.414e+02 7.220e+02
s>        ( - -8.654e+04 1 0)
s>        ( - -4.921e+04 1 0))INFO: dtree.c(1439): stop. leaf nodes are specific
INFO: dtree.c(1478): Final simple tree
|( QUESTION0 1 -1.807e+05 6.207e+02 9.692e+02
|    ( - -1.173e+05 1 0)
|    ( QUESTION0_0_R 1 -6.283e+04 2.557e+02 3.323e+02
|        ( - -3.428e+04 1 0)
|        ( - -2.830e+04 1 0)))
s>    ( QUESTION0 1 -1.807e+05 6.207e+02 9.692e+02
s>        ( - -1.173e+05 1 0)
s>        ( QUESTION0_0_R 1 -6.283e+04 2.557e+02 3.323e+02
s>            ( - -3.428e+04 1 0)
s>            ( - -2.830e+04 1 0)))INFO: dtree.c(1315): Comp split 24
INFO: dtree.c(1439): stop. leaf nodes are specific
INFO: dtree.c(1478): Final simple tree
|( WDBNDRY_E 0 -2.717e+05 6.496e+02 1.471e+03
|    ( - -2.287e+05 1 0)
|    ( - -4.230e+04 1 0))
s>    ( WDBNDRY_E 0 -2.717e+05 6.496e+02 1.471e+03
s>        ( - -2.287e+05 1 0)
s>        ( - -4.230e+04 1 0))INFO: dtree.c(1439): stop. leaf nodes are specific
INFO: dtree.c(1478): Final simple tree
|( QUESTION0 1 -1.891e+05 4.111e+02 1.039e+03
|    ( - -3.271e+04 1 0)
|    ( - -1.560e+05 1 0))
s>    ( QUESTION0 1 -1.891e+05 4.111e+02 1.039e+03
s>        ( - -3.271e+04 1 0)
s>        ( - -1.560e+05 1 0))INFO: dtree.c(1315): Comp split 25
INFO: dtree.c(1439): stop. leaf nodes are specific
INFO: dtree.c(1478): Final simple tree
|( WDBNDRY_B 0 -7.948e+04 5.305e+02 4.159e+02
|    ( - -3.396e+04 1 0)
|    ( - -4.499e+04 1 0))
s>    ( WDBNDRY_B 0 -7.948e+04 5.305e+02 4.159e+02
s>        ( - -3.396e+04 1 0)
s>        ( - -4.499e+04 1 0))INFO: dtree.c(1315): Comp split 26
INFO: dtree.c(1439): stop. leaf nodes are specific
INFO: dtree.c(1478): Final simple tree
|( QUESTION0_0_R 1 -2.073e+05 5.759e+02 1.168e+03
|    ( - -8.233e+04 1 0)
|    ( QUESTION0_9_R 1 -1.244e+05 5.515e+02 7.156e+02
|        ( - -1.063e+04 1 0)
|        ( QUESTION0_16_R 1 -1.132e+05 3.915e+02 6.535e+02
|            ( - -8.499e+04 1 0)
|            ( - -2.780e+04 1 0))))
s>    ( QUESTION0_0_R 1 -2.073e+05 5.759e+02 1.168e+03
s>        ( - -8.233e+04 1 0)
s>        ( QUESTION0_9_R 1 -1.244e+05 5.515e+02 7.156e+02
s>            ( - -1.063e+04 1 0)
s>            ( QUESTION0_16_R 1 -1.132e+05 3.915e+02 6.535e+02
s>                ( - -8.499e+04 1 0)
s>                ( - -2.780e+04 1 0))))INFO: dtree.c(1439): stop. leaf nodes are specific
INFO: dtree.c(1478): Final simple tree
|( QUESTION2 -1 -1.898e+05 5.940e+02 1.053e+03
|    ( - -1.579e+05 1 0)
|    ( - -3.131e+04 1 0))
s>    ( QUESTION2 -1 -1.898e+05 5.940e+02 1.053e+03
s>        ( - -1.579e+05 1 0)
s>        ( - -3.131e+04 1 0))INFO: dtree.c(1315): Comp split 27
INFO: dtree.c(1439): stop. leaf nodes are specific
INFO: dtree.c(1478): Final simple tree
|( WDBNDRY_B 0 -1.170e+05 5.975e+02 6.547e+02
|    ( QUESTION0_0_R 1 -7.924e+04 3.441e+02 4.400e+02
|        ( - -4.557e+04 1 0)
|        ( - -3.333e+04 1 0))
|    ( - -3.717e+04 1 0))
s>    ( WDBNDRY_B 0 -1.170e+05 5.975e+02 6.547e+02
s>        ( QUESTION0_0_R 1 -7.924e+04 3.441e+02 4.400e+02
s>            ( - -4.557e+04 1 0)
s>            ( - -3.333e+04 1 0))
s>        ( - -3.717e+04 1 0))INFO: dtree.c(1315): Comp split 28
INFO: dtree.c(1439): stop. leaf nodes are specific
INFO: dtree.c(1478): Final simple tree
|( QUESTION0_0_R 1 -2.368e+05 6.059e+02 1.255e+03
|    ( - -2.059e+05 1 0)
|    ( - -3.031e+04 1 0))
s>    ( QUESTION0_0_R 1 -2.368e+05 6.059e+02 1.255e+03
s>        ( - -2.059e+05 1 0)
s>        ( - -3.031e+04 1 0))INFO: dtree.c(1315): Comp split 29
INFO: dtree.c(1315): Comp split 30
INFO: dtree.c(1439): stop. leaf nodes are specific
INFO: dtree.c(1478): Final simple tree
|( QUESTION0_0_R 1 -8.937e+04 5.345e+02 5.036e+02
|    ( - -1.699e+04 1 0)
|    ( - -7.185e+04 1 0))
s>    ( QUESTION0_0_R 1 -8.937e+04 5.345e+02 5.036e+02
s>        ( - -1.699e+04 1 0)
s>        ( - -7.185e+04 1 0))INFO: dtree.c(1315): Comp split 31
INFO: dtree.c(1439): stop. leaf nodes are specific
INFO: dtree.c(1478): Final simple tree
|( QUESTION15 -1 -2.304e+05 6.577e+02 1.290e+03
|    ( QUESTION0_0_R 1 -1.494e+05 5.027e+02 8.338e+02
|        ( QUESTION15 1 -7.058e+04 2.827e+02 3.979e+02
|            ( - -5.657e+04 1 0)
|            ( - -1.373e+04 1 0))
|        ( QUESTION0_13_R 1 -7.831e+04 1.474e+02 4.360e+02
|            ( - -5.420e+04 1 0)
|            ( - -2.396e+04 1 0)))
|    ( - -8.040e+04 1 0))
s>    ( QUESTION15 -1 -2.304e+05 6.577e+02 1.290e+03
s>        ( QUESTION0_0_R 1 -1.494e+05 5.027e+02 8.338e+02
s>            ( QUESTION15 1 -7.058e+04 2.827e+02 3.979e+02
s>                ( - -5.657e+04 1 0)
s>                ( - -1.373e+04 1 0))
s>            ( QUESTION0_13_R 1 -7.831e+04 1.474e+02 4.360e+02
s>                ( - -5.420e+04 1 0)
s>                ( - -2.396e+04 1 0)))
s>        ( - -8.040e+04 1 0))INFO: dtree.c(1439): stop. leaf nodes are specific
INFO: dtree.c(1478): Final simple tree
|( QUESTION0 1 -1.009e+05 4.193e+02 5.464e+02
|    ( - -3.003e+04 1 0)
|    ( - -7.041e+04 1 0))
s>    ( QUESTION0 1 -1.009e+05 4.193e+02 5.464e+02
s>        ( - -3.003e+04 1 0)
s>        ( - -7.041e+04 1 0))INFO: dtree.c(1315): Comp split 32
INFO: dtree.c(1315): Comp split 33
INFO: dtree.c(1439): stop. leaf nodes are specific
INFO: dtree.c(1478): Final simple tree
|( QUESTION0_0_R 1 -3.470e+05 5.645e+02 2.007e+03
|    ( - -1.958e+05 1 0)
|    ( QUESTION0_16_R 1 -1.506e+05 5.109e+02 8.687e+02
|        ( - -1.056e+05 1 0)
|        ( - -4.451e+04 1 0)))
s>    ( QUESTION0_0_R 1 -3.470e+05 5.645e+02 2.007e+03
s>        ( - -1.958e+05 1 0)
s>        ( QUESTION0_16_R 1 -1.506e+05 5.109e+02 8.687e+02
s>            ( - -1.056e+05 1 0)
s>            ( - -4.451e+04 1 0)))INFO: dtree.c(1315): Comp split 34
INFO: dtree.c(1439): stop. leaf nodes are specific
INFO: dtree.c(1478): Final simple tree
|( QUESTION0_0_R 1 -1.494e+05 5.027e+02 8.338e+02
|    ( QUESTION15 1 -7.058e+04 2.827e+02 3.979e+02
|        ( - -5.657e+04 1 0)
|        ( - -1.373e+04 1 0))
|    ( QUESTION0_13_R 1 -7.831e+04 1.474e+02 4.360e+02
|        ( - -5.420e+04 1 0)
|        ( - -2.396e+04 1 0)))
s>    ( QUESTION0_0_R 1 -1.494e+05 5.027e+02 8.338e+02
s>        ( QUESTION15 1 -7.058e+04 2.827e+02 3.979e+02
s>            ( - -5.657e+04 1 0)
s>            ( - -1.373e+04 1 0))
s>        ( QUESTION0_13_R 1 -7.831e+04 1.474e+02 4.360e+02
s>            ( - -5.420e+04 1 0)
s>            ( - -2.396e+04 1 0)))INFO: dtree.c(1315): Comp split 35
INFO: dtree.c(1315): Comp split 36
INFO: dtree.c(1439): stop. leaf nodes are specific
INFO: dtree.c(1478): Final simple tree
|( QUESTION0_0_R 1 -1.528e+05 5.366e+02 8.258e+02
|    ( - -2.187e+04 1 0)
|    ( QUESTION0_13_R 1 -1.304e+05 3.822e+02 7.049e+02
|        ( - -7.600e+04 1 0)
|        ( - -5.400e+04 1 0)))
s>    ( QUESTION0_0_R 1 -1.528e+05 5.366e+02 8.258e+02
s>        ( - -2.187e+04 1 0)
s>        ( QUESTION0_13_R 1 -1.304e+05 3.822e+02 7.049e+02
s>            ( - -7.600e+04 1 0)
s>            ( - -5.400e+04 1 0)))INFO: dtree.c(1315): Comp split 37
INFO: dtree.c(1439): stop. leaf nodes are specific
INFO: dtree.c(1478): Final simple tree
|( QUESTION0_0_R 1 -6.283e+04 2.557e+02 3.323e+02
|    ( - -3.428e+04 1 0)
|    ( - -2.830e+04 1 0))
s>    ( QUESTION0_0_R 1 -6.283e+04 2.557e+02 3.323e+02
s>        ( - -3.428e+04 1 0)
s>        ( - -2.830e+04 1 0))INFO: dtree.c(1315): Comp split 38
INFO: dtree.c(1315): Comp split 39
INFO: dtree.c(1315): Comp split 40
INFO: dtree.c(1439): stop. leaf nodes are specific
INFO: dtree.c(1478): Final simple tree
|( QUESTION0_0_R 1 -7.924e+04 3.441e+02 4.400e+02
|    ( - -4.557e+04 1 0)
|    ( - -3.333e+04 1 0))
s>    ( QUESTION0_0_R 1 -7.924e+04 3.441e+02 4.400e+02
s>        ( - -4.557e+04 1 0)
s>        ( - -3.333e+04 1 0))INFO: dtree.c(1315): Comp split 41
INFO: dtree.c(1315): Comp split 42
INFO: dtree.c(1315): Comp split 43
INFO: dtree.c(1439): stop. leaf nodes are specific
INFO: dtree.c(1478): Final simple tree
|( QUESTION0_9_R 1 -1.244e+05 5.515e+02 7.156e+02
|    ( - -1.063e+04 1 0)
|    ( QUESTION0_16_R 1 -1.132e+05 3.915e+02 6.535e+02
|        ( - -8.499e+04 1 0)
|        ( - -2.780e+04 1 0)))
s>    ( QUESTION0_9_R 1 -1.244e+05 5.515e+02 7.156e+02
s>        ( - -1.063e+04 1 0)
s>        ( QUESTION0_16_R 1 -1.132e+05 3.915e+02 6.535e+02
s>            ( - -8.499e+04 1 0)
s>            ( - -2.780e+04 1 0)))INFO: dtree.c(1315): Comp split 44
INFO: dtree.c(1439): stop. leaf nodes are specific
INFO: dtree.c(1478): Final simple tree
|( QUESTION0 1 -3.734e+05 4.666e+02 1.971e+03
|    ( - -8.605e+04 1 0)
|    ( - -2.868e+05 1 0))
s>    ( QUESTION0 1 -3.734e+05 4.666e+02 1.971e+03
s>        ( - -8.605e+04 1 0)
s>        ( - -2.868e+05 1 0))INFO: dtree.c(1439): stop. leaf nodes are specific
INFO: dtree.c(1478): Final simple tree
|( QUESTION0_3_R 1 -9.021e+04 4.682e+02 4.820e+02
|    ( - -5.450e+04 1 0)
|    ( - -3.524e+04 1 0))
s>    ( QUESTION0_3_R 1 -9.021e+04 4.682e+02 4.820e+02
s>        ( - -5.450e+04 1 0)
s>        ( - -3.524e+04 1 0))INFO: dtree.c(1315): Comp split 45
INFO: dtree.c(1439): stop. leaf nodes are specific
INFO: dtree.c(1478): Final simple tree
|( QUESTION0_16_R 1 -1.506e+05 5.109e+02 8.687e+02
|    ( - -1.056e+05 1 0)
|    ( - -4.451e+04 1 0))
s>    ( QUESTION0_16_R 1 -1.506e+05 5.109e+02 8.687e+02
s>        ( - -1.056e+05 1 0)
s>        ( - -4.451e+04 1 0))INFO: dtree.c(1315): Comp split 46
INFO: dtree.c(1439): stop. leaf nodes are specific
INFO: dtree.c(1478): Final simple tree
|( QUESTION0_16_R 1 -1.132e+05 3.915e+02 6.535e+02
|    ( - -8.499e+04 1 0)
|    ( - -2.780e+04 1 0))
s>    ( QUESTION0_16_R 1 -1.132e+05 3.915e+02 6.535e+02
s>        ( - -8.499e+04 1 0)
s>        ( - -2.780e+04 1 0))INFO: dtree.c(1315): Comp split 47
INFO: dtree.c(1439): stop. leaf nodes are specific
INFO: dtree.c(1478): Final simple tree
|( QUESTION0_13_R 1 -1.304e+05 3.822e+02 7.049e+02
|    ( - -7.600e+04 1 0)
|    ( - -5.400e+04 1 0))
s>    ( QUESTION0_13_R 1 -1.304e+05 3.822e+02 7.049e+02
s>        ( - -7.600e+04 1 0)
s>        ( - -5.400e+04 1 0))INFO: dtree.c(1315): Comp split 48
INFO: dtree.c(1315): Comp split 49
INFO: dtree.c(1315): Comp split 50
INFO: dtree.c(1315): Comp split 51
INFO: dtree.c(1439): stop. leaf nodes are specific
INFO: dtree.c(1478): Final simple tree
|( QUESTION0_13_R 1 -7.831e+04 1.474e+02 4.360e+02
|    ( - -5.420e+04 1 0)
|    ( - -2.396e+04 1 0))
s>    ( QUESTION0_13_R 1 -7.831e+04 1.474e+02 4.360e+02
s>        ( - -5.420e+04 1 0)
s>        ( - -2.396e+04 1 0))INFO: dtree.c(1439): stop. leaf nodes are specific
INFO: dtree.c(1478): Final simple tree
|( QUESTION15 1 -7.058e+04 2.827e+02 3.979e+02
|    ( - -5.657e+04 1 0)
|    ( - -1.373e+04 1 0))
s>    ( QUESTION15 1 -7.058e+04 2.827e+02 3.979e+02
s>        ( - -5.657e+04 1 0)
s>        ( - -1.373e+04 1 0))INFO: dtree.c(1315): Comp split 52
INFO: dtree.c(1315): Comp split 53
INFO: dtree.c(1315): Comp split 54
INFO: dtree.c(1439): stop. leaf nodes are specific
INFO: dtree.c(1478): Final simple tree
|( QUESTION0_0_R 1 -1.086e+05 3.922e+02 6.309e+02
|    ( - -4.857e+04 1 0)
|    ( - -5.960e+04 1 0))
s>    ( QUESTION0_0_R 1 -1.086e+05 3.922e+02 6.309e+02
s>        ( - -4.857e+04 1 0)
s>        ( - -5.960e+04 1 0))INFO: dtree.c(1315): Comp split 55
INFO: dtree.c(1315): Comp split 56
INFO: dtree.c(1315): Comp split 57
INFO: dtree.c(1315): Comp split 58
INFO: dtree.c(1315): Comp split 59
INFO: dtree.c(1315): Comp split 60
INFO: dtree.c(1315): Comp split 61
INFO: dtree.c(1315): Comp split 62
INFO: dtree.c(1315): Comp split 63
INFO: dtree.c(1315): Comp split 64
INFO: dtree.c(1315): Comp split 65
INFO: dtree.c(1315): Comp split 66
INFO: dtree.c(1318): stop. leaf nodes are specific
Tue Jun  9 01:50:04 2020
