Current configuration:
[NAME]		[DEFLT]	[VALUE]
-allphones	no	no
-cntthresh	0.00001	1.000000e-05
-csplitmax	100	2000
-csplitmin	1	1
-csplitthr	8e-4	0.000000e+00
-example	no	no
-fullvar	no	no
-help		no	no
-meanfn			/home/nattapong/Downloads/acoustic_model/model_parameters/acoustic_model.cd_cont_untied/means
-mixwfn			/home/nattapong/Downloads/acoustic_model/model_parameters/acoustic_model.cd_cont_untied/mixture_weights
-moddeffn		/home/nattapong/Downloads/acoustic_model/model_architecture/acoustic_model.untied.mdef
-mwfloor	1e-4	1.000000e-08
-phone			N
-psetfn			/home/nattapong/Downloads/acoustic_model/model_architecture/acoustic_model.tree_questions
-ssplitmax	5	7
-ssplitmin	1	1
-ssplitthr	8e-4	0.000000e+00
-state			2
-stwt			1.0,0.05,0.0,
-treefn			/home/nattapong/Downloads/acoustic_model/trees/acoustic_model.unpruned/N-2.dtree
-ts2cbfn	.semi.	.cont.
-varfloor	0.00001	1.000000e-05
-varfn			/home/nattapong/Downloads/acoustic_model/model_parameters/acoustic_model.cd_cont_untied/variances

INFO: main.c(223): Reading: /home/nattapong/Downloads/acoustic_model/model_architecture/acoustic_model.untied.mdef
INFO: model_def_io.c(573): Model definition info:
INFO: model_def_io.c(574): 416 total models defined (36 base, 380 tri)
INFO: model_def_io.c(575): 1664 total states
INFO: model_def_io.c(576): 1248 total tied states
INFO: model_def_io.c(577): 108 total tied CI states
INFO: model_def_io.c(578): 36 total tied transition matrices
INFO: model_def_io.c(579): 4 max state/model
INFO: model_def_io.c(580): 4 min state/model
INFO: main.c(242): Building trees for [N A A i] through [N U T i]
INFO: main.c(268): Covering states |[768 848]| == 81
INFO: main.c(275): Reading: /home/nattapong/Downloads/acoustic_model/model_parameters/acoustic_model.cd_cont_untied/mixture_weights
INFO: s3mixw_io.c(172): Read /home/nattapong/Downloads/acoustic_model/model_parameters/acoustic_model.cd_cont_untied/mixture_weights [81x1x1 array]
INFO: main.c(311): 27 of 27 models have observation count greater than 0.000010
INFO: main.c(95): nrm stwt: 0.000 0.048 0.952 
INFO: s3gau_io.c(168): Read /home/nattapong/Downloads/acoustic_model/model_parameters/acoustic_model.cd_cont_untied/means [1248x1x1 array]
INFO: s3gau_io.c(168): Read /home/nattapong/Downloads/acoustic_model/model_parameters/acoustic_model.cd_cont_untied/variances [1248x1x1 array]
INFO: main.c(549): Reading: /home/nattapong/Downloads/acoustic_model/model_architecture/acoustic_model.tree_questions
INFO: main.c(587): 178 total simple questions (170 phone; 8 word bndry)
INFO: main.c(589): 42 Left Only questions, and 40 Right Only questions
INFO: dtree.c(1478): Final simple tree
|( QUESTION0_9_R 1 -2.245e+06 1.488e+04 1.259e+04
|    ( - -1.326e+05 4 0 QUESTION14 -1 5.930e+02 7.217e+02)
|    ( QUESTION2 -1 -2.098e+06 1.190e+04 1.187e+04
|        ( QUESTION0_6_R 1 -1.032e+06 6.357e+03 6.052e+03
|            ( QUESTION3 -1 -2.673e+05 3.675e+03 1.553e+03
|                ( - -2.455e+05 1 0)
|                ( - -1.812e+04 1 0))
|            ( - -7.587e+05 10 0 QUESTION6 -1 2.127e+03 4.499e+03))
|        ( QUESTION0_7_R 1 -1.054e+06 6.646e+03 5.814e+03
|            ( - -7.686e+04 2 0 QUESTION0 -1 2.956e+02 4.012e+02)
|            ( QUESTION0_1_R 1 -9.701e+05 4.555e+03 5.413e+03
|                ( - -7.524e+04 2 0 QUESTION0 -1 4.341e+02 3.933e+02)
|                ( WDBNDRY_E 0 -8.903e+05 4.394e+03 5.020e+03
|                    ( - -3.537e+05 3 0 QUESTION2_2_L -1 4.480e+02 1.939e+03)
|                    ( - -5.323e+05 4 0 QUESTION0_6_R 1 1.938e+03 3.081e+03))))))
s>    ( QUESTION0_9_R 1 -2.245e+06 1.488e+04 1.259e+04
s>        ( - -1.326e+05 4 0 QUESTION14 -1 5.930e+02 7.217e+02)
s>        ( QUESTION2 -1 -2.098e+06 1.190e+04 1.187e+04
s>            ( QUESTION0_6_R 1 -1.032e+06 6.357e+03 6.052e+03
s>                ( QUESTION3 -1 -2.673e+05 3.675e+03 1.553e+03
s>                    ( - -2.455e+05 1 0)
s>                    ( - -1.812e+04 1 0))
s>                ( - -7.587e+05 10 0 QUESTION6 -1 2.127e+03 4.499e+03))
s>            ( QUESTION0_7_R 1 -1.054e+06 6.646e+03 5.814e+03
s>                ( - -7.686e+04 2 0 QUESTION0 -1 2.956e+02 4.012e+02)
s>                ( QUESTION0_1_R 1 -9.701e+05 4.555e+03 5.413e+03
s>                    ( - -7.524e+04 2 0 QUESTION0 -1 4.341e+02 3.933e+02)
s>                    ( WDBNDRY_E 0 -8.903e+05 4.394e+03 5.020e+03
s>                        ( - -3.537e+05 3 0 QUESTION2_2_L -1 4.480e+02 1.939e+03)
s>                        ( - -5.323e+05 4 0 QUESTION0_6_R 1 1.938e+03 3.081e+03))))))INFO: dtree.c(1315): Comp split 0
INFO: dtree.c(1478): Final simple tree
|( QUESTION0_7_R 1 -1.548e+06 8.179e+03 9.046e+03
|    ( - -2.455e+05 1 0)
|    ( QUESTION6 -1 -1.294e+06 3.941e+03 7.581e+03
|        ( QUESTION2 1 -3.909e+05 1.707e+03 2.357e+03
|            ( - -2.740e+05 2 0 QUESTION3 1 7.413e+02 1.669e+03)
|            ( - -1.152e+05 3 0 QUESTION0_0_R 1 6.018e+02 6.884e+02))
|        ( QUESTION0_17_R 1 -8.993e+05 1.980e+03 5.223e+03
|            ( - -2.975e+05 1 0)
|            ( QUESTION0_6_R 1 -5.998e+05 1.716e+03 3.507e+03
|                ( - -1.203e+05 1 0)
|                ( QUESTION5 -1 -4.778e+05 1.939e+03 2.785e+03
|                    ( QUESTION0_0_R 1 -3.544e+05 1.568e+03 2.085e+03
|                        ( - -2.280e+05 3 0 QUESTION14 1 8.608e+02 1.354e+03)
|                        ( - -1.248e+05 1 0))
|                    ( - -1.214e+05 3 0 QUESTION0_8_R 1 9.713e+02 7.003e+02))))))
s>    ( QUESTION0_7_R 1 -1.548e+06 8.179e+03 9.046e+03
s>        ( - -2.455e+05 1 0)
s>        ( QUESTION6 -1 -1.294e+06 3.941e+03 7.581e+03
s>            ( QUESTION2 1 -3.909e+05 1.707e+03 2.357e+03
s>                ( - -2.740e+05 2 0 QUESTION3 1 7.413e+02 1.669e+03)
s>                ( - -1.152e+05 3 0 QUESTION0_0_R 1 6.018e+02 6.884e+02))
s>            ( QUESTION0_17_R 1 -8.993e+05 1.980e+03 5.223e+03
s>                ( - -2.975e+05 1 0)
s>                ( QUESTION0_6_R 1 -5.998e+05 1.716e+03 3.507e+03
s>                    ( - -1.203e+05 1 0)
s>                    ( QUESTION5 -1 -4.778e+05 1.939e+03 2.785e+03
s>                        ( QUESTION0_0_R 1 -3.544e+05 1.568e+03 2.085e+03
s>                            ( - -2.280e+05 3 0 QUESTION14 1 8.608e+02 1.354e+03)
s>                            ( - -1.248e+05 1 0))
s>                        ( - -1.214e+05 3 0 QUESTION0_8_R 1 9.713e+02 7.003e+02))))))INFO: dtree.c(1478): Final simple tree
|( QUESTION0_8_R 1 -6.746e+05 8.813e+03 3.542e+03
|    ( QUESTION14 -1 -1.326e+05 5.930e+02 7.217e+02
|        ( - -2.682e+04 1 0)
|        ( - -1.052e+05 3 0 QUESTION0 -1 3.495e+02 5.704e+02))
|    ( WDBNDRY_E 0 -5.331e+05 6.270e+03 2.821e+03
|        ( QUESTION2_2_L -1 -3.537e+05 4.480e+02 1.939e+03
|            ( - -2.615e+04 1 0)
|            ( - -3.271e+05 2 0))
|        ( QUESTION0_1_R 1 -1.732e+05 2.418e+03 8.822e+02
|            ( QUESTION0 -1 -7.524e+04 4.341e+02 3.933e+02
|                ( - -4.715e+04 1 0)
|                ( - -2.766e+04 1 0))
|            ( QUESTION2 -1 -9.553e+04 5.411e+02 4.889e+02
|                ( - -1.812e+04 1 0)
|                ( - -7.686e+04 2 0 QUESTION0 -1 2.956e+02 4.012e+02)))))
s>    ( QUESTION0_8_R 1 -6.746e+05 8.813e+03 3.542e+03
s>        ( QUESTION14 -1 -1.326e+05 5.930e+02 7.217e+02
s>            ( - -2.682e+04 1 0)
s>            ( - -1.052e+05 3 0 QUESTION0 -1 3.495e+02 5.704e+02))
s>        ( WDBNDRY_E 0 -5.331e+05 6.270e+03 2.821e+03
s>            ( QUESTION2_2_L -1 -3.537e+05 4.480e+02 1.939e+03
s>                ( - -2.615e+04 1 0)
s>                ( - -3.271e+05 2 0))
s>            ( QUESTION0_1_R 1 -1.732e+05 2.418e+03 8.822e+02
s>                ( QUESTION0 -1 -7.524e+04 4.341e+02 3.933e+02
s>                    ( - -4.715e+04 1 0)
s>                    ( - -2.766e+04 1 0))
s>                ( QUESTION2 -1 -9.553e+04 5.411e+02 4.889e+02
s>                    ( - -1.812e+04 1 0)
s>                    ( - -7.686e+04 2 0 QUESTION0 -1 2.956e+02 4.012e+02)))))INFO: dtree.c(1315): Comp split 1
INFO: dtree.c(1439): stop. leaf nodes are specific
INFO: dtree.c(1478): Final simple tree
|( WDBNDRY_E 0 -5.331e+05 6.270e+03 2.821e+03
|    ( QUESTION2_2_L -1 -3.537e+05 4.480e+02 1.939e+03
|        ( - -2.615e+04 1 0)
|        ( - -3.271e+05 2 0))
|    ( QUESTION0_1_R 1 -1.732e+05 2.418e+03 8.822e+02
|        ( QUESTION0 -1 -7.524e+04 4.341e+02 3.933e+02
|            ( - -4.715e+04 1 0)
|            ( - -2.766e+04 1 0))
|        ( QUESTION2 -1 -9.553e+04 5.411e+02 4.889e+02
|            ( - -1.812e+04 1 0)
|            ( QUESTION0 -1 -7.686e+04 2.956e+02 4.012e+02
|                ( - -6.867e+04 1 0)
|                ( - -7.898e+03 1 0)))))
s>    ( WDBNDRY_E 0 -5.331e+05 6.270e+03 2.821e+03
s>        ( QUESTION2_2_L -1 -3.537e+05 4.480e+02 1.939e+03
s>            ( - -2.615e+04 1 0)
s>            ( - -3.271e+05 2 0))
s>        ( QUESTION0_1_R 1 -1.732e+05 2.418e+03 8.822e+02
s>            ( QUESTION0 -1 -7.524e+04 4.341e+02 3.933e+02
s>                ( - -4.715e+04 1 0)
s>                ( - -2.766e+04 1 0))
s>            ( QUESTION2 -1 -9.553e+04 5.411e+02 4.889e+02
s>                ( - -1.812e+04 1 0)
s>                ( QUESTION0 -1 -7.686e+04 2.956e+02 4.012e+02
s>                    ( - -6.867e+04 1 0)
s>                    ( - -7.898e+03 1 0)))))INFO: dtree.c(1439): stop. leaf nodes are specific
INFO: dtree.c(1478): Final simple tree
|( QUESTION14 -1 -1.326e+05 5.930e+02 7.217e+02
|    ( - -2.682e+04 1 0)
|    ( QUESTION0 -1 -1.052e+05 3.495e+02 5.704e+02
|        ( - -8.736e+04 2 0)
|        ( - -1.751e+04 1 0)))
s>    ( QUESTION14 -1 -1.326e+05 5.930e+02 7.217e+02
s>        ( - -2.682e+04 1 0)
s>        ( QUESTION0 -1 -1.052e+05 3.495e+02 5.704e+02
s>            ( - -8.736e+04 2 0)
s>            ( - -1.751e+04 1 0)))INFO: dtree.c(1315): Comp split 2
INFO: dtree.c(1478): Final simple tree
|( QUESTION0_3_R 1 -1.177e+06 3.645e+03 6.892e+03
|    ( QUESTION0 -1 -5.369e+05 1.485e+03 3.212e+03
|        ( - -3.239e+04 1 0)
|        ( QUESTION6 -1 -5.031e+05 1.051e+03 3.023e+03
|            ( - -2.740e+05 2 0 QUESTION3 1 7.413e+02 1.669e+03)
|            ( QUESTION14 1 -2.280e+05 8.608e+02 1.354e+03
|                ( - -4.092e+04 1 0)
|                ( - -1.862e+05 2 0 QUESTION0 1 6.457e+02 1.103e+03))))
|    ( QUESTION0_0_R 1 -6.362e+05 1.883e+03 3.681e+03
|        ( - -1.203e+05 1 0)
|        ( QUESTION0_17_R 1 -5.140e+05 1.401e+03 2.959e+03
|            ( - -2.975e+05 1 0)
|            ( QUESTION5 -1 -2.151e+05 1.644e+03 1.242e+03
|                ( - -1.248e+05 1 0)
|                ( - -8.859e+04 2 0 WDBNDRY_E 0 8.492e+02 5.118e+02)))))
s>    ( QUESTION0_3_R 1 -1.177e+06 3.645e+03 6.892e+03
s>        ( QUESTION0 -1 -5.369e+05 1.485e+03 3.212e+03
s>            ( - -3.239e+04 1 0)
s>            ( QUESTION6 -1 -5.031e+05 1.051e+03 3.023e+03
s>                ( - -2.740e+05 2 0 QUESTION3 1 7.413e+02 1.669e+03)
s>                ( QUESTION14 1 -2.280e+05 8.608e+02 1.354e+03
s>                    ( - -4.092e+04 1 0)
s>                    ( - -1.862e+05 2 0 QUESTION0 1 6.457e+02 1.103e+03))))
s>        ( QUESTION0_0_R 1 -6.362e+05 1.883e+03 3.681e+03
s>            ( - -1.203e+05 1 0)
s>            ( QUESTION0_17_R 1 -5.140e+05 1.401e+03 2.959e+03
s>                ( - -2.975e+05 1 0)
s>                ( QUESTION5 -1 -2.151e+05 1.644e+03 1.242e+03
s>                    ( - -1.248e+05 1 0)
s>                    ( - -8.859e+04 2 0 WDBNDRY_E 0 8.492e+02 5.118e+02)))))INFO: dtree.c(1439): stop. leaf nodes are specific
INFO: dtree.c(1478): Final simple tree
|( QUESTION0_6_R 1 -3.625e+05 1.789e+03 2.153e+03
|    ( - -2.455e+05 1 0)
|    ( QUESTION0_0_R 1 -1.152e+05 6.018e+02 6.884e+02
|        ( - -4.455e+04 1 0)
|        ( QUESTION0_16_R 1 -7.009e+04 4.534e+02 4.208e+02
|            ( - -3.937e+04 1 0)
|            ( - -3.027e+04 1 0))))
s>    ( QUESTION0_6_R 1 -3.625e+05 1.789e+03 2.153e+03
s>        ( - -2.455e+05 1 0)
s>        ( QUESTION0_0_R 1 -1.152e+05 6.018e+02 6.884e+02
s>            ( - -4.455e+04 1 0)
s>            ( QUESTION0_16_R 1 -7.009e+04 4.534e+02 4.208e+02
s>                ( - -3.937e+04 1 0)
s>                ( - -3.027e+04 1 0))))INFO: dtree.c(1315): Comp split 3
INFO: dtree.c(1439): stop. leaf nodes are specific
INFO: dtree.c(1478): Final simple tree
|( QUESTION0_1_R 1 -1.732e+05 2.418e+03 8.822e+02
|    ( QUESTION0 -1 -7.524e+04 4.341e+02 3.933e+02
|        ( - -4.715e+04 1 0)
|        ( - -2.766e+04 1 0))
|    ( QUESTION2 -1 -9.553e+04 5.411e+02 4.889e+02
|        ( - -1.812e+04 1 0)
|        ( QUESTION0 -1 -7.686e+04 2.956e+02 4.012e+02
|            ( - -6.867e+04 1 0)
|            ( - -7.898e+03 1 0))))
s>    ( QUESTION0_1_R 1 -1.732e+05 2.418e+03 8.822e+02
s>        ( QUESTION0 -1 -7.524e+04 4.341e+02 3.933e+02
s>            ( - -4.715e+04 1 0)
s>            ( - -2.766e+04 1 0))
s>        ( QUESTION2 -1 -9.553e+04 5.411e+02 4.889e+02
s>            ( - -1.812e+04 1 0)
s>            ( QUESTION0 -1 -7.686e+04 2.956e+02 4.012e+02
s>                ( - -6.867e+04 1 0)
s>                ( - -7.898e+03 1 0))))INFO: dtree.c(1439): stop. leaf nodes are specific
INFO: dtree.c(1478): Final simple tree
|( QUESTION2_2_L -1 -3.537e+05 4.480e+02 1.939e+03
|    ( - -2.615e+04 1 0)
|    ( - -3.271e+05 2 0))
s>    ( QUESTION2_2_L -1 -3.537e+05 4.480e+02 1.939e+03
s>        ( - -2.615e+04 1 0)
s>        ( - -3.271e+05 2 0))INFO: dtree.c(1315): Comp split 4
INFO: dtree.c(1439): stop. leaf nodes are specific
INFO: dtree.c(1478): Final simple tree
|( QUESTION6 -1 -5.031e+05 1.051e+03 3.023e+03
|    ( QUESTION3 1 -2.740e+05 7.413e+02 1.669e+03
|        ( - -2.338e+05 1 0)
|        ( - -3.949e+04 1 0))
|    ( QUESTION14 1 -2.280e+05 8.608e+02 1.354e+03
|        ( - -4.092e+04 1 0)
|        ( QUESTION0 1 -1.862e+05 6.457e+02 1.103e+03
|            ( - -6.980e+04 1 0)
|            ( - -1.158e+05 1 0))))
s>    ( QUESTION6 -1 -5.031e+05 1.051e+03 3.023e+03
s>        ( QUESTION3 1 -2.740e+05 7.413e+02 1.669e+03
s>            ( - -2.338e+05 1 0)
s>            ( - -3.949e+04 1 0))
s>        ( QUESTION14 1 -2.280e+05 8.608e+02 1.354e+03
s>            ( - -4.092e+04 1 0)
s>            ( QUESTION0 1 -1.862e+05 6.457e+02 1.103e+03
s>                ( - -6.980e+04 1 0)
s>                ( - -1.158e+05 1 0))))INFO: dtree.c(1439): stop. leaf nodes are specific
INFO: dtree.c(1478): Final simple tree
|( QUESTION0_6_R 1 -6.697e+05 2.017e+03 3.869e+03
|    ( - -1.203e+05 1 0)
|    ( QUESTION0_8_R 1 -5.473e+05 1.760e+03 3.148e+03
|        ( QUESTION0 -1 -5.028e+05 1.300e+03 2.902e+03
|            ( QUESTION0_16_R 1 -3.767e+05 1.453e+03 2.171e+03
|                ( - -7.770e+04 1 0)
|                ( - -2.975e+05 1 0))
|            ( - -1.248e+05 1 0))
|        ( WDBNDRY_E 0 -4.275e+04 3.210e+02 2.459e+02
|            ( - -1.004e+04 1 0)
|            ( - -3.239e+04 1 0))))
s>    ( QUESTION0_6_R 1 -6.697e+05 2.017e+03 3.869e+03
s>        ( - -1.203e+05 1 0)
s>        ( QUESTION0_8_R 1 -5.473e+05 1.760e+03 3.148e+03
s>            ( QUESTION0 -1 -5.028e+05 1.300e+03 2.902e+03
s>                ( QUESTION0_16_R 1 -3.767e+05 1.453e+03 2.171e+03
s>                    ( - -7.770e+04 1 0)
s>                    ( - -2.975e+05 1 0))
s>                ( - -1.248e+05 1 0))
s>            ( WDBNDRY_E 0 -4.275e+04 3.210e+02 2.459e+02
s>                ( - -1.004e+04 1 0)
s>                ( - -3.239e+04 1 0))))INFO: dtree.c(1315): Comp split 5
INFO: dtree.c(1439): stop. leaf nodes are specific
INFO: dtree.c(1478): Final simple tree
|( QUESTION0_8_R 1 -1.214e+05 9.713e+02 7.003e+02
|    ( - -7.770e+04 1 0)
|    ( WDBNDRY_E 0 -4.275e+04 3.210e+02 2.459e+02
|        ( - -1.004e+04 1 0)
|        ( - -3.239e+04 1 0)))
s>    ( QUESTION0_8_R 1 -1.214e+05 9.713e+02 7.003e+02
s>        ( - -7.770e+04 1 0)
s>        ( WDBNDRY_E 0 -4.275e+04 3.210e+02 2.459e+02
s>            ( - -1.004e+04 1 0)
s>            ( - -3.239e+04 1 0)))INFO: dtree.c(1439): stop. leaf nodes are specific
INFO: dtree.c(1478): Final simple tree
|( QUESTION0_0_R 1 -5.457e+05 1.926e+03 3.169e+03
|    ( - -1.203e+05 1 0)
|    ( QUESTION0_16_R 1 -4.235e+05 1.144e+03 2.447e+03
|        ( - -1.248e+05 1 0)
|        ( - -2.975e+05 1 0)))
s>    ( QUESTION0_0_R 1 -5.457e+05 1.926e+03 3.169e+03
s>        ( - -1.203e+05 1 0)
s>        ( QUESTION0_16_R 1 -4.235e+05 1.144e+03 2.447e+03
s>            ( - -1.248e+05 1 0)
s>            ( - -2.975e+05 1 0)))INFO: dtree.c(1315): Comp split 6
INFO: dtree.c(1439): stop. leaf nodes are specific
INFO: dtree.c(1478): Final simple tree
|( QUESTION2 -1 -9.553e+04 5.411e+02 4.889e+02
|    ( - -1.812e+04 1 0)
|    ( QUESTION0 -1 -7.686e+04 2.956e+02 4.012e+02
|        ( - -6.867e+04 1 0)
|        ( - -7.898e+03 1 0)))
s>    ( QUESTION2 -1 -9.553e+04 5.411e+02 4.889e+02
s>        ( - -1.812e+04 1 0)
s>        ( QUESTION0 -1 -7.686e+04 2.956e+02 4.012e+02
s>            ( - -6.867e+04 1 0)
s>            ( - -7.898e+03 1 0)))INFO: dtree.c(1439): stop. leaf nodes are specific
INFO: dtree.c(1478): Final simple tree
|( QUESTION0 -1 -7.524e+04 4.341e+02 3.933e+02
|    ( - -4.715e+04 1 0)
|    ( - -2.766e+04 1 0))
s>    ( QUESTION0 -1 -7.524e+04 4.341e+02 3.933e+02
s>        ( - -4.715e+04 1 0)
s>        ( - -2.766e+04 1 0))INFO: dtree.c(1315): Comp split 7
INFO: dtree.c(1439): stop. leaf nodes are specific
INFO: dtree.c(1478): Final simple tree
|( QUESTION0_16_R 1 -4.235e+05 1.144e+03 2.447e+03
|    ( - -1.248e+05 1 0)
|    ( - -2.975e+05 1 0))
s>    ( QUESTION0_16_R 1 -4.235e+05 1.144e+03 2.447e+03
s>        ( - -1.248e+05 1 0)
s>        ( - -2.975e+05 1 0))INFO: dtree.c(1315): Comp split 8
INFO: dtree.c(1439): stop. leaf nodes are specific
INFO: dtree.c(1478): Final simple tree
|( QUESTION0_0_R 1 -1.152e+05 6.018e+02 6.884e+02
|    ( - -4.455e+04 1 0)
|    ( QUESTION0_16_R 1 -7.009e+04 4.534e+02 4.208e+02
|        ( - -3.937e+04 1 0)
|        ( - -3.027e+04 1 0)))
s>    ( QUESTION0_0_R 1 -1.152e+05 6.018e+02 6.884e+02
s>        ( - -4.455e+04 1 0)
s>        ( QUESTION0_16_R 1 -7.009e+04 4.534e+02 4.208e+02
s>            ( - -3.937e+04 1 0)
s>            ( - -3.027e+04 1 0)))INFO: dtree.c(1315): Comp split 9
INFO: dtree.c(1439): stop. leaf nodes are specific
INFO: dtree.c(1478): Final simple tree
|( QUESTION3 1 -2.264e+05 7.080e+02 1.341e+03
|    ( - -1.158e+05 1 0)
|    ( QUESTION0 1 -1.099e+05 5.837e+02 6.505e+02
|        ( - -6.980e+04 1 0)
|        ( - -3.949e+04 1 0)))
s>    ( QUESTION3 1 -2.264e+05 7.080e+02 1.341e+03
s>        ( - -1.158e+05 1 0)
s>        ( QUESTION0 1 -1.099e+05 5.837e+02 6.505e+02
s>            ( - -6.980e+04 1 0)
s>            ( - -3.949e+04 1 0)))INFO: dtree.c(1439): stop. leaf nodes are specific
INFO: dtree.c(1478): Final simple tree
|( QUESTION2 1 -2.755e+05 8.258e+02 1.682e+03
|    ( - -2.338e+05 1 0)
|    ( - -4.092e+04 1 0))
s>    ( QUESTION2 1 -2.755e+05 8.258e+02 1.682e+03
s>        ( - -2.338e+05 1 0)
s>        ( - -4.092e+04 1 0))INFO: dtree.c(1315): Comp split 10
INFO: dtree.c(1315): Comp split 11
INFO: dtree.c(1439): stop. leaf nodes are specific
INFO: dtree.c(1478): Final simple tree
|( WDBNDRY_E 0 -4.275e+04 3.210e+02 2.459e+02
|    ( - -1.004e+04 1 0)
|    ( - -3.239e+04 1 0))
s>    ( WDBNDRY_E 0 -4.275e+04 3.210e+02 2.459e+02
s>        ( - -1.004e+04 1 0)
s>        ( - -3.239e+04 1 0))INFO: dtree.c(1315): Comp split 12
INFO: dtree.c(1315): Comp split 13
INFO: dtree.c(1439): stop. leaf nodes are specific
INFO: dtree.c(1478): Final simple tree
|( QUESTION0 1 -1.099e+05 5.837e+02 6.505e+02
|    ( - -6.980e+04 1 0)
|    ( - -3.949e+04 1 0))
s>    ( QUESTION0 1 -1.099e+05 5.837e+02 6.505e+02
s>        ( - -6.980e+04 1 0)
s>        ( - -3.949e+04 1 0))INFO: dtree.c(1315): Comp split 14
INFO: dtree.c(1439): stop. leaf nodes are specific
INFO: dtree.c(1478): Final simple tree
|( QUESTION0_16_R 1 -7.009e+04 4.534e+02 4.208e+02
|    ( - -3.937e+04 1 0)
|    ( - -3.027e+04 1 0))
s>    ( QUESTION0_16_R 1 -7.009e+04 4.534e+02 4.208e+02
s>        ( - -3.937e+04 1 0)
s>        ( - -3.027e+04 1 0))INFO: dtree.c(1315): Comp split 15
INFO: dtree.c(1439): stop. leaf nodes are specific
INFO: dtree.c(1478): Final simple tree
|( QUESTION0 -1 -1.052e+05 3.495e+02 5.704e+02
|    ( - -8.736e+04 2 0)
|    ( - -1.751e+04 1 0))
s>    ( QUESTION0 -1 -1.052e+05 3.495e+02 5.704e+02
s>        ( - -8.736e+04 2 0)
s>        ( - -1.751e+04 1 0))INFO: dtree.c(1315): Comp split 16
INFO: dtree.c(1315): Comp split 17
INFO: dtree.c(1439): stop. leaf nodes are specific
INFO: dtree.c(1478): Final simple tree
|( QUESTION0 -1 -7.686e+04 2.956e+02 4.012e+02
|    ( - -6.867e+04 1 0)
|    ( - -7.898e+03 1 0))
s>    ( QUESTION0 -1 -7.686e+04 2.956e+02 4.012e+02
s>        ( - -6.867e+04 1 0)
s>        ( - -7.898e+03 1 0))INFO: dtree.c(1315): Comp split 18
INFO: dtree.c(1315): Comp split 19
INFO: dtree.c(1315): Comp split 20
INFO: dtree.c(1315): Comp split 21
INFO: dtree.c(1315): Comp split 22
INFO: dtree.c(1315): Comp split 23
INFO: dtree.c(1315): Comp split 24
INFO: dtree.c(1318): stop. leaf nodes are specific
Tue Jun  9 01:50:02 2020
