Current configuration:
[NAME]		[DEFLT]	[VALUE]
-allphones	no	no
-cntthresh	0.00001	1.000000e-05
-csplitmax	100	2000
-csplitmin	1	1
-csplitthr	8e-4	0.000000e+00
-example	no	no
-fullvar	no	no
-help		no	no
-meanfn			/home/nattapong/Downloads/acoustic_model/model_parameters/acoustic_model.cd_cont_untied/means
-mixwfn			/home/nattapong/Downloads/acoustic_model/model_parameters/acoustic_model.cd_cont_untied/mixture_weights
-moddeffn		/home/nattapong/Downloads/acoustic_model/model_architecture/acoustic_model.untied.mdef
-mwfloor	1e-4	1.000000e-08
-phone			IH
-psetfn			/home/nattapong/Downloads/acoustic_model/model_architecture/acoustic_model.tree_questions
-ssplitmax	5	7
-ssplitmin	1	1
-ssplitthr	8e-4	0.000000e+00
-state			2
-stwt			1.0,0.05,0.0,
-treefn			/home/nattapong/Downloads/acoustic_model/trees/acoustic_model.unpruned/IH-2.dtree
-ts2cbfn	.semi.	.cont.
-varfloor	0.00001	1.000000e-05
-varfn			/home/nattapong/Downloads/acoustic_model/model_parameters/acoustic_model.cd_cont_untied/variances

INFO: main.c(223): Reading: /home/nattapong/Downloads/acoustic_model/model_architecture/acoustic_model.untied.mdef
INFO: model_def_io.c(573): Model definition info:
INFO: model_def_io.c(574): 416 total models defined (36 base, 380 tri)
INFO: model_def_io.c(575): 1664 total states
INFO: model_def_io.c(576): 1248 total tied states
INFO: model_def_io.c(577): 108 total tied CI states
INFO: model_def_io.c(578): 36 total tied transition matrices
INFO: model_def_io.c(579): 4 max state/model
INFO: model_def_io.c(580): 4 min state/model
INFO: main.c(242): Building trees for [IH D W i] through [IH W TH i]
INFO: main.c(268): Covering states |[555 590]| == 36
INFO: main.c(275): Reading: /home/nattapong/Downloads/acoustic_model/model_parameters/acoustic_model.cd_cont_untied/mixture_weights
INFO: s3mixw_io.c(172): Read /home/nattapong/Downloads/acoustic_model/model_parameters/acoustic_model.cd_cont_untied/mixture_weights [36x1x1 array]
INFO: main.c(311): 12 of 12 models have observation count greater than 0.000010
INFO: main.c(95): nrm stwt: 0.000 0.048 0.952 
INFO: s3gau_io.c(168): Read /home/nattapong/Downloads/acoustic_model/model_parameters/acoustic_model.cd_cont_untied/means [1248x1x1 array]
INFO: s3gau_io.c(168): Read /home/nattapong/Downloads/acoustic_model/model_parameters/acoustic_model.cd_cont_untied/variances [1248x1x1 array]
INFO: main.c(549): Reading: /home/nattapong/Downloads/acoustic_model/model_architecture/acoustic_model.tree_questions
INFO: main.c(587): 178 total simple questions (170 phone; 8 word bndry)
INFO: main.c(589): 42 Left Only questions, and 40 Right Only questions
INFO: dtree.c(1478): Final simple tree
|( QUESTION0_0_R 1 -1.178e+06 3.442e+03 6.090e+03
|    ( QUESTION2 -1 -4.490e+05 8.718e+02 2.400e+03
|        ( - -3.444e+05 2 0 QUESTION15 1 4.275e+02 1.855e+03)
|        ( - -1.037e+05 2 0 QUESTION19 -1 3.939e+02 5.448e+02))
|    ( WDBNDRY_E 0 -7.254e+05 2.739e+03 3.690e+03
|        ( QUESTION15 -1 -5.055e+05 1.474e+03 2.634e+03
|            ( - -1.738e+05 1 0)
|            ( - -3.302e+05 1 0))
|        ( QUESTION15 -1 -2.172e+05 7.737e+02 1.056e+03
|            ( - -1.123e+05 2 0 QUESTION2_0_L -1 4.125e+02 5.461e+02)
|            ( QUESTION0_13_R 1 -1.041e+05 6.033e+02 5.097e+02
|                ( QUESTION2 -1 -5.621e+04 5.051e+02 2.787e+02
|                    ( - -2.252e+04 1 0)
|                    ( - -3.318e+04 1 0))
|                ( - -4.731e+04 2 0 QUESTION2 1 2.363e+02 2.310e+02)))))
s>    ( QUESTION0_0_R 1 -1.178e+06 3.442e+03 6.090e+03
s>        ( QUESTION2 -1 -4.490e+05 8.718e+02 2.400e+03
s>            ( - -3.444e+05 2 0 QUESTION15 1 4.275e+02 1.855e+03)
s>            ( - -1.037e+05 2 0 QUESTION19 -1 3.939e+02 5.448e+02))
s>        ( WDBNDRY_E 0 -7.254e+05 2.739e+03 3.690e+03
s>            ( QUESTION15 -1 -5.055e+05 1.474e+03 2.634e+03
s>                ( - -1.738e+05 1 0)
s>                ( - -3.302e+05 1 0))
s>            ( QUESTION15 -1 -2.172e+05 7.737e+02 1.056e+03
s>                ( - -1.123e+05 2 0 QUESTION2_0_L -1 4.125e+02 5.461e+02)
s>                ( QUESTION0_13_R 1 -1.041e+05 6.033e+02 5.097e+02
s>                    ( QUESTION2 -1 -5.621e+04 5.051e+02 2.787e+02
s>                        ( - -2.252e+04 1 0)
s>                        ( - -3.318e+04 1 0))
s>                    ( - -4.731e+04 2 0 QUESTION2 1 2.363e+02 2.310e+02)))))INFO: dtree.c(1315): Comp split 0
INFO: dtree.c(1478): Final simple tree
|( WDBNDRY_E 0 -7.254e+05 2.739e+03 3.690e+03
|    ( QUESTION15 -1 -5.055e+05 1.474e+03 2.634e+03
|        ( - -1.738e+05 1 0)
|        ( - -3.302e+05 1 0))
|    ( QUESTION15 -1 -2.172e+05 7.737e+02 1.056e+03
|        ( QUESTION2_0_L -1 -1.123e+05 4.125e+02 5.461e+02
|            ( - -2.125e+04 1 0)
|            ( - -9.064e+04 1 0))
|        ( QUESTION0_13_R 1 -1.041e+05 6.033e+02 5.097e+02
|            ( QUESTION2 -1 -5.621e+04 5.051e+02 2.787e+02
|                ( - -2.252e+04 1 0)
|                ( - -3.318e+04 1 0))
|            ( QUESTION2 1 -4.731e+04 2.363e+02 2.310e+02
|                ( - -2.449e+04 1 0)
|                ( - -2.258e+04 1 0)))))
s>    ( WDBNDRY_E 0 -7.254e+05 2.739e+03 3.690e+03
s>        ( QUESTION15 -1 -5.055e+05 1.474e+03 2.634e+03
s>            ( - -1.738e+05 1 0)
s>            ( - -3.302e+05 1 0))
s>        ( QUESTION15 -1 -2.172e+05 7.737e+02 1.056e+03
s>            ( QUESTION2_0_L -1 -1.123e+05 4.125e+02 5.461e+02
s>                ( - -2.125e+04 1 0)
s>                ( - -9.064e+04 1 0))
s>            ( QUESTION0_13_R 1 -1.041e+05 6.033e+02 5.097e+02
s>                ( QUESTION2 -1 -5.621e+04 5.051e+02 2.787e+02
s>                    ( - -2.252e+04 1 0)
s>                    ( - -3.318e+04 1 0))
s>                ( QUESTION2 1 -4.731e+04 2.363e+02 2.310e+02
s>                    ( - -2.449e+04 1 0)
s>                    ( - -2.258e+04 1 0)))))INFO: dtree.c(1439): stop. leaf nodes are specific
INFO: dtree.c(1478): Final simple tree
|( QUESTION2 -1 -4.490e+05 8.718e+02 2.400e+03
|    ( QUESTION15 1 -3.444e+05 4.275e+02 1.855e+03
|        ( - -1.536e+05 1 0)
|        ( - -1.904e+05 1 0))
|    ( QUESTION19 -1 -1.037e+05 3.939e+02 5.448e+02
|        ( - -9.570e+04 1 0)
|        ( - -7.626e+03 1 0)))
s>    ( QUESTION2 -1 -4.490e+05 8.718e+02 2.400e+03
s>        ( QUESTION15 1 -3.444e+05 4.275e+02 1.855e+03
s>            ( - -1.536e+05 1 0)
s>            ( - -1.904e+05 1 0))
s>        ( QUESTION19 -1 -1.037e+05 3.939e+02 5.448e+02
s>            ( - -9.570e+04 1 0)
s>            ( - -7.626e+03 1 0)))INFO: dtree.c(1315): Comp split 1
INFO: dtree.c(1439): stop. leaf nodes are specific
INFO: dtree.c(1478): Final simple tree
|( QUESTION15 -1 -5.392e+05 1.456e+03 2.799e+03
|    ( - -1.738e+05 1 0)
|    ( WDBNDRY_E 0 -3.640e+05 6.103e+02 1.912e+03
|        ( - -3.302e+05 1 0)
|        ( - -3.318e+04 1 0)))
s>    ( QUESTION15 -1 -5.392e+05 1.456e+03 2.799e+03
s>        ( - -1.738e+05 1 0)
s>        ( WDBNDRY_E 0 -3.640e+05 6.103e+02 1.912e+03
s>            ( - -3.302e+05 1 0)
s>            ( - -3.318e+04 1 0)))INFO: dtree.c(1439): stop. leaf nodes are specific
INFO: dtree.c(1478): Final simple tree
|( QUESTION15 -1 -1.832e+05 8.029e+02 8.909e+02
|    ( QUESTION2_0_L -1 -1.123e+05 4.125e+02 5.461e+02
|        ( - -2.125e+04 1 0)
|        ( - -9.064e+04 1 0))
|    ( QUESTION0_13_R 1 -7.014e+04 3.105e+02 3.448e+02
|        ( - -2.252e+04 1 0)
|        ( QUESTION2 1 -4.731e+04 2.363e+02 2.310e+02
|            ( - -2.449e+04 1 0)
|            ( - -2.258e+04 1 0))))
s>    ( QUESTION15 -1 -1.832e+05 8.029e+02 8.909e+02
s>        ( QUESTION2_0_L -1 -1.123e+05 4.125e+02 5.461e+02
s>            ( - -2.125e+04 1 0)
s>            ( - -9.064e+04 1 0))
s>        ( QUESTION0_13_R 1 -7.014e+04 3.105e+02 3.448e+02
s>            ( - -2.252e+04 1 0)
s>            ( QUESTION2 1 -4.731e+04 2.363e+02 2.310e+02
s>                ( - -2.449e+04 1 0)
s>                ( - -2.258e+04 1 0))))INFO: dtree.c(1315): Comp split 2
INFO: dtree.c(1439): stop. leaf nodes are specific
INFO: dtree.c(1478): Final simple tree
|( WDBNDRY_E 0 -3.640e+05 6.103e+02 1.912e+03
|    ( - -3.302e+05 1 0)
|    ( - -3.318e+04 1 0))
s>    ( WDBNDRY_E 0 -3.640e+05 6.103e+02 1.912e+03
s>        ( - -3.302e+05 1 0)
s>        ( - -3.318e+04 1 0))INFO: dtree.c(1315): Comp split 3
INFO: dtree.c(1439): stop. leaf nodes are specific
INFO: dtree.c(1478): Final simple tree
|( QUESTION0_13_R 1 -9.167e+04 3.295e+02 4.471e+02
|    ( - -2.252e+04 1 0)
|    ( QUESTION2 1 -6.882e+04 2.810e+02 3.333e+02
|        ( QUESTION15 -1 -4.596e+04 2.095e+02 2.240e+02
|            ( - -2.125e+04 1 0)
|            ( - -2.449e+04 1 0))
|        ( - -2.258e+04 1 0)))
s>    ( QUESTION0_13_R 1 -9.167e+04 3.295e+02 4.471e+02
s>        ( - -2.252e+04 1 0)
s>        ( QUESTION2 1 -6.882e+04 2.810e+02 3.333e+02
s>            ( QUESTION15 -1 -4.596e+04 2.095e+02 2.240e+02
s>                ( - -2.125e+04 1 0)
s>                ( - -2.449e+04 1 0))
s>            ( - -2.258e+04 1 0)))INFO: dtree.c(1315): Comp split 4
INFO: dtree.c(1439): stop. leaf nodes are specific
INFO: dtree.c(1478): Final simple tree
|( QUESTION19 -1 -1.037e+05 3.939e+02 5.448e+02
|    ( - -9.570e+04 1 0)
|    ( - -7.626e+03 1 0))
s>    ( QUESTION19 -1 -1.037e+05 3.939e+02 5.448e+02
s>        ( - -9.570e+04 1 0)
s>        ( - -7.626e+03 1 0))INFO: dtree.c(1439): stop. leaf nodes are specific
INFO: dtree.c(1478): Final simple tree
|( QUESTION15 1 -3.444e+05 4.275e+02 1.855e+03
|    ( - -1.536e+05 1 0)
|    ( - -1.904e+05 1 0))
s>    ( QUESTION15 1 -3.444e+05 4.275e+02 1.855e+03
s>        ( - -1.536e+05 1 0)
s>        ( - -1.904e+05 1 0))INFO: dtree.c(1315): Comp split 5
INFO: dtree.c(1315): Comp split 6
INFO: dtree.c(1315): Comp split 7
INFO: dtree.c(1315): Comp split 8
INFO: dtree.c(1439): stop. leaf nodes are specific
INFO: dtree.c(1478): Final simple tree
|( QUESTION2 1 -6.882e+04 2.810e+02 3.333e+02
|    ( QUESTION15 -1 -4.596e+04 2.095e+02 2.240e+02
|        ( - -2.125e+04 1 0)
|        ( - -2.449e+04 1 0))
|    ( - -2.258e+04 1 0))
s>    ( QUESTION2 1 -6.882e+04 2.810e+02 3.333e+02
s>        ( QUESTION15 -1 -4.596e+04 2.095e+02 2.240e+02
s>            ( - -2.125e+04 1 0)
s>            ( - -2.449e+04 1 0))
s>        ( - -2.258e+04 1 0))INFO: dtree.c(1315): Comp split 9
INFO: dtree.c(1439): stop. leaf nodes are specific
INFO: dtree.c(1478): Final simple tree
|( QUESTION15 -1 -4.596e+04 2.095e+02 2.240e+02
|    ( - -2.125e+04 1 0)
|    ( - -2.449e+04 1 0))
s>    ( QUESTION15 -1 -4.596e+04 2.095e+02 2.240e+02
s>        ( - -2.125e+04 1 0)
s>        ( - -2.449e+04 1 0))INFO: dtree.c(1315): Comp split 10
INFO: dtree.c(1315): Comp split 11
INFO: dtree.c(1318): stop. leaf nodes are specific
Tue Jun  9 01:50:00 2020
