Current configuration:
[NAME]		[DEFLT]	[VALUE]
-allphones	no	no
-cntthresh	0.00001	1.000000e-05
-csplitmax	100	2000
-csplitmin	1	1
-csplitthr	8e-4	0.000000e+00
-example	no	no
-fullvar	no	no
-help		no	no
-meanfn			/home/nattapong/Downloads/acoustic_model/model_parameters/acoustic_model.cd_cont_untied/means
-mixwfn			/home/nattapong/Downloads/acoustic_model/model_parameters/acoustic_model.cd_cont_untied/mixture_weights
-moddeffn		/home/nattapong/Downloads/acoustic_model/model_architecture/acoustic_model.untied.mdef
-mwfloor	1e-4	1.000000e-08
-phone			P
-psetfn			/home/nattapong/Downloads/acoustic_model/model_architecture/acoustic_model.tree_questions
-ssplitmax	5	7
-ssplitmin	1	1
-ssplitthr	8e-4	0.000000e+00
-state			2
-stwt			1.0,0.05,0.0,
-treefn			/home/nattapong/Downloads/acoustic_model/trees/acoustic_model.unpruned/P-2.dtree
-ts2cbfn	.semi.	.cont.
-varfloor	0.00001	1.000000e-05
-varfn			/home/nattapong/Downloads/acoustic_model/model_parameters/acoustic_model.cd_cont_untied/variances

INFO: main.c(223): Reading: /home/nattapong/Downloads/acoustic_model/model_architecture/acoustic_model.untied.mdef
INFO: model_def_io.c(573): Model definition info:
INFO: model_def_io.c(574): 416 total models defined (36 base, 380 tri)
INFO: model_def_io.c(575): 1664 total states
INFO: model_def_io.c(576): 1248 total tied states
INFO: model_def_io.c(577): 108 total tied CI states
INFO: model_def_io.c(578): 36 total tied transition matrices
INFO: model_def_io.c(579): 4 max state/model
INFO: model_def_io.c(580): 4 min state/model
INFO: main.c(242): Building trees for [P A AA i] through [P W A i]
INFO: main.c(268): Covering states |[906 926]| == 21
INFO: main.c(275): Reading: /home/nattapong/Downloads/acoustic_model/model_parameters/acoustic_model.cd_cont_untied/mixture_weights
INFO: s3mixw_io.c(172): Read /home/nattapong/Downloads/acoustic_model/model_parameters/acoustic_model.cd_cont_untied/mixture_weights [21x1x1 array]
INFO: main.c(311): 7 of 7 models have observation count greater than 0.000010
INFO: main.c(95): nrm stwt: 0.000 0.048 0.952 
INFO: s3gau_io.c(168): Read /home/nattapong/Downloads/acoustic_model/model_parameters/acoustic_model.cd_cont_untied/means [1248x1x1 array]
INFO: s3gau_io.c(168): Read /home/nattapong/Downloads/acoustic_model/model_parameters/acoustic_model.cd_cont_untied/variances [1248x1x1 array]
INFO: main.c(549): Reading: /home/nattapong/Downloads/acoustic_model/model_architecture/acoustic_model.tree_questions
INFO: main.c(587): 178 total simple questions (170 phone; 8 word bndry)
INFO: main.c(589): 42 Left Only questions, and 40 Right Only questions
INFO: dtree.c(1439): stop. leaf nodes are specific
INFO: dtree.c(1478): Final simple tree
|( WDBNDRY_B 0 -1.871e+05 1.257e+03 9.042e+02
|    ( QUESTION0_3_R 1 -7.079e+04 3.832e+02 3.367e+02
|        ( QUESTION8 1 -2.397e+04 2.668e+02 1.123e+02
|            ( - -6.629e+03 1 0)
|            ( - -1.707e+04 1 0))
|        ( - -4.644e+04 1 0))
|    ( QUESTION0_0_R 1 -1.150e+05 6.439e+02 5.675e+02
|        ( QUESTION0 -1 -4.475e+04 4.064e+02 2.174e+02
|            ( - -1.839e+04 1 0)
|            ( - -2.595e+04 1 0))
|        ( QUESTION0 -1 -6.963e+04 2.010e+02 3.500e+02
|            ( - -3.569e+04 1 0)
|            ( - -3.373e+04 1 0))))
s>    ( WDBNDRY_B 0 -1.871e+05 1.257e+03 9.042e+02
s>        ( QUESTION0_3_R 1 -7.079e+04 3.832e+02 3.367e+02
s>            ( QUESTION8 1 -2.397e+04 2.668e+02 1.123e+02
s>                ( - -6.629e+03 1 0)
s>                ( - -1.707e+04 1 0))
s>            ( - -4.644e+04 1 0))
s>        ( QUESTION0_0_R 1 -1.150e+05 6.439e+02 5.675e+02
s>            ( QUESTION0 -1 -4.475e+04 4.064e+02 2.174e+02
s>                ( - -1.839e+04 1 0)
s>                ( - -2.595e+04 1 0))
s>            ( QUESTION0 -1 -6.963e+04 2.010e+02 3.500e+02
s>                ( - -3.569e+04 1 0)
s>                ( - -3.373e+04 1 0))))INFO: dtree.c(1315): Comp split 0
INFO: dtree.c(1439): stop. leaf nodes are specific
INFO: dtree.c(1478): Final simple tree
|( QUESTION0_3_R 1 -8.953e+04 4.344e+02 4.290e+02
|    ( QUESTION8 1 -2.397e+04 2.668e+02 1.123e+02
|        ( - -6.629e+03 1 0)
|        ( - -1.707e+04 1 0))
|    ( WDBNDRY_B 0 -6.513e+04 2.949e+02 3.167e+02
|        ( - -4.644e+04 1 0)
|        ( - -1.839e+04 1 0)))
s>    ( QUESTION0_3_R 1 -8.953e+04 4.344e+02 4.290e+02
s>        ( QUESTION8 1 -2.397e+04 2.668e+02 1.123e+02
s>            ( - -6.629e+03 1 0)
s>            ( - -1.707e+04 1 0))
s>        ( WDBNDRY_B 0 -6.513e+04 2.949e+02 3.167e+02
s>            ( - -4.644e+04 1 0)
s>            ( - -1.839e+04 1 0)))INFO: dtree.c(1439): stop. leaf nodes are specific
INFO: dtree.c(1478): Final simple tree
|( QUESTION0_0_R 1 -9.620e+04 6.181e+02 4.752e+02
|    ( - -2.595e+04 1 0)
|    ( QUESTION0 -1 -6.963e+04 2.010e+02 3.500e+02
|        ( - -3.569e+04 1 0)
|        ( - -3.373e+04 1 0)))
s>    ( QUESTION0_0_R 1 -9.620e+04 6.181e+02 4.752e+02
s>        ( - -2.595e+04 1 0)
s>        ( QUESTION0 -1 -6.963e+04 2.010e+02 3.500e+02
s>            ( - -3.569e+04 1 0)
s>            ( - -3.373e+04 1 0)))INFO: dtree.c(1315): Comp split 1
INFO: dtree.c(1439): stop. leaf nodes are specific
INFO: dtree.c(1478): Final simple tree
|( QUESTION0 -1 -6.963e+04 2.010e+02 3.500e+02
|    ( - -3.569e+04 1 0)
|    ( - -3.373e+04 1 0))
s>    ( QUESTION0 -1 -6.963e+04 2.010e+02 3.500e+02
s>        ( - -3.569e+04 1 0)
s>        ( - -3.373e+04 1 0))INFO: dtree.c(1315): Comp split 2
INFO: dtree.c(1439): stop. leaf nodes are specific
INFO: dtree.c(1478): Final simple tree
|( QUESTION8 1 -2.397e+04 2.668e+02 1.123e+02
|    ( - -6.629e+03 1 0)
|    ( - -1.707e+04 1 0))
s>    ( QUESTION8 1 -2.397e+04 2.668e+02 1.123e+02
s>        ( - -6.629e+03 1 0)
s>        ( - -1.707e+04 1 0))INFO: dtree.c(1439): stop. leaf nodes are specific
INFO: dtree.c(1478): Final simple tree
|( WDBNDRY_B 0 -6.513e+04 2.949e+02 3.167e+02
|    ( - -4.644e+04 1 0)
|    ( - -1.839e+04 1 0))
s>    ( WDBNDRY_B 0 -6.513e+04 2.949e+02 3.167e+02
s>        ( - -4.644e+04 1 0)
s>        ( - -1.839e+04 1 0))INFO: dtree.c(1315): Comp split 3
INFO: dtree.c(1315): Comp split 4
INFO: dtree.c(1315): Comp split 5
INFO: dtree.c(1315): Comp split 6
INFO: dtree.c(1318): stop. leaf nodes are specific
Tue Jun  9 01:50:02 2020
