Current configuration:
[NAME]		[DEFLT]	[VALUE]
-allphones	no	no
-cntthresh	0.00001	1.000000e-05
-csplitmax	100	2000
-csplitmin	1	1
-csplitthr	8e-4	0.000000e+00
-example	no	no
-fullvar	no	no
-help		no	no
-meanfn			/home/nattapong/Downloads/acoustic_model/model_parameters/acoustic_model.cd_cont_untied/means
-mixwfn			/home/nattapong/Downloads/acoustic_model/model_parameters/acoustic_model.cd_cont_untied/mixture_weights
-moddeffn		/home/nattapong/Downloads/acoustic_model/model_architecture/acoustic_model.untied.mdef
-mwfloor	1e-4	1.000000e-08
-phone			A
-psetfn			/home/nattapong/Downloads/acoustic_model/model_architecture/acoustic_model.tree_questions
-ssplitmax	5	7
-ssplitmin	1	1
-ssplitthr	8e-4	0.000000e+00
-state			2
-stwt			1.0,0.05,0.0,
-treefn			/home/nattapong/Downloads/acoustic_model/trees/acoustic_model.unpruned/A-2.dtree
-ts2cbfn	.semi.	.cont.
-varfloor	0.00001	1.000000e-05
-varfn			/home/nattapong/Downloads/acoustic_model/model_parameters/acoustic_model.cd_cont_untied/variances

INFO: main.c(223): Reading: /home/nattapong/Downloads/acoustic_model/model_architecture/acoustic_model.untied.mdef
INFO: model_def_io.c(573): Model definition info:
INFO: model_def_io.c(574): 416 total models defined (36 base, 380 tri)
INFO: model_def_io.c(575): 1664 total states
INFO: model_def_io.c(576): 1248 total tied states
INFO: model_def_io.c(577): 108 total tied CI states
INFO: model_def_io.c(578): 36 total tied transition matrices
INFO: model_def_io.c(579): 4 max state/model
INFO: model_def_io.c(580): 4 min state/model
INFO: main.c(242): Building trees for [A A M i] through [A WH N i]
INFO: main.c(268): Covering states |[108 314]| == 207
INFO: main.c(275): Reading: /home/nattapong/Downloads/acoustic_model/model_parameters/acoustic_model.cd_cont_untied/mixture_weights
INFO: s3mixw_io.c(172): Read /home/nattapong/Downloads/acoustic_model/model_parameters/acoustic_model.cd_cont_untied/mixture_weights [207x1x1 array]
INFO: main.c(311): 69 of 69 models have observation count greater than 0.000010
INFO: main.c(95): nrm stwt: 0.000 0.048 0.952 
INFO: s3gau_io.c(168): Read /home/nattapong/Downloads/acoustic_model/model_parameters/acoustic_model.cd_cont_untied/means [1248x1x1 array]
INFO: s3gau_io.c(168): Read /home/nattapong/Downloads/acoustic_model/model_parameters/acoustic_model.cd_cont_untied/variances [1248x1x1 array]
INFO: main.c(549): Reading: /home/nattapong/Downloads/acoustic_model/model_architecture/acoustic_model.tree_questions
INFO: main.c(587): 178 total simple questions (170 phone; 8 word bndry)
INFO: main.c(589): 42 Left Only questions, and 40 Right Only questions
INFO: dtree.c(1478): Final simple tree
|( QUESTION0_8_R 1 -7.483e+06 1.954e+04 3.896e+04
|    ( - -1.925e+06 27 0 QUESTION0_18_R 1 2.036e+03 9.734e+03)
|    ( QUESTION0_1_R 1 -5.538e+06 1.254e+04 2.922e+04
|        ( - -1.064e+05 3 0 QUESTION2 -1 8.053e+02 5.786e+02)
|        ( QUESTION5 1 -5.419e+06 3.711e+03 2.864e+04
|            ( - -1.807e+06 12 0 QUESTION9 1 2.038e+03 9.675e+03)
|            ( QUESTION2_2_L -1 -3.608e+06 4.909e+03 1.897e+04
|                ( - -1.941e+05 4 0 QUESTION0_4_R 1 3.710e+03 9.725e+02)
|                ( QUESTION15 -1 -3.409e+06 4.085e+03 1.800e+04
|                    ( - -1.790e+06 9 0 WDBNDRY_E 0 2.345e+03 9.587e+03)
|                    ( QUESTION0_5_R 1 -1.615e+06 3.741e+03 8.410e+03
|                        ( QUESTION19 -1 -9.064e+05 7.215e+03 4.698e+03
|                            ( - -9.913e+04 1 0)
|                            ( - -8.000e+05 11 0 QUESTION14 1 2.182e+03 4.191e+03))
|                        ( - -7.049e+05 2 0 WDBNDRY_E 0 1.463e+03 3.712e+03)))))))
s>    ( QUESTION0_8_R 1 -7.483e+06 1.954e+04 3.896e+04
s>        ( - -1.925e+06 27 0 QUESTION0_18_R 1 2.036e+03 9.734e+03)
s>        ( QUESTION0_1_R 1 -5.538e+06 1.254e+04 2.922e+04
s>            ( - -1.064e+05 3 0 QUESTION2 -1 8.053e+02 5.786e+02)
s>            ( QUESTION5 1 -5.419e+06 3.711e+03 2.864e+04
s>                ( - -1.807e+06 12 0 QUESTION9 1 2.038e+03 9.675e+03)
s>                ( QUESTION2_2_L -1 -3.608e+06 4.909e+03 1.897e+04
s>                    ( - -1.941e+05 4 0 QUESTION0_4_R 1 3.710e+03 9.725e+02)
s>                    ( QUESTION15 -1 -3.409e+06 4.085e+03 1.800e+04
s>                        ( - -1.790e+06 9 0 WDBNDRY_E 0 2.345e+03 9.587e+03)
s>                        ( QUESTION0_5_R 1 -1.615e+06 3.741e+03 8.410e+03
s>                            ( QUESTION19 -1 -9.064e+05 7.215e+03 4.698e+03
s>                                ( - -9.913e+04 1 0)
s>                                ( - -8.000e+05 11 0 QUESTION14 1 2.182e+03 4.191e+03))
s>                            ( - -7.049e+05 2 0 WDBNDRY_E 0 1.463e+03 3.712e+03)))))))INFO: dtree.c(1315): Comp split 0
INFO: dtree.c(1478): Final simple tree
|( QUESTION14 1 -5.109e+06 4.024e+03 2.716e+04
|    ( QUESTION2_17_L -1 -8.259e+05 4.272e+03 4.337e+03
|        ( - -4.957e+05 2 0 QUESTION15 1 1.333e+03 2.668e+03)
|        ( - -3.260e+05 6 0 QUESTION0 -1 1.556e+03 1.669e+03))
|    ( WDBNDRY_E 0 -4.279e+06 3.700e+03 2.283e+04
|        ( - -6.645e+05 2 0 QUESTION2 -1 1.519e+03 3.445e+03)
|        ( QUESTION14 -1 -3.611e+06 2.370e+03 1.938e+04
|            ( QUESTION9 1 -2.188e+06 2.199e+03 1.178e+04
|                ( - -2.103e+05 3 0 QUESTION15 -1 8.722e+02 1.095e+03)
|                ( - -1.975e+06 10 0 QUESTION20 -1 7.447e+02 1.068e+04))
|            ( QUESTION0_4_R 1 -1.421e+06 1.911e+03 7.604e+03
|                ( - -5.174e+04 1 0)
|                ( QUESTION12 -1 -1.367e+06 1.832e+03 7.326e+03
|                    ( - -1.099e+05 2 0)
|                    ( - -1.255e+06 8 0 QUESTION5 -1 1.175e+03 6.754e+03))))))
s>    ( QUESTION14 1 -5.109e+06 4.024e+03 2.716e+04
s>        ( QUESTION2_17_L -1 -8.259e+05 4.272e+03 4.337e+03
s>            ( - -4.957e+05 2 0 QUESTION15 1 1.333e+03 2.668e+03)
s>            ( - -3.260e+05 6 0 QUESTION0 -1 1.556e+03 1.669e+03))
s>        ( WDBNDRY_E 0 -4.279e+06 3.700e+03 2.283e+04
s>            ( - -6.645e+05 2 0 QUESTION2 -1 1.519e+03 3.445e+03)
s>            ( QUESTION14 -1 -3.611e+06 2.370e+03 1.938e+04
s>                ( QUESTION9 1 -2.188e+06 2.199e+03 1.178e+04
s>                    ( - -2.103e+05 3 0 QUESTION15 -1 8.722e+02 1.095e+03)
s>                    ( - -1.975e+06 10 0 QUESTION20 -1 7.447e+02 1.068e+04))
s>                ( QUESTION0_4_R 1 -1.421e+06 1.911e+03 7.604e+03
s>                    ( - -5.174e+04 1 0)
s>                    ( QUESTION12 -1 -1.367e+06 1.832e+03 7.326e+03
s>                        ( - -1.099e+05 2 0)
s>                        ( - -1.255e+06 8 0 QUESTION5 -1 1.175e+03 6.754e+03))))))INFO: dtree.c(1478): Final simple tree
|( QUESTION0_1_R 1 -2.345e+06 1.037e+04 1.179e+04
|    ( - -1.064e+05 3 0 QUESTION2 -1 8.053e+02 5.786e+02)
|    ( QUESTION0_5_R 1 -2.228e+06 1.053e+04 1.121e+04
|        ( QUESTION0 1 -2.081e+05 1.357e+03 1.039e+03
|            ( - -2.255e+04 1 0)
|            ( - -1.842e+05 3 0 QUESTION15 -1 9.110e+02 9.276e+02))
|        ( QUESTION2 1 -2.009e+06 2.176e+03 1.018e+04
|            ( QUESTION2_6_L -1 -3.352e+05 2.466e+03 1.705e+03
|                ( - -1.748e+05 4 0 QUESTION0_9_R 1 9.600e+02 8.897e+02)
|                ( - -1.579e+05 2 0 WDBNDRY_B 0 1.247e+03 8.153e+02))
|            ( QUESTION0_18_R 1 -1.672e+06 1.612e+03 8.471e+03
|                ( - -1.677e+05 2 0 WDBNDRY_B 0 5.133e+02 8.635e+02)
|                ( QUESTION19 1 -1.503e+06 1.339e+03 7.607e+03
|                    ( - -3.995e+05 4 0 WDBNDRY_B 0 8.858e+02 2.018e+03)
|                    ( - -1.102e+06 16 0 QUESTION0_13_R 1 9.582e+02 5.589e+03))))))
s>    ( QUESTION0_1_R 1 -2.345e+06 1.037e+04 1.179e+04
s>        ( - -1.064e+05 3 0 QUESTION2 -1 8.053e+02 5.786e+02)
s>        ( QUESTION0_5_R 1 -2.228e+06 1.053e+04 1.121e+04
s>            ( QUESTION0 1 -2.081e+05 1.357e+03 1.039e+03
s>                ( - -2.255e+04 1 0)
s>                ( - -1.842e+05 3 0 QUESTION15 -1 9.110e+02 9.276e+02))
s>            ( QUESTION2 1 -2.009e+06 2.176e+03 1.018e+04
s>                ( QUESTION2_6_L -1 -3.352e+05 2.466e+03 1.705e+03
s>                    ( - -1.748e+05 4 0 QUESTION0_9_R 1 9.600e+02 8.897e+02)
s>                    ( - -1.579e+05 2 0 WDBNDRY_B 0 1.247e+03 8.153e+02))
s>                ( QUESTION0_18_R 1 -1.672e+06 1.612e+03 8.471e+03
s>                    ( - -1.677e+05 2 0 WDBNDRY_B 0 5.133e+02 8.635e+02)
s>                    ( QUESTION19 1 -1.503e+06 1.339e+03 7.607e+03
s>                        ( - -3.995e+05 4 0 WDBNDRY_B 0 8.858e+02 2.018e+03)
s>                        ( - -1.102e+06 16 0 QUESTION0_13_R 1 9.582e+02 5.589e+03))))))INFO: dtree.c(1315): Comp split 1
INFO: dtree.c(1478): Final simple tree
|( QUESTION2 1 -2.009e+06 2.176e+03 1.018e+04
|    ( QUESTION2_6_L -1 -3.352e+05 2.466e+03 1.705e+03
|        ( QUESTION0_9_R 1 -1.748e+05 9.600e+02 8.897e+02
|            ( - -7.810e+03 1 0)
|            ( - -1.661e+05 3 0 QUESTION0 -1 5.632e+02 8.445e+02))
|        ( WDBNDRY_B 0 -1.579e+05 1.247e+03 8.153e+02
|            ( - -7.413e+04 1 0)
|            ( - -8.252e+04 1 0)))
|    ( QUESTION0_18_R 1 -1.672e+06 1.612e+03 8.471e+03
|        ( - -1.677e+05 2 0 WDBNDRY_B 0 5.133e+02 8.635e+02)
|        ( QUESTION19 1 -1.503e+06 1.339e+03 7.607e+03
|            ( - -3.995e+05 4 0 WDBNDRY_B 0 8.858e+02 2.018e+03)
|            ( QUESTION0_13_R 1 -1.102e+06 9.582e+02 5.589e+03
|                ( - -2.198e+05 3 0 QUESTION17 -1 5.925e+02 1.121e+03)
|                ( - -8.811e+05 13 0 QUESTION20 -1 8.578e+02 4.468e+03)))))
s>    ( QUESTION2 1 -2.009e+06 2.176e+03 1.018e+04
s>        ( QUESTION2_6_L -1 -3.352e+05 2.466e+03 1.705e+03
s>            ( QUESTION0_9_R 1 -1.748e+05 9.600e+02 8.897e+02
s>                ( - -7.810e+03 1 0)
s>                ( - -1.661e+05 3 0 QUESTION0 -1 5.632e+02 8.445e+02))
s>            ( WDBNDRY_B 0 -1.579e+05 1.247e+03 8.153e+02
s>                ( - -7.413e+04 1 0)
s>                ( - -8.252e+04 1 0)))
s>        ( QUESTION0_18_R 1 -1.672e+06 1.612e+03 8.471e+03
s>            ( - -1.677e+05 2 0 WDBNDRY_B 0 5.133e+02 8.635e+02)
s>            ( QUESTION19 1 -1.503e+06 1.339e+03 7.607e+03
s>                ( - -3.995e+05 4 0 WDBNDRY_B 0 8.858e+02 2.018e+03)
s>                ( QUESTION0_13_R 1 -1.102e+06 9.582e+02 5.589e+03
s>                    ( - -2.198e+05 3 0 QUESTION17 -1 5.925e+02 1.121e+03)
s>                    ( - -8.811e+05 13 0 QUESTION20 -1 8.578e+02 4.468e+03)))))INFO: dtree.c(1439): stop. leaf nodes are specific
INFO: dtree.c(1478): Final simple tree
|( QUESTION0_1_R 1 -3.218e+05 7.328e+03 1.617e+03
|    ( QUESTION2 -1 -1.064e+05 8.053e+02 5.786e+02
|        ( - -6.523e+04 1 0)
|        ( QUESTION2_16_L -1 -4.036e+04 2.570e+02 2.213e+02
|            ( - -1.437e+04 1 0)
|            ( - -2.573e+04 1 0)))
|    ( QUESTION0 1 -2.081e+05 1.357e+03 1.039e+03
|        ( - -2.255e+04 1 0)
|        ( QUESTION15 -1 -1.842e+05 9.110e+02 9.276e+02
|            ( QUESTION2 1 -8.413e+04 7.079e+02 4.201e+02
|                ( - -7.082e+04 1 0)
|                ( - -1.260e+04 1 0))
|            ( - -9.913e+04 1 0))))
s>    ( QUESTION0_1_R 1 -3.218e+05 7.328e+03 1.617e+03
s>        ( QUESTION2 -1 -1.064e+05 8.053e+02 5.786e+02
s>            ( - -6.523e+04 1 0)
s>            ( QUESTION2_16_L -1 -4.036e+04 2.570e+02 2.213e+02
s>                ( - -1.437e+04 1 0)
s>                ( - -2.573e+04 1 0)))
s>        ( QUESTION0 1 -2.081e+05 1.357e+03 1.039e+03
s>            ( - -2.255e+04 1 0)
s>            ( QUESTION15 -1 -1.842e+05 9.110e+02 9.276e+02
s>                ( QUESTION2 1 -8.413e+04 7.079e+02 4.201e+02
s>                    ( - -7.082e+04 1 0)
s>                    ( - -1.260e+04 1 0))
s>                ( - -9.913e+04 1 0))))INFO: dtree.c(1315): Comp split 2
INFO: dtree.c(1478): Final simple tree
|( WDBNDRY_E 0 -1.317e+06 3.455e+03 6.781e+03
|    ( QUESTION2 -1 -6.645e+05 1.519e+03 3.445e+03
|        ( - -4.429e+05 1 0)
|        ( - -2.200e+05 1 0))
|    ( QUESTION2 1 -6.487e+05 1.502e+03 3.336e+03
|        ( QUESTION2 -1 -3.212e+05 1.019e+03 1.667e+03
|            ( - -1.099e+05 2 0)
|            ( QUESTION15 -1 -2.103e+05 8.722e+02 1.095e+03
|                ( - -6.456e+04 1 0)
|                ( - -1.449e+05 2 0 QUESTION19 -1 3.115e+02 7.601e+02)))
|        ( QUESTION0 -1 -3.260e+05 1.556e+03 1.669e+03
|            ( - -1.940e+05 1 0)
|            ( QUESTION3 -1 -1.304e+05 9.423e+02 6.633e+02
|                ( - -4.066e+04 1 0)
|                ( - -8.880e+04 4 0 QUESTION16 -1 3.880e+02 4.529e+02)))))
s>    ( WDBNDRY_E 0 -1.317e+06 3.455e+03 6.781e+03
s>        ( QUESTION2 -1 -6.645e+05 1.519e+03 3.445e+03
s>            ( - -4.429e+05 1 0)
s>            ( - -2.200e+05 1 0))
s>        ( QUESTION2 1 -6.487e+05 1.502e+03 3.336e+03
s>            ( QUESTION2 -1 -3.212e+05 1.019e+03 1.667e+03
s>                ( - -1.099e+05 2 0)
s>                ( QUESTION15 -1 -2.103e+05 8.722e+02 1.095e+03
s>                    ( - -6.456e+04 1 0)
s>                    ( - -1.449e+05 2 0 QUESTION19 -1 3.115e+02 7.601e+02)))
s>            ( QUESTION0 -1 -3.260e+05 1.556e+03 1.669e+03
s>                ( - -1.940e+05 1 0)
s>                ( QUESTION3 -1 -1.304e+05 9.423e+02 6.633e+02
s>                    ( - -4.066e+04 1 0)
s>                    ( - -8.880e+04 4 0 QUESTION16 -1 3.880e+02 4.529e+02)))))INFO: dtree.c(1478): Final simple tree
|( QUESTION2_6_L -1 -3.783e+06 1.889e+03 2.038e+04
|    ( QUESTION16 1 -3.136e+06 1.505e+03 1.692e+04
|        ( - -3.055e+05 1 0)
|        ( QUESTION15 -1 -2.829e+06 1.331e+03 1.529e+04
|            ( QUESTION2 1 -1.566e+06 1.023e+03 8.501e+03
|                ( - -9.432e+05 3 0 QUESTION2_18_L -1 6.577e+02 5.115e+03)
|                ( - -6.215e+05 4 0 QUESTION0_3_R 1 7.118e+02 3.386e+03))
|            ( QUESTION0 -1 -1.262e+06 1.042e+03 6.794e+03
|                ( - -1.562e+05 1 0)
|                ( - -1.104e+06 6 0 QUESTION20 -1 7.082e+02 5.942e+03))))
|    ( QUESTION0_4_R 1 -6.460e+05 1.729e+03 3.463e+03
|        ( - -5.174e+04 1 0)
|        ( QUESTION11 1 -5.925e+05 1.242e+03 3.185e+03
|            ( - -1.311e+05 1 0)
|            ( - -4.601e+05 4 0 QUESTION0 1 4.958e+02 2.470e+03))))
s>    ( QUESTION2_6_L -1 -3.783e+06 1.889e+03 2.038e+04
s>        ( QUESTION16 1 -3.136e+06 1.505e+03 1.692e+04
s>            ( - -3.055e+05 1 0)
s>            ( QUESTION15 -1 -2.829e+06 1.331e+03 1.529e+04
s>                ( QUESTION2 1 -1.566e+06 1.023e+03 8.501e+03
s>                    ( - -9.432e+05 3 0 QUESTION2_18_L -1 6.577e+02 5.115e+03)
s>                    ( - -6.215e+05 4 0 QUESTION0_3_R 1 7.118e+02 3.386e+03))
s>                ( QUESTION0 -1 -1.262e+06 1.042e+03 6.794e+03
s>                    ( - -1.562e+05 1 0)
s>                    ( - -1.104e+06 6 0 QUESTION20 -1 7.082e+02 5.942e+03))))
s>        ( QUESTION0_4_R 1 -6.460e+05 1.729e+03 3.463e+03
s>            ( - -5.174e+04 1 0)
s>            ( QUESTION11 1 -5.925e+05 1.242e+03 3.185e+03
s>                ( - -1.311e+05 1 0)
s>                ( - -4.601e+05 4 0 QUESTION0 1 4.958e+02 2.470e+03))))INFO: dtree.c(1315): Comp split 3
INFO: dtree.c(1439): stop. leaf nodes are specific
INFO: dtree.c(1478): Final simple tree
|( QUESTION0 1 -2.081e+05 1.357e+03 1.039e+03
|    ( - -2.255e+04 1 0)
|    ( QUESTION15 -1 -1.842e+05 9.110e+02 9.276e+02
|        ( QUESTION2 1 -8.413e+04 7.079e+02 4.201e+02
|            ( - -7.082e+04 1 0)
|            ( - -1.260e+04 1 0))
|        ( - -9.913e+04 1 0)))
s>    ( QUESTION0 1 -2.081e+05 1.357e+03 1.039e+03
s>        ( - -2.255e+04 1 0)
s>        ( QUESTION15 -1 -1.842e+05 9.110e+02 9.276e+02
s>            ( QUESTION2 1 -8.413e+04 7.079e+02 4.201e+02
s>                ( - -7.082e+04 1 0)
s>                ( - -1.260e+04 1 0))
s>            ( - -9.913e+04 1 0)))INFO: dtree.c(1439): stop. leaf nodes are specific
INFO: dtree.c(1478): Final simple tree
|( QUESTION2 -1 -1.064e+05 8.053e+02 5.786e+02
|    ( - -6.523e+04 1 0)
|    ( QUESTION2_16_L -1 -4.036e+04 2.570e+02 2.213e+02
|        ( - -1.437e+04 1 0)
|        ( - -2.573e+04 1 0)))
s>    ( QUESTION2 -1 -1.064e+05 8.053e+02 5.786e+02
s>        ( - -6.523e+04 1 0)
s>        ( QUESTION2_16_L -1 -4.036e+04 2.570e+02 2.213e+02
s>            ( - -1.437e+04 1 0)
s>            ( - -2.573e+04 1 0)))INFO: dtree.c(1315): Comp split 4
INFO: dtree.c(1439): stop. leaf nodes are specific
INFO: dtree.c(1478): Final simple tree
|( QUESTION0 -1 -3.912e+05 1.623e+03 2.004e+03
|    ( - -1.940e+05 1 0)
|    ( QUESTION3 -1 -1.956e+05 1.034e+03 9.984e+02
|        ( - -4.066e+04 1 0)
|        ( QUESTION2 1 -1.539e+05 5.465e+02 7.881e+02
|            ( - -6.456e+04 1 0)
|            ( QUESTION16 -1 -8.880e+04 3.880e+02 4.529e+02
|                ( - -1.168e+04 1 0)
|                ( QUESTION15 1 -7.673e+04 3.008e+02 3.942e+02
|                    ( QUESTION2 -1 -6.822e+04 2.866e+02 3.528e+02
|                        ( - -2.339e+04 1 0)
|                        ( - -4.454e+04 1 0))
|                    ( - -8.213e+03 1 0))))))
s>    ( QUESTION0 -1 -3.912e+05 1.623e+03 2.004e+03
s>        ( - -1.940e+05 1 0)
s>        ( QUESTION3 -1 -1.956e+05 1.034e+03 9.984e+02
s>            ( - -4.066e+04 1 0)
s>            ( QUESTION2 1 -1.539e+05 5.465e+02 7.881e+02
s>                ( - -6.456e+04 1 0)
s>                ( QUESTION16 -1 -8.880e+04 3.880e+02 4.529e+02
s>                    ( - -1.168e+04 1 0)
s>                    ( QUESTION15 1 -7.673e+04 3.008e+02 3.942e+02
s>                        ( QUESTION2 -1 -6.822e+04 2.866e+02 3.528e+02
s>                            ( - -2.339e+04 1 0)
s>                            ( - -4.454e+04 1 0))
s>                        ( - -8.213e+03 1 0))))))INFO: dtree.c(1439): stop. leaf nodes are specific
INFO: dtree.c(1478): Final simple tree
|( QUESTION3 -1 -9.216e+05 1.865e+03 4.777e+03
|    ( - -4.429e+05 1 0)
|    ( QUESTION2 -1 -4.768e+05 1.114e+03 2.467e+03
|        ( - -1.099e+05 2 0)
|        ( WDBNDRY_E 0 -3.657e+05 8.676e+02 1.895e+03
|            ( - -2.200e+05 1 0)
|            ( QUESTION19 -1 -1.449e+05 3.115e+02 7.601e+02
|                ( - -4.831e+04 1 0)
|                ( - -9.624e+04 1 0)))))
s>    ( QUESTION3 -1 -9.216e+05 1.865e+03 4.777e+03
s>        ( - -4.429e+05 1 0)
s>        ( QUESTION2 -1 -4.768e+05 1.114e+03 2.467e+03
s>            ( - -1.099e+05 2 0)
s>            ( WDBNDRY_E 0 -3.657e+05 8.676e+02 1.895e+03
s>                ( - -2.200e+05 1 0)
s>                ( QUESTION19 -1 -1.449e+05 3.115e+02 7.601e+02
s>                    ( - -4.831e+04 1 0)
s>                    ( - -9.624e+04 1 0)))))INFO: dtree.c(1315): Comp split 5
INFO: dtree.c(1439): stop. leaf nodes are specific
INFO: dtree.c(1478): Final simple tree
|( WDBNDRY_B 0 -1.579e+05 1.247e+03 8.153e+02
|    ( - -7.413e+04 1 0)
|    ( - -8.252e+04 1 0))
s>    ( WDBNDRY_B 0 -1.579e+05 1.247e+03 8.153e+02
s>        ( - -7.413e+04 1 0)
s>        ( - -8.252e+04 1 0))INFO: dtree.c(1478): Final simple tree
|( QUESTION14 -1 -1.848e+06 1.603e+03 9.360e+03
|    ( QUESTION0_13_R 1 -7.358e+05 6.744e+02 3.724e+03
|        ( - -2.688e+05 4 0 QUESTION17 -1 5.318e+02 1.368e+03)
|        ( - -4.663e+05 9 0 QUESTION2_19_L -1 7.795e+02 2.356e+03))
|    ( QUESTION0_18_R 1 -1.110e+06 1.359e+03 5.636e+03
|        ( - -1.677e+05 2 0 WDBNDRY_B 0 5.133e+02 8.635e+02)
|        ( QUESTION15 1 -9.413e+05 1.096e+03 4.772e+03
|            ( QUESTION5 -1 -5.114e+05 7.319e+02 2.599e+03
|                ( - -3.727e+05 3 0 QUESTION0_16_R 1 3.808e+02 1.895e+03)
|                ( - -1.379e+05 3 0 QUESTION0 -1 4.718e+02 7.035e+02))
|            ( QUESTION0_9_R 1 -4.288e+05 9.866e+02 2.174e+03
|                ( - -7.810e+03 1 0)
|                ( WDBNDRY_B 0 -4.201e+05 9.188e+02 2.128e+03
|                    ( - -4.453e+04 1 0)
|                    ( - -3.746e+05 3 0 QUESTION0 -1 5.932e+02 1.901e+03))))))
s>    ( QUESTION14 -1 -1.848e+06 1.603e+03 9.360e+03
s>        ( QUESTION0_13_R 1 -7.358e+05 6.744e+02 3.724e+03
s>            ( - -2.688e+05 4 0 QUESTION17 -1 5.318e+02 1.368e+03)
s>            ( - -4.663e+05 9 0 QUESTION2_19_L -1 7.795e+02 2.356e+03))
s>        ( QUESTION0_18_R 1 -1.110e+06 1.359e+03 5.636e+03
s>            ( - -1.677e+05 2 0 WDBNDRY_B 0 5.133e+02 8.635e+02)
s>            ( QUESTION15 1 -9.413e+05 1.096e+03 4.772e+03
s>                ( QUESTION5 -1 -5.114e+05 7.319e+02 2.599e+03
s>                    ( - -3.727e+05 3 0 QUESTION0_16_R 1 3.808e+02 1.895e+03)
s>                    ( - -1.379e+05 3 0 QUESTION0 -1 4.718e+02 7.035e+02))
s>                ( QUESTION0_9_R 1 -4.288e+05 9.866e+02 2.174e+03
s>                    ( - -7.810e+03 1 0)
s>                    ( WDBNDRY_B 0 -4.201e+05 9.188e+02 2.128e+03
s>                        ( - -4.453e+04 1 0)
s>                        ( - -3.746e+05 3 0 QUESTION0 -1 5.932e+02 1.901e+03))))))INFO: dtree.c(1315): Comp split 6
INFO: dtree.c(1478): Final simple tree
|( QUESTION15 -1 -2.803e+06 1.306e+03 1.516e+04
|    ( QUESTION2 1 -1.698e+06 1.101e+03 9.216e+03
|        ( QUESTION2_18_L -1 -1.075e+06 6.456e+02 5.830e+03
|            ( - -2.807e+05 1 0)
|            ( QUESTION11 1 -7.935e+05 6.249e+02 4.322e+03
|                ( - -1.311e+05 1 0)
|                ( - -6.618e+05 2 0 QUESTION3 1 4.745e+02 3.607e+03)))
|        ( QUESTION0_3_R 1 -6.215e+05 7.118e+02 3.386e+03
|            ( - -5.454e+05 3 0 QUESTION0 1 5.099e+02 2.972e+03)
|            ( - -7.538e+04 1 0)))
|    ( QUESTION20 -1 -1.104e+06 7.082e+02 5.942e+03
|        ( - -1.385e+05 1 0)
|        ( QUESTION3 1 -9.650e+05 6.294e+02 5.198e+03
|            ( - -4.329e+05 2 0 QUESTION0_4_R 1 3.973e+02 2.327e+03)
|            ( - -5.315e+05 3 0 QUESTION7 -1 4.172e+02 2.871e+03))))
s>    ( QUESTION15 -1 -2.803e+06 1.306e+03 1.516e+04
s>        ( QUESTION2 1 -1.698e+06 1.101e+03 9.216e+03
s>            ( QUESTION2_18_L -1 -1.075e+06 6.456e+02 5.830e+03
s>                ( - -2.807e+05 1 0)
s>                ( QUESTION11 1 -7.935e+05 6.249e+02 4.322e+03
s>                    ( - -1.311e+05 1 0)
s>                    ( - -6.618e+05 2 0 QUESTION3 1 4.745e+02 3.607e+03)))
s>            ( QUESTION0_3_R 1 -6.215e+05 7.118e+02 3.386e+03
s>                ( - -5.454e+05 3 0 QUESTION0 1 5.099e+02 2.972e+03)
s>                ( - -7.538e+04 1 0)))
s>        ( QUESTION20 -1 -1.104e+06 7.082e+02 5.942e+03
s>            ( - -1.385e+05 1 0)
s>            ( QUESTION3 1 -9.650e+05 6.294e+02 5.198e+03
s>                ( - -4.329e+05 2 0 QUESTION0_4_R 1 3.973e+02 2.327e+03)
s>                ( - -5.315e+05 3 0 QUESTION7 -1 4.172e+02 2.871e+03))))INFO: dtree.c(1439): stop. leaf nodes are specific
INFO: dtree.c(1478): Final simple tree
|( QUESTION0_4_R 1 -9.775e+05 1.828e+03 5.226e+03
|    ( - -5.174e+04 1 0)
|    ( QUESTION2_6_L -1 -9.239e+05 1.222e+03 4.948e+03
|        ( QUESTION0 -1 -4.626e+05 8.719e+02 2.478e+03
|            ( - -1.562e+05 1 0)
|            ( - -3.055e+05 1 0))
|        ( QUESTION0 1 -4.601e+05 4.958e+02 2.470e+03
|            ( QUESTION0 -1 -1.080e+05 3.924e+02 5.725e+02
|                ( - -3.375e+04 1 0)
|                ( - -7.386e+04 1 0))
|            ( WDBNDRY_B 0 -3.516e+05 3.807e+02 1.897e+03
|                ( - -6.636e+04 1 0)
|                ( - -2.849e+05 1 0)))))
s>    ( QUESTION0_4_R 1 -9.775e+05 1.828e+03 5.226e+03
s>        ( - -5.174e+04 1 0)
s>        ( QUESTION2_6_L -1 -9.239e+05 1.222e+03 4.948e+03
s>            ( QUESTION0 -1 -4.626e+05 8.719e+02 2.478e+03
s>                ( - -1.562e+05 1 0)
s>                ( - -3.055e+05 1 0))
s>            ( QUESTION0 1 -4.601e+05 4.958e+02 2.470e+03
s>                ( QUESTION0 -1 -1.080e+05 3.924e+02 5.725e+02
s>                    ( - -3.375e+04 1 0)
s>                    ( - -7.386e+04 1 0))
s>                ( WDBNDRY_B 0 -3.516e+05 3.807e+02 1.897e+03
s>                    ( - -6.636e+04 1 0)
s>                    ( - -2.849e+05 1 0)))))INFO: dtree.c(1315): Comp split 7
INFO: dtree.c(1478): Final simple tree
|( QUESTION0_14_R 1 -1.155e+06 9.064e+02 5.847e+03
|    ( QUESTION17 -1 -2.688e+05 5.318e+02 1.368e+03
|        ( - -8.239e+04 1 0)
|        ( QUESTION2 1 -1.859e+05 4.492e+02 9.487e+02
|            ( - -4.863e+04 1 0)
|            ( - -1.368e+05 2 0 QUESTION15 -1 3.623e+02 7.014e+02)))
|    ( QUESTION2_19_L -1 -8.849e+05 8.872e+02 4.479e+03
|        ( - -1.171e+05 2 0 QUESTION2 1 3.829e+02 5.962e+02)
|        ( QUESTION15 -1 -7.669e+05 8.013e+02 3.883e+03
|            ( QUESTION17 1 -2.406e+05 5.130e+02 1.219e+03
|                ( - -6.819e+04 1 0)
|                ( - -1.719e+05 4 0 QUESTION15 1 3.764e+02 8.763e+02))
|            ( WDBNDRY_B 0 -5.255e+05 7.244e+02 2.664e+03
|                ( - -4.453e+04 1 0)
|                ( - -4.802e+05 5 0 QUESTION0_16_R 1 3.623e+02 2.436e+03)))))
s>    ( QUESTION0_14_R 1 -1.155e+06 9.064e+02 5.847e+03
s>        ( QUESTION17 -1 -2.688e+05 5.318e+02 1.368e+03
s>            ( - -8.239e+04 1 0)
s>            ( QUESTION2 1 -1.859e+05 4.492e+02 9.487e+02
s>                ( - -4.863e+04 1 0)
s>                ( - -1.368e+05 2 0 QUESTION15 -1 3.623e+02 7.014e+02)))
s>        ( QUESTION2_19_L -1 -8.849e+05 8.872e+02 4.479e+03
s>            ( - -1.171e+05 2 0 QUESTION2 1 3.829e+02 5.962e+02)
s>            ( QUESTION15 -1 -7.669e+05 8.013e+02 3.883e+03
s>                ( QUESTION17 1 -2.406e+05 5.130e+02 1.219e+03
s>                    ( - -6.819e+04 1 0)
s>                    ( - -1.719e+05 4 0 QUESTION15 1 3.764e+02 8.763e+02))
s>                ( WDBNDRY_B 0 -5.255e+05 7.244e+02 2.664e+03
s>                    ( - -4.453e+04 1 0)
s>                    ( - -4.802e+05 5 0 QUESTION0_16_R 1 3.623e+02 2.436e+03)))))INFO: dtree.c(1478): Final simple tree
|( QUESTION0_18_R 1 -6.910e+05 1.090e+03 3.513e+03
|    ( WDBNDRY_B 0 -1.677e+05 5.133e+02 8.635e+02
|        ( - -1.143e+05 1 0)
|        ( - -5.287e+04 1 0))
|    ( QUESTION0_9_R 1 -5.221e+05 1.016e+03 2.650e+03
|        ( - -7.810e+03 1 0)
|        ( QUESTION15 1 -5.133e+05 8.269e+02 2.604e+03
|            ( QUESTION0 -1 -1.379e+05 4.718e+02 7.035e+02
|                ( - -5.945e+04 1 0)
|                ( - -7.797e+04 2 0 WDBNDRY_B 0 3.550e+02 4.020e+02))
|            ( QUESTION0 -1 -3.746e+05 5.932e+02 1.901e+03
|                ( QUESTION2 1 -2.102e+05 3.912e+02 1.074e+03
|                    ( - -8.879e+04 1 0)
|                    ( - -1.210e+05 1 0))
|                ( - -1.638e+05 1 0)))))
s>    ( QUESTION0_18_R 1 -6.910e+05 1.090e+03 3.513e+03
s>        ( WDBNDRY_B 0 -1.677e+05 5.133e+02 8.635e+02
s>            ( - -1.143e+05 1 0)
s>            ( - -5.287e+04 1 0))
s>        ( QUESTION0_9_R 1 -5.221e+05 1.016e+03 2.650e+03
s>            ( - -7.810e+03 1 0)
s>            ( QUESTION15 1 -5.133e+05 8.269e+02 2.604e+03
s>                ( QUESTION0 -1 -1.379e+05 4.718e+02 7.035e+02
s>                    ( - -5.945e+04 1 0)
s>                    ( - -7.797e+04 2 0 WDBNDRY_B 0 3.550e+02 4.020e+02))
s>                ( QUESTION0 -1 -3.746e+05 5.932e+02 1.901e+03
s>                    ( QUESTION2 1 -2.102e+05 3.912e+02 1.074e+03
s>                        ( - -8.879e+04 1 0)
s>                        ( - -1.210e+05 1 0))
s>                    ( - -1.638e+05 1 0)))))INFO: dtree.c(1315): Comp split 8
INFO: dtree.c(1439): stop. leaf nodes are specific
INFO: dtree.c(1478): Final simple tree
|( QUESTION2 -1 -4.768e+05 1.114e+03 2.467e+03
|    ( - -1.099e+05 2 0)
|    ( WDBNDRY_E 0 -3.657e+05 8.676e+02 1.895e+03
|        ( - -2.200e+05 1 0)
|        ( QUESTION19 -1 -1.449e+05 3.115e+02 7.601e+02
|            ( - -4.831e+04 1 0)
|            ( - -9.624e+04 1 0))))
s>    ( QUESTION2 -1 -4.768e+05 1.114e+03 2.467e+03
s>        ( - -1.099e+05 2 0)
s>        ( WDBNDRY_E 0 -3.657e+05 8.676e+02 1.895e+03
s>            ( - -2.200e+05 1 0)
s>            ( QUESTION19 -1 -1.449e+05 3.115e+02 7.601e+02
s>                ( - -4.831e+04 1 0)
s>                ( - -9.624e+04 1 0))))INFO: dtree.c(1315): Comp split 9
INFO: dtree.c(1439): stop. leaf nodes are specific
INFO: dtree.c(1478): Final simple tree
|( QUESTION2_6_L -1 -9.239e+05 1.222e+03 4.948e+03
|    ( QUESTION0 -1 -4.626e+05 8.719e+02 2.478e+03
|        ( - -1.562e+05 1 0)
|        ( - -3.055e+05 1 0))
|    ( QUESTION0 1 -4.601e+05 4.958e+02 2.470e+03
|        ( QUESTION0 -1 -1.080e+05 3.924e+02 5.725e+02
|            ( - -3.375e+04 1 0)
|            ( - -7.386e+04 1 0))
|        ( WDBNDRY_B 0 -3.516e+05 3.807e+02 1.897e+03
|            ( - -6.636e+04 1 0)
|            ( - -2.849e+05 1 0))))
s>    ( QUESTION2_6_L -1 -9.239e+05 1.222e+03 4.948e+03
s>        ( QUESTION0 -1 -4.626e+05 8.719e+02 2.478e+03
s>            ( - -1.562e+05 1 0)
s>            ( - -3.055e+05 1 0))
s>        ( QUESTION0 1 -4.601e+05 4.958e+02 2.470e+03
s>            ( QUESTION0 -1 -1.080e+05 3.924e+02 5.725e+02
s>                ( - -3.375e+04 1 0)
s>                ( - -7.386e+04 1 0))
s>            ( WDBNDRY_B 0 -3.516e+05 3.807e+02 1.897e+03
s>                ( - -6.636e+04 1 0)
s>                ( - -2.849e+05 1 0))))INFO: dtree.c(1315): Comp split 10
INFO: dtree.c(1439): stop. leaf nodes are specific
INFO: dtree.c(1478): Final simple tree
|( QUESTION2 1 -1.539e+05 5.465e+02 7.881e+02
|    ( - -6.456e+04 1 0)
|    ( QUESTION16 -1 -8.880e+04 3.880e+02 4.529e+02
|        ( - -1.168e+04 1 0)
|        ( QUESTION15 1 -7.673e+04 3.008e+02 3.942e+02
|            ( QUESTION2 -1 -6.822e+04 2.866e+02 3.528e+02
|                ( - -2.339e+04 1 0)
|                ( - -4.454e+04 1 0))
|            ( - -8.213e+03 1 0))))
s>    ( QUESTION2 1 -1.539e+05 5.465e+02 7.881e+02
s>        ( - -6.456e+04 1 0)
s>        ( QUESTION16 -1 -8.880e+04 3.880e+02 4.529e+02
s>            ( - -1.168e+04 1 0)
s>            ( QUESTION15 1 -7.673e+04 3.008e+02 3.942e+02
s>                ( QUESTION2 -1 -6.822e+04 2.866e+02 3.528e+02
s>                    ( - -2.339e+04 1 0)
s>                    ( - -4.454e+04 1 0))
s>                ( - -8.213e+03 1 0))))INFO: dtree.c(1439): stop. leaf nodes are specific
INFO: dtree.c(1478): Final simple tree
|( QUESTION0 -1 -2.356e+05 9.078e+02 1.216e+03
|    ( - -1.940e+05 1 0)
|    ( - -4.066e+04 1 0))
s>    ( QUESTION0 -1 -2.356e+05 9.078e+02 1.216e+03
s>        ( - -1.940e+05 1 0)
s>        ( - -4.066e+04 1 0))INFO: dtree.c(1315): Comp split 11
INFO: dtree.c(1439): stop. leaf nodes are specific
INFO: dtree.c(1478): Final simple tree
|( QUESTION2 1 -1.340e+06 1.052e+03 7.295e+03
|    ( QUESTION11 1 -7.935e+05 6.249e+02 4.322e+03
|        ( - -1.311e+05 1 0)
|        ( QUESTION3 1 -6.618e+05 4.745e+02 3.607e+03
|            ( - -5.813e+05 1 0)
|            ( - -7.995e+04 1 0)))
|    ( QUESTION0 1 -5.454e+05 5.099e+02 2.972e+03
|        ( QUESTION2_15_L -1 -3.560e+05 4.248e+02 1.930e+03
|            ( - -1.878e+05 1 0)
|            ( - -1.678e+05 1 0))
|        ( - -1.889e+05 1 0)))
s>    ( QUESTION2 1 -1.340e+06 1.052e+03 7.295e+03
s>        ( QUESTION11 1 -7.935e+05 6.249e+02 4.322e+03
s>            ( - -1.311e+05 1 0)
s>            ( QUESTION3 1 -6.618e+05 4.745e+02 3.607e+03
s>                ( - -5.813e+05 1 0)
s>                ( - -7.995e+04 1 0)))
s>        ( QUESTION0 1 -5.454e+05 5.099e+02 2.972e+03
s>            ( QUESTION2_15_L -1 -3.560e+05 4.248e+02 1.930e+03
s>                ( - -1.878e+05 1 0)
s>                ( - -1.678e+05 1 0))
s>            ( - -1.889e+05 1 0)))INFO: dtree.c(1478): Final simple tree
|( QUESTION3 1 -1.461e+06 7.911e+02 7.863e+03
|    ( QUESTION0_4_R 1 -4.329e+05 3.973e+02 2.327e+03
|        ( - -2.605e+05 1 0)
|        ( - -1.720e+05 1 0))
|    ( QUESTION20 -1 -1.028e+06 8.073e+02 5.536e+03
|        ( - -1.385e+05 1 0)
|        ( QUESTION0_3_R 1 -8.884e+05 4.876e+02 4.792e+03
|            ( QUESTION7 -1 -8.126e+05 3.864e+02 4.378e+03
|                ( - -3.354e+05 1 0)
|                ( QUESTION15 -1 -4.767e+05 3.921e+02 2.570e+03
|                    ( - -2.807e+05 1 0)
|                    ( QUESTION0 1 -1.956e+05 1.707e+02 1.062e+03
|                        ( - -6.692e+04 1 0)
|                        ( - -1.285e+05 1 0))))
|            ( - -7.538e+04 1 0))))
s>    ( QUESTION3 1 -1.461e+06 7.911e+02 7.863e+03
s>        ( QUESTION0_4_R 1 -4.329e+05 3.973e+02 2.327e+03
s>            ( - -2.605e+05 1 0)
s>            ( - -1.720e+05 1 0))
s>        ( QUESTION20 -1 -1.028e+06 8.073e+02 5.536e+03
s>            ( - -1.385e+05 1 0)
s>            ( QUESTION0_3_R 1 -8.884e+05 4.876e+02 4.792e+03
s>                ( QUESTION7 -1 -8.126e+05 3.864e+02 4.378e+03
s>                    ( - -3.354e+05 1 0)
s>                    ( QUESTION15 -1 -4.767e+05 3.921e+02 2.570e+03
s>                        ( - -2.807e+05 1 0)
s>                        ( QUESTION0 1 -1.956e+05 1.707e+02 1.062e+03
s>                            ( - -6.692e+04 1 0)
s>                            ( - -1.285e+05 1 0))))
s>                ( - -7.538e+04 1 0))))INFO: dtree.c(1315): Comp split 12
INFO: dtree.c(1439): stop. leaf nodes are specific
INFO: dtree.c(1478): Final simple tree
|( QUESTION15 -1 -1.842e+05 9.110e+02 9.276e+02
|    ( QUESTION2 1 -8.413e+04 7.079e+02 4.201e+02
|        ( - -7.082e+04 1 0)
|        ( - -1.260e+04 1 0))
|    ( - -9.913e+04 1 0))
s>    ( QUESTION15 -1 -1.842e+05 9.110e+02 9.276e+02
s>        ( QUESTION2 1 -8.413e+04 7.079e+02 4.201e+02
s>            ( - -7.082e+04 1 0)
s>            ( - -1.260e+04 1 0))
s>        ( - -9.913e+04 1 0))INFO: dtree.c(1315): Comp split 13
INFO: dtree.c(1439): stop. leaf nodes are specific
INFO: dtree.c(1478): Final simple tree
|( QUESTION0 -1 -3.859e+05 4.689e+02 2.073e+03
|    ( - -3.375e+04 1 0)
|    ( WDBNDRY_B 0 -3.516e+05 3.807e+02 1.897e+03
|        ( - -6.636e+04 1 0)
|        ( - -2.849e+05 1 0)))
s>    ( QUESTION0 -1 -3.859e+05 4.689e+02 2.073e+03
s>        ( - -3.375e+04 1 0)
s>        ( WDBNDRY_B 0 -3.516e+05 3.807e+02 1.897e+03
s>            ( - -6.636e+04 1 0)
s>            ( - -2.849e+05 1 0)))INFO: dtree.c(1439): stop. leaf nodes are specific
INFO: dtree.c(1478): Final simple tree
|( QUESTION14 -1 -5.367e+05 9.097e+02 2.875e+03
|    ( - -3.055e+05 1 0)
|    ( QUESTION0 -1 -2.303e+05 2.501e+02 1.249e+03
|        ( - -1.562e+05 1 0)
|        ( - -7.386e+04 1 0)))
s>    ( QUESTION14 -1 -5.367e+05 9.097e+02 2.875e+03
s>        ( - -3.055e+05 1 0)
s>        ( QUESTION0 -1 -2.303e+05 2.501e+02 1.249e+03
s>            ( - -1.562e+05 1 0)
s>            ( - -7.386e+04 1 0)))INFO: dtree.c(1315): Comp split 14
INFO: dtree.c(1315): Comp split 15
INFO: dtree.c(1439): stop. leaf nodes are specific
INFO: dtree.c(1478): Final simple tree
|( QUESTION15 1 -5.133e+05 8.269e+02 2.604e+03
|    ( QUESTION0 -1 -1.379e+05 4.718e+02 7.035e+02
|        ( - -5.945e+04 1 0)
|        ( WDBNDRY_B 0 -7.797e+04 3.550e+02 4.020e+02
|            ( - -2.935e+04 1 0)
|            ( - -4.827e+04 1 0)))
|    ( QUESTION0 -1 -3.746e+05 5.932e+02 1.901e+03
|        ( QUESTION2 1 -2.102e+05 3.912e+02 1.074e+03
|            ( - -8.879e+04 1 0)
|            ( - -1.210e+05 1 0))
|        ( - -1.638e+05 1 0)))
s>    ( QUESTION15 1 -5.133e+05 8.269e+02 2.604e+03
s>        ( QUESTION0 -1 -1.379e+05 4.718e+02 7.035e+02
s>            ( - -5.945e+04 1 0)
s>            ( WDBNDRY_B 0 -7.797e+04 3.550e+02 4.020e+02
s>                ( - -2.935e+04 1 0)
s>                ( - -4.827e+04 1 0)))
s>        ( QUESTION0 -1 -3.746e+05 5.932e+02 1.901e+03
s>            ( QUESTION2 1 -2.102e+05 3.912e+02 1.074e+03
s>                ( - -8.879e+04 1 0)
s>                ( - -1.210e+05 1 0))
s>            ( - -1.638e+05 1 0)))INFO: dtree.c(1439): stop. leaf nodes are specific
INFO: dtree.c(1478): Final simple tree
|( QUESTION0_9_R 1 -1.765e+05 9.212e+02 9.087e+02
|    ( - -7.810e+03 1 0)
|    ( WDBNDRY_B 0 -1.677e+05 5.133e+02 8.635e+02
|        ( - -1.143e+05 1 0)
|        ( - -5.287e+04 1 0)))
s>    ( QUESTION0_9_R 1 -1.765e+05 9.212e+02 9.087e+02
s>        ( - -7.810e+03 1 0)
s>        ( WDBNDRY_B 0 -1.677e+05 5.133e+02 8.635e+02
s>            ( - -1.143e+05 1 0)
s>            ( - -5.287e+04 1 0)))INFO: dtree.c(1315): Comp split 16
INFO: dtree.c(1439): stop. leaf nodes are specific
INFO: dtree.c(1478): Final simple tree
|( WDBNDRY_B 0 -5.255e+05 7.244e+02 2.664e+03
|    ( - -4.453e+04 1 0)
|    ( QUESTION0_16_R 1 -4.802e+05 3.623e+02 2.436e+03
|        ( QUESTION18 -1 -4.475e+05 2.990e+02 2.269e+03
|            ( - -7.829e+04 1 0)
|            ( QUESTION2 -1 -3.689e+05 2.328e+02 1.874e+03
|                ( - -3.400e+05 2 0)
|                ( - -2.865e+04 1 0)))
|        ( - -3.234e+04 1 0)))
s>    ( WDBNDRY_B 0 -5.255e+05 7.244e+02 2.664e+03
s>        ( - -4.453e+04 1 0)
s>        ( QUESTION0_16_R 1 -4.802e+05 3.623e+02 2.436e+03
s>            ( QUESTION18 -1 -4.475e+05 2.990e+02 2.269e+03
s>                ( - -7.829e+04 1 0)
s>                ( QUESTION2 -1 -3.689e+05 2.328e+02 1.874e+03
s>                    ( - -3.400e+05 2 0)
s>                    ( - -2.865e+04 1 0)))
s>            ( - -3.234e+04 1 0)))INFO: dtree.c(1478): Final simple tree
|( QUESTION17 1 -6.280e+05 6.770e+02 3.183e+03
|    ( QUESTION2_15_L -1 -2.886e+05 6.957e+02 1.464e+03
|        ( QUESTION0_13_R 1 -1.511e+05 4.942e+02 7.623e+02
|            ( - -8.239e+04 1 0)
|            ( - -6.819e+04 1 0))
|        ( - -1.368e+05 2 0 QUESTION15 -1 3.623e+02 7.014e+02))
|    ( QUESTION15 -1 -3.387e+05 7.673e+02 1.720e+03
|        ( QUESTION2 1 -2.491e+05 4.946e+02 1.267e+03
|            ( - -7.671e+04 2 0 QUESTION0_13_R 1 2.071e+02 3.910e+02)
|            ( QUESTION15 1 -1.719e+05 3.764e+02 8.763e+02
|                ( QUESTION2_0_L -1 -1.251e+05 4.031e+02 6.416e+02
|                    ( - -5.874e+04 1 0)
|                    ( - -6.597e+04 2 0 QUESTION0_16_R 1 3.937e+02 3.371e+02))
|                ( - -4.642e+04 1 0)))
|        ( - -8.885e+04 1 0)))
s>    ( QUESTION17 1 -6.280e+05 6.770e+02 3.183e+03
s>        ( QUESTION2_15_L -1 -2.886e+05 6.957e+02 1.464e+03
s>            ( QUESTION0_13_R 1 -1.511e+05 4.942e+02 7.623e+02
s>                ( - -8.239e+04 1 0)
s>                ( - -6.819e+04 1 0))
s>            ( - -1.368e+05 2 0 QUESTION15 -1 3.623e+02 7.014e+02))
s>        ( QUESTION15 -1 -3.387e+05 7.673e+02 1.720e+03
s>            ( QUESTION2 1 -2.491e+05 4.946e+02 1.267e+03
s>                ( - -7.671e+04 2 0 QUESTION0_13_R 1 2.071e+02 3.910e+02)
s>                ( QUESTION15 1 -1.719e+05 3.764e+02 8.763e+02
s>                    ( QUESTION2_0_L -1 -1.251e+05 4.031e+02 6.416e+02
s>                        ( - -5.874e+04 1 0)
s>                        ( - -6.597e+04 2 0 QUESTION0_16_R 1 3.937e+02 3.371e+02))
s>                    ( - -4.642e+04 1 0)))
s>            ( - -8.885e+04 1 0)))INFO: dtree.c(1315): Comp split 17
INFO: dtree.c(1439): stop. leaf nodes are specific
INFO: dtree.c(1478): Final simple tree
|( WDBNDRY_E 0 -3.657e+05 8.676e+02 1.895e+03
|    ( - -2.200e+05 1 0)
|    ( QUESTION19 -1 -1.449e+05 3.115e+02 7.601e+02
|        ( - -4.831e+04 1 0)
|        ( - -9.624e+04 1 0)))
s>    ( WDBNDRY_E 0 -3.657e+05 8.676e+02 1.895e+03
s>        ( - -2.200e+05 1 0)
s>        ( QUESTION19 -1 -1.449e+05 3.115e+02 7.601e+02
s>            ( - -4.831e+04 1 0)
s>            ( - -9.624e+04 1 0)))INFO: dtree.c(1315): Comp split 18
INFO: dtree.c(1439): stop. leaf nodes are specific
INFO: dtree.c(1478): Final simple tree
|( QUESTION0 1 -5.454e+05 5.099e+02 2.972e+03
|    ( QUESTION2_15_L -1 -3.560e+05 4.248e+02 1.930e+03
|        ( - -1.878e+05 1 0)
|        ( - -1.678e+05 1 0))
|    ( - -1.889e+05 1 0))
s>    ( QUESTION0 1 -5.454e+05 5.099e+02 2.972e+03
s>        ( QUESTION2_15_L -1 -3.560e+05 4.248e+02 1.930e+03
s>            ( - -1.878e+05 1 0)
s>            ( - -1.678e+05 1 0))
s>        ( - -1.889e+05 1 0))INFO: dtree.c(1439): stop. leaf nodes are specific
INFO: dtree.c(1478): Final simple tree
|( QUESTION11 1 -7.935e+05 6.249e+02 4.322e+03
|    ( - -1.311e+05 1 0)
|    ( QUESTION3 1 -6.618e+05 4.745e+02 3.607e+03
|        ( - -5.813e+05 1 0)
|        ( - -7.995e+04 1 0)))
s>    ( QUESTION11 1 -7.935e+05 6.249e+02 4.322e+03
s>        ( - -1.311e+05 1 0)
s>        ( QUESTION3 1 -6.618e+05 4.745e+02 3.607e+03
s>            ( - -5.813e+05 1 0)
s>            ( - -7.995e+04 1 0)))INFO: dtree.c(1315): Comp split 19
INFO: dtree.c(1439): stop. leaf nodes are specific
INFO: dtree.c(1478): Final simple tree
|( QUESTION15 -1 -1.356e+05 3.613e+02 6.871e+02
|    ( - -4.642e+04 1 0)
|    ( - -8.885e+04 1 0))
s>    ( QUESTION15 -1 -1.356e+05 3.613e+02 6.871e+02
s>        ( - -4.642e+04 1 0)
s>        ( - -8.885e+04 1 0))INFO: dtree.c(1478): Final simple tree
|( QUESTION2_15_L -1 -4.913e+05 6.042e+02 2.496e+03
|    ( QUESTION19 1 -2.174e+05 4.803e+02 1.099e+03
|        ( - -6.819e+04 1 0)
|        ( QUESTION0_16_R 1 -1.488e+05 4.371e+02 7.566e+02
|            ( - -2.780e+04 1 0)
|            ( QUESTION0_13_R 1 -1.205e+05 3.650e+02 6.123e+02
|                ( - -8.239e+04 1 0)
|                ( - -3.778e+04 1 0))))
|    ( QUESTION2 1 -2.733e+05 5.784e+02 1.397e+03
|        ( - -7.671e+04 2 0 QUESTION0_13_R 1 2.071e+02 3.910e+02)
|        ( QUESTION0_13_R 1 -1.960e+05 4.363e+02 1.006e+03
|            ( QUESTION15 -1 -1.368e+05 3.623e+02 7.014e+02
|                ( - -6.336e+04 1 0)
|                ( - -7.308e+04 1 0))
|            ( - -5.874e+04 1 0))))
s>    ( QUESTION2_15_L -1 -4.913e+05 6.042e+02 2.496e+03
s>        ( QUESTION19 1 -2.174e+05 4.803e+02 1.099e+03
s>            ( - -6.819e+04 1 0)
s>            ( QUESTION0_16_R 1 -1.488e+05 4.371e+02 7.566e+02
s>                ( - -2.780e+04 1 0)
s>                ( QUESTION0_13_R 1 -1.205e+05 3.650e+02 6.123e+02
s>                    ( - -8.239e+04 1 0)
s>                    ( - -3.778e+04 1 0))))
s>        ( QUESTION2 1 -2.733e+05 5.784e+02 1.397e+03
s>            ( - -7.671e+04 2 0 QUESTION0_13_R 1 2.071e+02 3.910e+02)
s>            ( QUESTION0_13_R 1 -1.960e+05 4.363e+02 1.006e+03
s>                ( QUESTION15 -1 -1.368e+05 3.623e+02 7.014e+02
s>                    ( - -6.336e+04 1 0)
s>                    ( - -7.308e+04 1 0))
s>                ( - -5.874e+04 1 0))))INFO: dtree.c(1315): Comp split 20
INFO: dtree.c(1439): stop. leaf nodes are specific
INFO: dtree.c(1478): Final simple tree
|( QUESTION0_3_R 1 -8.884e+05 4.876e+02 4.792e+03
|    ( QUESTION7 -1 -8.126e+05 3.864e+02 4.378e+03
|        ( - -3.354e+05 1 0)
|        ( QUESTION15 -1 -4.767e+05 3.921e+02 2.570e+03
|            ( - -2.807e+05 1 0)
|            ( QUESTION0 1 -1.956e+05 1.707e+02 1.062e+03
|                ( - -6.692e+04 1 0)
|                ( - -1.285e+05 1 0))))
|    ( - -7.538e+04 1 0))
s>    ( QUESTION0_3_R 1 -8.884e+05 4.876e+02 4.792e+03
s>        ( QUESTION7 -1 -8.126e+05 3.864e+02 4.378e+03
s>            ( - -3.354e+05 1 0)
s>            ( QUESTION15 -1 -4.767e+05 3.921e+02 2.570e+03
s>                ( - -2.807e+05 1 0)
s>                ( QUESTION0 1 -1.956e+05 1.707e+02 1.062e+03
s>                    ( - -6.692e+04 1 0)
s>                    ( - -1.285e+05 1 0))))
s>        ( - -7.538e+04 1 0))INFO: dtree.c(1439): stop. leaf nodes are specific
INFO: dtree.c(1478): Final simple tree
|( QUESTION3 1 -5.721e+05 6.604e+02 3.071e+03
|    ( QUESTION0_4_R 1 -4.329e+05 3.973e+02 2.327e+03
|        ( - -2.605e+05 1 0)
|        ( - -1.720e+05 1 0))
|    ( - -1.385e+05 1 0))
s>    ( QUESTION3 1 -5.721e+05 6.604e+02 3.071e+03
s>        ( QUESTION0_4_R 1 -4.329e+05 3.973e+02 2.327e+03
s>            ( - -2.605e+05 1 0)
s>            ( - -1.720e+05 1 0))
s>        ( - -1.385e+05 1 0))INFO: dtree.c(1315): Comp split 21
INFO: dtree.c(1439): stop. leaf nodes are specific
INFO: dtree.c(1478): Final simple tree
|( WDBNDRY_B 0 -1.677e+05 5.133e+02 8.635e+02
|    ( - -1.143e+05 1 0)
|    ( - -5.287e+04 1 0))
s>    ( WDBNDRY_B 0 -1.677e+05 5.133e+02 8.635e+02
s>        ( - -1.143e+05 1 0)
s>        ( - -5.287e+04 1 0))INFO: dtree.c(1315): Comp split 22
INFO: dtree.c(1439): stop. leaf nodes are specific
INFO: dtree.c(1478): Final simple tree
|( QUESTION2 1 -8.413e+04 7.079e+02 4.201e+02
|    ( - -7.082e+04 1 0)
|    ( - -1.260e+04 1 0))
s>    ( QUESTION2 1 -8.413e+04 7.079e+02 4.201e+02
s>        ( - -7.082e+04 1 0)
s>        ( - -1.260e+04 1 0))INFO: dtree.c(1315): Comp split 23
INFO: dtree.c(1439): stop. leaf nodes are specific
INFO: dtree.c(1478): Final simple tree
|( QUESTION0 -1 -2.303e+05 2.501e+02 1.249e+03
|    ( - -1.562e+05 1 0)
|    ( - -7.386e+04 1 0))
s>    ( QUESTION0 -1 -2.303e+05 2.501e+02 1.249e+03
s>        ( - -1.562e+05 1 0)
s>        ( - -7.386e+04 1 0))INFO: dtree.c(1315): Comp split 24
INFO: dtree.c(1315): Comp split 25
INFO: dtree.c(1439): stop. leaf nodes are specific
INFO: dtree.c(1478): Final simple tree
|( QUESTION19 -1 -1.449e+05 3.115e+02 7.601e+02
|    ( - -4.831e+04 1 0)
|    ( - -9.624e+04 1 0))
s>    ( QUESTION19 -1 -1.449e+05 3.115e+02 7.601e+02
s>        ( - -4.831e+04 1 0)
s>        ( - -9.624e+04 1 0))INFO: dtree.c(1315): Comp split 26
INFO: dtree.c(1439): stop. leaf nodes are specific
INFO: dtree.c(1478): Final simple tree
|( QUESTION0 -1 -3.746e+05 5.932e+02 1.901e+03
|    ( QUESTION2 1 -2.102e+05 3.912e+02 1.074e+03
|        ( - -8.879e+04 1 0)
|        ( - -1.210e+05 1 0))
|    ( - -1.638e+05 1 0))
s>    ( QUESTION0 -1 -3.746e+05 5.932e+02 1.901e+03
s>        ( QUESTION2 1 -2.102e+05 3.912e+02 1.074e+03
s>            ( - -8.879e+04 1 0)
s>            ( - -1.210e+05 1 0))
s>        ( - -1.638e+05 1 0))INFO: dtree.c(1439): stop. leaf nodes are specific
INFO: dtree.c(1478): Final simple tree
|( QUESTION0 -1 -1.379e+05 4.718e+02 7.035e+02
|    ( - -5.945e+04 1 0)
|    ( WDBNDRY_B 0 -7.797e+04 3.550e+02 4.020e+02
|        ( - -2.935e+04 1 0)
|        ( - -4.827e+04 1 0)))
s>    ( QUESTION0 -1 -1.379e+05 4.718e+02 7.035e+02
s>        ( - -5.945e+04 1 0)
s>        ( WDBNDRY_B 0 -7.797e+04 3.550e+02 4.020e+02
s>            ( - -2.935e+04 1 0)
s>            ( - -4.827e+04 1 0)))INFO: dtree.c(1315): Comp split 27
INFO: dtree.c(1439): stop. leaf nodes are specific
INFO: dtree.c(1478): Final simple tree
|( QUESTION2_16_L -1 -4.036e+04 2.570e+02 2.213e+02
|    ( - -1.437e+04 1 0)
|    ( - -2.573e+04 1 0))
s>    ( QUESTION2_16_L -1 -4.036e+04 2.570e+02 2.213e+02
s>        ( - -1.437e+04 1 0)
s>        ( - -2.573e+04 1 0))INFO: dtree.c(1315): Comp split 28
INFO: dtree.c(1439): stop. leaf nodes are specific
INFO: dtree.c(1478): Final simple tree
|( QUESTION2_15_L -1 -2.242e+05 3.889e+02 1.150e+03
|    ( - -2.780e+04 1 0)
|    ( QUESTION0_13_R 1 -1.960e+05 4.363e+02 1.006e+03
|        ( QUESTION15 -1 -1.368e+05 3.623e+02 7.014e+02
|            ( - -6.336e+04 1 0)
|            ( - -7.308e+04 1 0))
|        ( - -5.874e+04 1 0)))
s>    ( QUESTION2_15_L -1 -2.242e+05 3.889e+02 1.150e+03
s>        ( - -2.780e+04 1 0)
s>        ( QUESTION0_13_R 1 -1.960e+05 4.363e+02 1.006e+03
s>            ( QUESTION15 -1 -1.368e+05 3.623e+02 7.014e+02
s>                ( - -6.336e+04 1 0)
s>                ( - -7.308e+04 1 0))
s>            ( - -5.874e+04 1 0)))INFO: dtree.c(1439): stop. leaf nodes are specific
INFO: dtree.c(1478): Final simple tree
|( QUESTION2 1 -2.664e+05 4.851e+02 1.346e+03
|    ( QUESTION0_13_R 1 -7.671e+04 2.071e+02 3.910e+02
|        ( - -4.863e+04 1 0)
|        ( - -2.787e+04 1 0))
|    ( QUESTION0_13_R 1 -1.892e+05 5.031e+02 9.550e+02
|        ( - -8.239e+04 1 0)
|        ( QUESTION0_16_R 1 -1.063e+05 3.093e+02 5.355e+02
|            ( - -6.819e+04 1 0)
|            ( - -3.778e+04 1 0))))
s>    ( QUESTION2 1 -2.664e+05 4.851e+02 1.346e+03
s>        ( QUESTION0_13_R 1 -7.671e+04 2.071e+02 3.910e+02
s>            ( - -4.863e+04 1 0)
s>            ( - -2.787e+04 1 0))
s>        ( QUESTION0_13_R 1 -1.892e+05 5.031e+02 9.550e+02
s>            ( - -8.239e+04 1 0)
s>            ( QUESTION0_16_R 1 -1.063e+05 3.093e+02 5.355e+02
s>                ( - -6.819e+04 1 0)
s>                ( - -3.778e+04 1 0))))INFO: dtree.c(1315): Comp split 29
INFO: dtree.c(1439): stop. leaf nodes are specific
INFO: dtree.c(1478): Final simple tree
|( QUESTION0_16_R 1 -4.802e+05 3.623e+02 2.436e+03
|    ( QUESTION18 -1 -4.475e+05 2.990e+02 2.269e+03
|        ( - -7.829e+04 1 0)
|        ( QUESTION2 -1 -3.689e+05 2.328e+02 1.874e+03
|            ( - -3.400e+05 2 0)
|            ( - -2.865e+04 1 0)))
|    ( - -3.234e+04 1 0))
s>    ( QUESTION0_16_R 1 -4.802e+05 3.623e+02 2.436e+03
s>        ( QUESTION18 -1 -4.475e+05 2.990e+02 2.269e+03
s>            ( - -7.829e+04 1 0)
s>            ( QUESTION2 -1 -3.689e+05 2.328e+02 1.874e+03
s>                ( - -3.400e+05 2 0)
s>                ( - -2.865e+04 1 0)))
s>        ( - -3.234e+04 1 0))INFO: dtree.c(1315): Comp split 30
INFO: dtree.c(1315): Comp split 31
INFO: dtree.c(1439): stop. leaf nodes are specific
INFO: dtree.c(1478): Final simple tree
|( QUESTION0_4_R 1 -4.329e+05 3.973e+02 2.327e+03
|    ( - -2.605e+05 1 0)
|    ( - -1.720e+05 1 0))
s>    ( QUESTION0_4_R 1 -4.329e+05 3.973e+02 2.327e+03
s>        ( - -2.605e+05 1 0)
s>        ( - -1.720e+05 1 0))INFO: dtree.c(1315): Comp split 32
INFO: dtree.c(1439): stop. leaf nodes are specific
INFO: dtree.c(1478): Final simple tree
|( QUESTION3 1 -6.618e+05 4.745e+02 3.607e+03
|    ( - -5.813e+05 1 0)
|    ( - -7.995e+04 1 0))
s>    ( QUESTION3 1 -6.618e+05 4.745e+02 3.607e+03
s>        ( - -5.813e+05 1 0)
s>        ( - -7.995e+04 1 0))INFO: dtree.c(1315): Comp split 33
INFO: dtree.c(1439): stop. leaf nodes are specific
INFO: dtree.c(1478): Final simple tree
|( QUESTION2 1 -2.102e+05 3.912e+02 1.074e+03
|    ( - -8.879e+04 1 0)
|    ( - -1.210e+05 1 0))
s>    ( QUESTION2 1 -2.102e+05 3.912e+02 1.074e+03
s>        ( - -8.879e+04 1 0)
s>        ( - -1.210e+05 1 0))INFO: dtree.c(1315): Comp split 34
INFO: dtree.c(1439): stop. leaf nodes are specific
INFO: dtree.c(1478): Final simple tree
|( QUESTION2 1 -1.332e+05 4.382e+02 6.879e+02
|    ( - -6.456e+04 1 0)
|    ( QUESTION2 -1 -6.822e+04 2.866e+02 3.528e+02
|        ( - -2.339e+04 1 0)
|        ( - -4.454e+04 1 0)))
s>    ( QUESTION2 1 -1.332e+05 4.382e+02 6.879e+02
s>        ( - -6.456e+04 1 0)
s>        ( QUESTION2 -1 -6.822e+04 2.866e+02 3.528e+02
s>            ( - -2.339e+04 1 0)
s>            ( - -4.454e+04 1 0)))INFO: dtree.c(1439): stop. leaf nodes are specific
INFO: dtree.c(1478): Final simple tree
|( QUESTION15 -1 -2.014e+04 2.468e+02 1.002e+02
|    ( - -8.213e+03 1 0)
|    ( - -1.168e+04 1 0))
s>    ( QUESTION15 -1 -2.014e+04 2.468e+02 1.002e+02
s>        ( - -8.213e+03 1 0)
s>        ( - -1.168e+04 1 0))INFO: dtree.c(1315): Comp split 35
INFO: dtree.c(1439): stop. leaf nodes are specific
INFO: dtree.c(1478): Final simple tree
|( QUESTION0_16_R 1 -1.063e+05 3.093e+02 5.355e+02
|    ( - -6.819e+04 1 0)
|    ( - -3.778e+04 1 0))
s>    ( QUESTION0_16_R 1 -1.063e+05 3.093e+02 5.355e+02
s>        ( - -6.819e+04 1 0)
s>        ( - -3.778e+04 1 0))INFO: dtree.c(1439): stop. leaf nodes are specific
INFO: dtree.c(1478): Final simple tree
|( QUESTION2 1 -1.596e+05 4.522e+02 8.105e+02
|    ( QUESTION0_13_R 1 -7.671e+04 2.071e+02 3.910e+02
|        ( - -4.863e+04 1 0)
|        ( - -2.787e+04 1 0))
|    ( - -8.239e+04 1 0))
s>    ( QUESTION2 1 -1.596e+05 4.522e+02 8.105e+02
s>        ( QUESTION0_13_R 1 -7.671e+04 2.071e+02 3.910e+02
s>            ( - -4.863e+04 1 0)
s>            ( - -2.787e+04 1 0))
s>        ( - -8.239e+04 1 0))INFO: dtree.c(1315): Comp split 36
INFO: dtree.c(1315): Comp split 37
INFO: dtree.c(1439): stop. leaf nodes are specific
INFO: dtree.c(1478): Final simple tree
|( QUESTION2_15_L -1 -3.560e+05 4.248e+02 1.930e+03
|    ( - -1.878e+05 1 0)
|    ( - -1.678e+05 1 0))
s>    ( QUESTION2_15_L -1 -3.560e+05 4.248e+02 1.930e+03
s>        ( - -1.878e+05 1 0)
s>        ( - -1.678e+05 1 0))INFO: dtree.c(1315): Comp split 38
INFO: dtree.c(1439): stop. leaf nodes are specific
INFO: dtree.c(1478): Final simple tree
|( QUESTION7 -1 -8.126e+05 3.864e+02 4.378e+03
|    ( - -3.354e+05 1 0)
|    ( QUESTION15 -1 -4.767e+05 3.921e+02 2.570e+03
|        ( - -2.807e+05 1 0)
|        ( QUESTION0 1 -1.956e+05 1.707e+02 1.062e+03
|            ( - -6.692e+04 1 0)
|            ( - -1.285e+05 1 0))))
s>    ( QUESTION7 -1 -8.126e+05 3.864e+02 4.378e+03
s>        ( - -3.354e+05 1 0)
s>        ( QUESTION15 -1 -4.767e+05 3.921e+02 2.570e+03
s>            ( - -2.807e+05 1 0)
s>            ( QUESTION0 1 -1.956e+05 1.707e+02 1.062e+03
s>                ( - -6.692e+04 1 0)
s>                ( - -1.285e+05 1 0))))INFO: dtree.c(1315): Comp split 39
INFO: dtree.c(1315): Comp split 40
INFO: dtree.c(1439): stop. leaf nodes are specific
INFO: dtree.c(1478): Final simple tree
|( WDBNDRY_B 0 -7.797e+04 3.550e+02 4.020e+02
|    ( - -2.935e+04 1 0)
|    ( - -4.827e+04 1 0))
s>    ( WDBNDRY_B 0 -7.797e+04 3.550e+02 4.020e+02
s>        ( - -2.935e+04 1 0)
s>        ( - -4.827e+04 1 0))INFO: dtree.c(1315): Comp split 41
INFO: dtree.c(1439): stop. leaf nodes are specific
INFO: dtree.c(1478): Final simple tree
|( WDBNDRY_B 0 -3.516e+05 3.807e+02 1.897e+03
|    ( - -6.636e+04 1 0)
|    ( - -2.849e+05 1 0))
s>    ( WDBNDRY_B 0 -3.516e+05 3.807e+02 1.897e+03
s>        ( - -6.636e+04 1 0)
s>        ( - -2.849e+05 1 0))INFO: dtree.c(1315): Comp split 42
INFO: dtree.c(1439): stop. leaf nodes are specific
INFO: dtree.c(1478): Final simple tree
|( QUESTION0_13_R 1 -7.671e+04 2.071e+02 3.910e+02
|    ( - -4.863e+04 1 0)
|    ( - -2.787e+04 1 0))
s>    ( QUESTION0_13_R 1 -7.671e+04 2.071e+02 3.910e+02
s>        ( - -4.863e+04 1 0)
s>        ( - -2.787e+04 1 0))INFO: dtree.c(1315): Comp split 43
INFO: dtree.c(1439): stop. leaf nodes are specific
INFO: dtree.c(1478): Final simple tree
|( QUESTION15 -1 -1.650e+05 4.044e+02 8.457e+02
|    ( QUESTION0_13_R 1 -9.148e+04 3.312e+02 4.717e+02
|        ( - -6.336e+04 1 0)
|        ( - -2.780e+04 1 0))
|    ( - -7.308e+04 1 0))
s>    ( QUESTION15 -1 -1.650e+05 4.044e+02 8.457e+02
s>        ( QUESTION0_13_R 1 -9.148e+04 3.312e+02 4.717e+02
s>            ( - -6.336e+04 1 0)
s>            ( - -2.780e+04 1 0))
s>        ( - -7.308e+04 1 0))INFO: dtree.c(1315): Comp split 44
INFO: dtree.c(1439): stop. leaf nodes are specific
INFO: dtree.c(1478): Final simple tree
|( QUESTION2 -1 -6.822e+04 2.866e+02 3.528e+02
|    ( - -2.339e+04 1 0)
|    ( - -4.454e+04 1 0))
s>    ( QUESTION2 -1 -6.822e+04 2.866e+02 3.528e+02
s>        ( - -2.339e+04 1 0)
s>        ( - -4.454e+04 1 0))INFO: dtree.c(1315): Comp split 45
INFO: dtree.c(1439): stop. leaf nodes are specific
INFO: dtree.c(1478): Final simple tree
|( QUESTION2 -1 -3.689e+05 2.328e+02 1.874e+03
|    ( - -3.400e+05 2 0)
|    ( - -2.865e+04 1 0))
s>    ( QUESTION2 -1 -3.689e+05 2.328e+02 1.874e+03
s>        ( - -3.400e+05 2 0)
s>        ( - -2.865e+04 1 0))INFO: dtree.c(1439): stop. leaf nodes are specific
INFO: dtree.c(1478): Final simple tree
|( QUESTION0_16_R 1 -1.109e+05 2.359e+02 5.622e+02
|    ( - -7.829e+04 1 0)
|    ( - -3.234e+04 1 0))
s>    ( QUESTION0_16_R 1 -1.109e+05 2.359e+02 5.622e+02
s>        ( - -7.829e+04 1 0)
s>        ( - -3.234e+04 1 0))INFO: dtree.c(1315): Comp split 46
INFO: dtree.c(1315): Comp split 47
INFO: dtree.c(1439): stop. leaf nodes are specific
INFO: dtree.c(1478): Final simple tree
|( QUESTION0 1 -1.956e+05 1.707e+02 1.062e+03
|    ( - -6.692e+04 1 0)
|    ( - -1.285e+05 1 0))
s>    ( QUESTION0 1 -1.956e+05 1.707e+02 1.062e+03
s>        ( - -6.692e+04 1 0)
s>        ( - -1.285e+05 1 0))INFO: dtree.c(1439): stop. leaf nodes are specific
INFO: dtree.c(1478): Final simple tree
|( QUESTION2 -1 -6.165e+05 3.660e+02 3.316e+03
|    ( - -3.354e+05 1 0)
|    ( - -2.807e+05 1 0))
s>    ( QUESTION2 -1 -6.165e+05 3.660e+02 3.316e+03
s>        ( - -3.354e+05 1 0)
s>        ( - -2.807e+05 1 0))INFO: dtree.c(1315): Comp split 48
INFO: dtree.c(1439): stop. leaf nodes are specific
INFO: dtree.c(1478): Final simple tree
|( QUESTION0_13_R 1 -9.148e+04 3.312e+02 4.717e+02
|    ( - -6.336e+04 1 0)
|    ( - -2.780e+04 1 0))
s>    ( QUESTION0_13_R 1 -9.148e+04 3.312e+02 4.717e+02
s>        ( - -6.336e+04 1 0)
s>        ( - -2.780e+04 1 0))INFO: dtree.c(1315): Comp split 49
INFO: dtree.c(1315): Comp split 50
INFO: dtree.c(1315): Comp split 51
INFO: dtree.c(1315): Comp split 52
INFO: dtree.c(1315): Comp split 53
INFO: dtree.c(1315): Comp split 54
INFO: dtree.c(1315): Comp split 55
INFO: dtree.c(1315): Comp split 56
INFO: dtree.c(1315): Comp split 57
INFO: dtree.c(1315): Comp split 58
INFO: dtree.c(1315): Comp split 59
INFO: dtree.c(1315): Comp split 60
INFO: dtree.c(1315): Comp split 61
INFO: dtree.c(1315): Comp split 62
INFO: dtree.c(1315): Comp split 63
INFO: dtree.c(1315): Comp split 64
INFO: dtree.c(1315): Comp split 65
INFO: dtree.c(1315): Comp split 66
INFO: dtree.c(1318): stop. leaf nodes are specific
Tue Jun  9 01:50:04 2020
