Current configuration:
[NAME]		[DEFLT]	[VALUE]
-allphones	no	no
-cntthresh	0.00001	1.000000e-05
-csplitmax	100	2000
-csplitmin	1	1
-csplitthr	8e-4	0.000000e+00
-example	no	no
-fullvar	no	no
-help		no	no
-meanfn			/home/nattapong/Downloads/acoustic_model/model_parameters/acoustic_model.cd_cont_untied/means
-mixwfn			/home/nattapong/Downloads/acoustic_model/model_parameters/acoustic_model.cd_cont_untied/mixture_weights
-moddeffn		/home/nattapong/Downloads/acoustic_model/model_architecture/acoustic_model.untied.mdef
-mwfloor	1e-4	1.000000e-08
-phone			EH
-psetfn			/home/nattapong/Downloads/acoustic_model/model_architecture/acoustic_model.tree_questions
-ssplitmax	5	7
-ssplitmin	1	1
-ssplitthr	8e-4	0.000000e+00
-state			1
-stwt			1.0,0.05,0.0,
-treefn			/home/nattapong/Downloads/acoustic_model/trees/acoustic_model.unpruned/EH-1.dtree
-ts2cbfn	.semi.	.cont.
-varfloor	0.00001	1.000000e-05
-varfn			/home/nattapong/Downloads/acoustic_model/model_parameters/acoustic_model.cd_cont_untied/variances

INFO: main.c(223): Reading: /home/nattapong/Downloads/acoustic_model/model_architecture/acoustic_model.untied.mdef
INFO: model_def_io.c(573): Model definition info:
INFO: model_def_io.c(574): 416 total models defined (36 base, 380 tri)
INFO: model_def_io.c(575): 1664 total states
INFO: model_def_io.c(576): 1248 total tied states
INFO: model_def_io.c(577): 108 total tied CI states
INFO: model_def_io.c(578): 36 total tied transition matrices
INFO: model_def_io.c(579): 4 max state/model
INFO: model_def_io.c(580): 4 min state/model
INFO: main.c(242): Building trees for [EH H EN i] through [EH TH L i]
INFO: main.c(268): Covering states |[507 524]| == 18
INFO: main.c(275): Reading: /home/nattapong/Downloads/acoustic_model/model_parameters/acoustic_model.cd_cont_untied/mixture_weights
INFO: s3mixw_io.c(172): Read /home/nattapong/Downloads/acoustic_model/model_parameters/acoustic_model.cd_cont_untied/mixture_weights [18x1x1 array]
INFO: main.c(311): 6 of 6 models have observation count greater than 0.000010
INFO: main.c(95): nrm stwt: 0.045 0.909 0.045 
INFO: s3gau_io.c(168): Read /home/nattapong/Downloads/acoustic_model/model_parameters/acoustic_model.cd_cont_untied/means [1248x1x1 array]
INFO: s3gau_io.c(168): Read /home/nattapong/Downloads/acoustic_model/model_parameters/acoustic_model.cd_cont_untied/variances [1248x1x1 array]
INFO: main.c(549): Reading: /home/nattapong/Downloads/acoustic_model/model_architecture/acoustic_model.tree_questions
INFO: main.c(587): 178 total simple questions (170 phone; 8 word bndry)
INFO: main.c(589): 42 Left Only questions, and 40 Right Only questions
INFO: dtree.c(1439): stop. leaf nodes are specific
INFO: dtree.c(1478): Final simple tree
|( WDBNDRY_E 0 -5.604e+05 4.727e+03 3.431e+03
|    ( - -3.185e+05 1 0)
|    ( QUESTION19 -1 -2.372e+05 3.369e+03 1.515e+03
|        ( QUESTION8 1 -1.194e+05 5.410e+02 7.764e+02
|            ( - -5.755e+04 1 0)
|            ( - -6.129e+04 1 0))
|        ( QUESTION2 -1 -1.144e+05 7.404e+02 7.381e+02
|            ( - -4.565e+04 1 0)
|            ( QUESTION3 1 -6.804e+04 5.185e+02 4.398e+02
|                ( - -3.416e+04 1 0)
|                ( - -3.337e+04 1 0)))))
s>    ( WDBNDRY_E 0 -5.604e+05 4.727e+03 3.431e+03
s>        ( - -3.185e+05 1 0)
s>        ( QUESTION19 -1 -2.372e+05 3.369e+03 1.515e+03
s>            ( QUESTION8 1 -1.194e+05 5.410e+02 7.764e+02
s>                ( - -5.755e+04 1 0)
s>                ( - -6.129e+04 1 0))
s>            ( QUESTION2 -1 -1.144e+05 7.404e+02 7.381e+02
s>                ( - -4.565e+04 1 0)
s>                ( QUESTION3 1 -6.804e+04 5.185e+02 4.398e+02
s>                    ( - -3.416e+04 1 0)
s>                    ( - -3.337e+04 1 0)))))INFO: dtree.c(1315): Comp split 0
INFO: dtree.c(1439): stop. leaf nodes are specific
INFO: dtree.c(1478): Final simple tree
|( QUESTION2 -1 -1.144e+05 7.404e+02 7.381e+02
|    ( - -4.565e+04 1 0)
|    ( QUESTION3 1 -6.804e+04 5.185e+02 4.398e+02
|        ( - -3.416e+04 1 0)
|        ( - -3.337e+04 1 0)))
s>    ( QUESTION2 -1 -1.144e+05 7.404e+02 7.381e+02
s>        ( - -4.565e+04 1 0)
s>        ( QUESTION3 1 -6.804e+04 5.185e+02 4.398e+02
s>            ( - -3.416e+04 1 0)
s>            ( - -3.337e+04 1 0)))INFO: dtree.c(1439): stop. leaf nodes are specific
INFO: dtree.c(1478): Final simple tree
|( WDBNDRY_E 0 -4.409e+05 3.040e+03 2.693e+03
|    ( - -3.185e+05 1 0)
|    ( QUESTION8 1 -1.194e+05 5.410e+02 7.764e+02
|        ( - -5.755e+04 1 0)
|        ( - -6.129e+04 1 0)))
s>    ( WDBNDRY_E 0 -4.409e+05 3.040e+03 2.693e+03
s>        ( - -3.185e+05 1 0)
s>        ( QUESTION8 1 -1.194e+05 5.410e+02 7.764e+02
s>            ( - -5.755e+04 1 0)
s>            ( - -6.129e+04 1 0)))INFO: dtree.c(1315): Comp split 1
INFO: dtree.c(1439): stop. leaf nodes are specific
INFO: dtree.c(1478): Final simple tree
|( QUESTION8 1 -1.194e+05 5.410e+02 7.764e+02
|    ( - -5.755e+04 1 0)
|    ( - -6.129e+04 1 0))
s>    ( QUESTION8 1 -1.194e+05 5.410e+02 7.764e+02
s>        ( - -5.755e+04 1 0)
s>        ( - -6.129e+04 1 0))INFO: dtree.c(1315): Comp split 2
INFO: dtree.c(1439): stop. leaf nodes are specific
INFO: dtree.c(1478): Final simple tree
|( QUESTION3 1 -6.804e+04 5.185e+02 4.398e+02
|    ( - -3.416e+04 1 0)
|    ( - -3.337e+04 1 0))
s>    ( QUESTION3 1 -6.804e+04 5.185e+02 4.398e+02
s>        ( - -3.416e+04 1 0)
s>        ( - -3.337e+04 1 0))INFO: dtree.c(1315): Comp split 3
INFO: dtree.c(1315): Comp split 4
INFO: dtree.c(1315): Comp split 5
INFO: dtree.c(1318): stop. leaf nodes are specific
Tue Jun  9 01:49:59 2020
