Current configuration:
[NAME]		[DEFLT]	[VALUE]
-allphones	no	no
-cntthresh	0.00001	1.000000e-05
-csplitmax	100	2000
-csplitmin	1	1
-csplitthr	8e-4	0.000000e+00
-example	no	no
-fullvar	no	no
-help		no	no
-meanfn			/home/nattapong/Downloads/acoustic_model/model_parameters/acoustic_model.cd_cont_untied/means
-mixwfn			/home/nattapong/Downloads/acoustic_model/model_parameters/acoustic_model.cd_cont_untied/mixture_weights
-moddeffn		/home/nattapong/Downloads/acoustic_model/model_architecture/acoustic_model.untied.mdef
-mwfloor	1e-4	1.000000e-08
-phone			R
-psetfn			/home/nattapong/Downloads/acoustic_model/model_architecture/acoustic_model.tree_questions
-ssplitmax	5	7
-ssplitmin	1	1
-ssplitthr	8e-4	0.000000e+00
-state			2
-stwt			1.0,0.05,0.0,
-treefn			/home/nattapong/Downloads/acoustic_model/trees/acoustic_model.unpruned/R-2.dtree
-ts2cbfn	.semi.	.cont.
-varfloor	0.00001	1.000000e-05
-varfn			/home/nattapong/Downloads/acoustic_model/model_parameters/acoustic_model.cd_cont_untied/variances

INFO: main.c(223): Reading: /home/nattapong/Downloads/acoustic_model/model_architecture/acoustic_model.untied.mdef
INFO: model_def_io.c(573): Model definition info:
INFO: model_def_io.c(574): 416 total models defined (36 base, 380 tri)
INFO: model_def_io.c(575): 1664 total states
INFO: model_def_io.c(576): 1248 total tied states
INFO: model_def_io.c(577): 108 total tied CI states
INFO: model_def_io.c(578): 36 total tied transition matrices
INFO: model_def_io.c(579): 4 max state/model
INFO: model_def_io.c(580): 4 min state/model
INFO: main.c(242): Building trees for [R A A i] through [R UW UW i]
INFO: main.c(268): Covering states |[957 1001]| == 45
INFO: main.c(275): Reading: /home/nattapong/Downloads/acoustic_model/model_parameters/acoustic_model.cd_cont_untied/mixture_weights
INFO: s3mixw_io.c(172): Read /home/nattapong/Downloads/acoustic_model/model_parameters/acoustic_model.cd_cont_untied/mixture_weights [45x1x1 array]
INFO: main.c(311): 15 of 15 models have observation count greater than 0.000010
INFO: main.c(95): nrm stwt: 0.000 0.048 0.952 
INFO: s3gau_io.c(168): Read /home/nattapong/Downloads/acoustic_model/model_parameters/acoustic_model.cd_cont_untied/means [1248x1x1 array]
INFO: s3gau_io.c(168): Read /home/nattapong/Downloads/acoustic_model/model_parameters/acoustic_model.cd_cont_untied/variances [1248x1x1 array]
INFO: main.c(549): Reading: /home/nattapong/Downloads/acoustic_model/model_architecture/acoustic_model.tree_questions
INFO: main.c(587): 178 total simple questions (170 phone; 8 word bndry)
INFO: main.c(589): 42 Left Only questions, and 40 Right Only questions
INFO: dtree.c(1478): Final simple tree
|( QUESTION0_0_R 1 -5.763e+05 4.343e+03 2.835e+03
|    ( QUESTION0_6_R 1 -4.199e+05 3.905e+03 2.032e+03
|        ( QUESTION2_0_L -1 -2.329e+05 1.201e+03 1.168e+03
|            ( - -1.526e+05 3 0 QUESTION0 -1 3.957e+02 7.630e+02)
|            ( QUESTION17 -1 -7.915e+04 7.362e+02 4.053e+02
|                ( - -2.834e+04 1 0)
|                ( - -5.007e+04 2 0 QUESTION0 -1 2.535e+02 2.577e+02)))
|        ( QUESTION0_1_R 1 -1.831e+05 1.183e+03 8.641e+02
|            ( - -5.646e+04 1 0)
|            ( QUESTION0 -1 -1.255e+05 5.000e+02 5.939e+02
|                ( - -7.576e+04 2 0 QUESTION2_0_L -1 4.063e+02 3.582e+02)
|                ( - -4.920e+04 1 0))))
|    ( QUESTION0_10_R 1 -1.520e+05 7.035e+02 8.023e+02
|        ( - -1.832e+04 1 0)
|        ( - -1.330e+05 4 0 QUESTION2_2_L -1 4.126e+02 7.064e+02)))
s>    ( QUESTION0_0_R 1 -5.763e+05 4.343e+03 2.835e+03
s>        ( QUESTION0_6_R 1 -4.199e+05 3.905e+03 2.032e+03
s>            ( QUESTION2_0_L -1 -2.329e+05 1.201e+03 1.168e+03
s>                ( - -1.526e+05 3 0 QUESTION0 -1 3.957e+02 7.630e+02)
s>                ( QUESTION17 -1 -7.915e+04 7.362e+02 4.053e+02
s>                    ( - -2.834e+04 1 0)
s>                    ( - -5.007e+04 2 0 QUESTION0 -1 2.535e+02 2.577e+02)))
s>            ( QUESTION0_1_R 1 -1.831e+05 1.183e+03 8.641e+02
s>                ( - -5.646e+04 1 0)
s>                ( QUESTION0 -1 -1.255e+05 5.000e+02 5.939e+02
s>                    ( - -7.576e+04 2 0 QUESTION2_0_L -1 4.063e+02 3.582e+02)
s>                    ( - -4.920e+04 1 0))))
s>        ( QUESTION0_10_R 1 -1.520e+05 7.035e+02 8.023e+02
s>            ( - -1.832e+04 1 0)
s>            ( - -1.330e+05 4 0 QUESTION2_2_L -1 4.126e+02 7.064e+02)))INFO: dtree.c(1315): Comp split 0
INFO: dtree.c(1439): stop. leaf nodes are specific
INFO: dtree.c(1478): Final simple tree
|( QUESTION0_1_R 1 -1.831e+05 1.183e+03 8.641e+02
|    ( - -5.646e+04 1 0)
|    ( QUESTION0 -1 -1.255e+05 5.000e+02 5.939e+02
|        ( QUESTION2_0_L -1 -7.576e+04 4.063e+02 3.582e+02
|            ( - -5.340e+04 1 0)
|            ( - -2.196e+04 1 0))
|        ( - -4.920e+04 1 0)))
s>    ( QUESTION0_1_R 1 -1.831e+05 1.183e+03 8.641e+02
s>        ( - -5.646e+04 1 0)
s>        ( QUESTION0 -1 -1.255e+05 5.000e+02 5.939e+02
s>            ( QUESTION2_0_L -1 -7.576e+04 4.063e+02 3.582e+02
s>                ( - -5.340e+04 1 0)
s>                ( - -2.196e+04 1 0))
s>            ( - -4.920e+04 1 0)))INFO: dtree.c(1478): Final simple tree
|( QUESTION0_0_R 1 -3.884e+05 3.451e+03 1.971e+03
|    ( QUESTION2_0_L -1 -2.329e+05 1.201e+03 1.168e+03
|        ( QUESTION0 -1 -1.526e+05 3.957e+02 7.630e+02
|            ( - -1.397e+05 2 0)
|            ( - -1.253e+04 1 0))
|        ( QUESTION17 -1 -7.915e+04 7.362e+02 4.053e+02
|            ( - -2.834e+04 1 0)
|            ( QUESTION0 -1 -5.007e+04 2.535e+02 2.577e+02
|                ( - -3.863e+04 1 0)
|                ( - -1.119e+04 1 0))))
|    ( QUESTION0_10_R 1 -1.520e+05 7.035e+02 8.023e+02
|        ( - -1.832e+04 1 0)
|        ( QUESTION2_2_L -1 -1.330e+05 4.126e+02 7.064e+02
|            ( - -2.077e+04 1 0)
|            ( - -1.118e+05 3 0 QUESTION2_0_L -1 1.812e+02 5.948e+02))))
s>    ( QUESTION0_0_R 1 -3.884e+05 3.451e+03 1.971e+03
s>        ( QUESTION2_0_L -1 -2.329e+05 1.201e+03 1.168e+03
s>            ( QUESTION0 -1 -1.526e+05 3.957e+02 7.630e+02
s>                ( - -1.397e+05 2 0)
s>                ( - -1.253e+04 1 0))
s>            ( QUESTION17 -1 -7.915e+04 7.362e+02 4.053e+02
s>                ( - -2.834e+04 1 0)
s>                ( QUESTION0 -1 -5.007e+04 2.535e+02 2.577e+02
s>                    ( - -3.863e+04 1 0)
s>                    ( - -1.119e+04 1 0))))
s>        ( QUESTION0_10_R 1 -1.520e+05 7.035e+02 8.023e+02
s>            ( - -1.832e+04 1 0)
s>            ( QUESTION2_2_L -1 -1.330e+05 4.126e+02 7.064e+02
s>                ( - -2.077e+04 1 0)
s>                ( - -1.118e+05 3 0 QUESTION2_0_L -1 1.812e+02 5.948e+02))))INFO: dtree.c(1315): Comp split 1
INFO: dtree.c(1439): stop. leaf nodes are specific
INFO: dtree.c(1478): Final simple tree
|( QUESTION2_0_L -1 -2.329e+05 1.201e+03 1.168e+03
|    ( QUESTION0 -1 -1.526e+05 3.957e+02 7.630e+02
|        ( - -1.397e+05 2 0)
|        ( - -1.253e+04 1 0))
|    ( QUESTION17 -1 -7.915e+04 7.362e+02 4.053e+02
|        ( - -2.834e+04 1 0)
|        ( QUESTION0 -1 -5.007e+04 2.535e+02 2.577e+02
|            ( - -3.863e+04 1 0)
|            ( - -1.119e+04 1 0))))
s>    ( QUESTION2_0_L -1 -2.329e+05 1.201e+03 1.168e+03
s>        ( QUESTION0 -1 -1.526e+05 3.957e+02 7.630e+02
s>            ( - -1.397e+05 2 0)
s>            ( - -1.253e+04 1 0))
s>        ( QUESTION17 -1 -7.915e+04 7.362e+02 4.053e+02
s>            ( - -2.834e+04 1 0)
s>            ( QUESTION0 -1 -5.007e+04 2.535e+02 2.577e+02
s>                ( - -3.863e+04 1 0)
s>                ( - -1.119e+04 1 0))))INFO: dtree.c(1439): stop. leaf nodes are specific
INFO: dtree.c(1478): Final simple tree
|( QUESTION0_10_R 1 -1.520e+05 7.035e+02 8.023e+02
|    ( - -1.832e+04 1 0)
|    ( QUESTION2_2_L -1 -1.330e+05 4.126e+02 7.064e+02
|        ( - -2.077e+04 1 0)
|        ( QUESTION2_0_L -1 -1.118e+05 1.812e+02 5.948e+02
|            ( - -9.048e+04 2 0)
|            ( - -2.116e+04 1 0))))
s>    ( QUESTION0_10_R 1 -1.520e+05 7.035e+02 8.023e+02
s>        ( - -1.832e+04 1 0)
s>        ( QUESTION2_2_L -1 -1.330e+05 4.126e+02 7.064e+02
s>            ( - -2.077e+04 1 0)
s>            ( QUESTION2_0_L -1 -1.118e+05 1.812e+02 5.948e+02
s>                ( - -9.048e+04 2 0)
s>                ( - -2.116e+04 1 0))))INFO: dtree.c(1315): Comp split 2
INFO: dtree.c(1439): stop. leaf nodes are specific
INFO: dtree.c(1478): Final simple tree
|( QUESTION17 -1 -7.915e+04 7.362e+02 4.053e+02
|    ( - -2.834e+04 1 0)
|    ( QUESTION0 -1 -5.007e+04 2.535e+02 2.577e+02
|        ( - -3.863e+04 1 0)
|        ( - -1.119e+04 1 0)))
s>    ( QUESTION17 -1 -7.915e+04 7.362e+02 4.053e+02
s>        ( - -2.834e+04 1 0)
s>        ( QUESTION0 -1 -5.007e+04 2.535e+02 2.577e+02
s>            ( - -3.863e+04 1 0)
s>            ( - -1.119e+04 1 0)))INFO: dtree.c(1439): stop. leaf nodes are specific
INFO: dtree.c(1478): Final simple tree
|( QUESTION0 -1 -1.526e+05 3.957e+02 7.630e+02
|    ( - -1.397e+05 2 0)
|    ( - -1.253e+04 1 0))
s>    ( QUESTION0 -1 -1.526e+05 3.957e+02 7.630e+02
s>        ( - -1.397e+05 2 0)
s>        ( - -1.253e+04 1 0))INFO: dtree.c(1315): Comp split 3
INFO: dtree.c(1439): stop. leaf nodes are specific
INFO: dtree.c(1478): Final simple tree
|( QUESTION0 -1 -1.255e+05 5.000e+02 5.939e+02
|    ( QUESTION2_0_L -1 -7.576e+04 4.063e+02 3.582e+02
|        ( - -5.340e+04 1 0)
|        ( - -2.196e+04 1 0))
|    ( - -4.920e+04 1 0))
s>    ( QUESTION0 -1 -1.255e+05 5.000e+02 5.939e+02
s>        ( QUESTION2_0_L -1 -7.576e+04 4.063e+02 3.582e+02
s>            ( - -5.340e+04 1 0)
s>            ( - -2.196e+04 1 0))
s>        ( - -4.920e+04 1 0))INFO: dtree.c(1315): Comp split 4
INFO: dtree.c(1439): stop. leaf nodes are specific
INFO: dtree.c(1478): Final simple tree
|( QUESTION2_0_L -1 -1.118e+05 1.812e+02 5.948e+02
|    ( - -9.048e+04 2 0)
|    ( - -2.116e+04 1 0))
s>    ( QUESTION2_0_L -1 -1.118e+05 1.812e+02 5.948e+02
s>        ( - -9.048e+04 2 0)
s>        ( - -2.116e+04 1 0))INFO: dtree.c(1439): stop. leaf nodes are specific
INFO: dtree.c(1478): Final simple tree
|( QUESTION0_10_R 1 -3.944e+04 3.590e+02 2.075e+02
|    ( - -1.832e+04 1 0)
|    ( - -2.077e+04 1 0))
s>    ( QUESTION0_10_R 1 -3.944e+04 3.590e+02 2.075e+02
s>        ( - -1.832e+04 1 0)
s>        ( - -2.077e+04 1 0))INFO: dtree.c(1315): Comp split 5
INFO: dtree.c(1439): stop. leaf nodes are specific
INFO: dtree.c(1478): Final simple tree
|( QUESTION0 -1 -5.007e+04 2.535e+02 2.577e+02
|    ( - -3.863e+04 1 0)
|    ( - -1.119e+04 1 0))
s>    ( QUESTION0 -1 -5.007e+04 2.535e+02 2.577e+02
s>        ( - -3.863e+04 1 0)
s>        ( - -1.119e+04 1 0))INFO: dtree.c(1315): Comp split 6
INFO: dtree.c(1439): stop. leaf nodes are specific
INFO: dtree.c(1478): Final simple tree
|( QUESTION2_0_L -1 -7.576e+04 4.063e+02 3.582e+02
|    ( - -5.340e+04 1 0)
|    ( - -2.196e+04 1 0))
s>    ( QUESTION2_0_L -1 -7.576e+04 4.063e+02 3.582e+02
s>        ( - -5.340e+04 1 0)
s>        ( - -2.196e+04 1 0))INFO: dtree.c(1315): Comp split 7
INFO: dtree.c(1315): Comp split 8
INFO: dtree.c(1315): Comp split 9
INFO: dtree.c(1315): Comp split 10
INFO: dtree.c(1315): Comp split 11
INFO: dtree.c(1315): Comp split 12
INFO: dtree.c(1318): stop. leaf nodes are specific
Tue Jun  9 01:50:02 2020
