Current configuration:
[NAME]		[DEFLT]	[VALUE]
-allphones	no	no
-cntthresh	0.00001	1.000000e-05
-csplitmax	100	2000
-csplitmin	1	1
-csplitthr	8e-4	0.000000e+00
-example	no	no
-fullvar	no	no
-help		no	no
-meanfn			/home/nattapong/Downloads/acoustic_model/model_parameters/acoustic_model.cd_cont_untied/means
-mixwfn			/home/nattapong/Downloads/acoustic_model/model_parameters/acoustic_model.cd_cont_untied/mixture_weights
-moddeffn		/home/nattapong/Downloads/acoustic_model/model_architecture/acoustic_model.untied.mdef
-mwfloor	1e-4	1.000000e-08
-phone			CH
-psetfn			/home/nattapong/Downloads/acoustic_model/model_architecture/acoustic_model.tree_questions
-ssplitmax	5	7
-ssplitmin	1	1
-ssplitthr	8e-4	0.000000e+00
-state			2
-stwt			1.0,0.05,0.0,
-treefn			/home/nattapong/Downloads/acoustic_model/trees/acoustic_model.unpruned/CH-2.dtree
-ts2cbfn	.semi.	.cont.
-varfloor	0.00001	1.000000e-05
-varfn			/home/nattapong/Downloads/acoustic_model/model_parameters/acoustic_model.cd_cont_untied/variances

INFO: main.c(223): Reading: /home/nattapong/Downloads/acoustic_model/model_architecture/acoustic_model.untied.mdef
INFO: model_def_io.c(573): Model definition info:
INFO: model_def_io.c(574): 416 total models defined (36 base, 380 tri)
INFO: model_def_io.c(575): 1664 total states
INFO: model_def_io.c(576): 1248 total tied states
INFO: model_def_io.c(577): 108 total tied CI states
INFO: model_def_io.c(578): 36 total tied transition matrices
INFO: model_def_io.c(579): 4 max state/model
INFO: model_def_io.c(580): 4 min state/model
INFO: main.c(242): Building trees for [CH A A i] through [CH SIL OW b]
INFO: main.c(268): Covering states |[432 461]| == 30
INFO: main.c(275): Reading: /home/nattapong/Downloads/acoustic_model/model_parameters/acoustic_model.cd_cont_untied/mixture_weights
INFO: s3mixw_io.c(172): Read /home/nattapong/Downloads/acoustic_model/model_parameters/acoustic_model.cd_cont_untied/mixture_weights [30x1x1 array]
INFO: main.c(311): 10 of 10 models have observation count greater than 0.000010
INFO: main.c(95): nrm stwt: 0.000 0.048 0.952 
INFO: s3gau_io.c(168): Read /home/nattapong/Downloads/acoustic_model/model_parameters/acoustic_model.cd_cont_untied/means [1248x1x1 array]
INFO: s3gau_io.c(168): Read /home/nattapong/Downloads/acoustic_model/model_parameters/acoustic_model.cd_cont_untied/variances [1248x1x1 array]
INFO: main.c(549): Reading: /home/nattapong/Downloads/acoustic_model/model_architecture/acoustic_model.tree_questions
INFO: main.c(587): 178 total simple questions (170 phone; 8 word bndry)
INFO: main.c(589): 42 Left Only questions, and 40 Right Only questions
INFO: dtree.c(1478): Final simple tree
|( QUESTION0_3_R 1 -5.287e+05 3.931e+03 2.483e+03
|    ( WDBNDRY_B 0 -1.858e+05 3.254e+02 8.790e+02
|        ( - -8.580e+04 1 0)
|        ( - -9.964e+04 2 0 QUESTION2_0_L -1 2.324e+02 4.730e+02))
|    ( QUESTION0_9_R 1 -3.390e+05 1.906e+03 1.604e+03
|        ( QUESTION2 -1 -9.632e+04 4.791e+02 4.714e+02
|            ( - -4.302e+04 1 0)
|            ( - -5.282e+04 1 0))
|        ( QUESTION0_1_R 1 -2.408e+05 1.852e+03 1.133e+03
|            ( - -4.215e+04 1 0)
|            ( QUESTION0_0_R 1 -1.968e+05 8.278e+02 9.325e+02
|                ( WDBNDRY_B 0 -1.465e+05 5.002e+02 7.058e+02
|                    ( - -9.369e+04 1 0)
|                    ( - -5.226e+04 2 0))
|                ( - -4.949e+04 1 0)))))
s>    ( QUESTION0_3_R 1 -5.287e+05 3.931e+03 2.483e+03
s>        ( WDBNDRY_B 0 -1.858e+05 3.254e+02 8.790e+02
s>            ( - -8.580e+04 1 0)
s>            ( - -9.964e+04 2 0 QUESTION2_0_L -1 2.324e+02 4.730e+02))
s>        ( QUESTION0_9_R 1 -3.390e+05 1.906e+03 1.604e+03
s>            ( QUESTION2 -1 -9.632e+04 4.791e+02 4.714e+02
s>                ( - -4.302e+04 1 0)
s>                ( - -5.282e+04 1 0))
s>            ( QUESTION0_1_R 1 -2.408e+05 1.852e+03 1.133e+03
s>                ( - -4.215e+04 1 0)
s>                ( QUESTION0_0_R 1 -1.968e+05 8.278e+02 9.325e+02
s>                    ( WDBNDRY_B 0 -1.465e+05 5.002e+02 7.058e+02
s>                        ( - -9.369e+04 1 0)
s>                        ( - -5.226e+04 2 0))
s>                    ( - -4.949e+04 1 0)))))INFO: dtree.c(1315): Comp split 0
INFO: dtree.c(1439): stop. leaf nodes are specific
INFO: dtree.c(1478): Final simple tree
|( QUESTION0_3_R 1 -3.850e+05 2.488e+03 1.811e+03
|    ( WDBNDRY_B 0 -1.858e+05 3.254e+02 8.790e+02
|        ( - -8.580e+04 1 0)
|        ( QUESTION2_0_L -1 -9.964e+04 2.324e+02 4.730e+02
|            ( - -5.346e+04 1 0)
|            ( - -4.595e+04 1 0)))
|    ( QUESTION0_0_R 1 -1.968e+05 8.278e+02 9.325e+02
|        ( WDBNDRY_B 0 -1.465e+05 5.002e+02 7.058e+02
|            ( - -9.369e+04 1 0)
|            ( - -5.226e+04 2 0))
|        ( - -4.949e+04 1 0)))
s>    ( QUESTION0_3_R 1 -3.850e+05 2.488e+03 1.811e+03
s>        ( WDBNDRY_B 0 -1.858e+05 3.254e+02 8.790e+02
s>            ( - -8.580e+04 1 0)
s>            ( QUESTION2_0_L -1 -9.964e+04 2.324e+02 4.730e+02
s>                ( - -5.346e+04 1 0)
s>                ( - -4.595e+04 1 0)))
s>        ( QUESTION0_0_R 1 -1.968e+05 8.278e+02 9.325e+02
s>            ( WDBNDRY_B 0 -1.465e+05 5.002e+02 7.058e+02
s>                ( - -9.369e+04 1 0)
s>                ( - -5.226e+04 2 0))
s>            ( - -4.949e+04 1 0)))INFO: dtree.c(1439): stop. leaf nodes are specific
INFO: dtree.c(1478): Final simple tree
|( WDBNDRY_B 0 -1.395e+05 9.841e+02 6.715e+02
|    ( - -4.215e+04 1 0)
|    ( QUESTION2 -1 -9.632e+04 4.791e+02 4.714e+02
|        ( - -4.302e+04 1 0)
|        ( - -5.282e+04 1 0)))
s>    ( WDBNDRY_B 0 -1.395e+05 9.841e+02 6.715e+02
s>        ( - -4.215e+04 1 0)
s>        ( QUESTION2 -1 -9.632e+04 4.791e+02 4.714e+02
s>            ( - -4.302e+04 1 0)
s>            ( - -5.282e+04 1 0)))INFO: dtree.c(1315): Comp split 1
INFO: dtree.c(1439): stop. leaf nodes are specific
INFO: dtree.c(1478): Final simple tree
|( QUESTION0_0_R 1 -1.968e+05 8.278e+02 9.325e+02
|    ( WDBNDRY_B 0 -1.465e+05 5.002e+02 7.058e+02
|        ( - -9.369e+04 1 0)
|        ( - -5.226e+04 2 0))
|    ( - -4.949e+04 1 0))
s>    ( QUESTION0_0_R 1 -1.968e+05 8.278e+02 9.325e+02
s>        ( WDBNDRY_B 0 -1.465e+05 5.002e+02 7.058e+02
s>            ( - -9.369e+04 1 0)
s>            ( - -5.226e+04 2 0))
s>        ( - -4.949e+04 1 0))INFO: dtree.c(1439): stop. leaf nodes are specific
INFO: dtree.c(1478): Final simple tree
|( WDBNDRY_B 0 -1.858e+05 3.254e+02 8.790e+02
|    ( - -8.580e+04 1 0)
|    ( QUESTION2_0_L -1 -9.964e+04 2.324e+02 4.730e+02
|        ( - -5.346e+04 1 0)
|        ( - -4.595e+04 1 0)))
s>    ( WDBNDRY_B 0 -1.858e+05 3.254e+02 8.790e+02
s>        ( - -8.580e+04 1 0)
s>        ( QUESTION2_0_L -1 -9.964e+04 2.324e+02 4.730e+02
s>            ( - -5.346e+04 1 0)
s>            ( - -4.595e+04 1 0)))INFO: dtree.c(1315): Comp split 2
INFO: dtree.c(1439): stop. leaf nodes are specific
INFO: dtree.c(1478): Final simple tree
|( QUESTION2 -1 -9.632e+04 4.791e+02 4.714e+02
|    ( - -4.302e+04 1 0)
|    ( - -5.282e+04 1 0))
s>    ( QUESTION2 -1 -9.632e+04 4.791e+02 4.714e+02
s>        ( - -4.302e+04 1 0)
s>        ( - -5.282e+04 1 0))INFO: dtree.c(1315): Comp split 3
INFO: dtree.c(1439): stop. leaf nodes are specific
INFO: dtree.c(1478): Final simple tree
|( WDBNDRY_B 0 -1.465e+05 5.002e+02 7.058e+02
|    ( - -9.369e+04 1 0)
|    ( - -5.226e+04 2 0))
s>    ( WDBNDRY_B 0 -1.465e+05 5.002e+02 7.058e+02
s>        ( - -9.369e+04 1 0)
s>        ( - -5.226e+04 2 0))INFO: dtree.c(1315): Comp split 4
INFO: dtree.c(1315): Comp split 5
INFO: dtree.c(1315): Comp split 6
INFO: dtree.c(1439): stop. leaf nodes are specific
INFO: dtree.c(1478): Final simple tree
|( QUESTION2_0_L -1 -9.964e+04 2.324e+02 4.730e+02
|    ( - -5.346e+04 1 0)
|    ( - -4.595e+04 1 0))
s>    ( QUESTION2_0_L -1 -9.964e+04 2.324e+02 4.730e+02
s>        ( - -5.346e+04 1 0)
s>        ( - -4.595e+04 1 0))INFO: dtree.c(1315): Comp split 7
INFO: dtree.c(1315): Comp split 8
INFO: dtree.c(1318): stop. leaf nodes are specific
Tue Jun  9 01:50:00 2020
