Current configuration:
[NAME]		[DEFLT]	[VALUE]
-allphones	no	no
-cntthresh	0.00001	1.000000e-05
-csplitmax	100	2000
-csplitmin	1	1
-csplitthr	8e-4	0.000000e+00
-example	no	no
-fullvar	no	no
-help		no	no
-meanfn			/home/nattapong/Downloads/acoustic_model/model_parameters/acoustic_model.cd_cont_untied/means
-mixwfn			/home/nattapong/Downloads/acoustic_model/model_parameters/acoustic_model.cd_cont_untied/mixture_weights
-moddeffn		/home/nattapong/Downloads/acoustic_model/model_architecture/acoustic_model.untied.mdef
-mwfloor	1e-4	1.000000e-08
-phone			M
-psetfn			/home/nattapong/Downloads/acoustic_model/model_architecture/acoustic_model.tree_questions
-ssplitmax	5	7
-ssplitmin	1	1
-ssplitthr	8e-4	0.000000e+00
-state			2
-stwt			1.0,0.05,0.0,
-treefn			/home/nattapong/Downloads/acoustic_model/trees/acoustic_model.unpruned/M-2.dtree
-ts2cbfn	.semi.	.cont.
-varfloor	0.00001	1.000000e-05
-varfn			/home/nattapong/Downloads/acoustic_model/model_parameters/acoustic_model.cd_cont_untied/variances

INFO: main.c(223): Reading: /home/nattapong/Downloads/acoustic_model/model_architecture/acoustic_model.untied.mdef
INFO: model_def_io.c(573): Model definition info:
INFO: model_def_io.c(574): 416 total models defined (36 base, 380 tri)
INFO: model_def_io.c(575): 1664 total states
INFO: model_def_io.c(576): 1248 total tied states
INFO: model_def_io.c(577): 108 total tied CI states
INFO: model_def_io.c(578): 36 total tied transition matrices
INFO: model_def_io.c(579): 4 max state/model
INFO: model_def_io.c(580): 4 min state/model
INFO: main.c(242): Building trees for [M A A i] through [M UW SIL e]
INFO: main.c(268): Covering states |[702 767]| == 66
INFO: main.c(275): Reading: /home/nattapong/Downloads/acoustic_model/model_parameters/acoustic_model.cd_cont_untied/mixture_weights
INFO: s3mixw_io.c(172): Read /home/nattapong/Downloads/acoustic_model/model_parameters/acoustic_model.cd_cont_untied/mixture_weights [66x1x1 array]
INFO: main.c(311): 22 of 22 models have observation count greater than 0.000010
INFO: main.c(95): nrm stwt: 0.000 0.048 0.952 
INFO: s3gau_io.c(168): Read /home/nattapong/Downloads/acoustic_model/model_parameters/acoustic_model.cd_cont_untied/means [1248x1x1 array]
INFO: s3gau_io.c(168): Read /home/nattapong/Downloads/acoustic_model/model_parameters/acoustic_model.cd_cont_untied/variances [1248x1x1 array]
INFO: main.c(549): Reading: /home/nattapong/Downloads/acoustic_model/model_architecture/acoustic_model.tree_questions
INFO: main.c(587): 178 total simple questions (170 phone; 8 word bndry)
INFO: main.c(589): 42 Left Only questions, and 40 Right Only questions
INFO: dtree.c(1478): Final simple tree
|( QUESTION0_6_R 1 -1.723e+06 1.115e+04 8.470e+03
|    ( - -2.849e+05 4 0 QUESTION2_0_L -1 9.318e+02 1.377e+03)
|    ( QUESTION0_9_R 1 -1.427e+06 1.209e+04 7.093e+03
|        ( - -2.062e+05 3 0 QUESTION2_0_L -1 5.656e+02 1.034e+03)
|        ( QUESTION1 1 -1.209e+06 4.422e+03 6.059e+03
|            ( QUESTION11 1 -2.861e+05 1.669e+03 1.352e+03
|                ( - -3.888e+04 1 0)
|                ( QUESTION0_16_R 1 -2.455e+05 1.277e+03 1.162e+03
|                    ( - -1.393e+05 3 0 QUESTION6 -1 7.789e+02 6.815e+02)
|                    ( - -1.050e+05 5 0 QUESTION0_0_R 1 6.336e+02 4.807e+02)))
|            ( QUESTION2_2_L -1 -9.182e+05 1.889e+03 4.707e+03
|                ( - -2.213e+05 1 0)
|                ( WDBNDRY_E 0 -6.950e+05 1.838e+03 3.567e+03
|                    ( - -4.709e+05 2 0 QUESTION0 -1 8.584e+02 2.396e+03)
|                    ( - -2.223e+05 3 0 QUESTION2_0_L -1 1.092e+03 1.170e+03))))))
s>    ( QUESTION0_6_R 1 -1.723e+06 1.115e+04 8.470e+03
s>        ( - -2.849e+05 4 0 QUESTION2_0_L -1 9.318e+02 1.377e+03)
s>        ( QUESTION0_9_R 1 -1.427e+06 1.209e+04 7.093e+03
s>            ( - -2.062e+05 3 0 QUESTION2_0_L -1 5.656e+02 1.034e+03)
s>            ( QUESTION1 1 -1.209e+06 4.422e+03 6.059e+03
s>                ( QUESTION11 1 -2.861e+05 1.669e+03 1.352e+03
s>                    ( - -3.888e+04 1 0)
s>                    ( QUESTION0_16_R 1 -2.455e+05 1.277e+03 1.162e+03
s>                        ( - -1.393e+05 3 0 QUESTION6 -1 7.789e+02 6.815e+02)
s>                        ( - -1.050e+05 5 0 QUESTION0_0_R 1 6.336e+02 4.807e+02)))
s>                ( QUESTION2_2_L -1 -9.182e+05 1.889e+03 4.707e+03
s>                    ( - -2.213e+05 1 0)
s>                    ( WDBNDRY_E 0 -6.950e+05 1.838e+03 3.567e+03
s>                        ( - -4.709e+05 2 0 QUESTION0 -1 8.584e+02 2.396e+03)
s>                        ( - -2.223e+05 3 0 QUESTION2_0_L -1 1.092e+03 1.170e+03))))))INFO: dtree.c(1315): Comp split 0
INFO: dtree.c(1478): Final simple tree
|( QUESTION1 1 -1.209e+06 4.422e+03 6.059e+03
|    ( QUESTION11 1 -2.861e+05 1.669e+03 1.352e+03
|        ( - -3.888e+04 1 0)
|        ( QUESTION0_16_R 1 -2.455e+05 1.277e+03 1.162e+03
|            ( - -1.393e+05 3 0 QUESTION6 -1 7.789e+02 6.815e+02)
|            ( - -1.050e+05 5 0 QUESTION0_0_R 1 6.336e+02 4.807e+02)))
|    ( QUESTION2_2_L -1 -9.182e+05 1.889e+03 4.707e+03
|        ( - -2.213e+05 1 0)
|        ( WDBNDRY_E 0 -6.950e+05 1.838e+03 3.567e+03
|            ( QUESTION0 -1 -4.709e+05 8.584e+02 2.396e+03
|                ( - -9.062e+04 1 0)
|                ( - -3.794e+05 1 0))
|            ( QUESTION2_0_L -1 -2.223e+05 1.092e+03 1.170e+03
|                ( - -2.047e+04 1 0)
|                ( - -2.007e+05 2 0 QUESTION0 -1 1.692e+02 1.069e+03)))))
s>    ( QUESTION1 1 -1.209e+06 4.422e+03 6.059e+03
s>        ( QUESTION11 1 -2.861e+05 1.669e+03 1.352e+03
s>            ( - -3.888e+04 1 0)
s>            ( QUESTION0_16_R 1 -2.455e+05 1.277e+03 1.162e+03
s>                ( - -1.393e+05 3 0 QUESTION6 -1 7.789e+02 6.815e+02)
s>                ( - -1.050e+05 5 0 QUESTION0_0_R 1 6.336e+02 4.807e+02)))
s>        ( QUESTION2_2_L -1 -9.182e+05 1.889e+03 4.707e+03
s>            ( - -2.213e+05 1 0)
s>            ( WDBNDRY_E 0 -6.950e+05 1.838e+03 3.567e+03
s>                ( QUESTION0 -1 -4.709e+05 8.584e+02 2.396e+03
s>                    ( - -9.062e+04 1 0)
s>                    ( - -3.794e+05 1 0))
s>                ( QUESTION2_0_L -1 -2.223e+05 1.092e+03 1.170e+03
s>                    ( - -2.047e+04 1 0)
s>                    ( - -2.007e+05 2 0 QUESTION0 -1 1.692e+02 1.069e+03)))))INFO: dtree.c(1439): stop. leaf nodes are specific
INFO: dtree.c(1478): Final simple tree
|( QUESTION0_0_R 1 -4.951e+05 4.071e+03 2.412e+03
|    ( QUESTION2_0_L -1 -2.849e+05 9.318e+02 1.377e+03
|        ( QUESTION0 -1 -1.559e+05 4.539e+02 7.498e+02
|            ( - -1.194e+05 2 0)
|            ( - -3.607e+04 1 0))
|        ( - -1.280e+05 1 0))
|    ( QUESTION2_0_L -1 -2.062e+05 5.656e+02 1.034e+03
|        ( QUESTION0 -1 -1.435e+05 2.591e+02 7.209e+02
|            ( - -9.227e+04 1 0)
|            ( - -5.101e+04 1 0))
|        ( - -6.207e+04 1 0)))
s>    ( QUESTION0_0_R 1 -4.951e+05 4.071e+03 2.412e+03
s>        ( QUESTION2_0_L -1 -2.849e+05 9.318e+02 1.377e+03
s>            ( QUESTION0 -1 -1.559e+05 4.539e+02 7.498e+02
s>                ( - -1.194e+05 2 0)
s>                ( - -3.607e+04 1 0))
s>            ( - -1.280e+05 1 0))
s>        ( QUESTION2_0_L -1 -2.062e+05 5.656e+02 1.034e+03
s>            ( QUESTION0 -1 -1.435e+05 2.591e+02 7.209e+02
s>                ( - -9.227e+04 1 0)
s>                ( - -5.101e+04 1 0))
s>            ( - -6.207e+04 1 0)))INFO: dtree.c(1315): Comp split 1
INFO: dtree.c(1478): Final simple tree
|( QUESTION11 1 -3.072e+05 1.692e+03 1.453e+03
|    ( - -3.888e+04 1 0)
|    ( QUESTION0_16_R 1 -2.666e+05 1.330e+03 1.263e+03
|        ( QUESTION6 -1 -1.393e+05 7.789e+02 6.815e+02
|            ( QUESTION15 1 -1.144e+05 5.459e+02 5.581e+02
|                ( - -6.276e+04 1 0)
|                ( - -5.113e+04 1 0))
|            ( - -2.409e+04 1 0))
|        ( QUESTION0_0_R 1 -1.260e+05 7.358e+02 5.818e+02
|            ( QUESTION0 -1 -7.555e+04 5.338e+02 3.421e+02
|                ( QUESTION2 1 -4.550e+04 4.360e+02 2.100e+02
|                    ( - -1.244e+04 1 0)
|                    ( - -3.263e+04 2 0 QUESTION0 1 3.421e+02 1.573e+02))
|                ( - -2.951e+04 1 0))
|            ( - -4.972e+04 2 0 QUESTION0 -1 1.665e+02 2.396e+02))))
s>    ( QUESTION11 1 -3.072e+05 1.692e+03 1.453e+03
s>        ( - -3.888e+04 1 0)
s>        ( QUESTION0_16_R 1 -2.666e+05 1.330e+03 1.263e+03
s>            ( QUESTION6 -1 -1.393e+05 7.789e+02 6.815e+02
s>                ( QUESTION15 1 -1.144e+05 5.459e+02 5.581e+02
s>                    ( - -6.276e+04 1 0)
s>                    ( - -5.113e+04 1 0))
s>                ( - -2.409e+04 1 0))
s>            ( QUESTION0_0_R 1 -1.260e+05 7.358e+02 5.818e+02
s>                ( QUESTION0 -1 -7.555e+04 5.338e+02 3.421e+02
s>                    ( QUESTION2 1 -4.550e+04 4.360e+02 2.100e+02
s>                        ( - -1.244e+04 1 0)
s>                        ( - -3.263e+04 2 0 QUESTION0 1 3.421e+02 1.573e+02))
s>                    ( - -2.951e+04 1 0))
s>                ( - -4.972e+04 2 0 QUESTION0 -1 1.665e+02 2.396e+02))))INFO: dtree.c(1439): stop. leaf nodes are specific
INFO: dtree.c(1478): Final simple tree
|( WDBNDRY_E 0 -8.969e+05 2.107e+03 4.605e+03
|    ( QUESTION2_2_L -1 -6.940e+05 1.852e+03 3.536e+03
|        ( - -2.213e+05 1 0)
|        ( QUESTION0 -1 -4.709e+05 8.584e+02 2.396e+03
|            ( - -9.062e+04 1 0)
|            ( - -3.794e+05 1 0)))
|    ( QUESTION0 -1 -2.007e+05 1.692e+02 1.069e+03
|        ( - -2.084e+04 1 0)
|        ( - -1.797e+05 1 0)))
s>    ( WDBNDRY_E 0 -8.969e+05 2.107e+03 4.605e+03
s>        ( QUESTION2_2_L -1 -6.940e+05 1.852e+03 3.536e+03
s>            ( - -2.213e+05 1 0)
s>            ( QUESTION0 -1 -4.709e+05 8.584e+02 2.396e+03
s>                ( - -9.062e+04 1 0)
s>                ( - -3.794e+05 1 0)))
s>        ( QUESTION0 -1 -2.007e+05 1.692e+02 1.069e+03
s>            ( - -2.084e+04 1 0)
s>            ( - -1.797e+05 1 0)))INFO: dtree.c(1315): Comp split 2
INFO: dtree.c(1439): stop. leaf nodes are specific
INFO: dtree.c(1478): Final simple tree
|( QUESTION2_0_L -1 -2.062e+05 5.656e+02 1.034e+03
|    ( QUESTION0 -1 -1.435e+05 2.591e+02 7.209e+02
|        ( - -9.227e+04 1 0)
|        ( - -5.101e+04 1 0))
|    ( - -6.207e+04 1 0))
s>    ( QUESTION2_0_L -1 -2.062e+05 5.656e+02 1.034e+03
s>        ( QUESTION0 -1 -1.435e+05 2.591e+02 7.209e+02
s>            ( - -9.227e+04 1 0)
s>            ( - -5.101e+04 1 0))
s>        ( - -6.207e+04 1 0))INFO: dtree.c(1439): stop. leaf nodes are specific
INFO: dtree.c(1478): Final simple tree
|( QUESTION2_0_L -1 -2.849e+05 9.318e+02 1.377e+03
|    ( QUESTION0 -1 -1.559e+05 4.539e+02 7.498e+02
|        ( - -1.194e+05 2 0)
|        ( - -3.607e+04 1 0))
|    ( - -1.280e+05 1 0))
s>    ( QUESTION2_0_L -1 -2.849e+05 9.318e+02 1.377e+03
s>        ( QUESTION0 -1 -1.559e+05 4.539e+02 7.498e+02
s>            ( - -1.194e+05 2 0)
s>            ( - -3.607e+04 1 0))
s>        ( - -1.280e+05 1 0))INFO: dtree.c(1315): Comp split 3
INFO: dtree.c(1439): stop. leaf nodes are specific
INFO: dtree.c(1478): Final simple tree
|( QUESTION2_2_L -1 -6.940e+05 1.852e+03 3.536e+03
|    ( - -2.213e+05 1 0)
|    ( QUESTION0 -1 -4.709e+05 8.584e+02 2.396e+03
|        ( - -9.062e+04 1 0)
|        ( - -3.794e+05 1 0)))
s>    ( QUESTION2_2_L -1 -6.940e+05 1.852e+03 3.536e+03
s>        ( - -2.213e+05 1 0)
s>        ( QUESTION0 -1 -4.709e+05 8.584e+02 2.396e+03
s>            ( - -9.062e+04 1 0)
s>            ( - -3.794e+05 1 0)))INFO: dtree.c(1439): stop. leaf nodes are specific
INFO: dtree.c(1478): Final simple tree
|( QUESTION0 -1 -2.007e+05 1.692e+02 1.069e+03
|    ( - -2.084e+04 1 0)
|    ( - -1.797e+05 1 0))
s>    ( QUESTION0 -1 -2.007e+05 1.692e+02 1.069e+03
s>        ( - -2.084e+04 1 0)
s>        ( - -1.797e+05 1 0))INFO: dtree.c(1315): Comp split 4
INFO: dtree.c(1478): Final simple tree
|( QUESTION0_16_R 1 -2.416e+05 1.194e+03 1.140e+03
|    ( QUESTION15 1 -1.144e+05 5.459e+02 5.581e+02
|        ( - -6.276e+04 1 0)
|        ( - -5.113e+04 1 0))
|    ( QUESTION0_0_R 1 -1.260e+05 7.358e+02 5.818e+02
|        ( QUESTION0 -1 -7.555e+04 5.338e+02 3.421e+02
|            ( QUESTION2 1 -4.550e+04 4.360e+02 2.100e+02
|                ( - -1.244e+04 1 0)
|                ( QUESTION0 1 -3.263e+04 3.421e+02 1.573e+02
|                    ( - -2.047e+04 1 0)
|                    ( - -1.182e+04 1 0)))
|            ( - -2.951e+04 1 0))
|        ( QUESTION0 -1 -4.972e+04 1.665e+02 2.396e+02
|            ( - -2.245e+04 1 0)
|            ( - -2.710e+04 1 0))))
s>    ( QUESTION0_16_R 1 -2.416e+05 1.194e+03 1.140e+03
s>        ( QUESTION15 1 -1.144e+05 5.459e+02 5.581e+02
s>            ( - -6.276e+04 1 0)
s>            ( - -5.113e+04 1 0))
s>        ( QUESTION0_0_R 1 -1.260e+05 7.358e+02 5.818e+02
s>            ( QUESTION0 -1 -7.555e+04 5.338e+02 3.421e+02
s>                ( QUESTION2 1 -4.550e+04 4.360e+02 2.100e+02
s>                    ( - -1.244e+04 1 0)
s>                    ( QUESTION0 1 -3.263e+04 3.421e+02 1.573e+02
s>                        ( - -2.047e+04 1 0)
s>                        ( - -1.182e+04 1 0)))
s>                ( - -2.951e+04 1 0))
s>            ( QUESTION0 -1 -4.972e+04 1.665e+02 2.396e+02
s>                ( - -2.245e+04 1 0)
s>                ( - -2.710e+04 1 0))))INFO: dtree.c(1439): stop. leaf nodes are specific
INFO: dtree.c(1478): Final simple tree
|( QUESTION2 1 -6.368e+04 7.100e+02 3.134e+02
|    ( - -3.888e+04 1 0)
|    ( - -2.409e+04 1 0))
s>    ( QUESTION2 1 -6.368e+04 7.100e+02 3.134e+02
s>        ( - -3.888e+04 1 0)
s>        ( - -2.409e+04 1 0))INFO: dtree.c(1315): Comp split 5
INFO: dtree.c(1439): stop. leaf nodes are specific
INFO: dtree.c(1478): Final simple tree
|( QUESTION0 -1 -4.709e+05 8.584e+02 2.396e+03
|    ( - -9.062e+04 1 0)
|    ( - -3.794e+05 1 0))
s>    ( QUESTION0 -1 -4.709e+05 8.584e+02 2.396e+03
s>        ( - -9.062e+04 1 0)
s>        ( - -3.794e+05 1 0))INFO: dtree.c(1315): Comp split 6
INFO: dtree.c(1439): stop. leaf nodes are specific
INFO: dtree.c(1478): Final simple tree
|( QUESTION0_0_R 1 -1.260e+05 7.358e+02 5.818e+02
|    ( QUESTION0 -1 -7.555e+04 5.338e+02 3.421e+02
|        ( QUESTION2 1 -4.550e+04 4.360e+02 2.100e+02
|            ( - -1.244e+04 1 0)
|            ( QUESTION0 1 -3.263e+04 3.421e+02 1.573e+02
|                ( - -2.047e+04 1 0)
|                ( - -1.182e+04 1 0)))
|        ( - -2.951e+04 1 0))
|    ( QUESTION0 -1 -4.972e+04 1.665e+02 2.396e+02
|        ( - -2.245e+04 1 0)
|        ( - -2.710e+04 1 0)))
s>    ( QUESTION0_0_R 1 -1.260e+05 7.358e+02 5.818e+02
s>        ( QUESTION0 -1 -7.555e+04 5.338e+02 3.421e+02
s>            ( QUESTION2 1 -4.550e+04 4.360e+02 2.100e+02
s>                ( - -1.244e+04 1 0)
s>                ( QUESTION0 1 -3.263e+04 3.421e+02 1.573e+02
s>                    ( - -2.047e+04 1 0)
s>                    ( - -1.182e+04 1 0)))
s>            ( - -2.951e+04 1 0))
s>        ( QUESTION0 -1 -4.972e+04 1.665e+02 2.396e+02
s>            ( - -2.245e+04 1 0)
s>            ( - -2.710e+04 1 0)))INFO: dtree.c(1439): stop. leaf nodes are specific
INFO: dtree.c(1478): Final simple tree
|( QUESTION15 1 -1.144e+05 5.459e+02 5.581e+02
|    ( - -6.276e+04 1 0)
|    ( - -5.113e+04 1 0))
s>    ( QUESTION15 1 -1.144e+05 5.459e+02 5.581e+02
s>        ( - -6.276e+04 1 0)
s>        ( - -5.113e+04 1 0))INFO: dtree.c(1315): Comp split 7
INFO: dtree.c(1439): stop. leaf nodes are specific
INFO: dtree.c(1478): Final simple tree
|( QUESTION0 -1 -1.559e+05 4.539e+02 7.498e+02
|    ( - -1.194e+05 2 0)
|    ( - -3.607e+04 1 0))
s>    ( QUESTION0 -1 -1.559e+05 4.539e+02 7.498e+02
s>        ( - -1.194e+05 2 0)
s>        ( - -3.607e+04 1 0))INFO: dtree.c(1315): Comp split 8
INFO: dtree.c(1315): Comp split 9
INFO: dtree.c(1439): stop. leaf nodes are specific
INFO: dtree.c(1478): Final simple tree
|( QUESTION0 -1 -7.555e+04 5.338e+02 3.421e+02
|    ( QUESTION2 1 -4.550e+04 4.360e+02 2.100e+02
|        ( - -1.244e+04 1 0)
|        ( QUESTION0 1 -3.263e+04 3.421e+02 1.573e+02
|            ( - -2.047e+04 1 0)
|            ( - -1.182e+04 1 0)))
|    ( - -2.951e+04 1 0))
s>    ( QUESTION0 -1 -7.555e+04 5.338e+02 3.421e+02
s>        ( QUESTION2 1 -4.550e+04 4.360e+02 2.100e+02
s>            ( - -1.244e+04 1 0)
s>            ( QUESTION0 1 -3.263e+04 3.421e+02 1.573e+02
s>                ( - -2.047e+04 1 0)
s>                ( - -1.182e+04 1 0)))
s>        ( - -2.951e+04 1 0))INFO: dtree.c(1439): stop. leaf nodes are specific
INFO: dtree.c(1478): Final simple tree
|( QUESTION0 -1 -4.972e+04 1.665e+02 2.396e+02
|    ( - -2.245e+04 1 0)
|    ( - -2.710e+04 1 0))
s>    ( QUESTION0 -1 -4.972e+04 1.665e+02 2.396e+02
s>        ( - -2.245e+04 1 0)
s>        ( - -2.710e+04 1 0))INFO: dtree.c(1315): Comp split 10
INFO: dtree.c(1315): Comp split 11
INFO: dtree.c(1439): stop. leaf nodes are specific
INFO: dtree.c(1478): Final simple tree
|( QUESTION0 -1 -1.435e+05 2.591e+02 7.209e+02
|    ( - -9.227e+04 1 0)
|    ( - -5.101e+04 1 0))
s>    ( QUESTION0 -1 -1.435e+05 2.591e+02 7.209e+02
s>        ( - -9.227e+04 1 0)
s>        ( - -5.101e+04 1 0))INFO: dtree.c(1315): Comp split 12
INFO: dtree.c(1315): Comp split 13
INFO: dtree.c(1439): stop. leaf nodes are specific
INFO: dtree.c(1478): Final simple tree
|( QUESTION2 1 -4.550e+04 4.360e+02 2.100e+02
|    ( - -1.244e+04 1 0)
|    ( QUESTION0 1 -3.263e+04 3.421e+02 1.573e+02
|        ( - -2.047e+04 1 0)
|        ( - -1.182e+04 1 0)))
s>    ( QUESTION2 1 -4.550e+04 4.360e+02 2.100e+02
s>        ( - -1.244e+04 1 0)
s>        ( QUESTION0 1 -3.263e+04 3.421e+02 1.573e+02
s>            ( - -2.047e+04 1 0)
s>            ( - -1.182e+04 1 0)))INFO: dtree.c(1315): Comp split 14
INFO: dtree.c(1315): Comp split 15
INFO: dtree.c(1439): stop. leaf nodes are specific
INFO: dtree.c(1478): Final simple tree
|( QUESTION0 1 -3.263e+04 3.421e+02 1.573e+02
|    ( - -2.047e+04 1 0)
|    ( - -1.182e+04 1 0))
s>    ( QUESTION0 1 -3.263e+04 3.421e+02 1.573e+02
s>        ( - -2.047e+04 1 0)
s>        ( - -1.182e+04 1 0))INFO: dtree.c(1315): Comp split 16
INFO: dtree.c(1315): Comp split 17
INFO: dtree.c(1315): Comp split 18
INFO: dtree.c(1315): Comp split 19
INFO: dtree.c(1315): Comp split 20
INFO: dtree.c(1318): stop. leaf nodes are specific
Tue Jun  9 01:50:01 2020
