Current configuration:
[NAME]		[DEFLT]	[VALUE]
-allphones	no	no
-cntthresh	0.00001	1.000000e-05
-csplitmax	100	2000
-csplitmin	1	1
-csplitthr	8e-4	0.000000e+00
-example	no	no
-fullvar	no	no
-help		no	no
-meanfn			/home/nattapong/Downloads/acoustic_model/model_parameters/acoustic_model.cd_cont_untied/means
-mixwfn			/home/nattapong/Downloads/acoustic_model/model_parameters/acoustic_model.cd_cont_untied/mixture_weights
-moddeffn		/home/nattapong/Downloads/acoustic_model/model_architecture/acoustic_model.untied.mdef
-mwfloor	1e-4	1.000000e-08
-phone			K
-psetfn			/home/nattapong/Downloads/acoustic_model/model_architecture/acoustic_model.tree_questions
-ssplitmax	5	7
-ssplitmin	1	1
-ssplitthr	8e-4	0.000000e+00
-state			1
-stwt			1.0,0.05,0.0,
-treefn			/home/nattapong/Downloads/acoustic_model/trees/acoustic_model.unpruned/K-1.dtree
-ts2cbfn	.semi.	.cont.
-varfloor	0.00001	1.000000e-05
-varfn			/home/nattapong/Downloads/acoustic_model/model_parameters/acoustic_model.cd_cont_untied/variances

INFO: main.c(223): Reading: /home/nattapong/Downloads/acoustic_model/model_architecture/acoustic_model.untied.mdef
INFO: model_def_io.c(573): Model definition info:
INFO: model_def_io.c(574): 416 total models defined (36 base, 380 tri)
INFO: model_def_io.c(575): 1664 total states
INFO: model_def_io.c(576): 1248 total tied states
INFO: model_def_io.c(577): 108 total tied CI states
INFO: model_def_io.c(578): 36 total tied transition matrices
INFO: model_def_io.c(579): 4 max state/model
INFO: model_def_io.c(580): 4 min state/model
INFO: main.c(242): Building trees for [K A A i] through [K UH T i]
INFO: main.c(268): Covering states |[597 677]| == 81
INFO: main.c(275): Reading: /home/nattapong/Downloads/acoustic_model/model_parameters/acoustic_model.cd_cont_untied/mixture_weights
INFO: s3mixw_io.c(172): Read /home/nattapong/Downloads/acoustic_model/model_parameters/acoustic_model.cd_cont_untied/mixture_weights [81x1x1 array]
INFO: main.c(311): 27 of 27 models have observation count greater than 0.000010
INFO: main.c(95): nrm stwt: 0.045 0.909 0.045 
INFO: s3gau_io.c(168): Read /home/nattapong/Downloads/acoustic_model/model_parameters/acoustic_model.cd_cont_untied/means [1248x1x1 array]
INFO: s3gau_io.c(168): Read /home/nattapong/Downloads/acoustic_model/model_parameters/acoustic_model.cd_cont_untied/variances [1248x1x1 array]
INFO: main.c(549): Reading: /home/nattapong/Downloads/acoustic_model/model_architecture/acoustic_model.tree_questions
INFO: main.c(587): 178 total simple questions (170 phone; 8 word bndry)
INFO: main.c(589): 42 Left Only questions, and 40 Right Only questions
INFO: dtree.c(1478): Final simple tree
|( WDBNDRY_I 0 -2.088e+06 4.922e+03 9.763e+03
|    ( QUESTION0 1 -9.138e+05 2.932e+03 4.272e+03
|        ( QUESTION14 -1 -4.632e+05 1.599e+03 2.145e+03
|            ( - -6.982e+04 1 0)
|            ( - -3.918e+05 6 0 QUESTION0_1_R 1 1.204e+03 1.840e+03))
|        ( QUESTION0_4_R 1 -4.476e+05 1.801e+03 2.127e+03
|            ( - -2.130e+05 3 0 QUESTION0 -1 1.478e+03 1.062e+03)
|            ( - -2.328e+05 9 0 QUESTION0 -1 9.429e+02 1.065e+03)))
|    ( QUESTION0_9_R 1 -1.170e+06 2.742e+03 5.490e+03
|        ( - -1.640e+05 1 0)
|        ( WDBNDRY_B 0 -1.003e+06 2.425e+03 4.796e+03
|            ( QUESTION0_6_R 1 -8.839e+05 1.625e+03 4.234e+03
|                ( - -3.269e+05 1 0)
|                ( - -5.554e+05 5 0 QUESTION0_1_R 1 8.984e+02 2.695e+03))
|            ( - -1.165e+05 1 0))))
s>    ( WDBNDRY_I 0 -2.088e+06 4.922e+03 9.763e+03
s>        ( QUESTION0 1 -9.138e+05 2.932e+03 4.272e+03
s>            ( QUESTION14 -1 -4.632e+05 1.599e+03 2.145e+03
s>                ( - -6.982e+04 1 0)
s>                ( - -3.918e+05 6 0 QUESTION0_1_R 1 1.204e+03 1.840e+03))
s>            ( QUESTION0_4_R 1 -4.476e+05 1.801e+03 2.127e+03
s>                ( - -2.130e+05 3 0 QUESTION0 -1 1.478e+03 1.062e+03)
s>                ( - -2.328e+05 9 0 QUESTION0 -1 9.429e+02 1.065e+03)))
s>        ( QUESTION0_9_R 1 -1.170e+06 2.742e+03 5.490e+03
s>            ( - -1.640e+05 1 0)
s>            ( WDBNDRY_B 0 -1.003e+06 2.425e+03 4.796e+03
s>                ( QUESTION0_6_R 1 -8.839e+05 1.625e+03 4.234e+03
s>                    ( - -3.269e+05 1 0)
s>                    ( - -5.554e+05 5 0 QUESTION0_1_R 1 8.984e+02 2.695e+03))
s>                ( - -1.165e+05 1 0))))INFO: dtree.c(1315): Comp split 0
INFO: dtree.c(1478): Final simple tree
|( QUESTION0 1 -1.404e+06 3.054e+03 6.556e+03
|    ( QUESTION0_0_R 1 -5.764e+05 1.620e+03 2.611e+03
|        ( QUESTION0_1_R 1 -4.107e+05 1.173e+03 1.916e+03
|            ( - -7.093e+04 1 0)
|            ( - -3.386e+05 2 0 QUESTION0_3_R 1 4.373e+02 1.595e+03))
|        ( - -1.640e+05 1 0))
|    ( QUESTION1 -1 -8.248e+05 2.316e+03 3.945e+03
|        ( WDBNDRY_E 0 -2.456e+05 1.184e+03 1.139e+03
|            ( - -1.165e+05 1 0)
|            ( QUESTION0_0_R 1 -1.279e+05 9.645e+02 5.777e+02
|                ( - -9.547e+04 3 0 QUESTION6 -1 6.926e+02 4.269e+02)
|                ( - -3.148e+04 2 0 QUESTION2 -1 4.767e+02 1.509e+02)))
|        ( WDBNDRY_B 0 -5.769e+05 9.868e+02 2.806e+03
|            ( - -4.719e+05 3 0 QUESTION0_4_R 1 7.347e+02 2.318e+03)
|            ( - -1.040e+05 4 0 QUESTION0_16_R 1 5.173e+02 4.876e+02))))
s>    ( QUESTION0 1 -1.404e+06 3.054e+03 6.556e+03
s>        ( QUESTION0_0_R 1 -5.764e+05 1.620e+03 2.611e+03
s>            ( QUESTION0_1_R 1 -4.107e+05 1.173e+03 1.916e+03
s>                ( - -7.093e+04 1 0)
s>                ( - -3.386e+05 2 0 QUESTION0_3_R 1 4.373e+02 1.595e+03))
s>            ( - -1.640e+05 1 0))
s>        ( QUESTION1 -1 -8.248e+05 2.316e+03 3.945e+03
s>            ( WDBNDRY_E 0 -2.456e+05 1.184e+03 1.139e+03
s>                ( - -1.165e+05 1 0)
s>                ( QUESTION0_0_R 1 -1.279e+05 9.645e+02 5.777e+02
s>                    ( - -9.547e+04 3 0 QUESTION6 -1 6.926e+02 4.269e+02)
s>                    ( - -3.148e+04 2 0 QUESTION2 -1 4.767e+02 1.509e+02)))
s>            ( WDBNDRY_B 0 -5.769e+05 9.868e+02 2.806e+03
s>                ( - -4.719e+05 3 0 QUESTION0_4_R 1 7.347e+02 2.318e+03)
s>                ( - -1.040e+05 4 0 QUESTION0_16_R 1 5.173e+02 4.876e+02))))INFO: dtree.c(1439): stop. leaf nodes are specific
INFO: dtree.c(1478): Final simple tree
|( QUESTION0_3_R 1 -6.786e+05 2.445e+03 3.207e+03
|    ( QUESTION0 -1 -2.130e+05 1.478e+03 1.062e+03
|        ( - -1.298e+05 2 0)
|        ( - -8.176e+04 1 0))
|    ( QUESTION14 -1 -4.632e+05 1.599e+03 2.145e+03
|        ( - -6.982e+04 1 0)
|        ( QUESTION0_1_R 1 -3.918e+05 1.204e+03 1.840e+03
|            ( QUESTION2_0_L -1 -1.998e+05 6.006e+02 9.316e+02
|                ( QUESTION0 -1 -1.709e+05 4.803e+02 7.965e+02
|                    ( - -1.403e+05 2 0)
|                    ( - -3.011e+04 1 0))
|                ( - -2.825e+04 1 0))
|            ( - -1.908e+05 2 0))))
s>    ( QUESTION0_3_R 1 -6.786e+05 2.445e+03 3.207e+03
s>        ( QUESTION0 -1 -2.130e+05 1.478e+03 1.062e+03
s>            ( - -1.298e+05 2 0)
s>            ( - -8.176e+04 1 0))
s>        ( QUESTION14 -1 -4.632e+05 1.599e+03 2.145e+03
s>            ( - -6.982e+04 1 0)
s>            ( QUESTION0_1_R 1 -3.918e+05 1.204e+03 1.840e+03
s>                ( QUESTION2_0_L -1 -1.998e+05 6.006e+02 9.316e+02
s>                    ( QUESTION0 -1 -1.709e+05 4.803e+02 7.965e+02
s>                        ( - -1.403e+05 2 0)
s>                        ( - -3.011e+04 1 0))
s>                    ( - -2.825e+04 1 0))
s>                ( - -1.908e+05 2 0))))INFO: dtree.c(1315): Comp split 1
INFO: dtree.c(1478): Final simple tree
|( QUESTION1 -1 -8.967e+05 2.356e+03 4.266e+03
|    ( WDBNDRY_E 0 -2.456e+05 1.184e+03 1.139e+03
|        ( - -1.165e+05 1 0)
|        ( QUESTION0_0_R 1 -1.279e+05 9.645e+02 5.777e+02
|            ( QUESTION6 -1 -9.547e+04 6.926e+02 4.269e+02
|                ( - -2.882e+04 1 0)
|                ( - -6.596e+04 2 0 QUESTION2 -1 4.061e+02 2.936e+02))
|            ( - -3.148e+04 2 0 QUESTION2 -1 4.767e+02 1.509e+02)))
|    ( WDBNDRY_B 0 -6.488e+05 1.064e+03 3.126e+03
|        ( QUESTION0_1_R 1 -5.437e+05 8.919e+02 2.639e+03
|            ( - -7.093e+04 1 0)
|            ( QUESTION0_4_R 1 -4.719e+05 7.347e+02 2.318e+03
|                ( - -1.954e+05 1 0)
|                ( - -2.758e+05 2 0 QUESTION0_0_R 1 5.096e+02 1.338e+03)))
|        ( - -1.040e+05 4 0 QUESTION0_16_R 1 5.173e+02 4.876e+02)))
s>    ( QUESTION1 -1 -8.967e+05 2.356e+03 4.266e+03
s>        ( WDBNDRY_E 0 -2.456e+05 1.184e+03 1.139e+03
s>            ( - -1.165e+05 1 0)
s>            ( QUESTION0_0_R 1 -1.279e+05 9.645e+02 5.777e+02
s>                ( QUESTION6 -1 -9.547e+04 6.926e+02 4.269e+02
s>                    ( - -2.882e+04 1 0)
s>                    ( - -6.596e+04 2 0 QUESTION2 -1 4.061e+02 2.936e+02))
s>                ( - -3.148e+04 2 0 QUESTION2 -1 4.767e+02 1.509e+02)))
s>        ( WDBNDRY_B 0 -6.488e+05 1.064e+03 3.126e+03
s>            ( QUESTION0_1_R 1 -5.437e+05 8.919e+02 2.639e+03
s>                ( - -7.093e+04 1 0)
s>                ( QUESTION0_4_R 1 -4.719e+05 7.347e+02 2.318e+03
s>                    ( - -1.954e+05 1 0)
s>                    ( - -2.758e+05 2 0 QUESTION0_0_R 1 5.096e+02 1.338e+03)))
s>            ( - -1.040e+05 4 0 QUESTION0_16_R 1 5.173e+02 4.876e+02)))INFO: dtree.c(1439): stop. leaf nodes are specific
INFO: dtree.c(1478): Final simple tree
|( QUESTION0_0_R 1 -5.042e+05 1.534e+03 2.290e+03
|    ( QUESTION0_3_R 1 -3.386e+05 4.373e+02 1.595e+03
|        ( - -1.133e+04 1 0)
|        ( - -3.269e+05 1 0))
|    ( - -1.640e+05 1 0))
s>    ( QUESTION0_0_R 1 -5.042e+05 1.534e+03 2.290e+03
s>        ( QUESTION0_3_R 1 -3.386e+05 4.373e+02 1.595e+03
s>            ( - -1.133e+04 1 0)
s>            ( - -3.269e+05 1 0))
s>        ( - -1.640e+05 1 0))INFO: dtree.c(1315): Comp split 2
INFO: dtree.c(1439): stop. leaf nodes are specific
INFO: dtree.c(1478): Final simple tree
|( QUESTION0_6_R 1 -5.459e+05 1.686e+03 2.553e+03
|    ( QUESTION0 -1 -2.620e+05 1.352e+03 1.214e+03
|        ( - -1.908e+05 2 0)
|        ( - -6.982e+04 1 0))
|    ( QUESTION0_1_R 1 -2.822e+05 6.947e+02 1.340e+03
|        ( QUESTION2_0_L -1 -1.998e+05 6.006e+02 9.316e+02
|            ( QUESTION0 -1 -1.709e+05 4.803e+02 7.965e+02
|                ( - -1.403e+05 2 0)
|                ( - -3.011e+04 1 0))
|            ( - -2.825e+04 1 0))
|        ( - -8.176e+04 1 0)))
s>    ( QUESTION0_6_R 1 -5.459e+05 1.686e+03 2.553e+03
s>        ( QUESTION0 -1 -2.620e+05 1.352e+03 1.214e+03
s>            ( - -1.908e+05 2 0)
s>            ( - -6.982e+04 1 0))
s>        ( QUESTION0_1_R 1 -2.822e+05 6.947e+02 1.340e+03
s>            ( QUESTION2_0_L -1 -1.998e+05 6.006e+02 9.316e+02
s>                ( QUESTION0 -1 -1.709e+05 4.803e+02 7.965e+02
s>                    ( - -1.403e+05 2 0)
s>                    ( - -3.011e+04 1 0))
s>                ( - -2.825e+04 1 0))
s>            ( - -8.176e+04 1 0)))INFO: dtree.c(1315): Comp split 3
INFO: dtree.c(1478): Final simple tree
|( WDBNDRY_B 0 -6.784e+05 1.168e+03 3.259e+03
|    ( QUESTION0_1_R 1 -5.437e+05 8.919e+02 2.639e+03
|        ( - -7.093e+04 1 0)
|        ( QUESTION0_4_R 1 -4.719e+05 7.347e+02 2.318e+03
|            ( - -1.954e+05 1 0)
|            ( QUESTION0_0_R 1 -2.758e+05 5.096e+02 1.338e+03
|                ( - -1.077e+05 1 0)
|                ( - -1.676e+05 1 0))))
|    ( QUESTION0 -1 -1.335e+05 6.678e+02 6.209e+02
|        ( QUESTION0_16_R 1 -1.040e+05 5.173e+02 4.876e+02
|            ( QUESTION15 1 -6.931e+04 3.434e+02 3.360e+02
|                ( - -3.555e+04 1 0)
|                ( - -3.341e+04 1 0))
|            ( - -3.416e+04 2 0 QUESTION0_0_R 1 3.091e+02 1.515e+02))
|        ( - -2.882e+04 1 0)))
s>    ( WDBNDRY_B 0 -6.784e+05 1.168e+03 3.259e+03
s>        ( QUESTION0_1_R 1 -5.437e+05 8.919e+02 2.639e+03
s>            ( - -7.093e+04 1 0)
s>            ( QUESTION0_4_R 1 -4.719e+05 7.347e+02 2.318e+03
s>                ( - -1.954e+05 1 0)
s>                ( QUESTION0_0_R 1 -2.758e+05 5.096e+02 1.338e+03
s>                    ( - -1.077e+05 1 0)
s>                    ( - -1.676e+05 1 0))))
s>        ( QUESTION0 -1 -1.335e+05 6.678e+02 6.209e+02
s>            ( QUESTION0_16_R 1 -1.040e+05 5.173e+02 4.876e+02
s>                ( QUESTION15 1 -6.931e+04 3.434e+02 3.360e+02
s>                    ( - -3.555e+04 1 0)
s>                    ( - -3.341e+04 1 0))
s>                ( - -3.416e+04 2 0 QUESTION0_0_R 1 3.091e+02 1.515e+02))
s>            ( - -2.882e+04 1 0)))INFO: dtree.c(1439): stop. leaf nodes are specific
INFO: dtree.c(1478): Final simple tree
|( WDBNDRY_E 0 -2.158e+05 9.721e+02 1.006e+03
|    ( - -1.165e+05 1 0)
|    ( QUESTION0_0_R 1 -9.830e+04 8.658e+02 4.445e+02
|        ( QUESTION2 -1 -6.596e+04 4.061e+02 2.936e+02
|            ( - -4.287e+04 1 0)
|            ( - -2.268e+04 1 0))
|        ( QUESTION2 -1 -3.148e+04 4.767e+02 1.509e+02
|            ( - -1.547e+04 1 0)
|            ( - -1.553e+04 1 0))))
s>    ( WDBNDRY_E 0 -2.158e+05 9.721e+02 1.006e+03
s>        ( - -1.165e+05 1 0)
s>        ( QUESTION0_0_R 1 -9.830e+04 8.658e+02 4.445e+02
s>            ( QUESTION2 -1 -6.596e+04 4.061e+02 2.936e+02
s>                ( - -4.287e+04 1 0)
s>                ( - -2.268e+04 1 0))
s>            ( QUESTION2 -1 -3.148e+04 4.767e+02 1.509e+02
s>                ( - -1.547e+04 1 0)
s>                ( - -1.553e+04 1 0))))INFO: dtree.c(1315): Comp split 4
INFO: dtree.c(1439): stop. leaf nodes are specific
INFO: dtree.c(1478): Final simple tree
|( QUESTION0_1_R 1 -2.822e+05 6.947e+02 1.340e+03
|    ( QUESTION2_0_L -1 -1.998e+05 6.006e+02 9.316e+02
|        ( QUESTION0 -1 -1.709e+05 4.803e+02 7.965e+02
|            ( - -1.403e+05 2 0)
|            ( - -3.011e+04 1 0))
|        ( - -2.825e+04 1 0))
|    ( - -8.176e+04 1 0))
s>    ( QUESTION0_1_R 1 -2.822e+05 6.947e+02 1.340e+03
s>        ( QUESTION2_0_L -1 -1.998e+05 6.006e+02 9.316e+02
s>            ( QUESTION0 -1 -1.709e+05 4.803e+02 7.965e+02
s>                ( - -1.403e+05 2 0)
s>                ( - -3.011e+04 1 0))
s>            ( - -2.825e+04 1 0))
s>        ( - -8.176e+04 1 0))INFO: dtree.c(1439): stop. leaf nodes are specific
INFO: dtree.c(1478): Final simple tree
|( QUESTION0 -1 -2.620e+05 1.352e+03 1.214e+03
|    ( - -1.908e+05 2 0)
|    ( - -6.982e+04 1 0))
s>    ( QUESTION0 -1 -2.620e+05 1.352e+03 1.214e+03
s>        ( - -1.908e+05 2 0)
s>        ( - -6.982e+04 1 0))INFO: dtree.c(1315): Comp split 5
INFO: dtree.c(1439): stop. leaf nodes are specific
INFO: dtree.c(1478): Final simple tree
|( QUESTION0_3_R 1 -3.386e+05 4.373e+02 1.595e+03
|    ( - -1.133e+04 1 0)
|    ( - -3.269e+05 1 0))
s>    ( QUESTION0_3_R 1 -3.386e+05 4.373e+02 1.595e+03
s>        ( - -1.133e+04 1 0)
s>        ( - -3.269e+05 1 0))INFO: dtree.c(1315): Comp split 6
INFO: dtree.c(1315): Comp split 7
INFO: dtree.c(1439): stop. leaf nodes are specific
INFO: dtree.c(1478): Final simple tree
|( QUESTION0 -1 -1.335e+05 6.678e+02 6.209e+02
|    ( QUESTION0_16_R 1 -1.040e+05 5.173e+02 4.876e+02
|        ( QUESTION15 1 -6.931e+04 3.434e+02 3.360e+02
|            ( - -3.555e+04 1 0)
|            ( - -3.341e+04 1 0))
|        ( QUESTION0_0_R 1 -3.416e+04 3.091e+02 1.515e+02
|            ( - -1.383e+04 1 0)
|            ( - -2.002e+04 1 0)))
|    ( - -2.882e+04 1 0))
s>    ( QUESTION0 -1 -1.335e+05 6.678e+02 6.209e+02
s>        ( QUESTION0_16_R 1 -1.040e+05 5.173e+02 4.876e+02
s>            ( QUESTION15 1 -6.931e+04 3.434e+02 3.360e+02
s>                ( - -3.555e+04 1 0)
s>                ( - -3.341e+04 1 0))
s>            ( QUESTION0_0_R 1 -3.416e+04 3.091e+02 1.515e+02
s>                ( - -1.383e+04 1 0)
s>                ( - -2.002e+04 1 0)))
s>        ( - -2.882e+04 1 0))INFO: dtree.c(1439): stop. leaf nodes are specific
INFO: dtree.c(1478): Final simple tree
|( QUESTION0_1_R 1 -5.437e+05 8.919e+02 2.639e+03
|    ( - -7.093e+04 1 0)
|    ( QUESTION0_4_R 1 -4.719e+05 7.347e+02 2.318e+03
|        ( - -1.954e+05 1 0)
|        ( QUESTION0_0_R 1 -2.758e+05 5.096e+02 1.338e+03
|            ( - -1.077e+05 1 0)
|            ( - -1.676e+05 1 0))))
s>    ( QUESTION0_1_R 1 -5.437e+05 8.919e+02 2.639e+03
s>        ( - -7.093e+04 1 0)
s>        ( QUESTION0_4_R 1 -4.719e+05 7.347e+02 2.318e+03
s>            ( - -1.954e+05 1 0)
s>            ( QUESTION0_0_R 1 -2.758e+05 5.096e+02 1.338e+03
s>                ( - -1.077e+05 1 0)
s>                ( - -1.676e+05 1 0))))INFO: dtree.c(1315): Comp split 8
INFO: dtree.c(1439): stop. leaf nodes are specific
INFO: dtree.c(1478): Final simple tree
|( QUESTION0_0_R 1 -9.830e+04 8.658e+02 4.445e+02
|    ( QUESTION2 -1 -6.596e+04 4.061e+02 2.936e+02
|        ( - -4.287e+04 1 0)
|        ( - -2.268e+04 1 0))
|    ( QUESTION2 -1 -3.148e+04 4.767e+02 1.509e+02
|        ( - -1.547e+04 1 0)
|        ( - -1.553e+04 1 0)))
s>    ( QUESTION0_0_R 1 -9.830e+04 8.658e+02 4.445e+02
s>        ( QUESTION2 -1 -6.596e+04 4.061e+02 2.936e+02
s>            ( - -4.287e+04 1 0)
s>            ( - -2.268e+04 1 0))
s>        ( QUESTION2 -1 -3.148e+04 4.767e+02 1.509e+02
s>            ( - -1.547e+04 1 0)
s>            ( - -1.553e+04 1 0)))INFO: dtree.c(1315): Comp split 9
INFO: dtree.c(1439): stop. leaf nodes are specific
INFO: dtree.c(1478): Final simple tree
|( QUESTION0_4_R 1 -4.719e+05 7.347e+02 2.318e+03
|    ( - -1.954e+05 1 0)
|    ( QUESTION0_0_R 1 -2.758e+05 5.096e+02 1.338e+03
|        ( - -1.077e+05 1 0)
|        ( - -1.676e+05 1 0)))
s>    ( QUESTION0_4_R 1 -4.719e+05 7.347e+02 2.318e+03
s>        ( - -1.954e+05 1 0)
s>        ( QUESTION0_0_R 1 -2.758e+05 5.096e+02 1.338e+03
s>            ( - -1.077e+05 1 0)
s>            ( - -1.676e+05 1 0)))INFO: dtree.c(1315): Comp split 10
INFO: dtree.c(1439): stop. leaf nodes are specific
INFO: dtree.c(1478): Final simple tree
|( QUESTION2 -1 -6.596e+04 4.061e+02 2.936e+02
|    ( - -4.287e+04 1 0)
|    ( - -2.268e+04 1 0))
s>    ( QUESTION2 -1 -6.596e+04 4.061e+02 2.936e+02
s>        ( - -4.287e+04 1 0)
s>        ( - -2.268e+04 1 0))INFO: dtree.c(1439): stop. leaf nodes are specific
INFO: dtree.c(1478): Final simple tree
|( QUESTION2 -1 -3.148e+04 4.767e+02 1.509e+02
|    ( - -1.547e+04 1 0)
|    ( - -1.553e+04 1 0))
s>    ( QUESTION2 -1 -3.148e+04 4.767e+02 1.509e+02
s>        ( - -1.547e+04 1 0)
s>        ( - -1.553e+04 1 0))INFO: dtree.c(1315): Comp split 11
INFO: dtree.c(1439): stop. leaf nodes are specific
INFO: dtree.c(1478): Final simple tree
|( QUESTION0_1_R 1 -1.411e+05 6.232e+02 6.787e+02
|    ( QUESTION0 -1 -5.874e+04 3.827e+02 2.705e+02
|        ( - -2.825e+04 1 0)
|        ( - -3.011e+04 1 0))
|    ( - -8.176e+04 1 0))
s>    ( QUESTION0_1_R 1 -1.411e+05 6.232e+02 6.787e+02
s>        ( QUESTION0 -1 -5.874e+04 3.827e+02 2.705e+02
s>            ( - -2.825e+04 1 0)
s>            ( - -3.011e+04 1 0))
s>        ( - -8.176e+04 1 0))INFO: dtree.c(1315): Comp split 12
INFO: dtree.c(1439): stop. leaf nodes are specific
INFO: dtree.c(1478): Final simple tree
|( QUESTION0_0_R 1 -2.758e+05 5.096e+02 1.338e+03
|    ( - -1.077e+05 1 0)
|    ( - -1.676e+05 1 0))
s>    ( QUESTION0_0_R 1 -2.758e+05 5.096e+02 1.338e+03
s>        ( - -1.077e+05 1 0)
s>        ( - -1.676e+05 1 0))INFO: dtree.c(1315): Comp split 13
INFO: dtree.c(1439): stop. leaf nodes are specific
INFO: dtree.c(1478): Final simple tree
|( QUESTION0_16_R 1 -1.040e+05 5.173e+02 4.876e+02
|    ( QUESTION15 1 -6.931e+04 3.434e+02 3.360e+02
|        ( - -3.555e+04 1 0)
|        ( - -3.341e+04 1 0))
|    ( QUESTION0_0_R 1 -3.416e+04 3.091e+02 1.515e+02
|        ( - -1.383e+04 1 0)
|        ( - -2.002e+04 1 0)))
s>    ( QUESTION0_16_R 1 -1.040e+05 5.173e+02 4.876e+02
s>        ( QUESTION15 1 -6.931e+04 3.434e+02 3.360e+02
s>            ( - -3.555e+04 1 0)
s>            ( - -3.341e+04 1 0))
s>        ( QUESTION0_0_R 1 -3.416e+04 3.091e+02 1.515e+02
s>            ( - -1.383e+04 1 0)
s>            ( - -2.002e+04 1 0)))INFO: dtree.c(1315): Comp split 14
INFO: dtree.c(1439): stop. leaf nodes are specific
INFO: dtree.c(1478): Final simple tree
|( QUESTION0 -1 -5.874e+04 3.827e+02 2.705e+02
|    ( - -2.825e+04 1 0)
|    ( - -3.011e+04 1 0))
s>    ( QUESTION0 -1 -5.874e+04 3.827e+02 2.705e+02
s>        ( - -2.825e+04 1 0)
s>        ( - -3.011e+04 1 0))INFO: dtree.c(1315): Comp split 15
INFO: dtree.c(1439): stop. leaf nodes are specific
INFO: dtree.c(1478): Final simple tree
|( QUESTION15 1 -6.931e+04 3.434e+02 3.360e+02
|    ( - -3.555e+04 1 0)
|    ( - -3.341e+04 1 0))
s>    ( QUESTION15 1 -6.931e+04 3.434e+02 3.360e+02
s>        ( - -3.555e+04 1 0)
s>        ( - -3.341e+04 1 0))INFO: dtree.c(1439): stop. leaf nodes are specific
INFO: dtree.c(1478): Final simple tree
|( QUESTION0_0_R 1 -3.416e+04 3.091e+02 1.515e+02
|    ( - -1.383e+04 1 0)
|    ( - -2.002e+04 1 0))
s>    ( QUESTION0_0_R 1 -3.416e+04 3.091e+02 1.515e+02
s>        ( - -1.383e+04 1 0)
s>        ( - -2.002e+04 1 0))INFO: dtree.c(1315): Comp split 16
INFO: dtree.c(1315): Comp split 17
INFO: dtree.c(1315): Comp split 18
INFO: dtree.c(1315): Comp split 19
INFO: dtree.c(1315): Comp split 20
INFO: dtree.c(1315): Comp split 21
INFO: dtree.c(1315): Comp split 22
INFO: dtree.c(1315): Comp split 23
INFO: dtree.c(1318): stop. leaf nodes are specific
Tue Jun  9 01:50:01 2020
