Current configuration:
[NAME]		[DEFLT]	[VALUE]
-allphones	no	no
-cntthresh	0.00001	1.000000e-05
-csplitmax	100	2000
-csplitmin	1	1
-csplitthr	8e-4	0.000000e+00
-example	no	no
-fullvar	no	no
-help		no	no
-meanfn			/home/nattapong/Downloads/acoustic_model/model_parameters/acoustic_model.cd_cont_untied/means
-mixwfn			/home/nattapong/Downloads/acoustic_model/model_parameters/acoustic_model.cd_cont_untied/mixture_weights
-moddeffn		/home/nattapong/Downloads/acoustic_model/model_architecture/acoustic_model.untied.mdef
-mwfloor	1e-4	1.000000e-08
-phone			M
-psetfn			/home/nattapong/Downloads/acoustic_model/model_architecture/acoustic_model.tree_questions
-ssplitmax	5	7
-ssplitmin	1	1
-ssplitthr	8e-4	0.000000e+00
-state			1
-stwt			1.0,0.05,0.0,
-treefn			/home/nattapong/Downloads/acoustic_model/trees/acoustic_model.unpruned/M-1.dtree
-ts2cbfn	.semi.	.cont.
-varfloor	0.00001	1.000000e-05
-varfn			/home/nattapong/Downloads/acoustic_model/model_parameters/acoustic_model.cd_cont_untied/variances

INFO: main.c(223): Reading: /home/nattapong/Downloads/acoustic_model/model_architecture/acoustic_model.untied.mdef
INFO: model_def_io.c(573): Model definition info:
INFO: model_def_io.c(574): 416 total models defined (36 base, 380 tri)
INFO: model_def_io.c(575): 1664 total states
INFO: model_def_io.c(576): 1248 total tied states
INFO: model_def_io.c(577): 108 total tied CI states
INFO: model_def_io.c(578): 36 total tied transition matrices
INFO: model_def_io.c(579): 4 max state/model
INFO: model_def_io.c(580): 4 min state/model
INFO: main.c(242): Building trees for [M A A i] through [M UW SIL e]
INFO: main.c(268): Covering states |[702 767]| == 66
INFO: main.c(275): Reading: /home/nattapong/Downloads/acoustic_model/model_parameters/acoustic_model.cd_cont_untied/mixture_weights
INFO: s3mixw_io.c(172): Read /home/nattapong/Downloads/acoustic_model/model_parameters/acoustic_model.cd_cont_untied/mixture_weights [66x1x1 array]
INFO: main.c(311): 22 of 22 models have observation count greater than 0.000010
INFO: main.c(95): nrm stwt: 0.045 0.909 0.045 
INFO: s3gau_io.c(168): Read /home/nattapong/Downloads/acoustic_model/model_parameters/acoustic_model.cd_cont_untied/means [1248x1x1 array]
INFO: s3gau_io.c(168): Read /home/nattapong/Downloads/acoustic_model/model_parameters/acoustic_model.cd_cont_untied/variances [1248x1x1 array]
INFO: main.c(549): Reading: /home/nattapong/Downloads/acoustic_model/model_architecture/acoustic_model.tree_questions
INFO: main.c(587): 178 total simple questions (170 phone; 8 word bndry)
INFO: main.c(589): 42 Left Only questions, and 40 Right Only questions
INFO: dtree.c(1478): Final simple tree
|( QUESTION2_0_L -1 -1.971e+06 6.985e+03 1.096e+04
|    ( WDBNDRY_E 0 -9.143e+05 3.708e+03 4.989e+03
|        ( QUESTION2_2_L -1 -3.337e+05 2.092e+03 1.856e+03
|            ( - -2.208e+05 1 0)
|            ( - -1.108e+05 1 0))
|        ( QUESTION0 1 -5.769e+05 2.654e+03 3.133e+03
|            ( - -3.603e+05 6 0 QUESTION2 -1 1.512e+03 1.953e+03)
|            ( - -2.139e+05 4 0 QUESTION0_0_R 1 1.085e+03 1.180e+03)))
|    ( QUESTION0_6_R 1 -1.049e+06 4.246e+03 5.974e+03
|        ( - -2.023e+05 1 0)
|        ( QUESTION15 1 -8.428e+05 2.553e+03 4.752e+03
|            ( - -1.724e+05 3 0 QUESTION0_0_R 1 6.495e+02 1.005e+03)
|            ( QUESTION0_8_R 1 -6.678e+05 1.665e+03 3.747e+03
|                ( - -1.647e+05 3 0 QUESTION0_9_R 1 1.037e+03 9.579e+02)
|                ( - -5.014e+05 3 0 WDBNDRY_E 0 1.291e+03 2.789e+03)))))
s>    ( QUESTION2_0_L -1 -1.971e+06 6.985e+03 1.096e+04
s>        ( WDBNDRY_E 0 -9.143e+05 3.708e+03 4.989e+03
s>            ( QUESTION2_2_L -1 -3.337e+05 2.092e+03 1.856e+03
s>                ( - -2.208e+05 1 0)
s>                ( - -1.108e+05 1 0))
s>            ( QUESTION0 1 -5.769e+05 2.654e+03 3.133e+03
s>                ( - -3.603e+05 6 0 QUESTION2 -1 1.512e+03 1.953e+03)
s>                ( - -2.139e+05 4 0 QUESTION0_0_R 1 1.085e+03 1.180e+03)))
s>        ( QUESTION0_6_R 1 -1.049e+06 4.246e+03 5.974e+03
s>            ( - -2.023e+05 1 0)
s>            ( QUESTION15 1 -8.428e+05 2.553e+03 4.752e+03
s>                ( - -1.724e+05 3 0 QUESTION0_0_R 1 6.495e+02 1.005e+03)
s>                ( QUESTION0_8_R 1 -6.678e+05 1.665e+03 3.747e+03
s>                    ( - -1.647e+05 3 0 QUESTION0_9_R 1 1.037e+03 9.579e+02)
s>                    ( - -5.014e+05 3 0 WDBNDRY_E 0 1.291e+03 2.789e+03)))))INFO: dtree.c(1315): Comp split 0
INFO: dtree.c(1478): Final simple tree
|( QUESTION0 1 -5.769e+05 2.654e+03 3.133e+03
|    ( QUESTION2 -1 -3.603e+05 1.512e+03 1.953e+03
|        ( - -6.109e+04 1 0)
|        ( QUESTION0 -1 -2.977e+05 8.621e+02 1.611e+03
|            ( QUESTION0_3_R 1 -2.733e+05 6.844e+02 1.500e+03
|                ( - -3.441e+04 1 0)
|                ( QUESTION0_0_R 1 -2.382e+05 4.786e+02 1.302e+03
|                    ( - -1.744e+05 2 0)
|                    ( - -6.333e+04 1 0)))
|            ( - -2.353e+04 1 0)))
|    ( QUESTION0_0_R 1 -2.139e+05 1.085e+03 1.180e+03
|        ( QUESTION2 1 -6.435e+04 4.298e+02 3.714e+02
|            ( - -4.035e+04 1 0)
|            ( - -2.356e+04 1 0))
|        ( - -1.485e+05 2 0 QUESTION15 1 2.078e+02 8.086e+02)))
s>    ( QUESTION0 1 -5.769e+05 2.654e+03 3.133e+03
s>        ( QUESTION2 -1 -3.603e+05 1.512e+03 1.953e+03
s>            ( - -6.109e+04 1 0)
s>            ( QUESTION0 -1 -2.977e+05 8.621e+02 1.611e+03
s>                ( QUESTION0_3_R 1 -2.733e+05 6.844e+02 1.500e+03
s>                    ( - -3.441e+04 1 0)
s>                    ( QUESTION0_0_R 1 -2.382e+05 4.786e+02 1.302e+03
s>                        ( - -1.744e+05 2 0)
s>                        ( - -6.333e+04 1 0)))
s>                ( - -2.353e+04 1 0)))
s>        ( QUESTION0_0_R 1 -2.139e+05 1.085e+03 1.180e+03
s>            ( QUESTION2 1 -6.435e+04 4.298e+02 3.714e+02
s>                ( - -4.035e+04 1 0)
s>                ( - -2.356e+04 1 0))
s>            ( - -1.485e+05 2 0 QUESTION15 1 2.078e+02 8.086e+02)))INFO: dtree.c(1478): Final simple tree
|( QUESTION0_6_R 1 -1.386e+06 5.018e+03 7.830e+03
|    ( - -2.023e+05 1 0)
|    ( QUESTION2_2_L -1 -1.178e+06 2.652e+03 6.608e+03
|        ( - -2.208e+05 1 0)
|        ( QUESTION15 1 -9.550e+05 2.169e+03 5.397e+03
|            ( - -1.724e+05 3 0 QUESTION0_0_R 1 6.495e+02 1.005e+03)
|            ( QUESTION2_0_L -1 -7.804e+05 1.749e+03 4.392e+03
|                ( - -1.108e+05 1 0)
|                ( QUESTION0_8_R 1 -6.678e+05 1.665e+03 3.747e+03
|                    ( QUESTION0_9_R 1 -1.647e+05 1.037e+03 9.579e+02
|                        ( - -4.272e+04 1 0)
|                        ( - -1.210e+05 2 0 QUESTION2 1 8.418e+02 7.096e+02))
|                    ( WDBNDRY_E 0 -5.014e+05 1.291e+03 2.789e+03
|                        ( - -2.894e+05 1 0)
|                        ( - -2.107e+05 2 0 QUESTION0 -1 3.425e+02 1.177e+03)))))))
s>    ( QUESTION0_6_R 1 -1.386e+06 5.018e+03 7.830e+03
s>        ( - -2.023e+05 1 0)
s>        ( QUESTION2_2_L -1 -1.178e+06 2.652e+03 6.608e+03
s>            ( - -2.208e+05 1 0)
s>            ( QUESTION15 1 -9.550e+05 2.169e+03 5.397e+03
s>                ( - -1.724e+05 3 0 QUESTION0_0_R 1 6.495e+02 1.005e+03)
s>                ( QUESTION2_0_L -1 -7.804e+05 1.749e+03 4.392e+03
s>                    ( - -1.108e+05 1 0)
s>                    ( QUESTION0_8_R 1 -6.678e+05 1.665e+03 3.747e+03
s>                        ( QUESTION0_9_R 1 -1.647e+05 1.037e+03 9.579e+02
s>                            ( - -4.272e+04 1 0)
s>                            ( - -1.210e+05 2 0 QUESTION2 1 8.418e+02 7.096e+02))
s>                        ( WDBNDRY_E 0 -5.014e+05 1.291e+03 2.789e+03
s>                            ( - -2.894e+05 1 0)
s>                            ( - -2.107e+05 2 0 QUESTION0 -1 3.425e+02 1.177e+03)))))))INFO: dtree.c(1315): Comp split 1
INFO: dtree.c(1439): stop. leaf nodes are specific
INFO: dtree.c(1478): Final simple tree
|( QUESTION0_0_R 1 -2.456e+05 5.897e+02 1.470e+03
|    ( - -2.023e+05 1 0)
|    ( - -4.272e+04 1 0))
s>    ( QUESTION0_0_R 1 -2.456e+05 5.897e+02 1.470e+03
s>        ( - -2.023e+05 1 0)
s>        ( - -4.272e+04 1 0))INFO: dtree.c(1478): Final simple tree
|( QUESTION15 1 -1.134e+06 2.570e+03 6.360e+03
|    ( QUESTION0_0_R 1 -1.724e+05 6.495e+02 1.005e+03
|        ( - -9.275e+04 1 0)
|        ( - -7.898e+04 2 0 QUESTION0 -1 4.196e+02 4.593e+02))
|    ( QUESTION2_2_L -1 -9.594e+05 2.090e+03 5.354e+03
|        ( - -2.208e+05 1 0)
|        ( QUESTION2_0_L -1 -7.365e+05 1.761e+03 4.144e+03
|            ( - -1.108e+05 1 0)
|            ( QUESTION0_8_R 1 -6.239e+05 1.509e+03 3.499e+03
|                ( QUESTION2 1 -1.210e+05 8.418e+02 7.096e+02
|                    ( - -7.986e+04 1 0)
|                    ( - -4.028e+04 1 0))
|                ( WDBNDRY_E 0 -5.014e+05 1.291e+03 2.789e+03
|                    ( - -2.894e+05 1 0)
|                    ( - -2.107e+05 2 0 QUESTION0 -1 3.425e+02 1.177e+03))))))
s>    ( QUESTION15 1 -1.134e+06 2.570e+03 6.360e+03
s>        ( QUESTION0_0_R 1 -1.724e+05 6.495e+02 1.005e+03
s>            ( - -9.275e+04 1 0)
s>            ( - -7.898e+04 2 0 QUESTION0 -1 4.196e+02 4.593e+02))
s>        ( QUESTION2_2_L -1 -9.594e+05 2.090e+03 5.354e+03
s>            ( - -2.208e+05 1 0)
s>            ( QUESTION2_0_L -1 -7.365e+05 1.761e+03 4.144e+03
s>                ( - -1.108e+05 1 0)
s>                ( QUESTION0_8_R 1 -6.239e+05 1.509e+03 3.499e+03
s>                    ( QUESTION2 1 -1.210e+05 8.418e+02 7.096e+02
s>                        ( - -7.986e+04 1 0)
s>                        ( - -4.028e+04 1 0))
s>                    ( WDBNDRY_E 0 -5.014e+05 1.291e+03 2.789e+03
s>                        ( - -2.894e+05 1 0)
s>                        ( - -2.107e+05 2 0 QUESTION0 -1 3.425e+02 1.177e+03))))))INFO: dtree.c(1315): Comp split 2
INFO: dtree.c(1439): stop. leaf nodes are specific
INFO: dtree.c(1478): Final simple tree
|( QUESTION2_0_L -1 -7.240e+05 1.815e+03 4.000e+03
|    ( - -2.208e+05 1 0)
|    ( WDBNDRY_E 0 -5.014e+05 1.291e+03 2.789e+03
|        ( - -2.894e+05 1 0)
|        ( QUESTION0 -1 -2.107e+05 3.425e+02 1.177e+03
|            ( - -1.918e+04 1 0)
|            ( - -1.912e+05 1 0))))
s>    ( QUESTION2_0_L -1 -7.240e+05 1.815e+03 4.000e+03
s>        ( - -2.208e+05 1 0)
s>        ( WDBNDRY_E 0 -5.014e+05 1.291e+03 2.789e+03
s>            ( - -2.894e+05 1 0)
s>            ( QUESTION0 -1 -2.107e+05 3.425e+02 1.177e+03
s>                ( - -1.918e+04 1 0)
s>                ( - -1.912e+05 1 0))))INFO: dtree.c(1439): stop. leaf nodes are specific
INFO: dtree.c(1478): Final simple tree
|( QUESTION0_16_R 1 -4.067e+05 1.603e+03 2.360e+03
|    ( QUESTION2 1 -1.210e+05 8.418e+02 7.096e+02
|        ( - -7.986e+04 1 0)
|        ( - -4.028e+04 1 0))
|    ( WDBNDRY_E 0 -2.841e+05 8.568e+02 1.650e+03
|        ( - -1.108e+05 1 0)
|        ( QUESTION0_0_R 1 -1.724e+05 6.495e+02 1.005e+03
|            ( - -9.275e+04 1 0)
|            ( QUESTION0 -1 -7.898e+04 4.196e+02 4.593e+02
|                ( - -3.466e+04 1 0)
|                ( - -4.390e+04 1 0)))))
s>    ( QUESTION0_16_R 1 -4.067e+05 1.603e+03 2.360e+03
s>        ( QUESTION2 1 -1.210e+05 8.418e+02 7.096e+02
s>            ( - -7.986e+04 1 0)
s>            ( - -4.028e+04 1 0))
s>        ( WDBNDRY_E 0 -2.841e+05 8.568e+02 1.650e+03
s>            ( - -1.108e+05 1 0)
s>            ( QUESTION0_0_R 1 -1.724e+05 6.495e+02 1.005e+03
s>                ( - -9.275e+04 1 0)
s>                ( QUESTION0 -1 -7.898e+04 4.196e+02 4.593e+02
s>                    ( - -3.466e+04 1 0)
s>                    ( - -4.390e+04 1 0)))))INFO: dtree.c(1315): Comp split 3
INFO: dtree.c(1439): stop. leaf nodes are specific
INFO: dtree.c(1478): Final simple tree
|( QUESTION0_0_R 1 -2.490e+05 1.374e+03 1.378e+03
|    ( QUESTION14 1 -9.913e+04 4.721e+02 5.693e+02
|        ( - -2.356e+04 1 0)
|        ( QUESTION0 1 -7.510e+04 3.314e+02 4.319e+02
|            ( - -3.441e+04 1 0)
|            ( - -4.035e+04 1 0)))
|    ( QUESTION15 1 -1.485e+05 2.078e+02 8.086e+02
|        ( - -7.524e+04 1 0)
|        ( - -7.305e+04 1 0)))
s>    ( QUESTION0_0_R 1 -2.490e+05 1.374e+03 1.378e+03
s>        ( QUESTION14 1 -9.913e+04 4.721e+02 5.693e+02
s>            ( - -2.356e+04 1 0)
s>            ( QUESTION0 1 -7.510e+04 3.314e+02 4.319e+02
s>                ( - -3.441e+04 1 0)
s>                ( - -4.035e+04 1 0)))
s>        ( QUESTION15 1 -1.485e+05 2.078e+02 8.086e+02
s>            ( - -7.524e+04 1 0)
s>            ( - -7.305e+04 1 0)))INFO: dtree.c(1439): stop. leaf nodes are specific
INFO: dtree.c(1478): Final simple tree
|( QUESTION2 -1 -3.252e+05 1.518e+03 1.755e+03
|    ( - -6.109e+04 1 0)
|    ( QUESTION0 -1 -2.625e+05 8.274e+02 1.413e+03
|        ( QUESTION0_0_R 1 -2.382e+05 4.786e+02 1.302e+03
|            ( - -1.744e+05 2 0)
|            ( - -6.333e+04 1 0))
|        ( - -2.353e+04 1 0)))
s>    ( QUESTION2 -1 -3.252e+05 1.518e+03 1.755e+03
s>        ( - -6.109e+04 1 0)
s>        ( QUESTION0 -1 -2.625e+05 8.274e+02 1.413e+03
s>            ( QUESTION0_0_R 1 -2.382e+05 4.786e+02 1.302e+03
s>                ( - -1.744e+05 2 0)
s>                ( - -6.333e+04 1 0))
s>            ( - -2.353e+04 1 0)))INFO: dtree.c(1315): Comp split 4
INFO: dtree.c(1439): stop. leaf nodes are specific
INFO: dtree.c(1478): Final simple tree
|( WDBNDRY_E 0 -5.014e+05 1.291e+03 2.789e+03
|    ( - -2.894e+05 1 0)
|    ( QUESTION0 -1 -2.107e+05 3.425e+02 1.177e+03
|        ( - -1.918e+04 1 0)
|        ( - -1.912e+05 1 0)))
s>    ( WDBNDRY_E 0 -5.014e+05 1.291e+03 2.789e+03
s>        ( - -2.894e+05 1 0)
s>        ( QUESTION0 -1 -2.107e+05 3.425e+02 1.177e+03
s>            ( - -1.918e+04 1 0)
s>            ( - -1.912e+05 1 0)))INFO: dtree.c(1315): Comp split 5
INFO: dtree.c(1439): stop. leaf nodes are specific
INFO: dtree.c(1478): Final simple tree
|( QUESTION2 1 -1.210e+05 8.418e+02 7.096e+02
|    ( - -7.986e+04 1 0)
|    ( - -4.028e+04 1 0))
s>    ( QUESTION2 1 -1.210e+05 8.418e+02 7.096e+02
s>        ( - -7.986e+04 1 0)
s>        ( - -4.028e+04 1 0))INFO: dtree.c(1439): stop. leaf nodes are specific
INFO: dtree.c(1478): Final simple tree
|( WDBNDRY_E 0 -2.841e+05 8.568e+02 1.650e+03
|    ( - -1.108e+05 1 0)
|    ( QUESTION0_0_R 1 -1.724e+05 6.495e+02 1.005e+03
|        ( - -9.275e+04 1 0)
|        ( QUESTION0 -1 -7.898e+04 4.196e+02 4.593e+02
|            ( - -3.466e+04 1 0)
|            ( - -4.390e+04 1 0))))
s>    ( WDBNDRY_E 0 -2.841e+05 8.568e+02 1.650e+03
s>        ( - -1.108e+05 1 0)
s>        ( QUESTION0_0_R 1 -1.724e+05 6.495e+02 1.005e+03
s>            ( - -9.275e+04 1 0)
s>            ( QUESTION0 -1 -7.898e+04 4.196e+02 4.593e+02
s>                ( - -3.466e+04 1 0)
s>                ( - -4.390e+04 1 0))))INFO: dtree.c(1315): Comp split 6
INFO: dtree.c(1439): stop. leaf nodes are specific
INFO: dtree.c(1478): Final simple tree
|( QUESTION0 -1 -2.625e+05 8.274e+02 1.413e+03
|    ( QUESTION0_0_R 1 -2.382e+05 4.786e+02 1.302e+03
|        ( - -1.744e+05 2 0)
|        ( - -6.333e+04 1 0))
|    ( - -2.353e+04 1 0))
s>    ( QUESTION0 -1 -2.625e+05 8.274e+02 1.413e+03
s>        ( QUESTION0_0_R 1 -2.382e+05 4.786e+02 1.302e+03
s>            ( - -1.744e+05 2 0)
s>            ( - -6.333e+04 1 0))
s>        ( - -2.353e+04 1 0))INFO: dtree.c(1315): Comp split 7
INFO: dtree.c(1439): stop. leaf nodes are specific
INFO: dtree.c(1478): Final simple tree
|( QUESTION14 1 -9.913e+04 4.721e+02 5.693e+02
|    ( - -2.356e+04 1 0)
|    ( QUESTION0 1 -7.510e+04 3.314e+02 4.319e+02
|        ( - -3.441e+04 1 0)
|        ( - -4.035e+04 1 0)))
s>    ( QUESTION14 1 -9.913e+04 4.721e+02 5.693e+02
s>        ( - -2.356e+04 1 0)
s>        ( QUESTION0 1 -7.510e+04 3.314e+02 4.319e+02
s>            ( - -3.441e+04 1 0)
s>            ( - -4.035e+04 1 0)))INFO: dtree.c(1439): stop. leaf nodes are specific
INFO: dtree.c(1478): Final simple tree
|( QUESTION15 1 -1.485e+05 2.078e+02 8.086e+02
|    ( - -7.524e+04 1 0)
|    ( - -7.305e+04 1 0))
s>    ( QUESTION15 1 -1.485e+05 2.078e+02 8.086e+02
s>        ( - -7.524e+04 1 0)
s>        ( - -7.305e+04 1 0))INFO: dtree.c(1315): Comp split 8
INFO: dtree.c(1439): stop. leaf nodes are specific
INFO: dtree.c(1478): Final simple tree
|( QUESTION0 -1 -2.107e+05 3.425e+02 1.177e+03
|    ( - -1.918e+04 1 0)
|    ( - -1.912e+05 1 0))
s>    ( QUESTION0 -1 -2.107e+05 3.425e+02 1.177e+03
s>        ( - -1.918e+04 1 0)
s>        ( - -1.912e+05 1 0))INFO: dtree.c(1315): Comp split 9
INFO: dtree.c(1439): stop. leaf nodes are specific
INFO: dtree.c(1478): Final simple tree
|( QUESTION0_0_R 1 -1.724e+05 6.495e+02 1.005e+03
|    ( - -9.275e+04 1 0)
|    ( QUESTION0 -1 -7.898e+04 4.196e+02 4.593e+02
|        ( - -3.466e+04 1 0)
|        ( - -4.390e+04 1 0)))
s>    ( QUESTION0_0_R 1 -1.724e+05 6.495e+02 1.005e+03
s>        ( - -9.275e+04 1 0)
s>        ( QUESTION0 -1 -7.898e+04 4.196e+02 4.593e+02
s>            ( - -3.466e+04 1 0)
s>            ( - -4.390e+04 1 0)))INFO: dtree.c(1315): Comp split 10
INFO: dtree.c(1315): Comp split 11
INFO: dtree.c(1439): stop. leaf nodes are specific
INFO: dtree.c(1478): Final simple tree
|( QUESTION0_0_R 1 -2.382e+05 4.786e+02 1.302e+03
|    ( - -1.744e+05 2 0)
|    ( - -6.333e+04 1 0))
s>    ( QUESTION0_0_R 1 -2.382e+05 4.786e+02 1.302e+03
s>        ( - -1.744e+05 2 0)
s>        ( - -6.333e+04 1 0))INFO: dtree.c(1315): Comp split 12
INFO: dtree.c(1439): stop. leaf nodes are specific
INFO: dtree.c(1478): Final simple tree
|( QUESTION0 -1 -7.898e+04 4.196e+02 4.593e+02
|    ( - -3.466e+04 1 0)
|    ( - -4.390e+04 1 0))
s>    ( QUESTION0 -1 -7.898e+04 4.196e+02 4.593e+02
s>        ( - -3.466e+04 1 0)
s>        ( - -4.390e+04 1 0))INFO: dtree.c(1315): Comp split 13
INFO: dtree.c(1315): Comp split 14
INFO: dtree.c(1315): Comp split 15
INFO: dtree.c(1439): stop. leaf nodes are specific
INFO: dtree.c(1478): Final simple tree
|( QUESTION0 1 -7.510e+04 3.314e+02 4.319e+02
|    ( - -3.441e+04 1 0)
|    ( - -4.035e+04 1 0))
s>    ( QUESTION0 1 -7.510e+04 3.314e+02 4.319e+02
s>        ( - -3.441e+04 1 0)
s>        ( - -4.035e+04 1 0))INFO: dtree.c(1315): Comp split 16
INFO: dtree.c(1315): Comp split 17
INFO: dtree.c(1315): Comp split 18
INFO: dtree.c(1315): Comp split 19
INFO: dtree.c(1315): Comp split 20
INFO: dtree.c(1318): stop. leaf nodes are specific
Tue Jun  9 01:50:01 2020
