Current configuration:
[NAME]		[DEFLT]	[VALUE]
-allphones	no	no
-cntthresh	0.00001	1.000000e-05
-csplitmax	100	2000
-csplitmin	1	1
-csplitthr	8e-4	0.000000e+00
-example	no	no
-fullvar	no	no
-help		no	no
-meanfn			/home/nattapong/Downloads/acoustic_model/model_parameters/acoustic_model.cd_cont_untied/means
-mixwfn			/home/nattapong/Downloads/acoustic_model/model_parameters/acoustic_model.cd_cont_untied/mixture_weights
-moddeffn		/home/nattapong/Downloads/acoustic_model/model_architecture/acoustic_model.untied.mdef
-mwfloor	1e-4	1.000000e-08
-phone			N
-psetfn			/home/nattapong/Downloads/acoustic_model/model_architecture/acoustic_model.tree_questions
-ssplitmax	5	7
-ssplitmin	1	1
-ssplitthr	8e-4	0.000000e+00
-state			1
-stwt			1.0,0.05,0.0,
-treefn			/home/nattapong/Downloads/acoustic_model/trees/acoustic_model.unpruned/N-1.dtree
-ts2cbfn	.semi.	.cont.
-varfloor	0.00001	1.000000e-05
-varfn			/home/nattapong/Downloads/acoustic_model/model_parameters/acoustic_model.cd_cont_untied/variances

INFO: main.c(223): Reading: /home/nattapong/Downloads/acoustic_model/model_architecture/acoustic_model.untied.mdef
INFO: model_def_io.c(573): Model definition info:
INFO: model_def_io.c(574): 416 total models defined (36 base, 380 tri)
INFO: model_def_io.c(575): 1664 total states
INFO: model_def_io.c(576): 1248 total tied states
INFO: model_def_io.c(577): 108 total tied CI states
INFO: model_def_io.c(578): 36 total tied transition matrices
INFO: model_def_io.c(579): 4 max state/model
INFO: model_def_io.c(580): 4 min state/model
INFO: main.c(242): Building trees for [N A A i] through [N U T i]
INFO: main.c(268): Covering states |[768 848]| == 81
INFO: main.c(275): Reading: /home/nattapong/Downloads/acoustic_model/model_parameters/acoustic_model.cd_cont_untied/mixture_weights
INFO: s3mixw_io.c(172): Read /home/nattapong/Downloads/acoustic_model/model_parameters/acoustic_model.cd_cont_untied/mixture_weights [81x1x1 array]
INFO: main.c(311): 27 of 27 models have observation count greater than 0.000010
INFO: main.c(95): nrm stwt: 0.045 0.909 0.045 
INFO: s3gau_io.c(168): Read /home/nattapong/Downloads/acoustic_model/model_parameters/acoustic_model.cd_cont_untied/means [1248x1x1 array]
INFO: s3gau_io.c(168): Read /home/nattapong/Downloads/acoustic_model/model_parameters/acoustic_model.cd_cont_untied/variances [1248x1x1 array]
INFO: main.c(549): Reading: /home/nattapong/Downloads/acoustic_model/model_architecture/acoustic_model.tree_questions
INFO: main.c(587): 178 total simple questions (170 phone; 8 word bndry)
INFO: main.c(589): 42 Left Only questions, and 40 Right Only questions
INFO: dtree.c(1478): Final simple tree
|( QUESTION0_9_R 1 -1.660e+06 7.955e+03 8.198e+03
|    ( - -1.948e+05 4 0 QUESTION2 -1 1.118e+03 9.905e+02)
|    ( QUESTION5 -1 -1.457e+06 6.038e+03 7.207e+03
|        ( QUESTION0_6_R 1 -4.463e+05 2.334e+03 2.155e+03
|            ( - -3.827e+04 1 0)
|            ( - -4.057e+05 9 0 QUESTION6 -1 1.514e+03 1.945e+03))
|        ( WDBNDRY_E 0 -1.004e+06 4.937e+03 5.052e+03
|            ( - -3.318e+05 4 0 QUESTION2_2_L -1 5.553e+02 1.694e+03)
|            ( QUESTION0_17_R 1 -6.677e+05 3.423e+03 3.358e+03
|                ( - -2.455e+05 1 0)
|                ( QUESTION2 -1 -4.188e+05 3.072e+03 2.047e+03
|                    ( - -1.335e+05 1 0)
|                    ( QUESTION0_1_R 1 -2.822e+05 1.562e+03 1.420e+03
|                        ( - -1.048e+05 2 0 QUESTION0 -1 3.602e+02 5.521e+02)
|                        ( - -1.759e+05 5 0 QUESTION0_7_R 1 1.244e+03 8.677e+02)))))))
s>    ( QUESTION0_9_R 1 -1.660e+06 7.955e+03 8.198e+03
s>        ( - -1.948e+05 4 0 QUESTION2 -1 1.118e+03 9.905e+02)
s>        ( QUESTION5 -1 -1.457e+06 6.038e+03 7.207e+03
s>            ( QUESTION0_6_R 1 -4.463e+05 2.334e+03 2.155e+03
s>                ( - -3.827e+04 1 0)
s>                ( - -4.057e+05 9 0 QUESTION6 -1 1.514e+03 1.945e+03))
s>            ( WDBNDRY_E 0 -1.004e+06 4.937e+03 5.052e+03
s>                ( - -3.318e+05 4 0 QUESTION2_2_L -1 5.553e+02 1.694e+03)
s>                ( QUESTION0_17_R 1 -6.677e+05 3.423e+03 3.358e+03
s>                    ( - -2.455e+05 1 0)
s>                    ( QUESTION2 -1 -4.188e+05 3.072e+03 2.047e+03
s>                        ( - -1.335e+05 1 0)
s>                        ( QUESTION0_1_R 1 -2.822e+05 1.562e+03 1.420e+03
s>                            ( - -1.048e+05 2 0 QUESTION0 -1 3.602e+02 5.521e+02)
s>                            ( - -1.759e+05 5 0 QUESTION0_7_R 1 1.244e+03 8.677e+02)))))))INFO: dtree.c(1315): Comp split 0
INFO: dtree.c(1478): Final simple tree
|( QUESTION5 -1 -1.079e+06 5.656e+03 5.304e+03
|    ( QUESTION6 -1 -4.057e+05 1.514e+03 1.945e+03
|        ( QUESTION3 1 -1.899e+05 1.021e+03 9.024e+02
|            ( - -1.086e+05 1 0)
|            ( - -8.024e+04 4 0 QUESTION2 1 5.948e+02 3.909e+02))
|        ( - -2.143e+05 4 0 QUESTION0_0_R 1 9.260e+02 1.043e+03))
|    ( QUESTION0_17_R 1 -6.677e+05 3.423e+03 3.358e+03
|        ( - -2.455e+05 1 0)
|        ( QUESTION2 -1 -4.188e+05 3.072e+03 2.047e+03
|            ( - -1.335e+05 1 0)
|            ( QUESTION0_1_R 1 -2.822e+05 1.562e+03 1.420e+03
|                ( - -1.048e+05 2 0 QUESTION0 -1 3.602e+02 5.521e+02)
|                ( QUESTION0_7_R 1 -1.759e+05 1.244e+03 8.677e+02
|                    ( - -7.683e+04 2 0 QUESTION0 -1 4.316e+02 3.931e+02)
|                    ( - -9.784e+04 3 0 QUESTION0_6_R 1 5.593e+02 4.746e+02))))))
s>    ( QUESTION5 -1 -1.079e+06 5.656e+03 5.304e+03
s>        ( QUESTION6 -1 -4.057e+05 1.514e+03 1.945e+03
s>            ( QUESTION3 1 -1.899e+05 1.021e+03 9.024e+02
s>                ( - -1.086e+05 1 0)
s>                ( - -8.024e+04 4 0 QUESTION2 1 5.948e+02 3.909e+02))
s>            ( - -2.143e+05 4 0 QUESTION0_0_R 1 9.260e+02 1.043e+03))
s>        ( QUESTION0_17_R 1 -6.677e+05 3.423e+03 3.358e+03
s>            ( - -2.455e+05 1 0)
s>            ( QUESTION2 -1 -4.188e+05 3.072e+03 2.047e+03
s>                ( - -1.335e+05 1 0)
s>                ( QUESTION0_1_R 1 -2.822e+05 1.562e+03 1.420e+03
s>                    ( - -1.048e+05 2 0 QUESTION0 -1 3.602e+02 5.521e+02)
s>                    ( QUESTION0_7_R 1 -1.759e+05 1.244e+03 8.677e+02
s>                        ( - -7.683e+04 2 0 QUESTION0 -1 4.316e+02 3.931e+02)
s>                        ( - -9.784e+04 3 0 QUESTION0_6_R 1 5.593e+02 4.746e+02))))))INFO: dtree.c(1439): stop. leaf nodes are specific
INFO: dtree.c(1478): Final simple tree
|( QUESTION0_8_R 1 -5.723e+05 5.677e+03 2.894e+03
|    ( QUESTION2 -1 -1.948e+05 1.118e+03 9.905e+02
|        ( - -4.210e+04 1 0)
|        ( QUESTION0 -1 -1.516e+05 3.883e+02 7.663e+02
|            ( - -1.207e+05 2 0)
|            ( - -3.048e+04 1 0)))
|    ( QUESTION0 -1 -3.718e+05 1.920e+03 1.903e+03
|        ( QUESTION2_2_L -1 -3.258e+05 4.684e+02 1.664e+03
|            ( - -1.631e+04 1 0)
|            ( - -3.090e+05 2 0))
|        ( WDBNDRY_E 0 -4.411e+04 2.591e+02 2.398e+02
|            ( - -5.586e+03 1 0)
|            ( - -3.827e+04 1 0))))
s>    ( QUESTION0_8_R 1 -5.723e+05 5.677e+03 2.894e+03
s>        ( QUESTION2 -1 -1.948e+05 1.118e+03 9.905e+02
s>            ( - -4.210e+04 1 0)
s>            ( QUESTION0 -1 -1.516e+05 3.883e+02 7.663e+02
s>                ( - -1.207e+05 2 0)
s>                ( - -3.048e+04 1 0)))
s>        ( QUESTION0 -1 -3.718e+05 1.920e+03 1.903e+03
s>            ( QUESTION2_2_L -1 -3.258e+05 4.684e+02 1.664e+03
s>                ( - -1.631e+04 1 0)
s>                ( - -3.090e+05 2 0))
s>            ( WDBNDRY_E 0 -4.411e+04 2.591e+02 2.398e+02
s>                ( - -5.586e+03 1 0)
s>                ( - -3.827e+04 1 0))))INFO: dtree.c(1315): Comp split 1
INFO: dtree.c(1439): stop. leaf nodes are specific
INFO: dtree.c(1478): Final simple tree
|( QUESTION0 -1 -3.718e+05 1.920e+03 1.903e+03
|    ( QUESTION2_2_L -1 -3.258e+05 4.684e+02 1.664e+03
|        ( - -1.631e+04 1 0)
|        ( - -3.090e+05 2 0))
|    ( WDBNDRY_E 0 -4.411e+04 2.591e+02 2.398e+02
|        ( - -5.586e+03 1 0)
|        ( - -3.827e+04 1 0)))
s>    ( QUESTION0 -1 -3.718e+05 1.920e+03 1.903e+03
s>        ( QUESTION2_2_L -1 -3.258e+05 4.684e+02 1.664e+03
s>            ( - -1.631e+04 1 0)
s>            ( - -3.090e+05 2 0))
s>        ( WDBNDRY_E 0 -4.411e+04 2.591e+02 2.398e+02
s>            ( - -5.586e+03 1 0)
s>            ( - -3.827e+04 1 0)))INFO: dtree.c(1439): stop. leaf nodes are specific
INFO: dtree.c(1478): Final simple tree
|( QUESTION2 -1 -1.948e+05 1.118e+03 9.905e+02
|    ( - -4.210e+04 1 0)
|    ( QUESTION0 -1 -1.516e+05 3.883e+02 7.663e+02
|        ( - -1.207e+05 2 0)
|        ( - -3.048e+04 1 0)))
s>    ( QUESTION2 -1 -1.948e+05 1.118e+03 9.905e+02
s>        ( - -4.210e+04 1 0)
s>        ( QUESTION0 -1 -1.516e+05 3.883e+02 7.663e+02
s>            ( - -1.207e+05 2 0)
s>            ( - -3.048e+04 1 0)))INFO: dtree.c(1315): Comp split 2
INFO: dtree.c(1478): Final simple tree
|( QUESTION0_17_R 1 -6.677e+05 3.423e+03 3.358e+03
|    ( - -2.455e+05 1 0)
|    ( QUESTION2 -1 -4.188e+05 3.072e+03 2.047e+03
|        ( - -1.335e+05 1 0)
|        ( QUESTION0_1_R 1 -2.822e+05 1.562e+03 1.420e+03
|            ( QUESTION0 -1 -1.048e+05 3.602e+02 5.521e+02
|                ( - -7.086e+04 1 0)
|                ( - -3.354e+04 1 0))
|            ( QUESTION0_7_R 1 -1.759e+05 1.244e+03 8.677e+02
|                ( QUESTION0 -1 -7.683e+04 4.316e+02 3.931e+02
|                    ( - -6.658e+04 1 0)
|                    ( - -9.819e+03 1 0))
|                ( QUESTION0_6_R 1 -9.784e+04 5.593e+02 4.746e+02
|                    ( - -4.313e+04 1 0)
|                    ( - -5.415e+04 2 0 QUESTION0_0_R 1 2.844e+02 2.656e+02))))))
s>    ( QUESTION0_17_R 1 -6.677e+05 3.423e+03 3.358e+03
s>        ( - -2.455e+05 1 0)
s>        ( QUESTION2 -1 -4.188e+05 3.072e+03 2.047e+03
s>            ( - -1.335e+05 1 0)
s>            ( QUESTION0_1_R 1 -2.822e+05 1.562e+03 1.420e+03
s>                ( QUESTION0 -1 -1.048e+05 3.602e+02 5.521e+02
s>                    ( - -7.086e+04 1 0)
s>                    ( - -3.354e+04 1 0))
s>                ( QUESTION0_7_R 1 -1.759e+05 1.244e+03 8.677e+02
s>                    ( QUESTION0 -1 -7.683e+04 4.316e+02 3.931e+02
s>                        ( - -6.658e+04 1 0)
s>                        ( - -9.819e+03 1 0))
s>                    ( QUESTION0_6_R 1 -9.784e+04 5.593e+02 4.746e+02
s>                        ( - -4.313e+04 1 0)
s>                        ( - -5.415e+04 2 0 QUESTION0_0_R 1 2.844e+02 2.656e+02))))))INFO: dtree.c(1478): Final simple tree
|( QUESTION6 -1 -4.057e+05 1.514e+03 1.945e+03
|    ( QUESTION3 1 -1.899e+05 1.021e+03 9.024e+02
|        ( - -1.086e+05 1 0)
|        ( QUESTION2 1 -8.024e+04 5.948e+02 3.909e+02
|            ( - -2.253e+04 1 0)
|            ( QUESTION0_0_R 1 -5.711e+04 3.448e+02 2.769e+02
|                ( - -1.885e+04 1 0)
|                ( - -3.791e+04 2 0 QUESTION0_16_R 1 2.504e+02 1.860e+02))))
|    ( QUESTION0_0_R 1 -2.143e+05 9.260e+02 1.043e+03
|        ( QUESTION0 1 -1.323e+05 5.868e+02 6.332e+02
|            ( - -3.533e+04 1 0)
|            ( QUESTION2 1 -9.636e+04 3.616e+02 4.624e+02
|                ( - -7.479e+04 1 0)
|                ( - -2.121e+04 1 0)))
|        ( - -8.112e+04 1 0)))
s>    ( QUESTION6 -1 -4.057e+05 1.514e+03 1.945e+03
s>        ( QUESTION3 1 -1.899e+05 1.021e+03 9.024e+02
s>            ( - -1.086e+05 1 0)
s>            ( QUESTION2 1 -8.024e+04 5.948e+02 3.909e+02
s>                ( - -2.253e+04 1 0)
s>                ( QUESTION0_0_R 1 -5.711e+04 3.448e+02 2.769e+02
s>                    ( - -1.885e+04 1 0)
s>                    ( - -3.791e+04 2 0 QUESTION0_16_R 1 2.504e+02 1.860e+02))))
s>        ( QUESTION0_0_R 1 -2.143e+05 9.260e+02 1.043e+03
s>            ( QUESTION0 1 -1.323e+05 5.868e+02 6.332e+02
s>                ( - -3.533e+04 1 0)
s>                ( QUESTION2 1 -9.636e+04 3.616e+02 4.624e+02
s>                    ( - -7.479e+04 1 0)
s>                    ( - -2.121e+04 1 0)))
s>            ( - -8.112e+04 1 0)))INFO: dtree.c(1315): Comp split 3
INFO: dtree.c(1439): stop. leaf nodes are specific
INFO: dtree.c(1478): Final simple tree
|( QUESTION0_7_R 1 -4.258e+05 2.826e+03 2.147e+03
|    ( - -1.335e+05 1 0)
|    ( QUESTION0_0_R 1 -2.894e+05 8.181e+02 1.521e+03
|        ( - -4.313e+04 1 0)
|        ( - -2.455e+05 1 0)))
s>    ( QUESTION0_7_R 1 -4.258e+05 2.826e+03 2.147e+03
s>        ( - -1.335e+05 1 0)
s>        ( QUESTION0_0_R 1 -2.894e+05 8.181e+02 1.521e+03
s>            ( - -4.313e+04 1 0)
s>            ( - -2.455e+05 1 0)))INFO: dtree.c(1439): stop. leaf nodes are specific
INFO: dtree.c(1478): Final simple tree
|( QUESTION0_1_R 1 -2.379e+05 1.429e+03 1.211e+03
|    ( QUESTION0 -1 -1.048e+05 3.602e+02 5.521e+02
|        ( - -7.086e+04 1 0)
|        ( - -3.354e+04 1 0))
|    ( QUESTION0_6_R 1 -1.317e+05 7.536e+02 6.587e+02
|        ( QUESTION0 -1 -7.683e+04 4.316e+02 3.931e+02
|            ( - -6.658e+04 1 0)
|            ( - -9.819e+03 1 0))
|        ( QUESTION0_0_R 1 -5.415e+04 2.844e+02 2.656e+02
|            ( - -9.816e+03 1 0)
|            ( - -4.405e+04 1 0))))
s>    ( QUESTION0_1_R 1 -2.379e+05 1.429e+03 1.211e+03
s>        ( QUESTION0 -1 -1.048e+05 3.602e+02 5.521e+02
s>            ( - -7.086e+04 1 0)
s>            ( - -3.354e+04 1 0))
s>        ( QUESTION0_6_R 1 -1.317e+05 7.536e+02 6.587e+02
s>            ( QUESTION0 -1 -7.683e+04 4.316e+02 3.931e+02
s>                ( - -6.658e+04 1 0)
s>                ( - -9.819e+03 1 0))
s>            ( QUESTION0_0_R 1 -5.415e+04 2.844e+02 2.656e+02
s>                ( - -9.816e+03 1 0)
s>                ( - -4.405e+04 1 0))))INFO: dtree.c(1315): Comp split 4
INFO: dtree.c(1439): stop. leaf nodes are specific
INFO: dtree.c(1478): Final simple tree
|( QUESTION0_0_R 1 -2.894e+05 8.181e+02 1.521e+03
|    ( - -4.313e+04 1 0)
|    ( - -2.455e+05 1 0))
s>    ( QUESTION0_0_R 1 -2.894e+05 8.181e+02 1.521e+03
s>        ( - -4.313e+04 1 0)
s>        ( - -2.455e+05 1 0))INFO: dtree.c(1315): Comp split 5
INFO: dtree.c(1439): stop. leaf nodes are specific
INFO: dtree.c(1478): Final simple tree
|( WDBNDRY_E 0 -4.411e+04 2.591e+02 2.398e+02
|    ( - -5.586e+03 1 0)
|    ( - -3.827e+04 1 0))
s>    ( WDBNDRY_E 0 -4.411e+04 2.591e+02 2.398e+02
s>        ( - -5.586e+03 1 0)
s>        ( - -3.827e+04 1 0))INFO: dtree.c(1439): stop. leaf nodes are specific
INFO: dtree.c(1478): Final simple tree
|( QUESTION2_2_L -1 -3.258e+05 4.684e+02 1.664e+03
|    ( - -1.631e+04 1 0)
|    ( - -3.090e+05 2 0))
s>    ( QUESTION2_2_L -1 -3.258e+05 4.684e+02 1.664e+03
s>        ( - -1.631e+04 1 0)
s>        ( - -3.090e+05 2 0))INFO: dtree.c(1315): Comp split 6
INFO: dtree.c(1439): stop. leaf nodes are specific
INFO: dtree.c(1478): Final simple tree
|( QUESTION0_0_R 1 -1.169e+05 4.437e+02 5.807e+02
|    ( - -3.533e+04 1 0)
|    ( - -8.112e+04 1 0))
s>    ( QUESTION0_0_R 1 -1.169e+05 4.437e+02 5.807e+02
s>        ( - -3.533e+04 1 0)
s>        ( - -8.112e+04 1 0))INFO: dtree.c(1439): stop. leaf nodes are specific
INFO: dtree.c(1478): Final simple tree
|( QUESTION3 1 -2.870e+05 1.189e+03 1.365e+03
|    ( QUESTION6 -1 -1.841e+05 6.555e+02 8.716e+02
|        ( - -1.086e+05 1 0)
|        ( - -7.479e+04 1 0))
|    ( QUESTION2 1 -1.018e+05 6.173e+02 4.932e+02
|        ( - -2.253e+04 1 0)
|        ( QUESTION0_0_R 1 -7.866e+04 3.526e+02 3.792e+02
|            ( QUESTION6 -1 -4.039e+04 3.324e+02 1.932e+02
|                ( - -1.885e+04 1 0)
|                ( - -2.121e+04 1 0))
|            ( QUESTION0_16_R 1 -3.791e+04 2.504e+02 1.860e+02
|                ( - -2.182e+04 1 0)
|                ( - -1.584e+04 1 0)))))
s>    ( QUESTION3 1 -2.870e+05 1.189e+03 1.365e+03
s>        ( QUESTION6 -1 -1.841e+05 6.555e+02 8.716e+02
s>            ( - -1.086e+05 1 0)
s>            ( - -7.479e+04 1 0))
s>        ( QUESTION2 1 -1.018e+05 6.173e+02 4.932e+02
s>            ( - -2.253e+04 1 0)
s>            ( QUESTION0_0_R 1 -7.866e+04 3.526e+02 3.792e+02
s>                ( QUESTION6 -1 -4.039e+04 3.324e+02 1.932e+02
s>                    ( - -1.885e+04 1 0)
s>                    ( - -2.121e+04 1 0))
s>                ( QUESTION0_16_R 1 -3.791e+04 2.504e+02 1.860e+02
s>                    ( - -2.182e+04 1 0)
s>                    ( - -1.584e+04 1 0)))))INFO: dtree.c(1315): Comp split 7
INFO: dtree.c(1439): stop. leaf nodes are specific
INFO: dtree.c(1478): Final simple tree
|( QUESTION0_6_R 1 -1.317e+05 7.536e+02 6.587e+02
|    ( QUESTION0 -1 -7.683e+04 4.316e+02 3.931e+02
|        ( - -6.658e+04 1 0)
|        ( - -9.819e+03 1 0))
|    ( QUESTION0_0_R 1 -5.415e+04 2.844e+02 2.656e+02
|        ( - -9.816e+03 1 0)
|        ( - -4.405e+04 1 0)))
s>    ( QUESTION0_6_R 1 -1.317e+05 7.536e+02 6.587e+02
s>        ( QUESTION0 -1 -7.683e+04 4.316e+02 3.931e+02
s>            ( - -6.658e+04 1 0)
s>            ( - -9.819e+03 1 0))
s>        ( QUESTION0_0_R 1 -5.415e+04 2.844e+02 2.656e+02
s>            ( - -9.816e+03 1 0)
s>            ( - -4.405e+04 1 0)))INFO: dtree.c(1439): stop. leaf nodes are specific
INFO: dtree.c(1478): Final simple tree
|( QUESTION0 -1 -1.048e+05 3.602e+02 5.521e+02
|    ( - -7.086e+04 1 0)
|    ( - -3.354e+04 1 0))
s>    ( QUESTION0 -1 -1.048e+05 3.602e+02 5.521e+02
s>        ( - -7.086e+04 1 0)
s>        ( - -3.354e+04 1 0))INFO: dtree.c(1315): Comp split 8
INFO: dtree.c(1439): stop. leaf nodes are specific
INFO: dtree.c(1478): Final simple tree
|( QUESTION6 -1 -2.056e+05 6.516e+02 9.738e+02
|    ( - -1.086e+05 1 0)
|    ( QUESTION2 1 -9.636e+04 3.616e+02 4.624e+02
|        ( - -7.479e+04 1 0)
|        ( - -2.121e+04 1 0)))
s>    ( QUESTION6 -1 -2.056e+05 6.516e+02 9.738e+02
s>        ( - -1.086e+05 1 0)
s>        ( QUESTION2 1 -9.636e+04 3.616e+02 4.624e+02
s>            ( - -7.479e+04 1 0)
s>            ( - -2.121e+04 1 0)))INFO: dtree.c(1439): stop. leaf nodes are specific
INFO: dtree.c(1478): Final simple tree
|( QUESTION2 1 -8.024e+04 5.948e+02 3.909e+02
|    ( - -2.253e+04 1 0)
|    ( QUESTION0_0_R 1 -5.711e+04 3.448e+02 2.769e+02
|        ( - -1.885e+04 1 0)
|        ( QUESTION0_16_R 1 -3.791e+04 2.504e+02 1.860e+02
|            ( - -2.182e+04 1 0)
|            ( - -1.584e+04 1 0))))
s>    ( QUESTION2 1 -8.024e+04 5.948e+02 3.909e+02
s>        ( - -2.253e+04 1 0)
s>        ( QUESTION0_0_R 1 -5.711e+04 3.448e+02 2.769e+02
s>            ( - -1.885e+04 1 0)
s>            ( QUESTION0_16_R 1 -3.791e+04 2.504e+02 1.860e+02
s>                ( - -2.182e+04 1 0)
s>                ( - -1.584e+04 1 0))))INFO: dtree.c(1315): Comp split 9
INFO: dtree.c(1439): stop. leaf nodes are specific
INFO: dtree.c(1478): Final simple tree
|( QUESTION0 -1 -1.516e+05 3.883e+02 7.663e+02
|    ( - -1.207e+05 2 0)
|    ( - -3.048e+04 1 0))
s>    ( QUESTION0 -1 -1.516e+05 3.883e+02 7.663e+02
s>        ( - -1.207e+05 2 0)
s>        ( - -3.048e+04 1 0))INFO: dtree.c(1315): Comp split 10
INFO: dtree.c(1315): Comp split 11
INFO: dtree.c(1439): stop. leaf nodes are specific
INFO: dtree.c(1478): Final simple tree
|( QUESTION0_0_R 1 -5.415e+04 2.844e+02 2.656e+02
|    ( - -9.816e+03 1 0)
|    ( - -4.405e+04 1 0))
s>    ( QUESTION0_0_R 1 -5.415e+04 2.844e+02 2.656e+02
s>        ( - -9.816e+03 1 0)
s>        ( - -4.405e+04 1 0))INFO: dtree.c(1439): stop. leaf nodes are specific
INFO: dtree.c(1478): Final simple tree
|( QUESTION0 -1 -7.683e+04 4.316e+02 3.931e+02
|    ( - -6.658e+04 1 0)
|    ( - -9.819e+03 1 0))
s>    ( QUESTION0 -1 -7.683e+04 4.316e+02 3.931e+02
s>        ( - -6.658e+04 1 0)
s>        ( - -9.819e+03 1 0))INFO: dtree.c(1315): Comp split 12
INFO: dtree.c(1439): stop. leaf nodes are specific
INFO: dtree.c(1478): Final simple tree
|( QUESTION2 1 -9.636e+04 3.616e+02 4.624e+02
|    ( - -7.479e+04 1 0)
|    ( - -2.121e+04 1 0))
s>    ( QUESTION2 1 -9.636e+04 3.616e+02 4.624e+02
s>        ( - -7.479e+04 1 0)
s>        ( - -2.121e+04 1 0))INFO: dtree.c(1315): Comp split 13
INFO: dtree.c(1439): stop. leaf nodes are specific
INFO: dtree.c(1478): Final simple tree
|( QUESTION0_0_R 1 -5.711e+04 3.448e+02 2.769e+02
|    ( - -1.885e+04 1 0)
|    ( QUESTION0_16_R 1 -3.791e+04 2.504e+02 1.860e+02
|        ( - -2.182e+04 1 0)
|        ( - -1.584e+04 1 0)))
s>    ( QUESTION0_0_R 1 -5.711e+04 3.448e+02 2.769e+02
s>        ( - -1.885e+04 1 0)
s>        ( QUESTION0_16_R 1 -3.791e+04 2.504e+02 1.860e+02
s>            ( - -2.182e+04 1 0)
s>            ( - -1.584e+04 1 0)))INFO: dtree.c(1315): Comp split 14
INFO: dtree.c(1315): Comp split 15
INFO: dtree.c(1315): Comp split 16
INFO: dtree.c(1315): Comp split 17
INFO: dtree.c(1315): Comp split 18
INFO: dtree.c(1315): Comp split 19
INFO: dtree.c(1315): Comp split 20
INFO: dtree.c(1439): stop. leaf nodes are specific
INFO: dtree.c(1478): Final simple tree
|( QUESTION0_16_R 1 -3.791e+04 2.504e+02 1.860e+02
|    ( - -2.182e+04 1 0)
|    ( - -1.584e+04 1 0))
s>    ( QUESTION0_16_R 1 -3.791e+04 2.504e+02 1.860e+02
s>        ( - -2.182e+04 1 0)
s>        ( - -1.584e+04 1 0))INFO: dtree.c(1315): Comp split 21
INFO: dtree.c(1315): Comp split 22
INFO: dtree.c(1315): Comp split 23
INFO: dtree.c(1315): Comp split 24
INFO: dtree.c(1318): stop. leaf nodes are specific
Tue Jun  9 01:50:02 2020
