Current configuration:
[NAME]		[DEFLT]	[VALUE]
-allphones	no	no
-cntthresh	0.00001	1.000000e-05
-csplitmax	100	2000
-csplitmin	1	1
-csplitthr	8e-4	0.000000e+00
-example	no	no
-fullvar	no	no
-help		no	no
-meanfn			/home/nattapong/Downloads/acoustic_model/model_parameters/acoustic_model.cd_cont_untied/means
-mixwfn			/home/nattapong/Downloads/acoustic_model/model_parameters/acoustic_model.cd_cont_untied/mixture_weights
-moddeffn		/home/nattapong/Downloads/acoustic_model/model_architecture/acoustic_model.untied.mdef
-mwfloor	1e-4	1.000000e-08
-phone			W
-psetfn			/home/nattapong/Downloads/acoustic_model/model_architecture/acoustic_model.tree_questions
-ssplitmax	5	7
-ssplitmin	1	1
-ssplitthr	8e-4	0.000000e+00
-state			0
-stwt			1.0,0.05,0.0,
-treefn			/home/nattapong/Downloads/acoustic_model/trees/acoustic_model.unpruned/W-0.dtree
-ts2cbfn	.semi.	.cont.
-varfloor	0.00001	1.000000e-05
-varfn			/home/nattapong/Downloads/acoustic_model/model_parameters/acoustic_model.cd_cont_untied/variances

INFO: main.c(223): Reading: /home/nattapong/Downloads/acoustic_model/model_architecture/acoustic_model.untied.mdef
INFO: model_def_io.c(573): Model definition info:
INFO: model_def_io.c(574): 416 total models defined (36 base, 380 tri)
INFO: model_def_io.c(575): 1664 total states
INFO: model_def_io.c(576): 1248 total tied states
INFO: model_def_io.c(577): 108 total tied CI states
INFO: model_def_io.c(578): 36 total tied transition matrices
INFO: model_def_io.c(579): 4 max state/model
INFO: model_def_io.c(580): 4 min state/model
INFO: main.c(242): Building trees for [W A A i] through [W W AA i]
INFO: main.c(268): Covering states |[1197 1235]| == 39
INFO: main.c(275): Reading: /home/nattapong/Downloads/acoustic_model/model_parameters/acoustic_model.cd_cont_untied/mixture_weights
INFO: s3mixw_io.c(172): Read /home/nattapong/Downloads/acoustic_model/model_parameters/acoustic_model.cd_cont_untied/mixture_weights [39x1x1 array]
INFO: main.c(311): 13 of 13 models have observation count greater than 0.000010
INFO: main.c(95): nrm stwt: 0.952 0.048 0.000 
INFO: s3gau_io.c(168): Read /home/nattapong/Downloads/acoustic_model/model_parameters/acoustic_model.cd_cont_untied/means [1248x1x1 array]
INFO: s3gau_io.c(168): Read /home/nattapong/Downloads/acoustic_model/model_parameters/acoustic_model.cd_cont_untied/variances [1248x1x1 array]
INFO: main.c(549): Reading: /home/nattapong/Downloads/acoustic_model/model_architecture/acoustic_model.tree_questions
INFO: main.c(587): 178 total simple questions (170 phone; 8 word bndry)
INFO: main.c(589): 42 Left Only questions, and 40 Right Only questions
INFO: dtree.c(1478): Final simple tree
|( QUESTION14 1 -1.404e+06 6.528e+03 7.644e+03
|    ( - -2.845e+04 1 0)
|    ( WDBNDRY_E 0 -1.369e+06 4.485e+03 7.494e+03
|        ( - -1.642e+05 1 0)
|        ( WDBNDRY_B 0 -1.200e+06 3.131e+03 6.596e+03
|            ( QUESTION0_0_R 1 -4.651e+05 1.855e+03 2.586e+03
|                ( QUESTION0_3_R 1 -3.687e+05 1.085e+03 2.056e+03
|                    ( - -3.371e+05 1 0)
|                    ( - -3.058e+04 1 0))
|                ( - -9.457e+04 1 0))
|            ( QUESTION3 -1 -7.318e+05 2.182e+03 4.010e+03
|                ( - -2.651e+05 3 0 QUESTION0_9_R 1 1.024e+03 1.454e+03)
|                ( QUESTION2_7_L -1 -4.645e+05 1.344e+03 2.557e+03
|                    ( - -8.656e+04 2 0 QUESTION0_0_R 1 7.179e+02 4.688e+02)
|                    ( - -3.766e+05 3 0 QUESTION0_3_R 1 5.081e+02 2.088e+03))))))
s>    ( QUESTION14 1 -1.404e+06 6.528e+03 7.644e+03
s>        ( - -2.845e+04 1 0)
s>        ( WDBNDRY_E 0 -1.369e+06 4.485e+03 7.494e+03
s>            ( - -1.642e+05 1 0)
s>            ( WDBNDRY_B 0 -1.200e+06 3.131e+03 6.596e+03
s>                ( QUESTION0_0_R 1 -4.651e+05 1.855e+03 2.586e+03
s>                    ( QUESTION0_3_R 1 -3.687e+05 1.085e+03 2.056e+03
s>                        ( - -3.371e+05 1 0)
s>                        ( - -3.058e+04 1 0))
s>                    ( - -9.457e+04 1 0))
s>                ( QUESTION3 -1 -7.318e+05 2.182e+03 4.010e+03
s>                    ( - -2.651e+05 3 0 QUESTION0_9_R 1 1.024e+03 1.454e+03)
s>                    ( QUESTION2_7_L -1 -4.645e+05 1.344e+03 2.557e+03
s>                        ( - -8.656e+04 2 0 QUESTION0_0_R 1 7.179e+02 4.688e+02)
s>                        ( - -3.766e+05 3 0 QUESTION0_3_R 1 5.081e+02 2.088e+03))))))INFO: dtree.c(1315): Comp split 0
INFO: dtree.c(1478): Final simple tree
|( WDBNDRY_B 0 -1.200e+06 3.131e+03 6.596e+03
|    ( QUESTION0_0_R 1 -4.651e+05 1.855e+03 2.586e+03
|        ( QUESTION0_3_R 1 -3.687e+05 1.085e+03 2.056e+03
|            ( - -3.371e+05 1 0)
|            ( - -3.058e+04 1 0))
|        ( - -9.457e+04 1 0))
|    ( QUESTION3 -1 -7.318e+05 2.182e+03 4.010e+03
|        ( QUESTION0_9_R 1 -2.651e+05 1.024e+03 1.454e+03
|            ( - -1.250e+05 1 0)
|            ( QUESTION0_0_R 1 -1.390e+05 7.482e+02 7.662e+02
|                ( - -1.219e+05 1 0)
|                ( - -1.638e+04 1 0)))
|        ( QUESTION2_7_L -1 -4.645e+05 1.344e+03 2.557e+03
|            ( - -8.656e+04 2 0 QUESTION0_0_R 1 7.179e+02 4.688e+02)
|            ( - -3.766e+05 3 0 QUESTION0_3_R 1 5.081e+02 2.088e+03))))
s>    ( WDBNDRY_B 0 -1.200e+06 3.131e+03 6.596e+03
s>        ( QUESTION0_0_R 1 -4.651e+05 1.855e+03 2.586e+03
s>            ( QUESTION0_3_R 1 -3.687e+05 1.085e+03 2.056e+03
s>                ( - -3.371e+05 1 0)
s>                ( - -3.058e+04 1 0))
s>            ( - -9.457e+04 1 0))
s>        ( QUESTION3 -1 -7.318e+05 2.182e+03 4.010e+03
s>            ( QUESTION0_9_R 1 -2.651e+05 1.024e+03 1.454e+03
s>                ( - -1.250e+05 1 0)
s>                ( QUESTION0_0_R 1 -1.390e+05 7.482e+02 7.662e+02
s>                    ( - -1.219e+05 1 0)
s>                    ( - -1.638e+04 1 0)))
s>            ( QUESTION2_7_L -1 -4.645e+05 1.344e+03 2.557e+03
s>                ( - -8.656e+04 2 0 QUESTION0_0_R 1 7.179e+02 4.688e+02)
s>                ( - -3.766e+05 3 0 QUESTION0_3_R 1 5.081e+02 2.088e+03))))INFO: dtree.c(1439): stop. leaf nodes are specific
INFO: dtree.c(1478): Final simple tree
|( WDBNDRY_E 0 -1.965e+05 3.832e+03 1.049e+03
|    ( - -1.642e+05 1 0)
|    ( - -2.845e+04 1 0))
s>    ( WDBNDRY_E 0 -1.965e+05 3.832e+03 1.049e+03
s>        ( - -1.642e+05 1 0)
s>        ( - -2.845e+04 1 0))INFO: dtree.c(1315): Comp split 1
INFO: dtree.c(1315): Comp split 2
INFO: dtree.c(1478): Final simple tree
|( QUESTION0_9_R 1 -8.595e+05 2.388e+03 4.700e+03
|    ( WDBNDRY_B 0 -2.504e+05 8.053e+02 1.381e+03
|        ( - -9.457e+04 1 0)
|        ( QUESTION3 -1 -1.550e+05 5.456e+02 8.508e+02
|            ( - -1.250e+05 1 0)
|            ( - -2.943e+04 1 0)))
|    ( QUESTION3 -1 -6.067e+05 1.601e+03 3.320e+03
|        ( QUESTION0_0_R 1 -1.390e+05 7.482e+02 7.662e+02
|            ( - -1.219e+05 1 0)
|            ( - -1.638e+04 1 0))
|        ( QUESTION2_7_L -1 -4.661e+05 1.341e+03 2.554e+03
|            ( - -5.641e+04 1 0)
|            ( WDBNDRY_B 0 -4.084e+05 1.169e+03 2.248e+03
|                ( - -3.058e+04 1 0)
|                ( - -3.766e+05 3 0 QUESTION0_3_R 1 5.081e+02 2.088e+03)))))
s>    ( QUESTION0_9_R 1 -8.595e+05 2.388e+03 4.700e+03
s>        ( WDBNDRY_B 0 -2.504e+05 8.053e+02 1.381e+03
s>            ( - -9.457e+04 1 0)
s>            ( QUESTION3 -1 -1.550e+05 5.456e+02 8.508e+02
s>                ( - -1.250e+05 1 0)
s>                ( - -2.943e+04 1 0)))
s>        ( QUESTION3 -1 -6.067e+05 1.601e+03 3.320e+03
s>            ( QUESTION0_0_R 1 -1.390e+05 7.482e+02 7.662e+02
s>                ( - -1.219e+05 1 0)
s>                ( - -1.638e+04 1 0))
s>            ( QUESTION2_7_L -1 -4.661e+05 1.341e+03 2.554e+03
s>                ( - -5.641e+04 1 0)
s>                ( WDBNDRY_B 0 -4.084e+05 1.169e+03 2.248e+03
s>                    ( - -3.058e+04 1 0)
s>                    ( - -3.766e+05 3 0 QUESTION0_3_R 1 5.081e+02 2.088e+03)))))INFO: dtree.c(1315): Comp split 3
INFO: dtree.c(1439): stop. leaf nodes are specific
INFO: dtree.c(1478): Final simple tree
|( QUESTION0_3_R 1 -3.766e+05 5.081e+02 2.088e+03
|    ( - -1.282e+05 1 0)
|    ( QUESTION0 -1 -2.479e+05 4.318e+02 1.368e+03
|        ( - -1.677e+05 1 0)
|        ( - -7.976e+04 1 0)))
s>    ( QUESTION0_3_R 1 -3.766e+05 5.081e+02 2.088e+03
s>        ( - -1.282e+05 1 0)
s>        ( QUESTION0 -1 -2.479e+05 4.318e+02 1.368e+03
s>            ( - -1.677e+05 1 0)
s>            ( - -7.976e+04 1 0)))INFO: dtree.c(1439): stop. leaf nodes are specific
INFO: dtree.c(1478): Final simple tree
|( QUESTION0_9_R 1 -4.802e+05 1.890e+03 2.613e+03
|    ( WDBNDRY_B 0 -2.504e+05 8.053e+02 1.381e+03
|        ( - -9.457e+04 1 0)
|        ( QUESTION3 -1 -1.550e+05 5.456e+02 8.508e+02
|            ( - -1.250e+05 1 0)
|            ( - -2.943e+04 1 0)))
|    ( QUESTION0_3_R 1 -2.280e+05 1.214e+03 1.232e+03
|        ( - -1.219e+05 1 0)
|        ( QUESTION0 -1 -1.048e+05 9.123e+02 5.485e+02
|            ( - -5.641e+04 1 0)
|            ( WDBNDRY_B 0 -4.752e+04 5.674e+02 2.429e+02
|                ( - -3.058e+04 1 0)
|                ( - -1.638e+04 1 0)))))
s>    ( QUESTION0_9_R 1 -4.802e+05 1.890e+03 2.613e+03
s>        ( WDBNDRY_B 0 -2.504e+05 8.053e+02 1.381e+03
s>            ( - -9.457e+04 1 0)
s>            ( QUESTION3 -1 -1.550e+05 5.456e+02 8.508e+02
s>                ( - -1.250e+05 1 0)
s>                ( - -2.943e+04 1 0)))
s>        ( QUESTION0_3_R 1 -2.280e+05 1.214e+03 1.232e+03
s>            ( - -1.219e+05 1 0)
s>            ( QUESTION0 -1 -1.048e+05 9.123e+02 5.485e+02
s>                ( - -5.641e+04 1 0)
s>                ( WDBNDRY_B 0 -4.752e+04 5.674e+02 2.429e+02
s>                    ( - -3.058e+04 1 0)
s>                    ( - -1.638e+04 1 0)))))INFO: dtree.c(1315): Comp split 4
INFO: dtree.c(1439): stop. leaf nodes are specific
INFO: dtree.c(1478): Final simple tree
|( QUESTION0_3_R 1 -2.579e+05 1.164e+03 1.395e+03
|    ( - -1.219e+05 1 0)
|    ( QUESTION0 -1 -1.349e+05 9.528e+02 7.117e+02
|        ( - -5.641e+04 1 0)
|        ( WDBNDRY_B 0 -7.750e+04 7.197e+02 4.061e+02
|            ( - -3.058e+04 1 0)
|            ( QUESTION0_9_R 1 -4.620e+04 3.903e+02 2.457e+02
|                ( - -2.943e+04 1 0)
|                ( - -1.638e+04 1 0)))))
s>    ( QUESTION0_3_R 1 -2.579e+05 1.164e+03 1.395e+03
s>        ( - -1.219e+05 1 0)
s>        ( QUESTION0 -1 -1.349e+05 9.528e+02 7.117e+02
s>            ( - -5.641e+04 1 0)
s>            ( WDBNDRY_B 0 -7.750e+04 7.197e+02 4.061e+02
s>                ( - -3.058e+04 1 0)
s>                ( QUESTION0_9_R 1 -4.620e+04 3.903e+02 2.457e+02
s>                    ( - -2.943e+04 1 0)
s>                    ( - -1.638e+04 1 0)))))INFO: dtree.c(1439): stop. leaf nodes are specific
INFO: dtree.c(1478): Final simple tree
|( WDBNDRY_B 0 -2.204e+05 7.871e+02 1.217e+03
|    ( - -9.457e+04 1 0)
|    ( - -1.250e+05 1 0))
s>    ( WDBNDRY_B 0 -2.204e+05 7.871e+02 1.217e+03
s>        ( - -9.457e+04 1 0)
s>        ( - -1.250e+05 1 0))INFO: dtree.c(1315): Comp split 5
INFO: dtree.c(1439): stop. leaf nodes are specific
INFO: dtree.c(1478): Final simple tree
|( QUESTION0 -1 -1.349e+05 9.528e+02 7.117e+02
|    ( - -5.641e+04 1 0)
|    ( WDBNDRY_B 0 -7.750e+04 7.197e+02 4.061e+02
|        ( - -3.058e+04 1 0)
|        ( QUESTION0_9_R 1 -4.620e+04 3.903e+02 2.457e+02
|            ( - -2.943e+04 1 0)
|            ( - -1.638e+04 1 0))))
s>    ( QUESTION0 -1 -1.349e+05 9.528e+02 7.117e+02
s>        ( - -5.641e+04 1 0)
s>        ( WDBNDRY_B 0 -7.750e+04 7.197e+02 4.061e+02
s>            ( - -3.058e+04 1 0)
s>            ( QUESTION0_9_R 1 -4.620e+04 3.903e+02 2.457e+02
s>                ( - -2.943e+04 1 0)
s>                ( - -1.638e+04 1 0))))INFO: dtree.c(1315): Comp split 6
INFO: dtree.c(1439): stop. leaf nodes are specific
INFO: dtree.c(1478): Final simple tree
|( WDBNDRY_B 0 -7.750e+04 7.197e+02 4.061e+02
|    ( - -3.058e+04 1 0)
|    ( QUESTION0_9_R 1 -4.620e+04 3.903e+02 2.457e+02
|        ( - -2.943e+04 1 0)
|        ( - -1.638e+04 1 0)))
s>    ( WDBNDRY_B 0 -7.750e+04 7.197e+02 4.061e+02
s>        ( - -3.058e+04 1 0)
s>        ( QUESTION0_9_R 1 -4.620e+04 3.903e+02 2.457e+02
s>            ( - -2.943e+04 1 0)
s>            ( - -1.638e+04 1 0)))INFO: dtree.c(1315): Comp split 7
INFO: dtree.c(1315): Comp split 8
INFO: dtree.c(1439): stop. leaf nodes are specific
INFO: dtree.c(1478): Final simple tree
|( QUESTION0_9_R 1 -4.620e+04 3.903e+02 2.457e+02
|    ( - -2.943e+04 1 0)
|    ( - -1.638e+04 1 0))
s>    ( QUESTION0_9_R 1 -4.620e+04 3.903e+02 2.457e+02
s>        ( - -2.943e+04 1 0)
s>        ( - -1.638e+04 1 0))INFO: dtree.c(1315): Comp split 9
INFO: dtree.c(1439): stop. leaf nodes are specific
INFO: dtree.c(1478): Final simple tree
|( QUESTION0 -1 -2.479e+05 4.318e+02 1.368e+03
|    ( - -1.677e+05 1 0)
|    ( - -7.976e+04 1 0))
s>    ( QUESTION0 -1 -2.479e+05 4.318e+02 1.368e+03
s>        ( - -1.677e+05 1 0)
s>        ( - -7.976e+04 1 0))INFO: dtree.c(1315): Comp split 10
INFO: dtree.c(1315): Comp split 11
INFO: dtree.c(1315): Comp split 12
INFO: dtree.c(1318): stop. leaf nodes are specific
Tue Jun  9 01:50:03 2020
