Current configuration:
[NAME]		[DEFLT]	[VALUE]
-allphones	no	no
-cntthresh	0.00001	1.000000e-05
-csplitmax	100	2000
-csplitmin	1	1
-csplitthr	8e-4	0.000000e+00
-example	no	no
-fullvar	no	no
-help		no	no
-meanfn			/home/nattapong/Downloads/acoustic_model/model_parameters/acoustic_model.cd_cont_untied/means
-mixwfn			/home/nattapong/Downloads/acoustic_model/model_parameters/acoustic_model.cd_cont_untied/mixture_weights
-moddeffn		/home/nattapong/Downloads/acoustic_model/model_architecture/acoustic_model.untied.mdef
-mwfloor	1e-4	1.000000e-08
-phone			K
-psetfn			/home/nattapong/Downloads/acoustic_model/model_architecture/acoustic_model.tree_questions
-ssplitmax	5	7
-ssplitmin	1	1
-ssplitthr	8e-4	0.000000e+00
-state			0
-stwt			1.0,0.05,0.0,
-treefn			/home/nattapong/Downloads/acoustic_model/trees/acoustic_model.unpruned/K-0.dtree
-ts2cbfn	.semi.	.cont.
-varfloor	0.00001	1.000000e-05
-varfn			/home/nattapong/Downloads/acoustic_model/model_parameters/acoustic_model.cd_cont_untied/variances

INFO: main.c(223): Reading: /home/nattapong/Downloads/acoustic_model/model_architecture/acoustic_model.untied.mdef
INFO: model_def_io.c(573): Model definition info:
INFO: model_def_io.c(574): 416 total models defined (36 base, 380 tri)
INFO: model_def_io.c(575): 1664 total states
INFO: model_def_io.c(576): 1248 total tied states
INFO: model_def_io.c(577): 108 total tied CI states
INFO: model_def_io.c(578): 36 total tied transition matrices
INFO: model_def_io.c(579): 4 max state/model
INFO: model_def_io.c(580): 4 min state/model
INFO: main.c(242): Building trees for [K A A i] through [K UH T i]
INFO: main.c(268): Covering states |[597 677]| == 81
INFO: main.c(275): Reading: /home/nattapong/Downloads/acoustic_model/model_parameters/acoustic_model.cd_cont_untied/mixture_weights
INFO: s3mixw_io.c(172): Read /home/nattapong/Downloads/acoustic_model/model_parameters/acoustic_model.cd_cont_untied/mixture_weights [81x1x1 array]
INFO: main.c(311): 27 of 27 models have observation count greater than 0.000010
INFO: main.c(95): nrm stwt: 0.952 0.048 0.000 
INFO: s3gau_io.c(168): Read /home/nattapong/Downloads/acoustic_model/model_parameters/acoustic_model.cd_cont_untied/means [1248x1x1 array]
INFO: s3gau_io.c(168): Read /home/nattapong/Downloads/acoustic_model/model_parameters/acoustic_model.cd_cont_untied/variances [1248x1x1 array]
INFO: main.c(549): Reading: /home/nattapong/Downloads/acoustic_model/model_architecture/acoustic_model.tree_questions
INFO: main.c(587): 178 total simple questions (170 phone; 8 word bndry)
INFO: main.c(589): 42 Left Only questions, and 40 Right Only questions
INFO: dtree.c(1478): Final simple tree
|( WDBNDRY_B 0 -4.619e+06 1.708e+04 2.567e+04
|    ( QUESTION0_9_R 1 -2.412e+06 9.865e+03 1.355e+04
|        ( - -5.499e+05 1 0)
|        ( QUESTION0_6_R 1 -1.853e+06 4.841e+03 1.041e+04
|            ( - -7.873e+05 1 0)
|            ( QUESTION0_1_R 1 -1.060e+06 2.083e+03 5.938e+03
|                ( - -2.069e+05 1 0)
|                ( - -8.515e+05 4 0 QUESTION0_4_R 1 1.498e+03 4.754e+03))))
|    ( QUESTION2_1_L -1 -2.189e+06 9.581e+03 1.211e+04
|        ( QUESTION0_4_R 1 -1.230e+06 2.291e+03 6.842e+03
|            ( - -2.153e+05 2 0)
|            ( - -1.013e+06 9 0 QUESTION0_1_R 1 1.663e+03 5.664e+03))
|        ( QUESTION0_2_R 1 -9.495e+05 3.077e+03 5.272e+03
|            ( - -6.195e+05 5 0 QUESTION0_4_R 1 1.481e+03 3.487e+03)
|            ( - -3.269e+05 4 0 WDBNDRY_E 0 1.102e+03 1.786e+03))))
s>    ( WDBNDRY_B 0 -4.619e+06 1.708e+04 2.567e+04
s>        ( QUESTION0_9_R 1 -2.412e+06 9.865e+03 1.355e+04
s>            ( - -5.499e+05 1 0)
s>            ( QUESTION0_6_R 1 -1.853e+06 4.841e+03 1.041e+04
s>                ( - -7.873e+05 1 0)
s>                ( QUESTION0_1_R 1 -1.060e+06 2.083e+03 5.938e+03
s>                    ( - -2.069e+05 1 0)
s>                    ( - -8.515e+05 4 0 QUESTION0_4_R 1 1.498e+03 4.754e+03))))
s>        ( QUESTION2_1_L -1 -2.189e+06 9.581e+03 1.211e+04
s>            ( QUESTION0_4_R 1 -1.230e+06 2.291e+03 6.842e+03
s>                ( - -2.153e+05 2 0)
s>                ( - -1.013e+06 9 0 QUESTION0_1_R 1 1.663e+03 5.664e+03))
s>            ( QUESTION0_2_R 1 -9.495e+05 3.077e+03 5.272e+03
s>                ( - -6.195e+05 5 0 QUESTION0_4_R 1 1.481e+03 3.487e+03)
s>                ( - -3.269e+05 4 0 WDBNDRY_E 0 1.102e+03 1.786e+03))))INFO: dtree.c(1315): Comp split 0
INFO: dtree.c(1478): Final simple tree
|( QUESTION2_1_L -1 -2.189e+06 9.581e+03 1.211e+04
|    ( QUESTION0_4_R 1 -1.230e+06 2.291e+03 6.842e+03
|        ( - -2.153e+05 2 0)
|        ( QUESTION0_1_R 1 -1.013e+06 1.663e+03 5.664e+03
|            ( - -3.526e+05 3 0 QUESTION0 -1 5.327e+02 1.976e+03)
|            ( - -6.583e+05 6 0 QUESTION0_6_R 1 1.043e+03 3.688e+03)))
|    ( QUESTION0_2_R 1 -9.495e+05 3.077e+03 5.272e+03
|        ( QUESTION0_4_R 1 -6.195e+05 1.481e+03 3.487e+03
|            ( - -6.055e+04 1 0)
|            ( QUESTION2 1 -5.575e+05 1.075e+03 3.167e+03
|                ( - -1.269e+05 1 0)
|                ( - -4.295e+05 3 0 QUESTION0_3_R 1 7.897e+02 2.456e+03)))
|        ( WDBNDRY_E 0 -3.269e+05 1.102e+03 1.786e+03
|            ( - -2.577e+05 1 0)
|            ( - -6.813e+04 3 0 QUESTION0_0_R 1 7.710e+02 3.592e+02))))
s>    ( QUESTION2_1_L -1 -2.189e+06 9.581e+03 1.211e+04
s>        ( QUESTION0_4_R 1 -1.230e+06 2.291e+03 6.842e+03
s>            ( - -2.153e+05 2 0)
s>            ( QUESTION0_1_R 1 -1.013e+06 1.663e+03 5.664e+03
s>                ( - -3.526e+05 3 0 QUESTION0 -1 5.327e+02 1.976e+03)
s>                ( - -6.583e+05 6 0 QUESTION0_6_R 1 1.043e+03 3.688e+03)))
s>        ( QUESTION0_2_R 1 -9.495e+05 3.077e+03 5.272e+03
s>            ( QUESTION0_4_R 1 -6.195e+05 1.481e+03 3.487e+03
s>                ( - -6.055e+04 1 0)
s>                ( QUESTION2 1 -5.575e+05 1.075e+03 3.167e+03
s>                    ( - -1.269e+05 1 0)
s>                    ( - -4.295e+05 3 0 QUESTION0_3_R 1 7.897e+02 2.456e+03)))
s>            ( WDBNDRY_E 0 -3.269e+05 1.102e+03 1.786e+03
s>                ( - -2.577e+05 1 0)
s>                ( - -6.813e+04 3 0 QUESTION0_0_R 1 7.710e+02 3.592e+02))))INFO: dtree.c(1439): stop. leaf nodes are specific
INFO: dtree.c(1478): Final simple tree
|( QUESTION0_9_R 1 -2.412e+06 9.865e+03 1.355e+04
|    ( - -5.499e+05 1 0)
|    ( QUESTION0_6_R 1 -1.853e+06 4.841e+03 1.041e+04
|        ( - -7.873e+05 1 0)
|        ( QUESTION0_1_R 1 -1.060e+06 2.083e+03 5.938e+03
|            ( - -2.069e+05 1 0)
|            ( QUESTION0_4_R 1 -8.515e+05 1.498e+03 4.754e+03
|                ( QUESTION0 1 -3.044e+05 7.578e+02 1.661e+03
|                    ( - -1.835e+04 1 0)
|                    ( - -2.853e+05 1 0))
|                ( QUESTION0_0_R 1 -5.456e+05 1.108e+03 3.093e+03
|                    ( - -1.937e+05 1 0)
|                    ( - -3.508e+05 1 0))))))
s>    ( QUESTION0_9_R 1 -2.412e+06 9.865e+03 1.355e+04
s>        ( - -5.499e+05 1 0)
s>        ( QUESTION0_6_R 1 -1.853e+06 4.841e+03 1.041e+04
s>            ( - -7.873e+05 1 0)
s>            ( QUESTION0_1_R 1 -1.060e+06 2.083e+03 5.938e+03
s>                ( - -2.069e+05 1 0)
s>                ( QUESTION0_4_R 1 -8.515e+05 1.498e+03 4.754e+03
s>                    ( QUESTION0 1 -3.044e+05 7.578e+02 1.661e+03
s>                        ( - -1.835e+04 1 0)
s>                        ( - -2.853e+05 1 0))
s>                    ( QUESTION0_0_R 1 -5.456e+05 1.108e+03 3.093e+03
s>                        ( - -1.937e+05 1 0)
s>                        ( - -3.508e+05 1 0))))))INFO: dtree.c(1315): Comp split 1
INFO: dtree.c(1439): stop. leaf nodes are specific
INFO: dtree.c(1478): Final simple tree
|( QUESTION0_6_R 1 -1.853e+06 4.841e+03 1.041e+04
|    ( - -7.873e+05 1 0)
|    ( QUESTION0_1_R 1 -1.060e+06 2.083e+03 5.938e+03
|        ( - -2.069e+05 1 0)
|        ( QUESTION0_4_R 1 -8.515e+05 1.498e+03 4.754e+03
|            ( QUESTION0 1 -3.044e+05 7.578e+02 1.661e+03
|                ( - -1.835e+04 1 0)
|                ( - -2.853e+05 1 0))
|            ( QUESTION0_0_R 1 -5.456e+05 1.108e+03 3.093e+03
|                ( - -1.937e+05 1 0)
|                ( - -3.508e+05 1 0)))))
s>    ( QUESTION0_6_R 1 -1.853e+06 4.841e+03 1.041e+04
s>        ( - -7.873e+05 1 0)
s>        ( QUESTION0_1_R 1 -1.060e+06 2.083e+03 5.938e+03
s>            ( - -2.069e+05 1 0)
s>            ( QUESTION0_4_R 1 -8.515e+05 1.498e+03 4.754e+03
s>                ( QUESTION0 1 -3.044e+05 7.578e+02 1.661e+03
s>                    ( - -1.835e+04 1 0)
s>                    ( - -2.853e+05 1 0))
s>                ( QUESTION0_0_R 1 -5.456e+05 1.108e+03 3.093e+03
s>                    ( - -1.937e+05 1 0)
s>                    ( - -3.508e+05 1 0)))))INFO: dtree.c(1315): Comp split 2
INFO: dtree.c(1478): Final simple tree
|( QUESTION0_2_R 1 -9.495e+05 3.077e+03 5.272e+03
|    ( QUESTION0_4_R 1 -6.195e+05 1.481e+03 3.487e+03
|        ( - -6.055e+04 1 0)
|        ( QUESTION2 1 -5.575e+05 1.075e+03 3.167e+03
|            ( - -1.269e+05 1 0)
|            ( QUESTION0_3_R 1 -4.295e+05 7.897e+02 2.456e+03
|                ( - -1.935e+05 2 0 QUESTION2 -1 2.990e+02 1.103e+03)
|                ( - -2.352e+05 1 0))))
|    ( WDBNDRY_E 0 -3.269e+05 1.102e+03 1.786e+03
|        ( - -2.577e+05 1 0)
|        ( QUESTION0_0_R 1 -6.813e+04 7.710e+02 3.592e+02
|            ( - -1.637e+04 1 0)
|            ( QUESTION2 -1 -5.099e+04 5.119e+02 2.775e+02
|                ( - -2.341e+04 1 0)
|                ( - -2.706e+04 1 0)))))
s>    ( QUESTION0_2_R 1 -9.495e+05 3.077e+03 5.272e+03
s>        ( QUESTION0_4_R 1 -6.195e+05 1.481e+03 3.487e+03
s>            ( - -6.055e+04 1 0)
s>            ( QUESTION2 1 -5.575e+05 1.075e+03 3.167e+03
s>                ( - -1.269e+05 1 0)
s>                ( QUESTION0_3_R 1 -4.295e+05 7.897e+02 2.456e+03
s>                    ( - -1.935e+05 2 0 QUESTION2 -1 2.990e+02 1.103e+03)
s>                    ( - -2.352e+05 1 0))))
s>        ( WDBNDRY_E 0 -3.269e+05 1.102e+03 1.786e+03
s>            ( - -2.577e+05 1 0)
s>            ( QUESTION0_0_R 1 -6.813e+04 7.710e+02 3.592e+02
s>                ( - -1.637e+04 1 0)
s>                ( QUESTION2 -1 -5.099e+04 5.119e+02 2.775e+02
s>                    ( - -2.341e+04 1 0)
s>                    ( - -2.706e+04 1 0)))))INFO: dtree.c(1478): Final simple tree
|( QUESTION0_4_R 1 -1.230e+06 2.291e+03 6.842e+03
|    ( - -2.153e+05 2 0)
|    ( QUESTION0_1_R 1 -1.013e+06 1.663e+03 5.664e+03
|        ( QUESTION0 -1 -3.526e+05 5.327e+02 1.976e+03
|            ( - -2.813e+05 2 0)
|            ( - -7.080e+04 1 0))
|        ( QUESTION0_6_R 1 -6.583e+05 1.043e+03 3.688e+03
|            ( - -3.717e+05 2 0)
|            ( QUESTION0_16_R 1 -2.856e+05 5.789e+02 1.627e+03
|                ( QUESTION15 1 -1.720e+05 2.661e+02 9.788e+02
|                    ( - -1.025e+05 1 0)
|                    ( - -6.918e+04 1 0))
|                ( QUESTION0_0_R 1 -1.130e+05 1.976e+02 6.485e+02
|                    ( - -4.914e+04 1 0)
|                    ( - -6.369e+04 1 0))))))
s>    ( QUESTION0_4_R 1 -1.230e+06 2.291e+03 6.842e+03
s>        ( - -2.153e+05 2 0)
s>        ( QUESTION0_1_R 1 -1.013e+06 1.663e+03 5.664e+03
s>            ( QUESTION0 -1 -3.526e+05 5.327e+02 1.976e+03
s>                ( - -2.813e+05 2 0)
s>                ( - -7.080e+04 1 0))
s>            ( QUESTION0_6_R 1 -6.583e+05 1.043e+03 3.688e+03
s>                ( - -3.717e+05 2 0)
s>                ( QUESTION0_16_R 1 -2.856e+05 5.789e+02 1.627e+03
s>                    ( QUESTION15 1 -1.720e+05 2.661e+02 9.788e+02
s>                        ( - -1.025e+05 1 0)
s>                        ( - -6.918e+04 1 0))
s>                    ( QUESTION0_0_R 1 -1.130e+05 1.976e+02 6.485e+02
s>                        ( - -4.914e+04 1 0)
s>                        ( - -6.369e+04 1 0))))))INFO: dtree.c(1315): Comp split 3
INFO: dtree.c(1439): stop. leaf nodes are specific
INFO: dtree.c(1478): Final simple tree
|( QUESTION0_3_R 1 -8.065e+05 8.208e+02 4.574e+03
|    ( - -1.835e+04 1 0)
|    ( - -7.873e+05 1 0))
s>    ( QUESTION0_3_R 1 -8.065e+05 8.208e+02 4.574e+03
s>        ( - -1.835e+04 1 0)
s>        ( - -7.873e+05 1 0))INFO: dtree.c(1439): stop. leaf nodes are specific
INFO: dtree.c(1478): Final simple tree
|( QUESTION0_1_R 1 -1.041e+06 2.010e+03 5.837e+03
|    ( - -2.069e+05 1 0)
|    ( QUESTION0_4_R 1 -8.323e+05 1.369e+03 4.652e+03
|        ( - -2.853e+05 1 0)
|        ( QUESTION0_0_R 1 -5.456e+05 1.108e+03 3.093e+03
|            ( - -1.937e+05 1 0)
|            ( - -3.508e+05 1 0))))
s>    ( QUESTION0_1_R 1 -1.041e+06 2.010e+03 5.837e+03
s>        ( - -2.069e+05 1 0)
s>        ( QUESTION0_4_R 1 -8.323e+05 1.369e+03 4.652e+03
s>            ( - -2.853e+05 1 0)
s>            ( QUESTION0_0_R 1 -5.456e+05 1.108e+03 3.093e+03
s>                ( - -1.937e+05 1 0)
s>                ( - -3.508e+05 1 0))))INFO: dtree.c(1315): Comp split 4
INFO: dtree.c(1439): stop. leaf nodes are specific
INFO: dtree.c(1478): Final simple tree
|( QUESTION0_3_R 1 -4.295e+05 7.897e+02 2.456e+03
|    ( QUESTION2 -1 -1.935e+05 2.990e+02 1.103e+03
|        ( - -9.524e+04 1 0)
|        ( - -9.798e+04 1 0))
|    ( - -2.352e+05 1 0))
s>    ( QUESTION0_3_R 1 -4.295e+05 7.897e+02 2.456e+03
s>        ( QUESTION2 -1 -1.935e+05 2.990e+02 1.103e+03
s>            ( - -9.524e+04 1 0)
s>            ( - -9.798e+04 1 0))
s>        ( - -2.352e+05 1 0))INFO: dtree.c(1439): stop. leaf nodes are specific
INFO: dtree.c(1478): Final simple tree
|( QUESTION0_4_R 1 -5.167e+05 1.471e+03 2.816e+03
|    ( - -6.055e+04 1 0)
|    ( QUESTION0_8_R 1 -4.547e+05 1.089e+03 2.496e+03
|        ( QUESTION2 -1 -5.099e+04 5.119e+02 2.775e+02
|            ( - -2.341e+04 1 0)
|            ( - -2.706e+04 1 0))
|        ( QUESTION0_1_R 1 -4.026e+05 1.011e+03 2.219e+03
|            ( - -1.637e+04 1 0)
|            ( WDBNDRY_E 0 -3.852e+05 6.299e+02 2.137e+03
|                ( - -2.577e+05 1 0)
|                ( - -1.269e+05 1 0)))))
s>    ( QUESTION0_4_R 1 -5.167e+05 1.471e+03 2.816e+03
s>        ( - -6.055e+04 1 0)
s>        ( QUESTION0_8_R 1 -4.547e+05 1.089e+03 2.496e+03
s>            ( QUESTION2 -1 -5.099e+04 5.119e+02 2.775e+02
s>                ( - -2.341e+04 1 0)
s>                ( - -2.706e+04 1 0))
s>            ( QUESTION0_1_R 1 -4.026e+05 1.011e+03 2.219e+03
s>                ( - -1.637e+04 1 0)
s>                ( WDBNDRY_E 0 -3.852e+05 6.299e+02 2.137e+03
s>                    ( - -2.577e+05 1 0)
s>                    ( - -1.269e+05 1 0)))))INFO: dtree.c(1315): Comp split 5
INFO: dtree.c(1439): stop. leaf nodes are specific
INFO: dtree.c(1478): Final simple tree
|( QUESTION0_4_R 1 -3.292e+05 8.311e+02 1.827e+03
|    ( - -2.153e+05 2 0)
|    ( QUESTION0_0_R 1 -1.130e+05 1.976e+02 6.485e+02
|        ( - -4.914e+04 1 0)
|        ( - -6.369e+04 1 0)))
s>    ( QUESTION0_4_R 1 -3.292e+05 8.311e+02 1.827e+03
s>        ( - -2.153e+05 2 0)
s>        ( QUESTION0_0_R 1 -1.130e+05 1.976e+02 6.485e+02
s>            ( - -4.914e+04 1 0)
s>            ( - -6.369e+04 1 0)))INFO: dtree.c(1439): stop. leaf nodes are specific
INFO: dtree.c(1478): Final simple tree
|( QUESTION0_1_R 1 -8.987e+05 1.788e+03 5.015e+03
|    ( QUESTION0 -1 -3.526e+05 5.327e+02 1.976e+03
|        ( - -2.813e+05 2 0)
|        ( - -7.080e+04 1 0))
|    ( QUESTION0_0_R 1 -5.443e+05 6.471e+02 3.039e+03
|        ( - -3.717e+05 2 0)
|        ( QUESTION15 1 -1.720e+05 2.661e+02 9.788e+02
|            ( - -1.025e+05 1 0)
|            ( - -6.918e+04 1 0))))
s>    ( QUESTION0_1_R 1 -8.987e+05 1.788e+03 5.015e+03
s>        ( QUESTION0 -1 -3.526e+05 5.327e+02 1.976e+03
s>            ( - -2.813e+05 2 0)
s>            ( - -7.080e+04 1 0))
s>        ( QUESTION0_0_R 1 -5.443e+05 6.471e+02 3.039e+03
s>            ( - -3.717e+05 2 0)
s>            ( QUESTION15 1 -1.720e+05 2.661e+02 9.788e+02
s>                ( - -1.025e+05 1 0)
s>                ( - -6.918e+04 1 0))))INFO: dtree.c(1315): Comp split 6
INFO: dtree.c(1439): stop. leaf nodes are specific
INFO: dtree.c(1478): Final simple tree
|( QUESTION0_4_R 1 -8.323e+05 1.369e+03 4.652e+03
|    ( - -2.853e+05 1 0)
|    ( QUESTION0_0_R 1 -5.456e+05 1.108e+03 3.093e+03
|        ( - -1.937e+05 1 0)
|        ( - -3.508e+05 1 0)))
s>    ( QUESTION0_4_R 1 -8.323e+05 1.369e+03 4.652e+03
s>        ( - -2.853e+05 1 0)
s>        ( QUESTION0_0_R 1 -5.456e+05 1.108e+03 3.093e+03
s>            ( - -1.937e+05 1 0)
s>            ( - -3.508e+05 1 0)))INFO: dtree.c(1315): Comp split 7
INFO: dtree.c(1439): stop. leaf nodes are specific
INFO: dtree.c(1478): Final simple tree
|( QUESTION0_0_R 1 -5.443e+05 6.471e+02 3.039e+03
|    ( - -3.717e+05 2 0)
|    ( QUESTION15 1 -1.720e+05 2.661e+02 9.788e+02
|        ( - -1.025e+05 1 0)
|        ( - -6.918e+04 1 0)))
s>    ( QUESTION0_0_R 1 -5.443e+05 6.471e+02 3.039e+03
s>        ( - -3.717e+05 2 0)
s>        ( QUESTION15 1 -1.720e+05 2.661e+02 9.788e+02
s>            ( - -1.025e+05 1 0)
s>            ( - -6.918e+04 1 0)))INFO: dtree.c(1439): stop. leaf nodes are specific
INFO: dtree.c(1478): Final simple tree
|( QUESTION0 -1 -3.526e+05 5.327e+02 1.976e+03
|    ( - -2.813e+05 2 0)
|    ( - -7.080e+04 1 0))
s>    ( QUESTION0 -1 -3.526e+05 5.327e+02 1.976e+03
s>        ( - -2.813e+05 2 0)
s>        ( - -7.080e+04 1 0))INFO: dtree.c(1315): Comp split 8
INFO: dtree.c(1439): stop. leaf nodes are specific
INFO: dtree.c(1478): Final simple tree
|( QUESTION0_0_R 1 -4.128e+05 6.326e+02 2.286e+03
|    ( - -1.269e+05 1 0)
|    ( WDBNDRY_E 0 -2.853e+05 5.268e+02 1.576e+03
|        ( - -2.577e+05 1 0)
|        ( - -2.706e+04 1 0)))
s>    ( QUESTION0_0_R 1 -4.128e+05 6.326e+02 2.286e+03
s>        ( - -1.269e+05 1 0)
s>        ( WDBNDRY_E 0 -2.853e+05 5.268e+02 1.576e+03
s>            ( - -2.577e+05 1 0)
s>            ( - -2.706e+04 1 0)))INFO: dtree.c(1439): stop. leaf nodes are specific
INFO: dtree.c(1478): Final simple tree
|( QUESTION0_2_R 1 -1.023e+05 1.200e+03 5.299e+02
|    ( - -6.055e+04 1 0)
|    ( QUESTION0_0_R 1 -4.050e+04 7.228e+02 2.100e+02
|        ( - -1.637e+04 1 0)
|        ( - -2.341e+04 1 0)))
s>    ( QUESTION0_2_R 1 -1.023e+05 1.200e+03 5.299e+02
s>        ( - -6.055e+04 1 0)
s>        ( QUESTION0_0_R 1 -4.050e+04 7.228e+02 2.100e+02
s>            ( - -1.637e+04 1 0)
s>            ( - -2.341e+04 1 0)))INFO: dtree.c(1315): Comp split 9
INFO: dtree.c(1439): stop. leaf nodes are specific
INFO: dtree.c(1478): Final simple tree
|( QUESTION0_0_R 1 -5.456e+05 1.108e+03 3.093e+03
|    ( - -1.937e+05 1 0)
|    ( - -3.508e+05 1 0))
s>    ( QUESTION0_0_R 1 -5.456e+05 1.108e+03 3.093e+03
s>        ( - -1.937e+05 1 0)
s>        ( - -3.508e+05 1 0))INFO: dtree.c(1315): Comp split 10
INFO: dtree.c(1439): stop. leaf nodes are specific
INFO: dtree.c(1478): Final simple tree
|( QUESTION0_0_R 1 -4.050e+04 7.228e+02 2.100e+02
|    ( - -1.637e+04 1 0)
|    ( - -2.341e+04 1 0))
s>    ( QUESTION0_0_R 1 -4.050e+04 7.228e+02 2.100e+02
s>        ( - -1.637e+04 1 0)
s>        ( - -2.341e+04 1 0))INFO: dtree.c(1315): Comp split 11
INFO: dtree.c(1315): Comp split 12
INFO: dtree.c(1439): stop. leaf nodes are specific
INFO: dtree.c(1478): Final simple tree
|( QUESTION0_0_R 1 -1.130e+05 1.976e+02 6.485e+02
|    ( - -4.914e+04 1 0)
|    ( - -6.369e+04 1 0))
s>    ( QUESTION0_0_R 1 -1.130e+05 1.976e+02 6.485e+02
s>        ( - -4.914e+04 1 0)
s>        ( - -6.369e+04 1 0))INFO: dtree.c(1315): Comp split 13
INFO: dtree.c(1315): Comp split 14
INFO: dtree.c(1439): stop. leaf nodes are specific
INFO: dtree.c(1478): Final simple tree
|( QUESTION2 -1 -1.935e+05 2.990e+02 1.103e+03
|    ( - -9.524e+04 1 0)
|    ( - -9.798e+04 1 0))
s>    ( QUESTION2 -1 -1.935e+05 2.990e+02 1.103e+03
s>        ( - -9.524e+04 1 0)
s>        ( - -9.798e+04 1 0))INFO: dtree.c(1315): Comp split 15
INFO: dtree.c(1315): Comp split 16
INFO: dtree.c(1439): stop. leaf nodes are specific
INFO: dtree.c(1478): Final simple tree
|( QUESTION15 1 -1.720e+05 2.661e+02 9.788e+02
|    ( - -1.025e+05 1 0)
|    ( - -6.918e+04 1 0))
s>    ( QUESTION15 1 -1.720e+05 2.661e+02 9.788e+02
s>        ( - -1.025e+05 1 0)
s>        ( - -6.918e+04 1 0))INFO: dtree.c(1315): Comp split 17
INFO: dtree.c(1439): stop. leaf nodes are specific
INFO: dtree.c(1478): Final simple tree
|( WDBNDRY_E 0 -2.853e+05 5.268e+02 1.576e+03
|    ( - -2.577e+05 1 0)
|    ( - -2.706e+04 1 0))
s>    ( WDBNDRY_E 0 -2.853e+05 5.268e+02 1.576e+03
s>        ( - -2.577e+05 1 0)
s>        ( - -2.706e+04 1 0))INFO: dtree.c(1315): Comp split 18
INFO: dtree.c(1315): Comp split 19
INFO: dtree.c(1315): Comp split 20
INFO: dtree.c(1315): Comp split 21
INFO: dtree.c(1315): Comp split 22
INFO: dtree.c(1315): Comp split 23
INFO: dtree.c(1318): stop. leaf nodes are specific
Tue Jun  9 01:50:01 2020
