Current configuration:
[NAME]		[DEFLT]	[VALUE]
-allphones	no	no
-cntthresh	0.00001	1.000000e-05
-csplitmax	100	2000
-csplitmin	1	1
-csplitthr	8e-4	0.000000e+00
-example	no	no
-fullvar	no	no
-help		no	no
-meanfn			/home/nattapong/Downloads/acoustic_model/model_parameters/acoustic_model.cd_cont_untied/means
-mixwfn			/home/nattapong/Downloads/acoustic_model/model_parameters/acoustic_model.cd_cont_untied/mixture_weights
-moddeffn		/home/nattapong/Downloads/acoustic_model/model_architecture/acoustic_model.untied.mdef
-mwfloor	1e-4	1.000000e-08
-phone			D
-psetfn			/home/nattapong/Downloads/acoustic_model/model_architecture/acoustic_model.tree_questions
-ssplitmax	5	7
-ssplitmin	1	1
-ssplitthr	8e-4	0.000000e+00
-state			1
-stwt			1.0,0.05,0.0,
-treefn			/home/nattapong/Downloads/acoustic_model/trees/acoustic_model.unpruned/D-1.dtree
-ts2cbfn	.semi.	.cont.
-varfloor	0.00001	1.000000e-05
-varfn			/home/nattapong/Downloads/acoustic_model/model_parameters/acoustic_model.cd_cont_untied/variances

INFO: main.c(223): Reading: /home/nattapong/Downloads/acoustic_model/model_architecture/acoustic_model.untied.mdef
INFO: model_def_io.c(573): Model definition info:
INFO: model_def_io.c(574): 416 total models defined (36 base, 380 tri)
INFO: model_def_io.c(575): 1664 total states
INFO: model_def_io.c(576): 1248 total tied states
INFO: model_def_io.c(577): 108 total tied CI states
INFO: model_def_io.c(578): 36 total tied transition matrices
INFO: model_def_io.c(579): 4 max state/model
INFO: model_def_io.c(580): 4 min state/model
INFO: main.c(242): Building trees for [D A A i] through [D OW SIL e]
INFO: main.c(268): Covering states |[462 506]| == 45
INFO: main.c(275): Reading: /home/nattapong/Downloads/acoustic_model/model_parameters/acoustic_model.cd_cont_untied/mixture_weights
INFO: s3mixw_io.c(172): Read /home/nattapong/Downloads/acoustic_model/model_parameters/acoustic_model.cd_cont_untied/mixture_weights [45x1x1 array]
INFO: main.c(311): 15 of 15 models have observation count greater than 0.000010
INFO: main.c(95): nrm stwt: 0.045 0.909 0.045 
INFO: s3gau_io.c(168): Read /home/nattapong/Downloads/acoustic_model/model_parameters/acoustic_model.cd_cont_untied/means [1248x1x1 array]
INFO: s3gau_io.c(168): Read /home/nattapong/Downloads/acoustic_model/model_parameters/acoustic_model.cd_cont_untied/variances [1248x1x1 array]
INFO: main.c(549): Reading: /home/nattapong/Downloads/acoustic_model/model_architecture/acoustic_model.tree_questions
INFO: main.c(587): 178 total simple questions (170 phone; 8 word bndry)
INFO: main.c(589): 42 Left Only questions, and 40 Right Only questions
INFO: dtree.c(1478): Final simple tree
|( QUESTION0_9_R 1 -3.664e+05 3.778e+03 1.633e+03
|    ( - -1.082e+05 2 0 QUESTION2_0_L -1 3.708e+02 5.161e+02)
|    ( QUESTION5 -1 -2.545e+05 1.481e+03 1.117e+03
|        ( WDBNDRY_E 0 -9.126e+04 5.669e+02 3.966e+02
|            ( - -6.939e+04 1 0)
|            ( - -2.131e+04 1 0))
|        ( QUESTION0 -1 -1.617e+05 1.289e+03 7.204e+02
|            ( QUESTION0_6_R 1 -1.017e+05 1.384e+03 4.531e+02
|                ( - -1.277e+04 1 0)
|                ( - -8.758e+04 5 0 QUESTION0 1 3.831e+02 3.960e+02))
|            ( QUESTION2 1 -5.871e+04 7.498e+02 2.673e+02
|                ( QUESTION0_4_R 1 -2.267e+04 4.886e+02 9.884e+01
|                    ( - -1.169e+04 1 0)
|                    ( - -1.050e+04 1 0))
|                ( - -3.528e+04 3 0 QUESTION0_15_R 1 3.146e+02 1.685e+02)))))
s>    ( QUESTION0_9_R 1 -3.664e+05 3.778e+03 1.633e+03
s>        ( - -1.082e+05 2 0 QUESTION2_0_L -1 3.708e+02 5.161e+02)
s>        ( QUESTION5 -1 -2.545e+05 1.481e+03 1.117e+03
s>            ( WDBNDRY_E 0 -9.126e+04 5.669e+02 3.966e+02
s>                ( - -6.939e+04 1 0)
s>                ( - -2.131e+04 1 0))
s>            ( QUESTION0 -1 -1.617e+05 1.289e+03 7.204e+02
s>                ( QUESTION0_6_R 1 -1.017e+05 1.384e+03 4.531e+02
s>                    ( - -1.277e+04 1 0)
s>                    ( - -8.758e+04 5 0 QUESTION0 1 3.831e+02 3.960e+02))
s>                ( QUESTION2 1 -5.871e+04 7.498e+02 2.673e+02
s>                    ( QUESTION0_4_R 1 -2.267e+04 4.886e+02 9.884e+01
s>                        ( - -1.169e+04 1 0)
s>                        ( - -1.050e+04 1 0))
s>                    ( - -3.528e+04 3 0 QUESTION0_15_R 1 3.146e+02 1.685e+02)))))INFO: dtree.c(1315): Comp split 0
INFO: dtree.c(1439): stop. leaf nodes are specific
INFO: dtree.c(1478): Final simple tree
|( QUESTION0_3_R 1 -1.322e+05 5.038e+02 6.161e+02
|    ( - -1.050e+04 1 0)
|    ( QUESTION2_0_L -1 -1.212e+05 3.707e+02 5.733e+02
|        ( QUESTION0_0_R 1 -8.005e+04 2.693e+02 3.772e+02
|            ( - -1.277e+04 1 0)
|            ( - -6.701e+04 1 0))
|        ( - -4.080e+04 1 0)))
s>    ( QUESTION0_3_R 1 -1.322e+05 5.038e+02 6.161e+02
s>        ( - -1.050e+04 1 0)
s>        ( QUESTION2_0_L -1 -1.212e+05 3.707e+02 5.733e+02
s>            ( QUESTION0_0_R 1 -8.005e+04 2.693e+02 3.772e+02
s>                ( - -1.277e+04 1 0)
s>                ( - -6.701e+04 1 0))
s>            ( - -4.080e+04 1 0)))INFO: dtree.c(1478): Final simple tree
|( QUESTION3 -1 -2.293e+05 1.596e+03 1.017e+03
|    ( QUESTION0_4_R 1 -4.752e+04 5.490e+02 2.244e+02
|        ( - -1.169e+04 1 0)
|        ( QUESTION0_15_R 1 -3.528e+04 3.146e+02 1.685e+02
|            ( - -1.303e+04 1 0)
|            ( - -2.194e+04 2 0 QUESTION0_0_R 1 2.011e+02 1.034e+02)))
|    ( QUESTION0 -1 -1.802e+05 1.348e+03 7.926e+02
|        ( QUESTION0 1 -8.758e+04 3.831e+02 3.960e+02
|            ( - -3.110e+04 1 0)
|            ( QUESTION0_4_R 1 -5.610e+04 2.841e+02 2.657e+02
|                ( - -8.681e+03 1 0)
|                ( - -4.713e+04 3 0 QUESTION0_17_R 1 2.186e+02 2.277e+02)))
|        ( WDBNDRY_E 0 -9.126e+04 5.669e+02 3.966e+02
|            ( - -6.939e+04 1 0)
|            ( - -2.131e+04 1 0))))
s>    ( QUESTION3 -1 -2.293e+05 1.596e+03 1.017e+03
s>        ( QUESTION0_4_R 1 -4.752e+04 5.490e+02 2.244e+02
s>            ( - -1.169e+04 1 0)
s>            ( QUESTION0_15_R 1 -3.528e+04 3.146e+02 1.685e+02
s>                ( - -1.303e+04 1 0)
s>                ( - -2.194e+04 2 0 QUESTION0_0_R 1 2.011e+02 1.034e+02)))
s>        ( QUESTION0 -1 -1.802e+05 1.348e+03 7.926e+02
s>            ( QUESTION0 1 -8.758e+04 3.831e+02 3.960e+02
s>                ( - -3.110e+04 1 0)
s>                ( QUESTION0_4_R 1 -5.610e+04 2.841e+02 2.657e+02
s>                    ( - -8.681e+03 1 0)
s>                    ( - -4.713e+04 3 0 QUESTION0_17_R 1 2.186e+02 2.277e+02)))
s>            ( WDBNDRY_E 0 -9.126e+04 5.669e+02 3.966e+02
s>                ( - -6.939e+04 1 0)
s>                ( - -2.131e+04 1 0))))INFO: dtree.c(1315): Comp split 1
INFO: dtree.c(1439): stop. leaf nodes are specific
INFO: dtree.c(1478): Final simple tree
|( QUESTION0 -1 -1.802e+05 1.348e+03 7.926e+02
|    ( QUESTION0 1 -8.758e+04 3.831e+02 3.960e+02
|        ( - -3.110e+04 1 0)
|        ( QUESTION0_4_R 1 -5.610e+04 2.841e+02 2.657e+02
|            ( - -8.681e+03 1 0)
|            ( QUESTION0_17_R 1 -4.713e+04 2.186e+02 2.277e+02
|                ( - -2.183e+04 1 0)
|                ( QUESTION0_0_R 1 -2.509e+04 1.575e+02 1.231e+02
|                    ( - -6.215e+03 1 0)
|                    ( - -1.871e+04 1 0)))))
|    ( WDBNDRY_E 0 -9.126e+04 5.669e+02 3.966e+02
|        ( - -6.939e+04 1 0)
|        ( - -2.131e+04 1 0)))
s>    ( QUESTION0 -1 -1.802e+05 1.348e+03 7.926e+02
s>        ( QUESTION0 1 -8.758e+04 3.831e+02 3.960e+02
s>            ( - -3.110e+04 1 0)
s>            ( QUESTION0_4_R 1 -5.610e+04 2.841e+02 2.657e+02
s>                ( - -8.681e+03 1 0)
s>                ( QUESTION0_17_R 1 -4.713e+04 2.186e+02 2.277e+02
s>                    ( - -2.183e+04 1 0)
s>                    ( QUESTION0_0_R 1 -2.509e+04 1.575e+02 1.231e+02
s>                        ( - -6.215e+03 1 0)
s>                        ( - -1.871e+04 1 0)))))
s>        ( WDBNDRY_E 0 -9.126e+04 5.669e+02 3.966e+02
s>            ( - -6.939e+04 1 0)
s>            ( - -2.131e+04 1 0)))INFO: dtree.c(1439): stop. leaf nodes are specific
INFO: dtree.c(1478): Final simple tree
|( QUESTION0_4_R 1 -4.752e+04 5.490e+02 2.244e+02
|    ( - -1.169e+04 1 0)
|    ( QUESTION0_15_R 1 -3.528e+04 3.146e+02 1.685e+02
|        ( - -1.303e+04 1 0)
|        ( QUESTION0_0_R 1 -2.194e+04 2.011e+02 1.034e+02
|            ( - -1.092e+04 1 0)
|            ( - -1.082e+04 1 0))))
s>    ( QUESTION0_4_R 1 -4.752e+04 5.490e+02 2.244e+02
s>        ( - -1.169e+04 1 0)
s>        ( QUESTION0_15_R 1 -3.528e+04 3.146e+02 1.685e+02
s>            ( - -1.303e+04 1 0)
s>            ( QUESTION0_0_R 1 -2.194e+04 2.011e+02 1.034e+02
s>                ( - -1.092e+04 1 0)
s>                ( - -1.082e+04 1 0))))INFO: dtree.c(1315): Comp split 2
INFO: dtree.c(1439): stop. leaf nodes are specific
INFO: dtree.c(1478): Final simple tree
|( QUESTION0 1 -8.758e+04 3.831e+02 3.960e+02
|    ( - -3.110e+04 1 0)
|    ( QUESTION0_4_R 1 -5.610e+04 2.841e+02 2.657e+02
|        ( - -8.681e+03 1 0)
|        ( QUESTION0_17_R 1 -4.713e+04 2.186e+02 2.277e+02
|            ( - -2.183e+04 1 0)
|            ( QUESTION0_0_R 1 -2.509e+04 1.575e+02 1.231e+02
|                ( - -6.215e+03 1 0)
|                ( - -1.871e+04 1 0)))))
s>    ( QUESTION0 1 -8.758e+04 3.831e+02 3.960e+02
s>        ( - -3.110e+04 1 0)
s>        ( QUESTION0_4_R 1 -5.610e+04 2.841e+02 2.657e+02
s>            ( - -8.681e+03 1 0)
s>            ( QUESTION0_17_R 1 -4.713e+04 2.186e+02 2.277e+02
s>                ( - -2.183e+04 1 0)
s>                ( QUESTION0_0_R 1 -2.509e+04 1.575e+02 1.231e+02
s>                    ( - -6.215e+03 1 0)
s>                    ( - -1.871e+04 1 0)))))INFO: dtree.c(1439): stop. leaf nodes are specific
INFO: dtree.c(1478): Final simple tree
|( WDBNDRY_E 0 -9.126e+04 5.669e+02 3.966e+02
|    ( - -6.939e+04 1 0)
|    ( - -2.131e+04 1 0))
s>    ( WDBNDRY_E 0 -9.126e+04 5.669e+02 3.966e+02
s>        ( - -6.939e+04 1 0)
s>        ( - -2.131e+04 1 0))INFO: dtree.c(1315): Comp split 3
INFO: dtree.c(1315): Comp split 4
INFO: dtree.c(1439): stop. leaf nodes are specific
INFO: dtree.c(1478): Final simple tree
|( QUESTION0_15_R 1 -3.528e+04 3.146e+02 1.685e+02
|    ( - -1.303e+04 1 0)
|    ( QUESTION0_0_R 1 -2.194e+04 2.011e+02 1.034e+02
|        ( - -1.092e+04 1 0)
|        ( - -1.082e+04 1 0)))
s>    ( QUESTION0_15_R 1 -3.528e+04 3.146e+02 1.685e+02
s>        ( - -1.303e+04 1 0)
s>        ( QUESTION0_0_R 1 -2.194e+04 2.011e+02 1.034e+02
s>            ( - -1.092e+04 1 0)
s>            ( - -1.082e+04 1 0)))INFO: dtree.c(1315): Comp split 5
INFO: dtree.c(1439): stop. leaf nodes are specific
INFO: dtree.c(1478): Final simple tree
|( QUESTION2_0_L -1 -1.212e+05 3.707e+02 5.733e+02
|    ( QUESTION0_0_R 1 -8.005e+04 2.693e+02 3.772e+02
|        ( - -1.277e+04 1 0)
|        ( - -6.701e+04 1 0))
|    ( - -4.080e+04 1 0))
s>    ( QUESTION2_0_L -1 -1.212e+05 3.707e+02 5.733e+02
s>        ( QUESTION0_0_R 1 -8.005e+04 2.693e+02 3.772e+02
s>            ( - -1.277e+04 1 0)
s>            ( - -6.701e+04 1 0))
s>        ( - -4.080e+04 1 0))INFO: dtree.c(1315): Comp split 6
INFO: dtree.c(1439): stop. leaf nodes are specific
INFO: dtree.c(1478): Final simple tree
|( QUESTION0_4_R 1 -5.610e+04 2.841e+02 2.657e+02
|    ( - -8.681e+03 1 0)
|    ( QUESTION0_17_R 1 -4.713e+04 2.186e+02 2.277e+02
|        ( - -2.183e+04 1 0)
|        ( QUESTION0_0_R 1 -2.509e+04 1.575e+02 1.231e+02
|            ( - -6.215e+03 1 0)
|            ( - -1.871e+04 1 0))))
s>    ( QUESTION0_4_R 1 -5.610e+04 2.841e+02 2.657e+02
s>        ( - -8.681e+03 1 0)
s>        ( QUESTION0_17_R 1 -4.713e+04 2.186e+02 2.277e+02
s>            ( - -2.183e+04 1 0)
s>            ( QUESTION0_0_R 1 -2.509e+04 1.575e+02 1.231e+02
s>                ( - -6.215e+03 1 0)
s>                ( - -1.871e+04 1 0))))INFO: dtree.c(1315): Comp split 7
INFO: dtree.c(1439): stop. leaf nodes are specific
INFO: dtree.c(1478): Final simple tree
|( QUESTION0_0_R 1 -8.005e+04 2.693e+02 3.772e+02
|    ( - -1.277e+04 1 0)
|    ( - -6.701e+04 1 0))
s>    ( QUESTION0_0_R 1 -8.005e+04 2.693e+02 3.772e+02
s>        ( - -1.277e+04 1 0)
s>        ( - -6.701e+04 1 0))INFO: dtree.c(1315): Comp split 8
INFO: dtree.c(1439): stop. leaf nodes are specific
INFO: dtree.c(1478): Final simple tree
|( QUESTION0_0_R 1 -2.194e+04 2.011e+02 1.034e+02
|    ( - -1.092e+04 1 0)
|    ( - -1.082e+04 1 0))
s>    ( QUESTION0_0_R 1 -2.194e+04 2.011e+02 1.034e+02
s>        ( - -1.092e+04 1 0)
s>        ( - -1.082e+04 1 0))INFO: dtree.c(1315): Comp split 9
INFO: dtree.c(1439): stop. leaf nodes are specific
INFO: dtree.c(1478): Final simple tree
|( QUESTION0_17_R 1 -4.713e+04 2.186e+02 2.277e+02
|    ( - -2.183e+04 1 0)
|    ( QUESTION0_0_R 1 -2.509e+04 1.575e+02 1.231e+02
|        ( - -6.215e+03 1 0)
|        ( - -1.871e+04 1 0)))
s>    ( QUESTION0_17_R 1 -4.713e+04 2.186e+02 2.277e+02
s>        ( - -2.183e+04 1 0)
s>        ( QUESTION0_0_R 1 -2.509e+04 1.575e+02 1.231e+02
s>            ( - -6.215e+03 1 0)
s>            ( - -1.871e+04 1 0)))INFO: dtree.c(1315): Comp split 10
INFO: dtree.c(1315): Comp split 11
INFO: dtree.c(1439): stop. leaf nodes are specific
INFO: dtree.c(1478): Final simple tree
|( QUESTION0_0_R 1 -2.509e+04 1.575e+02 1.231e+02
|    ( - -6.215e+03 1 0)
|    ( - -1.871e+04 1 0))
s>    ( QUESTION0_0_R 1 -2.509e+04 1.575e+02 1.231e+02
s>        ( - -6.215e+03 1 0)
s>        ( - -1.871e+04 1 0))INFO: dtree.c(1315): Comp split 12
INFO: dtree.c(1315): Comp split 13
INFO: dtree.c(1315): Comp split 14
INFO: dtree.c(1318): stop. leaf nodes are specific
Tue Jun  9 01:50:00 2020
