Current configuration:
[NAME]		[DEFLT]	[VALUE]
-allphones	no	no
-cntthresh	0.00001	1.000000e-05
-csplitmax	100	2000
-csplitmin	1	1
-csplitthr	8e-4	0.000000e+00
-example	no	no
-fullvar	no	no
-help		no	no
-meanfn			/home/nattapong/Downloads/acoustic_model/model_parameters/acoustic_model.cd_cont_untied/means
-mixwfn			/home/nattapong/Downloads/acoustic_model/model_parameters/acoustic_model.cd_cont_untied/mixture_weights
-moddeffn		/home/nattapong/Downloads/acoustic_model/model_architecture/acoustic_model.untied.mdef
-mwfloor	1e-4	1.000000e-08
-phone			OW
-psetfn			/home/nattapong/Downloads/acoustic_model/model_architecture/acoustic_model.tree_questions
-ssplitmax	5	7
-ssplitmin	1	1
-ssplitthr	8e-4	0.000000e+00
-state			2
-stwt			1.0,0.05,0.0,
-treefn			/home/nattapong/Downloads/acoustic_model/trees/acoustic_model.unpruned/OW-2.dtree
-ts2cbfn	.semi.	.cont.
-varfloor	0.00001	1.000000e-05
-varfn			/home/nattapong/Downloads/acoustic_model/model_parameters/acoustic_model.cd_cont_untied/variances

INFO: main.c(223): Reading: /home/nattapong/Downloads/acoustic_model/model_architecture/acoustic_model.untied.mdef
INFO: model_def_io.c(573): Model definition info:
INFO: model_def_io.c(574): 416 total models defined (36 base, 380 tri)
INFO: model_def_io.c(575): 1664 total states
INFO: model_def_io.c(576): 1248 total tied states
INFO: model_def_io.c(577): 108 total tied CI states
INFO: model_def_io.c(578): 36 total tied transition matrices
INFO: model_def_io.c(579): 4 max state/model
INFO: model_def_io.c(580): 4 min state/model
INFO: main.c(242): Building trees for [OW A N i] through [OW TH M i]
INFO: main.c(268): Covering states |[858 905]| == 48
INFO: main.c(275): Reading: /home/nattapong/Downloads/acoustic_model/model_parameters/acoustic_model.cd_cont_untied/mixture_weights
INFO: s3mixw_io.c(172): Read /home/nattapong/Downloads/acoustic_model/model_parameters/acoustic_model.cd_cont_untied/mixture_weights [48x1x1 array]
INFO: main.c(311): 16 of 16 models have observation count greater than 0.000010
INFO: main.c(95): nrm stwt: 0.000 0.048 0.952 
INFO: s3gau_io.c(168): Read /home/nattapong/Downloads/acoustic_model/model_parameters/acoustic_model.cd_cont_untied/means [1248x1x1 array]
INFO: s3gau_io.c(168): Read /home/nattapong/Downloads/acoustic_model/model_parameters/acoustic_model.cd_cont_untied/variances [1248x1x1 array]
INFO: main.c(549): Reading: /home/nattapong/Downloads/acoustic_model/model_architecture/acoustic_model.tree_questions
INFO: main.c(587): 178 total simple questions (170 phone; 8 word bndry)
INFO: main.c(589): 42 Left Only questions, and 40 Right Only questions
INFO: dtree.c(1478): Final simple tree
|( QUESTION2_18_L -1 -1.697e+06 7.437e+03 9.282e+03
|    ( QUESTION0 1 -6.137e+05 4.530e+03 3.474e+03
|        ( - -1.521e+05 1 0)
|        ( QUESTION15 1 -4.570e+05 3.192e+03 2.579e+03
|            ( - -2.137e+05 2 0 QUESTION0_0_R 1 1.876e+03 1.174e+03)
|            ( - -2.401e+05 2 0 QUESTION2 1 4.438e+02 1.405e+03)))
|    ( QUESTION16 1 -1.075e+06 6.996e+03 5.809e+03
|        ( - -2.128e+05 1 0)
|        ( QUESTION3 1 -8.556e+05 6.470e+03 4.581e+03
|            ( - -1.827e+05 2 0 QUESTION0 -1 6.475e+02 9.690e+02)
|            ( QUESTION2_0_L -1 -6.665e+05 4.572e+03 3.612e+03
|                ( - -1.229e+05 2 0 QUESTION0_0_R 1 2.211e+03 6.237e+02)
|                ( QUESTION0_0_R 1 -5.389e+05 3.109e+03 2.988e+03
|                    ( - -2.696e+05 4 0 QUESTION16 -1 1.115e+03 1.482e+03)
|                    ( - -2.663e+05 2 0 QUESTION2 -1 1.338e+03 1.506e+03))))))
s>    ( QUESTION2_18_L -1 -1.697e+06 7.437e+03 9.282e+03
s>        ( QUESTION0 1 -6.137e+05 4.530e+03 3.474e+03
s>            ( - -1.521e+05 1 0)
s>            ( QUESTION15 1 -4.570e+05 3.192e+03 2.579e+03
s>                ( - -2.137e+05 2 0 QUESTION0_0_R 1 1.876e+03 1.174e+03)
s>                ( - -2.401e+05 2 0 QUESTION2 1 4.438e+02 1.405e+03)))
s>        ( QUESTION16 1 -1.075e+06 6.996e+03 5.809e+03
s>            ( - -2.128e+05 1 0)
s>            ( QUESTION3 1 -8.556e+05 6.470e+03 4.581e+03
s>                ( - -1.827e+05 2 0 QUESTION0 -1 6.475e+02 9.690e+02)
s>                ( QUESTION2_0_L -1 -6.665e+05 4.572e+03 3.612e+03
s>                    ( - -1.229e+05 2 0 QUESTION0_0_R 1 2.211e+03 6.237e+02)
s>                    ( QUESTION0_0_R 1 -5.389e+05 3.109e+03 2.988e+03
s>                        ( - -2.696e+05 4 0 QUESTION16 -1 1.115e+03 1.482e+03)
s>                        ( - -2.663e+05 2 0 QUESTION2 -1 1.338e+03 1.506e+03))))))INFO: dtree.c(1315): Comp split 0
INFO: dtree.c(1478): Final simple tree
|( QUESTION0 1 -8.022e+05 5.328e+03 4.248e+03
|    ( QUESTION16 -1 -2.696e+05 1.115e+03 1.482e+03
|        ( - -7.735e+04 1 0)
|        ( QUESTION2 -1 -1.911e+05 7.016e+02 1.053e+03
|            ( - -1.219e+05 1 0)
|            ( - -6.847e+04 2 0 QUESTION2_15_L -1 4.240e+02 3.771e+02)))
|    ( QUESTION0_16_R 1 -5.273e+05 6.668e+03 2.766e+03
|        ( - -8.609e+04 1 0)
|        ( QUESTION0_0_R 1 -4.346e+05 2.901e+03 2.325e+03
|            ( QUESTION2 1 -3.659e+05 1.956e+03 1.948e+03
|                ( QUESTION0 -1 -1.827e+05 6.475e+02 9.690e+02
|                    ( - -2.409e+04 1 0)
|                    ( - -1.579e+05 1 0))
|                ( - -1.813e+05 2 0 QUESTION0 -1 6.052e+02 9.786e+02))
|            ( - -6.576e+04 1 0))))
s>    ( QUESTION0 1 -8.022e+05 5.328e+03 4.248e+03
s>        ( QUESTION16 -1 -2.696e+05 1.115e+03 1.482e+03
s>            ( - -7.735e+04 1 0)
s>            ( QUESTION2 -1 -1.911e+05 7.016e+02 1.053e+03
s>                ( - -1.219e+05 1 0)
s>                ( - -6.847e+04 2 0 QUESTION2_15_L -1 4.240e+02 3.771e+02)))
s>        ( QUESTION0_16_R 1 -5.273e+05 6.668e+03 2.766e+03
s>            ( - -8.609e+04 1 0)
s>            ( QUESTION0_0_R 1 -4.346e+05 2.901e+03 2.325e+03
s>                ( QUESTION2 1 -3.659e+05 1.956e+03 1.948e+03
s>                    ( QUESTION0 -1 -1.827e+05 6.475e+02 9.690e+02
s>                        ( - -2.409e+04 1 0)
s>                        ( - -1.579e+05 1 0))
s>                    ( - -1.813e+05 2 0 QUESTION0 -1 6.052e+02 9.786e+02))
s>                ( - -6.576e+04 1 0))))INFO: dtree.c(1439): stop. leaf nodes are specific
INFO: dtree.c(1478): Final simple tree
|( QUESTION0_0_R 1 -8.827e+05 4.362e+03 5.034e+03
|    ( QUESTION0 1 -6.121e+05 4.788e+03 3.528e+03
|        ( - -1.521e+05 1 0)
|        ( QUESTION2_0_L -1 -4.552e+05 2.223e+03 2.633e+03
|            ( - -2.128e+05 1 0)
|            ( QUESTION2 1 -2.401e+05 4.438e+02 1.405e+03
|                ( - -1.933e+05 1 0)
|                ( - -4.638e+04 1 0))))
|    ( QUESTION2 -1 -2.663e+05 1.338e+03 1.506e+03
|        ( - -2.310e+05 1 0)
|        ( - -3.395e+04 1 0)))
s>    ( QUESTION0_0_R 1 -8.827e+05 4.362e+03 5.034e+03
s>        ( QUESTION0 1 -6.121e+05 4.788e+03 3.528e+03
s>            ( - -1.521e+05 1 0)
s>            ( QUESTION2_0_L -1 -4.552e+05 2.223e+03 2.633e+03
s>                ( - -2.128e+05 1 0)
s>                ( QUESTION2 1 -2.401e+05 4.438e+02 1.405e+03
s>                    ( - -1.933e+05 1 0)
s>                    ( - -4.638e+04 1 0))))
s>        ( QUESTION2 -1 -2.663e+05 1.338e+03 1.506e+03
s>            ( - -2.310e+05 1 0)
s>            ( - -3.395e+04 1 0)))INFO: dtree.c(1315): Comp split 1
INFO: dtree.c(1439): stop. leaf nodes are specific
INFO: dtree.c(1478): Final simple tree
|( QUESTION2 1 -3.659e+05 1.956e+03 1.948e+03
|    ( QUESTION0 -1 -1.827e+05 6.475e+02 9.690e+02
|        ( - -2.409e+04 1 0)
|        ( - -1.579e+05 1 0))
|    ( QUESTION0 -1 -1.813e+05 6.052e+02 9.786e+02
|        ( - -3.464e+04 1 0)
|        ( - -1.460e+05 1 0)))
s>    ( QUESTION2 1 -3.659e+05 1.956e+03 1.948e+03
s>        ( QUESTION0 -1 -1.827e+05 6.475e+02 9.690e+02
s>            ( - -2.409e+04 1 0)
s>            ( - -1.579e+05 1 0))
s>        ( QUESTION0 -1 -1.813e+05 6.052e+02 9.786e+02
s>            ( - -3.464e+04 1 0)
s>            ( - -1.460e+05 1 0)))INFO: dtree.c(1439): stop. leaf nodes are specific
INFO: dtree.c(1478): Final simple tree
|( QUESTION0_16_R 1 -4.283e+05 4.531e+03 2.300e+03
|    ( - -8.609e+04 1 0)
|    ( QUESTION0_0_R 1 -3.377e+05 2.412e+03 1.859e+03
|        ( QUESTION16 -1 -2.696e+05 1.115e+03 1.482e+03
|            ( - -7.735e+04 1 0)
|            ( QUESTION2 -1 -1.911e+05 7.016e+02 1.053e+03
|                ( - -1.219e+05 1 0)
|                ( QUESTION2_15_L -1 -6.847e+04 4.240e+02 3.771e+02
|                    ( - -4.898e+04 1 0)
|                    ( - -1.907e+04 1 0))))
|        ( - -6.576e+04 1 0)))
s>    ( QUESTION0_16_R 1 -4.283e+05 4.531e+03 2.300e+03
s>        ( - -8.609e+04 1 0)
s>        ( QUESTION0_0_R 1 -3.377e+05 2.412e+03 1.859e+03
s>            ( QUESTION16 -1 -2.696e+05 1.115e+03 1.482e+03
s>                ( - -7.735e+04 1 0)
s>                ( QUESTION2 -1 -1.911e+05 7.016e+02 1.053e+03
s>                    ( - -1.219e+05 1 0)
s>                    ( QUESTION2_15_L -1 -6.847e+04 4.240e+02 3.771e+02
s>                        ( - -4.898e+04 1 0)
s>                        ( - -1.907e+04 1 0))))
s>            ( - -6.576e+04 1 0)))INFO: dtree.c(1315): Comp split 2
INFO: dtree.c(1439): stop. leaf nodes are specific
INFO: dtree.c(1478): Final simple tree
|( QUESTION2_0_L -1 -4.552e+05 2.223e+03 2.633e+03
|    ( - -2.128e+05 1 0)
|    ( QUESTION2 1 -2.401e+05 4.438e+02 1.405e+03
|        ( - -1.933e+05 1 0)
|        ( - -4.638e+04 1 0)))
s>    ( QUESTION2_0_L -1 -4.552e+05 2.223e+03 2.633e+03
s>        ( - -2.128e+05 1 0)
s>        ( QUESTION2 1 -2.401e+05 4.438e+02 1.405e+03
s>            ( - -1.933e+05 1 0)
s>            ( - -4.638e+04 1 0)))INFO: dtree.c(1439): stop. leaf nodes are specific
INFO: dtree.c(1478): Final simple tree
|( QUESTION0_0_R 1 -4.220e+05 3.602e+03 2.401e+03
|    ( - -1.521e+05 1 0)
|    ( QUESTION2 -1 -2.663e+05 1.338e+03 1.506e+03
|        ( - -2.310e+05 1 0)
|        ( - -3.395e+04 1 0)))
s>    ( QUESTION0_0_R 1 -4.220e+05 3.602e+03 2.401e+03
s>        ( - -1.521e+05 1 0)
s>        ( QUESTION2 -1 -2.663e+05 1.338e+03 1.506e+03
s>            ( - -2.310e+05 1 0)
s>            ( - -3.395e+04 1 0)))INFO: dtree.c(1315): Comp split 3
INFO: dtree.c(1439): stop. leaf nodes are specific
INFO: dtree.c(1478): Final simple tree
|( QUESTION0_0_R 1 -3.377e+05 2.412e+03 1.859e+03
|    ( QUESTION16 -1 -2.696e+05 1.115e+03 1.482e+03
|        ( - -7.735e+04 1 0)
|        ( QUESTION2 -1 -1.911e+05 7.016e+02 1.053e+03
|            ( - -1.219e+05 1 0)
|            ( QUESTION2_15_L -1 -6.847e+04 4.240e+02 3.771e+02
|                ( - -4.898e+04 1 0)
|                ( - -1.907e+04 1 0))))
|    ( - -6.576e+04 1 0))
s>    ( QUESTION0_0_R 1 -3.377e+05 2.412e+03 1.859e+03
s>        ( QUESTION16 -1 -2.696e+05 1.115e+03 1.482e+03
s>            ( - -7.735e+04 1 0)
s>            ( QUESTION2 -1 -1.911e+05 7.016e+02 1.053e+03
s>                ( - -1.219e+05 1 0)
s>                ( QUESTION2_15_L -1 -6.847e+04 4.240e+02 3.771e+02
s>                    ( - -4.898e+04 1 0)
s>                    ( - -1.907e+04 1 0))))
s>        ( - -6.576e+04 1 0))INFO: dtree.c(1315): Comp split 4
INFO: dtree.c(1439): stop. leaf nodes are specific
INFO: dtree.c(1478): Final simple tree
|( QUESTION2 -1 -2.663e+05 1.338e+03 1.506e+03
|    ( - -2.310e+05 1 0)
|    ( - -3.395e+04 1 0))
s>    ( QUESTION2 -1 -2.663e+05 1.338e+03 1.506e+03
s>        ( - -2.310e+05 1 0)
s>        ( - -3.395e+04 1 0))INFO: dtree.c(1315): Comp split 5
INFO: dtree.c(1439): stop. leaf nodes are specific
INFO: dtree.c(1478): Final simple tree
|( QUESTION16 -1 -2.696e+05 1.115e+03 1.482e+03
|    ( - -7.735e+04 1 0)
|    ( QUESTION2 -1 -1.911e+05 7.016e+02 1.053e+03
|        ( - -1.219e+05 1 0)
|        ( QUESTION2_15_L -1 -6.847e+04 4.240e+02 3.771e+02
|            ( - -4.898e+04 1 0)
|            ( - -1.907e+04 1 0))))
s>    ( QUESTION16 -1 -2.696e+05 1.115e+03 1.482e+03
s>        ( - -7.735e+04 1 0)
s>        ( QUESTION2 -1 -1.911e+05 7.016e+02 1.053e+03
s>            ( - -1.219e+05 1 0)
s>            ( QUESTION2_15_L -1 -6.847e+04 4.240e+02 3.771e+02
s>                ( - -4.898e+04 1 0)
s>                ( - -1.907e+04 1 0))))INFO: dtree.c(1315): Comp split 6
INFO: dtree.c(1439): stop. leaf nodes are specific
INFO: dtree.c(1478): Final simple tree
|( QUESTION0 -1 -2.057e+05 6.610e+02 1.107e+03
|    ( QUESTION2 1 -5.898e+04 2.466e+02 3.110e+02
|        ( - -2.409e+04 1 0)
|        ( - -3.464e+04 1 0))
|    ( - -1.460e+05 1 0))
s>    ( QUESTION0 -1 -2.057e+05 6.610e+02 1.107e+03
s>        ( QUESTION2 1 -5.898e+04 2.466e+02 3.110e+02
s>            ( - -2.409e+04 1 0)
s>            ( - -3.464e+04 1 0))
s>        ( - -1.460e+05 1 0))INFO: dtree.c(1315): Comp split 7
INFO: dtree.c(1439): stop. leaf nodes are specific
INFO: dtree.c(1478): Final simple tree
|( QUESTION2 1 -2.401e+05 4.438e+02 1.405e+03
|    ( - -1.933e+05 1 0)
|    ( - -4.638e+04 1 0))
s>    ( QUESTION2 1 -2.401e+05 4.438e+02 1.405e+03
s>        ( - -1.933e+05 1 0)
s>        ( - -4.638e+04 1 0))INFO: dtree.c(1315): Comp split 8
INFO: dtree.c(1315): Comp split 9
INFO: dtree.c(1439): stop. leaf nodes are specific
INFO: dtree.c(1478): Final simple tree
|( QUESTION2 -1 -1.911e+05 7.016e+02 1.053e+03
|    ( - -1.219e+05 1 0)
|    ( QUESTION2_15_L -1 -6.847e+04 4.240e+02 3.771e+02
|        ( - -4.898e+04 1 0)
|        ( - -1.907e+04 1 0)))
s>    ( QUESTION2 -1 -1.911e+05 7.016e+02 1.053e+03
s>        ( - -1.219e+05 1 0)
s>        ( QUESTION2_15_L -1 -6.847e+04 4.240e+02 3.771e+02
s>            ( - -4.898e+04 1 0)
s>            ( - -1.907e+04 1 0)))INFO: dtree.c(1315): Comp split 10
INFO: dtree.c(1439): stop. leaf nodes are specific
INFO: dtree.c(1478): Final simple tree
|( QUESTION2_15_L -1 -6.847e+04 4.240e+02 3.771e+02
|    ( - -4.898e+04 1 0)
|    ( - -1.907e+04 1 0))
s>    ( QUESTION2_15_L -1 -6.847e+04 4.240e+02 3.771e+02
s>        ( - -4.898e+04 1 0)
s>        ( - -1.907e+04 1 0))INFO: dtree.c(1315): Comp split 11
INFO: dtree.c(1439): stop. leaf nodes are specific
INFO: dtree.c(1478): Final simple tree
|( QUESTION2 1 -5.898e+04 2.466e+02 3.110e+02
|    ( - -2.409e+04 1 0)
|    ( - -3.464e+04 1 0))
s>    ( QUESTION2 1 -5.898e+04 2.466e+02 3.110e+02
s>        ( - -2.409e+04 1 0)
s>        ( - -3.464e+04 1 0))INFO: dtree.c(1315): Comp split 12
INFO: dtree.c(1315): Comp split 13
INFO: dtree.c(1315): Comp split 14
INFO: dtree.c(1315): Comp split 15
INFO: dtree.c(1318): stop. leaf nodes are specific
Tue Jun  9 01:50:00 2020
