Current configuration:
[NAME]		[DEFLT]	[VALUE]
-allphones	no	no
-cntthresh	0.00001	1.000000e-05
-csplitmax	100	2000
-csplitmin	1	1
-csplitthr	8e-4	0.000000e+00
-example	no	no
-fullvar	no	no
-help		no	no
-meanfn			/home/nattapong/Downloads/acoustic_model/model_parameters/acoustic_model.cd_cont_untied/means
-mixwfn			/home/nattapong/Downloads/acoustic_model/model_parameters/acoustic_model.cd_cont_untied/mixture_weights
-moddeffn		/home/nattapong/Downloads/acoustic_model/model_architecture/acoustic_model.untied.mdef
-mwfloor	1e-4	1.000000e-08
-phone			AA
-psetfn			/home/nattapong/Downloads/acoustic_model/model_architecture/acoustic_model.tree_questions
-ssplitmax	5	7
-ssplitmin	1	1
-ssplitthr	8e-4	0.000000e+00
-state			2
-stwt			1.0,0.05,0.0,
-treefn			/home/nattapong/Downloads/acoustic_model/trees/acoustic_model.unpruned/AA-2.dtree
-ts2cbfn	.semi.	.cont.
-varfloor	0.00001	1.000000e-05
-varfn			/home/nattapong/Downloads/acoustic_model/model_parameters/acoustic_model.cd_cont_untied/variances

INFO: main.c(223): Reading: /home/nattapong/Downloads/acoustic_model/model_architecture/acoustic_model.untied.mdef
INFO: model_def_io.c(573): Model definition info:
INFO: model_def_io.c(574): 416 total models defined (36 base, 380 tri)
INFO: model_def_io.c(575): 1664 total states
INFO: model_def_io.c(576): 1248 total tied states
INFO: model_def_io.c(577): 108 total tied CI states
INFO: model_def_io.c(578): 36 total tied transition matrices
INFO: model_def_io.c(579): 4 max state/model
INFO: model_def_io.c(580): 4 min state/model
INFO: main.c(242): Building trees for [AA B T i] through [AA Y T i]
INFO: main.c(268): Covering states |[315 389]| == 75
INFO: main.c(275): Reading: /home/nattapong/Downloads/acoustic_model/model_parameters/acoustic_model.cd_cont_untied/mixture_weights
INFO: s3mixw_io.c(172): Read /home/nattapong/Downloads/acoustic_model/model_parameters/acoustic_model.cd_cont_untied/mixture_weights [75x1x1 array]
INFO: main.c(311): 25 of 25 models have observation count greater than 0.000010
INFO: main.c(95): nrm stwt: 0.000 0.048 0.952 
INFO: s3gau_io.c(168): Read /home/nattapong/Downloads/acoustic_model/model_parameters/acoustic_model.cd_cont_untied/means [1248x1x1 array]
INFO: s3gau_io.c(168): Read /home/nattapong/Downloads/acoustic_model/model_parameters/acoustic_model.cd_cont_untied/variances [1248x1x1 array]
INFO: main.c(549): Reading: /home/nattapong/Downloads/acoustic_model/model_architecture/acoustic_model.tree_questions
INFO: main.c(587): 178 total simple questions (170 phone; 8 word bndry)
INFO: main.c(589): 42 Left Only questions, and 40 Right Only questions
INFO: dtree.c(1478): Final simple tree
|( WDBNDRY_E 0 -3.188e+06 1.498e+04 1.597e+04
|    ( QUESTION2 -1 -2.046e+06 2.074e+03 1.040e+04
|        ( - -8.950e+05 4 0 QUESTION2_5_L -1 1.233e+03 4.586e+03)
|        ( - -1.149e+06 3 0 QUESTION2_0_L -1 1.149e+03 5.816e+03))
|    ( QUESTION0_2_R 1 -1.127e+06 5.901e+03 5.564e+03
|        ( QUESTION0 1 -7.352e+05 4.573e+03 3.643e+03
|            ( - -6.897e+04 1 0)
|            ( QUESTION5 -1 -6.617e+05 1.594e+03 3.292e+03
|                ( - -1.791e+05 2 0 QUESTION12 -1 8.277e+02 8.805e+02)
|                ( - -4.810e+05 8 0 QUESTION2 1 1.831e+03 2.411e+03)))
|        ( QUESTION14 1 -3.861e+05 6.723e+03 1.921e+03
|            ( QUESTION16 -1 -3.078e+05 2.361e+03 1.536e+03
|                ( - -1.386e+05 1 0)
|                ( - -1.669e+05 4 0 QUESTION9 -1 5.128e+02 8.477e+02))
|            ( - -7.151e+04 2 0 QUESTION0_0_R 1 3.084e+02 3.845e+02))))
s>    ( WDBNDRY_E 0 -3.188e+06 1.498e+04 1.597e+04
s>        ( QUESTION2 -1 -2.046e+06 2.074e+03 1.040e+04
s>            ( - -8.950e+05 4 0 QUESTION2_5_L -1 1.233e+03 4.586e+03)
s>            ( - -1.149e+06 3 0 QUESTION2_0_L -1 1.149e+03 5.816e+03))
s>        ( QUESTION0_2_R 1 -1.127e+06 5.901e+03 5.564e+03
s>            ( QUESTION0 1 -7.352e+05 4.573e+03 3.643e+03
s>                ( - -6.897e+04 1 0)
s>                ( QUESTION5 -1 -6.617e+05 1.594e+03 3.292e+03
s>                    ( - -1.791e+05 2 0 QUESTION12 -1 8.277e+02 8.805e+02)
s>                    ( - -4.810e+05 8 0 QUESTION2 1 1.831e+03 2.411e+03)))
s>            ( QUESTION14 1 -3.861e+05 6.723e+03 1.921e+03
s>                ( QUESTION16 -1 -3.078e+05 2.361e+03 1.536e+03
s>                    ( - -1.386e+05 1 0)
s>                    ( - -1.669e+05 4 0 QUESTION9 -1 5.128e+02 8.477e+02))
s>                ( - -7.151e+04 2 0 QUESTION0_0_R 1 3.084e+02 3.845e+02))))INFO: dtree.c(1315): Comp split 0
INFO: dtree.c(1478): Final simple tree
|( QUESTION0_2_R 1 -1.127e+06 5.901e+03 5.564e+03
|    ( QUESTION0 1 -7.352e+05 4.573e+03 3.643e+03
|        ( - -6.897e+04 1 0)
|        ( QUESTION5 -1 -6.617e+05 1.594e+03 3.292e+03
|            ( - -1.791e+05 2 0 QUESTION12 -1 8.277e+02 8.805e+02)
|            ( QUESTION2 1 -4.810e+05 1.831e+03 2.411e+03
|                ( QUESTION3 1 -2.679e+05 1.128e+03 1.346e+03
|                    ( - -1.862e+05 2 0 QUESTION15 -1 3.791e+02 9.233e+02)
|                    ( - -8.060e+04 2 0 QUESTION2_18_L -1 5.174e+02 4.225e+02))
|                ( - -2.113e+05 4 0 QUESTION0 -1 7.254e+02 1.066e+03))))
|    ( QUESTION14 1 -3.861e+05 6.723e+03 1.921e+03
|        ( QUESTION16 -1 -3.078e+05 2.361e+03 1.536e+03
|            ( - -1.386e+05 1 0)
|            ( - -1.669e+05 4 0 QUESTION9 -1 5.128e+02 8.477e+02))
|        ( - -7.151e+04 2 0 QUESTION0_0_R 1 3.084e+02 3.845e+02)))
s>    ( QUESTION0_2_R 1 -1.127e+06 5.901e+03 5.564e+03
s>        ( QUESTION0 1 -7.352e+05 4.573e+03 3.643e+03
s>            ( - -6.897e+04 1 0)
s>            ( QUESTION5 -1 -6.617e+05 1.594e+03 3.292e+03
s>                ( - -1.791e+05 2 0 QUESTION12 -1 8.277e+02 8.805e+02)
s>                ( QUESTION2 1 -4.810e+05 1.831e+03 2.411e+03
s>                    ( QUESTION3 1 -2.679e+05 1.128e+03 1.346e+03
s>                        ( - -1.862e+05 2 0 QUESTION15 -1 3.791e+02 9.233e+02)
s>                        ( - -8.060e+04 2 0 QUESTION2_18_L -1 5.174e+02 4.225e+02))
s>                    ( - -2.113e+05 4 0 QUESTION0 -1 7.254e+02 1.066e+03))))
s>        ( QUESTION14 1 -3.861e+05 6.723e+03 1.921e+03
s>            ( QUESTION16 -1 -3.078e+05 2.361e+03 1.536e+03
s>                ( - -1.386e+05 1 0)
s>                ( - -1.669e+05 4 0 QUESTION9 -1 5.128e+02 8.477e+02))
s>            ( - -7.151e+04 2 0 QUESTION0_0_R 1 3.084e+02 3.845e+02)))INFO: dtree.c(1439): stop. leaf nodes are specific
INFO: dtree.c(1478): Final simple tree
|( QUESTION2 -1 -2.046e+06 2.074e+03 1.040e+04
|    ( QUESTION2_5_L -1 -8.950e+05 1.233e+03 4.586e+03
|        ( QUESTION3 -1 -5.537e+05 5.911e+02 2.844e+03
|            ( - -4.906e+05 1 0)
|            ( - -6.254e+04 1 0))
|        ( QUESTION3 -1 -3.400e+05 4.405e+02 1.742e+03
|            ( - -2.606e+05 1 0)
|            ( - -7.897e+04 1 0)))
|    ( QUESTION2_0_L -1 -1.149e+06 1.149e+03 5.816e+03
|        ( QUESTION0 -1 -4.884e+05 9.659e+02 2.496e+03
|            ( - -2.086e+05 1 0)
|            ( - -2.789e+05 1 0))
|        ( - -6.590e+05 1 0)))
s>    ( QUESTION2 -1 -2.046e+06 2.074e+03 1.040e+04
s>        ( QUESTION2_5_L -1 -8.950e+05 1.233e+03 4.586e+03
s>            ( QUESTION3 -1 -5.537e+05 5.911e+02 2.844e+03
s>                ( - -4.906e+05 1 0)
s>                ( - -6.254e+04 1 0))
s>            ( QUESTION3 -1 -3.400e+05 4.405e+02 1.742e+03
s>                ( - -2.606e+05 1 0)
s>                ( - -7.897e+04 1 0)))
s>        ( QUESTION2_0_L -1 -1.149e+06 1.149e+03 5.816e+03
s>            ( QUESTION0 -1 -4.884e+05 9.659e+02 2.496e+03
s>                ( - -2.086e+05 1 0)
s>                ( - -2.789e+05 1 0))
s>            ( - -6.590e+05 1 0)))INFO: dtree.c(1315): Comp split 1
INFO: dtree.c(1478): Final simple tree
|( QUESTION0_0_R 1 -9.755e+05 5.968e+03 4.828e+03
|    ( QUESTION5 -1 -6.617e+05 1.594e+03 3.292e+03
|        ( QUESTION12 -1 -1.791e+05 8.277e+02 8.805e+02
|            ( - -7.902e+04 1 0)
|            ( - -9.926e+04 1 0))
|        ( QUESTION2 1 -4.810e+05 1.831e+03 2.411e+03
|            ( QUESTION3 1 -2.679e+05 1.128e+03 1.346e+03
|                ( - -1.862e+05 2 0 QUESTION15 -1 3.791e+02 9.233e+02)
|                ( - -8.060e+04 2 0 QUESTION2_18_L -1 5.174e+02 4.225e+02))
|            ( QUESTION0 -1 -2.113e+05 7.254e+02 1.066e+03
|                ( - -1.060e+05 1 0)
|                ( - -1.045e+05 3 0 QUESTION2 -1 5.257e+02 5.274e+02))))
|    ( QUESTION16 -1 -3.078e+05 2.361e+03 1.536e+03
|        ( - -1.386e+05 1 0)
|        ( - -1.669e+05 4 0 QUESTION9 -1 5.128e+02 8.477e+02)))
s>    ( QUESTION0_0_R 1 -9.755e+05 5.968e+03 4.828e+03
s>        ( QUESTION5 -1 -6.617e+05 1.594e+03 3.292e+03
s>            ( QUESTION12 -1 -1.791e+05 8.277e+02 8.805e+02
s>                ( - -7.902e+04 1 0)
s>                ( - -9.926e+04 1 0))
s>            ( QUESTION2 1 -4.810e+05 1.831e+03 2.411e+03
s>                ( QUESTION3 1 -2.679e+05 1.128e+03 1.346e+03
s>                    ( - -1.862e+05 2 0 QUESTION15 -1 3.791e+02 9.233e+02)
s>                    ( - -8.060e+04 2 0 QUESTION2_18_L -1 5.174e+02 4.225e+02))
s>                ( QUESTION0 -1 -2.113e+05 7.254e+02 1.066e+03
s>                    ( - -1.060e+05 1 0)
s>                    ( - -1.045e+05 3 0 QUESTION2 -1 5.257e+02 5.274e+02))))
s>        ( QUESTION16 -1 -3.078e+05 2.361e+03 1.536e+03
s>            ( - -1.386e+05 1 0)
s>            ( - -1.669e+05 4 0 QUESTION9 -1 5.128e+02 8.477e+02)))INFO: dtree.c(1439): stop. leaf nodes are specific
INFO: dtree.c(1478): Final simple tree
|( QUESTION0_2_R 1 -1.442e+05 3.760e+03 7.354e+02
|    ( - -6.897e+04 1 0)
|    ( QUESTION0_0_R 1 -7.151e+04 3.084e+02 3.845e+02
|        ( - -5.049e+04 1 0)
|        ( - -2.071e+04 1 0)))
s>    ( QUESTION0_2_R 1 -1.442e+05 3.760e+03 7.354e+02
s>        ( - -6.897e+04 1 0)
s>        ( QUESTION0_0_R 1 -7.151e+04 3.084e+02 3.845e+02
s>            ( - -5.049e+04 1 0)
s>            ( - -2.071e+04 1 0)))INFO: dtree.c(1315): Comp split 2
INFO: dtree.c(1478): Final simple tree
|( QUESTION5 -1 -6.617e+05 1.594e+03 3.292e+03
|    ( QUESTION12 -1 -1.791e+05 8.277e+02 8.805e+02
|        ( - -7.902e+04 1 0)
|        ( - -9.926e+04 1 0))
|    ( QUESTION2 1 -4.810e+05 1.831e+03 2.411e+03
|        ( QUESTION3 1 -2.679e+05 1.128e+03 1.346e+03
|            ( - -1.862e+05 2 0 QUESTION15 -1 3.791e+02 9.233e+02)
|            ( QUESTION2_18_L -1 -8.060e+04 5.174e+02 4.225e+02
|                ( - -1.474e+04 1 0)
|                ( - -6.535e+04 1 0)))
|        ( QUESTION0 -1 -2.113e+05 7.254e+02 1.066e+03
|            ( - -1.060e+05 1 0)
|            ( QUESTION2 -1 -1.045e+05 5.257e+02 5.274e+02
|                ( - -5.449e+04 2 0 QUESTION15 1 2.465e+02 2.786e+02)
|                ( - -4.947e+04 1 0)))))
s>    ( QUESTION5 -1 -6.617e+05 1.594e+03 3.292e+03
s>        ( QUESTION12 -1 -1.791e+05 8.277e+02 8.805e+02
s>            ( - -7.902e+04 1 0)
s>            ( - -9.926e+04 1 0))
s>        ( QUESTION2 1 -4.810e+05 1.831e+03 2.411e+03
s>            ( QUESTION3 1 -2.679e+05 1.128e+03 1.346e+03
s>                ( - -1.862e+05 2 0 QUESTION15 -1 3.791e+02 9.233e+02)
s>                ( QUESTION2_18_L -1 -8.060e+04 5.174e+02 4.225e+02
s>                    ( - -1.474e+04 1 0)
s>                    ( - -6.535e+04 1 0)))
s>            ( QUESTION0 -1 -2.113e+05 7.254e+02 1.066e+03
s>                ( - -1.060e+05 1 0)
s>                ( QUESTION2 -1 -1.045e+05 5.257e+02 5.274e+02
s>                    ( - -5.449e+04 2 0 QUESTION15 1 2.465e+02 2.786e+02)
s>                    ( - -4.947e+04 1 0)))))INFO: dtree.c(1439): stop. leaf nodes are specific
INFO: dtree.c(1478): Final simple tree
|( QUESTION16 -1 -3.078e+05 2.361e+03 1.536e+03
|    ( - -1.386e+05 1 0)
|    ( QUESTION9 -1 -1.669e+05 5.128e+02 8.477e+02
|        ( - -5.141e+04 1 0)
|        ( QUESTION0_13_R 1 -1.150e+05 4.494e+02 5.856e+02
|            ( - -1.347e+04 1 0)
|            ( - -1.011e+05 2 0))))
s>    ( QUESTION16 -1 -3.078e+05 2.361e+03 1.536e+03
s>        ( - -1.386e+05 1 0)
s>        ( QUESTION9 -1 -1.669e+05 5.128e+02 8.477e+02
s>            ( - -5.141e+04 1 0)
s>            ( QUESTION0_13_R 1 -1.150e+05 4.494e+02 5.856e+02
s>                ( - -1.347e+04 1 0)
s>                ( - -1.011e+05 2 0))))INFO: dtree.c(1315): Comp split 3
INFO: dtree.c(1439): stop. leaf nodes are specific
INFO: dtree.c(1478): Final simple tree
|( QUESTION0_0_R 1 -7.151e+04 3.084e+02 3.845e+02
|    ( - -5.049e+04 1 0)
|    ( - -2.071e+04 1 0))
s>    ( QUESTION0_0_R 1 -7.151e+04 3.084e+02 3.845e+02
s>        ( - -5.049e+04 1 0)
s>        ( - -2.071e+04 1 0))INFO: dtree.c(1315): Comp split 4
INFO: dtree.c(1439): stop. leaf nodes are specific
INFO: dtree.c(1478): Final simple tree
|( QUESTION9 -1 -1.669e+05 5.128e+02 8.477e+02
|    ( - -5.141e+04 1 0)
|    ( QUESTION0_13_R 1 -1.150e+05 4.494e+02 5.856e+02
|        ( - -1.347e+04 1 0)
|        ( - -1.011e+05 2 0)))
s>    ( QUESTION9 -1 -1.669e+05 5.128e+02 8.477e+02
s>        ( - -5.141e+04 1 0)
s>        ( QUESTION0_13_R 1 -1.150e+05 4.494e+02 5.856e+02
s>            ( - -1.347e+04 1 0)
s>            ( - -1.011e+05 2 0)))INFO: dtree.c(1315): Comp split 5
INFO: dtree.c(1439): stop. leaf nodes are specific
INFO: dtree.c(1478): Final simple tree
|( QUESTION2_0_L -1 -2.265e+05 7.343e+02 1.143e+03
|    ( QUESTION2 -1 -1.045e+05 5.257e+02 5.274e+02
|        ( QUESTION15 1 -5.449e+04 2.465e+02 2.786e+02
|            ( - -1.490e+04 1 0)
|            ( - -3.934e+04 1 0))
|        ( - -4.947e+04 1 0))
|    ( QUESTION0 -1 -1.213e+05 4.950e+02 6.151e+02
|        ( - -1.060e+05 1 0)
|        ( - -1.474e+04 1 0)))
s>    ( QUESTION2_0_L -1 -2.265e+05 7.343e+02 1.143e+03
s>        ( QUESTION2 -1 -1.045e+05 5.257e+02 5.274e+02
s>            ( QUESTION15 1 -5.449e+04 2.465e+02 2.786e+02
s>                ( - -1.490e+04 1 0)
s>                ( - -3.934e+04 1 0))
s>            ( - -4.947e+04 1 0))
s>        ( QUESTION0 -1 -1.213e+05 4.950e+02 6.151e+02
s>            ( - -1.060e+05 1 0)
s>            ( - -1.474e+04 1 0)))INFO: dtree.c(1439): stop. leaf nodes are specific
INFO: dtree.c(1478): Final simple tree
|( QUESTION2 -1 -4.330e+05 1.279e+03 2.149e+03
|    ( QUESTION12 -1 -1.791e+05 8.277e+02 8.805e+02
|        ( - -7.902e+04 1 0)
|        ( - -9.926e+04 1 0))
|    ( QUESTION3 1 -2.527e+05 1.155e+03 1.269e+03
|        ( QUESTION15 -1 -1.862e+05 3.791e+02 9.233e+02
|            ( - -1.947e+04 1 0)
|            ( - -1.663e+05 1 0))
|        ( - -6.535e+04 1 0)))
s>    ( QUESTION2 -1 -4.330e+05 1.279e+03 2.149e+03
s>        ( QUESTION12 -1 -1.791e+05 8.277e+02 8.805e+02
s>            ( - -7.902e+04 1 0)
s>            ( - -9.926e+04 1 0))
s>        ( QUESTION3 1 -2.527e+05 1.155e+03 1.269e+03
s>            ( QUESTION15 -1 -1.862e+05 3.791e+02 9.233e+02
s>                ( - -1.947e+04 1 0)
s>                ( - -1.663e+05 1 0))
s>            ( - -6.535e+04 1 0)))INFO: dtree.c(1315): Comp split 6
INFO: dtree.c(1439): stop. leaf nodes are specific
INFO: dtree.c(1478): Final simple tree
|( QUESTION2_5_L -1 -1.175e+06 1.154e+03 6.010e+03
|    ( QUESTION3 -1 -5.537e+05 5.911e+02 2.844e+03
|        ( - -4.906e+05 1 0)
|        ( - -6.254e+04 1 0))
|    ( QUESTION2 -1 -6.200e+05 1.108e+03 3.166e+03
|        ( QUESTION3 -1 -3.400e+05 4.405e+02 1.742e+03
|            ( - -2.606e+05 1 0)
|            ( - -7.897e+04 1 0))
|        ( - -2.789e+05 1 0)))
s>    ( QUESTION2_5_L -1 -1.175e+06 1.154e+03 6.010e+03
s>        ( QUESTION3 -1 -5.537e+05 5.911e+02 2.844e+03
s>            ( - -4.906e+05 1 0)
s>            ( - -6.254e+04 1 0))
s>        ( QUESTION2 -1 -6.200e+05 1.108e+03 3.166e+03
s>            ( QUESTION3 -1 -3.400e+05 4.405e+02 1.742e+03
s>                ( - -2.606e+05 1 0)
s>                ( - -7.897e+04 1 0))
s>            ( - -2.789e+05 1 0)))INFO: dtree.c(1439): stop. leaf nodes are specific
INFO: dtree.c(1478): Final simple tree
|( QUESTION0 -1 -8.687e+05 1.045e+03 4.391e+03
|    ( - -2.086e+05 1 0)
|    ( - -6.590e+05 1 0))
s>    ( QUESTION0 -1 -8.687e+05 1.045e+03 4.391e+03
s>        ( - -2.086e+05 1 0)
s>        ( - -6.590e+05 1 0))INFO: dtree.c(1315): Comp split 7
INFO: dtree.c(1439): stop. leaf nodes are specific
INFO: dtree.c(1478): Final simple tree
|( QUESTION2 -1 -2.862e+05 7.535e+02 1.403e+03
|    ( - -9.926e+04 1 0)
|    ( QUESTION15 -1 -1.862e+05 3.791e+02 9.233e+02
|        ( - -1.947e+04 1 0)
|        ( - -1.663e+05 1 0)))
s>    ( QUESTION2 -1 -2.862e+05 7.535e+02 1.403e+03
s>        ( - -9.926e+04 1 0)
s>        ( QUESTION15 -1 -1.862e+05 3.791e+02 9.233e+02
s>            ( - -1.947e+04 1 0)
s>            ( - -1.663e+05 1 0)))INFO: dtree.c(1439): stop. leaf nodes are specific
INFO: dtree.c(1478): Final simple tree
|( QUESTION2 -1 -1.453e+05 9.717e+02 7.462e+02
|    ( - -7.902e+04 1 0)
|    ( - -6.535e+04 1 0))
s>    ( QUESTION2 -1 -1.453e+05 9.717e+02 7.462e+02
s>        ( - -7.902e+04 1 0)
s>        ( - -6.535e+04 1 0))INFO: dtree.c(1315): Comp split 8
INFO: dtree.c(1439): stop. leaf nodes are specific
INFO: dtree.c(1478): Final simple tree
|( QUESTION8 -1 -4.028e+05 4.572e+02 2.065e+03
|    ( - -7.897e+04 1 0)
|    ( QUESTION3 -1 -3.234e+05 3.065e+02 1.657e+03
|        ( - -2.606e+05 1 0)
|        ( - -6.254e+04 1 0)))
s>    ( QUESTION8 -1 -4.028e+05 4.572e+02 2.065e+03
s>        ( - -7.897e+04 1 0)
s>        ( QUESTION3 -1 -3.234e+05 3.065e+02 1.657e+03
s>            ( - -2.606e+05 1 0)
s>            ( - -6.254e+04 1 0)))INFO: dtree.c(1439): stop. leaf nodes are specific
INFO: dtree.c(1478): Final simple tree
|( QUESTION2 -1 -7.705e+05 1.038e+03 3.945e+03
|    ( - -4.906e+05 1 0)
|    ( - -2.789e+05 1 0))
s>    ( QUESTION2 -1 -7.705e+05 1.038e+03 3.945e+03
s>        ( - -4.906e+05 1 0)
s>        ( - -2.789e+05 1 0))INFO: dtree.c(1315): Comp split 9
INFO: dtree.c(1315): Comp split 10
INFO: dtree.c(1315): Comp split 11
INFO: dtree.c(1315): Comp split 12
INFO: dtree.c(1439): stop. leaf nodes are specific
INFO: dtree.c(1478): Final simple tree
|( QUESTION15 -1 -1.862e+05 3.791e+02 9.233e+02
|    ( - -1.947e+04 1 0)
|    ( - -1.663e+05 1 0))
s>    ( QUESTION15 -1 -1.862e+05 3.791e+02 9.233e+02
s>        ( - -1.947e+04 1 0)
s>        ( - -1.663e+05 1 0))INFO: dtree.c(1315): Comp split 13
INFO: dtree.c(1439): stop. leaf nodes are specific
INFO: dtree.c(1478): Final simple tree
|( QUESTION2 -1 -1.045e+05 5.257e+02 5.274e+02
|    ( QUESTION15 1 -5.449e+04 2.465e+02 2.786e+02
|        ( - -1.490e+04 1 0)
|        ( - -3.934e+04 1 0))
|    ( - -4.947e+04 1 0))
s>    ( QUESTION2 -1 -1.045e+05 5.257e+02 5.274e+02
s>        ( QUESTION15 1 -5.449e+04 2.465e+02 2.786e+02
s>            ( - -1.490e+04 1 0)
s>            ( - -3.934e+04 1 0))
s>        ( - -4.947e+04 1 0))INFO: dtree.c(1439): stop. leaf nodes are specific
INFO: dtree.c(1478): Final simple tree
|( QUESTION0 -1 -1.213e+05 4.950e+02 6.151e+02
|    ( - -1.060e+05 1 0)
|    ( - -1.474e+04 1 0))
s>    ( QUESTION0 -1 -1.213e+05 4.950e+02 6.151e+02
s>        ( - -1.060e+05 1 0)
s>        ( - -1.474e+04 1 0))INFO: dtree.c(1315): Comp split 14
INFO: dtree.c(1439): stop. leaf nodes are specific
INFO: dtree.c(1478): Final simple tree
|( QUESTION15 1 -5.449e+04 2.465e+02 2.786e+02
|    ( - -1.490e+04 1 0)
|    ( - -3.934e+04 1 0))
s>    ( QUESTION15 1 -5.449e+04 2.465e+02 2.786e+02
s>        ( - -1.490e+04 1 0)
s>        ( - -3.934e+04 1 0))INFO: dtree.c(1315): Comp split 15
INFO: dtree.c(1439): stop. leaf nodes are specific
INFO: dtree.c(1478): Final simple tree
|( QUESTION0_13_R 1 -1.150e+05 4.494e+02 5.856e+02
|    ( - -1.347e+04 1 0)
|    ( - -1.011e+05 2 0))
s>    ( QUESTION0_13_R 1 -1.150e+05 4.494e+02 5.856e+02
s>        ( - -1.347e+04 1 0)
s>        ( - -1.011e+05 2 0))INFO: dtree.c(1315): Comp split 16
INFO: dtree.c(1315): Comp split 17
INFO: dtree.c(1439): stop. leaf nodes are specific
INFO: dtree.c(1478): Final simple tree
|( QUESTION3 -1 -3.234e+05 3.065e+02 1.657e+03
|    ( - -2.606e+05 1 0)
|    ( - -6.254e+04 1 0))
s>    ( QUESTION3 -1 -3.234e+05 3.065e+02 1.657e+03
s>        ( - -2.606e+05 1 0)
s>        ( - -6.254e+04 1 0))INFO: dtree.c(1315): Comp split 18
INFO: dtree.c(1315): Comp split 19
INFO: dtree.c(1315): Comp split 20
INFO: dtree.c(1315): Comp split 21
INFO: dtree.c(1315): Comp split 22
INFO: dtree.c(1315): Comp split 23
INFO: dtree.c(1318): stop. leaf nodes are specific
Tue Jun  9 01:49:59 2020
