Current configuration:
[NAME]		[DEFLT]	[VALUE]
-allphones	no	no
-cntthresh	0.00001	1.000000e-05
-csplitmax	100	2000
-csplitmin	1	1
-csplitthr	8e-4	0.000000e+00
-example	no	no
-fullvar	no	no
-help		no	no
-meanfn			/home/nattapong/Downloads/acoustic_model/model_parameters/acoustic_model.cd_cont_untied/means
-mixwfn			/home/nattapong/Downloads/acoustic_model/model_parameters/acoustic_model.cd_cont_untied/mixture_weights
-moddeffn		/home/nattapong/Downloads/acoustic_model/model_architecture/acoustic_model.untied.mdef
-mwfloor	1e-4	1.000000e-08
-phone			PH
-psetfn			/home/nattapong/Downloads/acoustic_model/model_architecture/acoustic_model.tree_questions
-ssplitmax	5	7
-ssplitmin	1	1
-ssplitthr	8e-4	0.000000e+00
-state			0
-stwt			1.0,0.05,0.0,
-treefn			/home/nattapong/Downloads/acoustic_model/trees/acoustic_model.unpruned/PH-0.dtree
-ts2cbfn	.semi.	.cont.
-varfloor	0.00001	1.000000e-05
-varfn			/home/nattapong/Downloads/acoustic_model/model_parameters/acoustic_model.cd_cont_untied/variances

INFO: main.c(223): Reading: /home/nattapong/Downloads/acoustic_model/model_architecture/acoustic_model.untied.mdef
INFO: model_def_io.c(573): Model definition info:
INFO: model_def_io.c(574): 416 total models defined (36 base, 380 tri)
INFO: model_def_io.c(575): 1664 total states
INFO: model_def_io.c(576): 1248 total tied states
INFO: model_def_io.c(577): 108 total tied CI states
INFO: model_def_io.c(578): 36 total tied transition matrices
INFO: model_def_io.c(579): 4 max state/model
INFO: model_def_io.c(580): 4 min state/model
INFO: main.c(242): Building trees for [PH A A i] through [PH SIL R b]
INFO: main.c(268): Covering states |[927 956]| == 30
INFO: main.c(275): Reading: /home/nattapong/Downloads/acoustic_model/model_parameters/acoustic_model.cd_cont_untied/mixture_weights
INFO: s3mixw_io.c(172): Read /home/nattapong/Downloads/acoustic_model/model_parameters/acoustic_model.cd_cont_untied/mixture_weights [30x1x1 array]
INFO: main.c(311): 10 of 10 models have observation count greater than 0.000010
INFO: main.c(95): nrm stwt: 0.952 0.048 0.000 
INFO: s3gau_io.c(168): Read /home/nattapong/Downloads/acoustic_model/model_parameters/acoustic_model.cd_cont_untied/means [1248x1x1 array]
INFO: s3gau_io.c(168): Read /home/nattapong/Downloads/acoustic_model/model_parameters/acoustic_model.cd_cont_untied/variances [1248x1x1 array]
INFO: main.c(549): Reading: /home/nattapong/Downloads/acoustic_model/model_architecture/acoustic_model.tree_questions
INFO: main.c(587): 178 total simple questions (170 phone; 8 word bndry)
INFO: main.c(589): 42 Left Only questions, and 40 Right Only questions
INFO: dtree.c(1478): Final simple tree
|( QUESTION2_1_L -1 -2.161e+06 6.597e+03 1.183e+04
|    ( QUESTION0_1_R 1 -6.057e+05 1.617e+03 3.391e+03
|        ( - -2.945e+05 1 0)
|        ( - -3.095e+05 1 0))
|    ( QUESTION8 1 -1.549e+06 3.634e+03 8.437e+03
|        ( - -2.257e+05 1 0)
|        ( WDBNDRY_B 0 -1.319e+06 2.445e+03 7.244e+03
|            ( QUESTION0_1_R 1 -9.819e+05 1.658e+03 5.421e+03
|                ( - -1.277e+05 1 0)
|                ( QUESTION0_4_R 1 -8.526e+05 1.402e+03 4.739e+03
|                    ( - -3.587e+05 1 0)
|                    ( - -4.924e+05 2 0 QUESTION0_3_R 1 4.499e+02 2.738e+03)))
|            ( QUESTION0 -1 -3.351e+05 1.007e+03 1.823e+03
|                ( - -1.549e+05 1 0)
|                ( - -1.792e+05 2 0 QUESTION0_1_R 1 3.897e+02 9.581e+02)))))
s>    ( QUESTION2_1_L -1 -2.161e+06 6.597e+03 1.183e+04
s>        ( QUESTION0_1_R 1 -6.057e+05 1.617e+03 3.391e+03
s>            ( - -2.945e+05 1 0)
s>            ( - -3.095e+05 1 0))
s>        ( QUESTION8 1 -1.549e+06 3.634e+03 8.437e+03
s>            ( - -2.257e+05 1 0)
s>            ( WDBNDRY_B 0 -1.319e+06 2.445e+03 7.244e+03
s>                ( QUESTION0_1_R 1 -9.819e+05 1.658e+03 5.421e+03
s>                    ( - -1.277e+05 1 0)
s>                    ( QUESTION0_4_R 1 -8.526e+05 1.402e+03 4.739e+03
s>                        ( - -3.587e+05 1 0)
s>                        ( - -4.924e+05 2 0 QUESTION0_3_R 1 4.499e+02 2.738e+03)))
s>                ( QUESTION0 -1 -3.351e+05 1.007e+03 1.823e+03
s>                    ( - -1.549e+05 1 0)
s>                    ( - -1.792e+05 2 0 QUESTION0_1_R 1 3.897e+02 9.581e+02)))))INFO: dtree.c(1315): Comp split 0
INFO: dtree.c(1478): Final simple tree
|( QUESTION8 1 -1.549e+06 3.634e+03 8.437e+03
|    ( - -2.257e+05 1 0)
|    ( WDBNDRY_B 0 -1.319e+06 2.445e+03 7.244e+03
|        ( QUESTION0_1_R 1 -9.819e+05 1.658e+03 5.421e+03
|            ( - -1.277e+05 1 0)
|            ( QUESTION0_4_R 1 -8.526e+05 1.402e+03 4.739e+03
|                ( - -3.587e+05 1 0)
|                ( QUESTION0_3_R 1 -4.924e+05 4.499e+02 2.738e+03
|                    ( - -4.107e+04 1 0)
|                    ( - -4.509e+05 1 0))))
|        ( QUESTION0 -1 -3.351e+05 1.007e+03 1.823e+03
|            ( - -1.549e+05 1 0)
|            ( QUESTION0_1_R 1 -1.792e+05 3.897e+02 9.581e+02
|                ( - -3.219e+04 1 0)
|                ( - -1.467e+05 1 0)))))
s>    ( QUESTION8 1 -1.549e+06 3.634e+03 8.437e+03
s>        ( - -2.257e+05 1 0)
s>        ( WDBNDRY_B 0 -1.319e+06 2.445e+03 7.244e+03
s>            ( QUESTION0_1_R 1 -9.819e+05 1.658e+03 5.421e+03
s>                ( - -1.277e+05 1 0)
s>                ( QUESTION0_4_R 1 -8.526e+05 1.402e+03 4.739e+03
s>                    ( - -3.587e+05 1 0)
s>                    ( QUESTION0_3_R 1 -4.924e+05 4.499e+02 2.738e+03
s>                        ( - -4.107e+04 1 0)
s>                        ( - -4.509e+05 1 0))))
s>            ( QUESTION0 -1 -3.351e+05 1.007e+03 1.823e+03
s>                ( - -1.549e+05 1 0)
s>                ( QUESTION0_1_R 1 -1.792e+05 3.897e+02 9.581e+02
s>                    ( - -3.219e+04 1 0)
s>                    ( - -1.467e+05 1 0)))))INFO: dtree.c(1439): stop. leaf nodes are specific
INFO: dtree.c(1478): Final simple tree
|( QUESTION0_1_R 1 -6.057e+05 1.617e+03 3.391e+03
|    ( - -2.945e+05 1 0)
|    ( - -3.095e+05 1 0))
s>    ( QUESTION0_1_R 1 -6.057e+05 1.617e+03 3.391e+03
s>        ( - -2.945e+05 1 0)
s>        ( - -3.095e+05 1 0))INFO: dtree.c(1315): Comp split 1
INFO: dtree.c(1439): stop. leaf nodes are specific
INFO: dtree.c(1478): Final simple tree
|( QUESTION0_4_R 1 -1.009e+06 1.415e+03 5.604e+03
|    ( - -3.587e+05 1 0)
|    ( WDBNDRY_B 0 -6.486e+05 1.312e+03 3.602e+03
|        ( QUESTION0_3_R 1 -4.924e+05 4.499e+02 2.738e+03
|            ( - -4.107e+04 1 0)
|            ( - -4.509e+05 1 0))
|        ( - -1.549e+05 1 0)))
s>    ( QUESTION0_4_R 1 -1.009e+06 1.415e+03 5.604e+03
s>        ( - -3.587e+05 1 0)
s>        ( WDBNDRY_B 0 -6.486e+05 1.312e+03 3.602e+03
s>            ( QUESTION0_3_R 1 -4.924e+05 4.499e+02 2.738e+03
s>                ( - -4.107e+04 1 0)
s>                ( - -4.509e+05 1 0))
s>            ( - -1.549e+05 1 0)))INFO: dtree.c(1439): stop. leaf nodes are specific
INFO: dtree.c(1478): Final simple tree
|( WDBNDRY_B 0 -5.361e+05 1.969e+03 2.833e+03
|    ( QUESTION0_1_R 1 -3.549e+05 1.461e+03 1.875e+03
|        ( - -1.277e+05 1 0)
|        ( - -2.257e+05 1 0))
|    ( QUESTION0_1_R 1 -1.792e+05 3.897e+02 9.581e+02
|        ( - -3.219e+04 1 0)
|        ( - -1.467e+05 1 0)))
s>    ( WDBNDRY_B 0 -5.361e+05 1.969e+03 2.833e+03
s>        ( QUESTION0_1_R 1 -3.549e+05 1.461e+03 1.875e+03
s>            ( - -1.277e+05 1 0)
s>            ( - -2.257e+05 1 0))
s>        ( QUESTION0_1_R 1 -1.792e+05 3.897e+02 9.581e+02
s>            ( - -3.219e+04 1 0)
s>            ( - -1.467e+05 1 0)))INFO: dtree.c(1315): Comp split 2
INFO: dtree.c(1439): stop. leaf nodes are specific
INFO: dtree.c(1478): Final simple tree
|( QUESTION0_1_R 1 -1.792e+05 3.897e+02 9.581e+02
|    ( - -3.219e+04 1 0)
|    ( - -1.467e+05 1 0))
s>    ( QUESTION0_1_R 1 -1.792e+05 3.897e+02 9.581e+02
s>        ( - -3.219e+04 1 0)
s>        ( - -1.467e+05 1 0))INFO: dtree.c(1439): stop. leaf nodes are specific
INFO: dtree.c(1478): Final simple tree
|( QUESTION0_1_R 1 -3.549e+05 1.461e+03 1.875e+03
|    ( - -1.277e+05 1 0)
|    ( - -2.257e+05 1 0))
s>    ( QUESTION0_1_R 1 -3.549e+05 1.461e+03 1.875e+03
s>        ( - -1.277e+05 1 0)
s>        ( - -2.257e+05 1 0))INFO: dtree.c(1315): Comp split 3
INFO: dtree.c(1315): Comp split 4
INFO: dtree.c(1315): Comp split 5
INFO: dtree.c(1439): stop. leaf nodes are specific
INFO: dtree.c(1478): Final simple tree
|( WDBNDRY_B 0 -6.486e+05 1.312e+03 3.602e+03
|    ( QUESTION0_3_R 1 -4.924e+05 4.499e+02 2.738e+03
|        ( - -4.107e+04 1 0)
|        ( - -4.509e+05 1 0))
|    ( - -1.549e+05 1 0))
s>    ( WDBNDRY_B 0 -6.486e+05 1.312e+03 3.602e+03
s>        ( QUESTION0_3_R 1 -4.924e+05 4.499e+02 2.738e+03
s>            ( - -4.107e+04 1 0)
s>            ( - -4.509e+05 1 0))
s>        ( - -1.549e+05 1 0))INFO: dtree.c(1315): Comp split 6
INFO: dtree.c(1439): stop. leaf nodes are specific
INFO: dtree.c(1478): Final simple tree
|( QUESTION0_3_R 1 -4.924e+05 4.499e+02 2.738e+03
|    ( - -4.107e+04 1 0)
|    ( - -4.509e+05 1 0))
s>    ( QUESTION0_3_R 1 -4.924e+05 4.499e+02 2.738e+03
s>        ( - -4.107e+04 1 0)
s>        ( - -4.509e+05 1 0))INFO: dtree.c(1315): Comp split 7
INFO: dtree.c(1315): Comp split 8
INFO: dtree.c(1315): Comp split 9
INFO: dtree.c(1318): stop. leaf nodes are specific
Tue Jun  9 01:50:04 2020
