Current configuration:
[NAME]		[DEFLT]	[VALUE]
-allphones	no	no
-cntthresh	0.00001	1.000000e-05
-csplitmax	100	2000
-csplitmin	1	1
-csplitthr	8e-4	0.000000e+00
-example	no	no
-fullvar	no	no
-help		no	no
-meanfn			/home/nattapong/Downloads/acoustic_model/model_parameters/acoustic_model.cd_cont_untied/means
-mixwfn			/home/nattapong/Downloads/acoustic_model/model_parameters/acoustic_model.cd_cont_untied/mixture_weights
-moddeffn		/home/nattapong/Downloads/acoustic_model/model_architecture/acoustic_model.untied.mdef
-mwfloor	1e-4	1.000000e-08
-phone			CH
-psetfn			/home/nattapong/Downloads/acoustic_model/model_architecture/acoustic_model.tree_questions
-ssplitmax	5	7
-ssplitmin	1	1
-ssplitthr	8e-4	0.000000e+00
-state			1
-stwt			1.0,0.05,0.0,
-treefn			/home/nattapong/Downloads/acoustic_model/trees/acoustic_model.unpruned/CH-1.dtree
-ts2cbfn	.semi.	.cont.
-varfloor	0.00001	1.000000e-05
-varfn			/home/nattapong/Downloads/acoustic_model/model_parameters/acoustic_model.cd_cont_untied/variances

INFO: main.c(223): Reading: /home/nattapong/Downloads/acoustic_model/model_architecture/acoustic_model.untied.mdef
INFO: model_def_io.c(573): Model definition info:
INFO: model_def_io.c(574): 416 total models defined (36 base, 380 tri)
INFO: model_def_io.c(575): 1664 total states
INFO: model_def_io.c(576): 1248 total tied states
INFO: model_def_io.c(577): 108 total tied CI states
INFO: model_def_io.c(578): 36 total tied transition matrices
INFO: model_def_io.c(579): 4 max state/model
INFO: model_def_io.c(580): 4 min state/model
INFO: main.c(242): Building trees for [CH A A i] through [CH SIL OW b]
INFO: main.c(268): Covering states |[432 461]| == 30
INFO: main.c(275): Reading: /home/nattapong/Downloads/acoustic_model/model_parameters/acoustic_model.cd_cont_untied/mixture_weights
INFO: s3mixw_io.c(172): Read /home/nattapong/Downloads/acoustic_model/model_parameters/acoustic_model.cd_cont_untied/mixture_weights [30x1x1 array]
INFO: main.c(311): 10 of 10 models have observation count greater than 0.000010
INFO: main.c(95): nrm stwt: 0.045 0.909 0.045 
INFO: s3gau_io.c(168): Read /home/nattapong/Downloads/acoustic_model/model_parameters/acoustic_model.cd_cont_untied/means [1248x1x1 array]
INFO: s3gau_io.c(168): Read /home/nattapong/Downloads/acoustic_model/model_parameters/acoustic_model.cd_cont_untied/variances [1248x1x1 array]
INFO: main.c(549): Reading: /home/nattapong/Downloads/acoustic_model/model_architecture/acoustic_model.tree_questions
INFO: main.c(587): 178 total simple questions (170 phone; 8 word bndry)
INFO: main.c(589): 42 Left Only questions, and 40 Right Only questions
INFO: dtree.c(1478): Final simple tree
|( QUESTION0 1 -6.642e+05 2.336e+03 3.220e+03
|    ( QUESTION0_2_R 1 -2.934e+05 2.058e+03 1.357e+03
|        ( WDBNDRY_B 0 -1.620e+05 5.948e+02 7.924e+02
|            ( - -1.120e+05 1 0)
|            ( - -4.949e+04 2 0))
|        ( WDBNDRY_B 0 -1.293e+05 7.464e+02 5.643e+02
|            ( - -4.487e+04 1 0)
|            ( - -8.369e+04 2 0 QUESTION2 -1 3.916e+02 3.788e+02)))
|    ( WDBNDRY_B 0 -3.685e+05 1.477e+03 1.864e+03
|        ( QUESTION0_0_R 1 -2.152e+05 5.374e+02 1.122e+03
|            ( - -1.320e+05 1 0)
|            ( - -8.265e+04 1 0))
|        ( QUESTION2_0_L -1 -1.519e+05 4.527e+02 7.414e+02
|            ( - -8.646e+04 1 0)
|            ( - -6.494e+04 1 0))))
s>    ( QUESTION0 1 -6.642e+05 2.336e+03 3.220e+03
s>        ( QUESTION0_2_R 1 -2.934e+05 2.058e+03 1.357e+03
s>            ( WDBNDRY_B 0 -1.620e+05 5.948e+02 7.924e+02
s>                ( - -1.120e+05 1 0)
s>                ( - -4.949e+04 2 0))
s>            ( WDBNDRY_B 0 -1.293e+05 7.464e+02 5.643e+02
s>                ( - -4.487e+04 1 0)
s>                ( - -8.369e+04 2 0 QUESTION2 -1 3.916e+02 3.788e+02)))
s>        ( WDBNDRY_B 0 -3.685e+05 1.477e+03 1.864e+03
s>            ( QUESTION0_0_R 1 -2.152e+05 5.374e+02 1.122e+03
s>                ( - -1.320e+05 1 0)
s>                ( - -8.265e+04 1 0))
s>            ( QUESTION2_0_L -1 -1.519e+05 4.527e+02 7.414e+02
s>                ( - -8.646e+04 1 0)
s>                ( - -6.494e+04 1 0))))INFO: dtree.c(1315): Comp split 0
INFO: dtree.c(1439): stop. leaf nodes are specific
INFO: dtree.c(1478): Final simple tree
|( WDBNDRY_B 0 -1.293e+05 7.464e+02 5.643e+02
|    ( - -4.487e+04 1 0)
|    ( QUESTION2 -1 -8.369e+04 3.916e+02 3.788e+02
|        ( - -2.488e+04 1 0)
|        ( - -5.842e+04 1 0)))
s>    ( WDBNDRY_B 0 -1.293e+05 7.464e+02 5.643e+02
s>        ( - -4.487e+04 1 0)
s>        ( QUESTION2 -1 -8.369e+04 3.916e+02 3.788e+02
s>            ( - -2.488e+04 1 0)
s>            ( - -5.842e+04 1 0)))INFO: dtree.c(1439): stop. leaf nodes are specific
INFO: dtree.c(1478): Final simple tree
|( WDBNDRY_B 0 -5.312e+05 1.075e+03 2.656e+03
|    ( QUESTION0_3_R 1 -3.279e+05 7.836e+02 1.660e+03
|        ( - -1.320e+05 1 0)
|        ( QUESTION0_0_R 1 -1.951e+05 5.269e+02 9.683e+02
|            ( - -1.120e+05 1 0)
|            ( - -8.265e+04 1 0)))
|    ( QUESTION0_3_R 1 -2.022e+05 8.952e+02 9.956e+02
|        ( QUESTION2_0_L -1 -1.519e+05 4.527e+02 7.414e+02
|            ( - -8.646e+04 1 0)
|            ( - -6.494e+04 1 0))
|        ( - -4.949e+04 2 0)))
s>    ( WDBNDRY_B 0 -5.312e+05 1.075e+03 2.656e+03
s>        ( QUESTION0_3_R 1 -3.279e+05 7.836e+02 1.660e+03
s>            ( - -1.320e+05 1 0)
s>            ( QUESTION0_0_R 1 -1.951e+05 5.269e+02 9.683e+02
s>                ( - -1.120e+05 1 0)
s>                ( - -8.265e+04 1 0)))
s>        ( QUESTION0_3_R 1 -2.022e+05 8.952e+02 9.956e+02
s>            ( QUESTION2_0_L -1 -1.519e+05 4.527e+02 7.414e+02
s>                ( - -8.646e+04 1 0)
s>                ( - -6.494e+04 1 0))
s>            ( - -4.949e+04 2 0)))INFO: dtree.c(1315): Comp split 1
INFO: dtree.c(1439): stop. leaf nodes are specific
INFO: dtree.c(1478): Final simple tree
|( QUESTION2_0_L -1 -1.519e+05 4.527e+02 7.414e+02
|    ( - -8.646e+04 1 0)
|    ( - -6.494e+04 1 0))
s>    ( QUESTION2_0_L -1 -1.519e+05 4.527e+02 7.414e+02
s>        ( - -8.646e+04 1 0)
s>        ( - -6.494e+04 1 0))INFO: dtree.c(1439): stop. leaf nodes are specific
INFO: dtree.c(1478): Final simple tree
|( QUESTION0_3_R 1 -3.780e+05 8.589e+02 1.915e+03
|    ( - -1.320e+05 1 0)
|    ( WDBNDRY_B 0 -2.452e+05 5.590e+02 1.222e+03
|        ( QUESTION0_0_R 1 -1.951e+05 5.269e+02 9.683e+02
|            ( - -1.120e+05 1 0)
|            ( - -8.265e+04 1 0))
|        ( - -4.949e+04 2 0)))
s>    ( QUESTION0_3_R 1 -3.780e+05 8.589e+02 1.915e+03
s>        ( - -1.320e+05 1 0)
s>        ( WDBNDRY_B 0 -2.452e+05 5.590e+02 1.222e+03
s>            ( QUESTION0_0_R 1 -1.951e+05 5.269e+02 9.683e+02
s>                ( - -1.120e+05 1 0)
s>                ( - -8.265e+04 1 0))
s>            ( - -4.949e+04 2 0)))INFO: dtree.c(1315): Comp split 2
INFO: dtree.c(1439): stop. leaf nodes are specific
INFO: dtree.c(1478): Final simple tree
|( WDBNDRY_B 0 -2.452e+05 5.590e+02 1.222e+03
|    ( QUESTION0_0_R 1 -1.951e+05 5.269e+02 9.683e+02
|        ( - -1.120e+05 1 0)
|        ( - -8.265e+04 1 0))
|    ( - -4.949e+04 2 0))
s>    ( WDBNDRY_B 0 -2.452e+05 5.590e+02 1.222e+03
s>        ( QUESTION0_0_R 1 -1.951e+05 5.269e+02 9.683e+02
s>            ( - -1.120e+05 1 0)
s>            ( - -8.265e+04 1 0))
s>        ( - -4.949e+04 2 0))INFO: dtree.c(1315): Comp split 3
INFO: dtree.c(1439): stop. leaf nodes are specific
INFO: dtree.c(1478): Final simple tree
|( QUESTION2 -1 -8.369e+04 3.916e+02 3.788e+02
|    ( - -2.488e+04 1 0)
|    ( - -5.842e+04 1 0))
s>    ( QUESTION2 -1 -8.369e+04 3.916e+02 3.788e+02
s>        ( - -2.488e+04 1 0)
s>        ( - -5.842e+04 1 0))INFO: dtree.c(1315): Comp split 4
INFO: dtree.c(1439): stop. leaf nodes are specific
INFO: dtree.c(1478): Final simple tree
|( WDBNDRY_B 0 -1.326e+05 5.036e+02 6.842e+02
|    ( - -8.265e+04 1 0)
|    ( - -4.949e+04 2 0))
s>    ( WDBNDRY_B 0 -1.326e+05 5.036e+02 6.842e+02
s>        ( - -8.265e+04 1 0)
s>        ( - -4.949e+04 2 0))INFO: dtree.c(1315): Comp split 5
INFO: dtree.c(1315): Comp split 6
INFO: dtree.c(1315): Comp split 7
INFO: dtree.c(1315): Comp split 8
INFO: dtree.c(1318): stop. leaf nodes are specific
Tue Jun  9 01:50:00 2020
