Current configuration:
[NAME]		[DEFLT]	[VALUE]
-allphones	no	no
-cntthresh	0.00001	1.000000e-05
-csplitmax	100	2000
-csplitmin	1	1
-csplitthr	8e-4	0.000000e+00
-example	no	no
-fullvar	no	no
-help		no	no
-meanfn			/home/nattapong/Downloads/acoustic_model/model_parameters/acoustic_model.cd_cont_untied/means
-mixwfn			/home/nattapong/Downloads/acoustic_model/model_parameters/acoustic_model.cd_cont_untied/mixture_weights
-moddeffn		/home/nattapong/Downloads/acoustic_model/model_architecture/acoustic_model.untied.mdef
-mwfloor	1e-4	1.000000e-08
-phone			PH
-psetfn			/home/nattapong/Downloads/acoustic_model/model_architecture/acoustic_model.tree_questions
-ssplitmax	5	7
-ssplitmin	1	1
-ssplitthr	8e-4	0.000000e+00
-state			1
-stwt			1.0,0.05,0.0,
-treefn			/home/nattapong/Downloads/acoustic_model/trees/acoustic_model.unpruned/PH-1.dtree
-ts2cbfn	.semi.	.cont.
-varfloor	0.00001	1.000000e-05
-varfn			/home/nattapong/Downloads/acoustic_model/model_parameters/acoustic_model.cd_cont_untied/variances

INFO: main.c(223): Reading: /home/nattapong/Downloads/acoustic_model/model_architecture/acoustic_model.untied.mdef
INFO: model_def_io.c(573): Model definition info:
INFO: model_def_io.c(574): 416 total models defined (36 base, 380 tri)
INFO: model_def_io.c(575): 1664 total states
INFO: model_def_io.c(576): 1248 total tied states
INFO: model_def_io.c(577): 108 total tied CI states
INFO: model_def_io.c(578): 36 total tied transition matrices
INFO: model_def_io.c(579): 4 max state/model
INFO: model_def_io.c(580): 4 min state/model
INFO: main.c(242): Building trees for [PH A A i] through [PH SIL R b]
INFO: main.c(268): Covering states |[927 956]| == 30
INFO: main.c(275): Reading: /home/nattapong/Downloads/acoustic_model/model_parameters/acoustic_model.cd_cont_untied/mixture_weights
INFO: s3mixw_io.c(172): Read /home/nattapong/Downloads/acoustic_model/model_parameters/acoustic_model.cd_cont_untied/mixture_weights [30x1x1 array]
INFO: main.c(311): 10 of 10 models have observation count greater than 0.000010
INFO: main.c(95): nrm stwt: 0.045 0.909 0.045 
INFO: s3gau_io.c(168): Read /home/nattapong/Downloads/acoustic_model/model_parameters/acoustic_model.cd_cont_untied/means [1248x1x1 array]
INFO: s3gau_io.c(168): Read /home/nattapong/Downloads/acoustic_model/model_parameters/acoustic_model.cd_cont_untied/variances [1248x1x1 array]
INFO: main.c(549): Reading: /home/nattapong/Downloads/acoustic_model/model_architecture/acoustic_model.tree_questions
INFO: main.c(587): 178 total simple questions (170 phone; 8 word bndry)
INFO: main.c(589): 42 Left Only questions, and 40 Right Only questions
INFO: dtree.c(1478): Final simple tree
|( QUESTION0_1_R 1 -8.934e+05 2.507e+03 4.061e+03
|    ( QUESTION0 -1 -2.341e+05 1.816e+03 1.100e+03
|        ( - -1.554e+05 1 0)
|        ( WDBNDRY_B 0 -7.681e+04 6.044e+02 3.489e+02
|            ( - -5.110e+04 1 0)
|            ( - -2.510e+04 1 0)))
|    ( QUESTION0_3_R 1 -6.568e+05 1.447e+03 2.962e+03
|        ( QUESTION0_4_R 1 -2.103e+05 1.157e+03 9.400e+02
|            ( - -9.918e+04 1 0)
|            ( - -1.100e+05 2 0 QUESTION8 1 2.950e+02 5.086e+02))
|        ( QUESTION1 -1 -4.451e+05 1.017e+03 2.022e+03
|            ( - -9.114e+04 1 0)
|            ( QUESTION2_0_L -1 -3.529e+05 5.172e+02 1.593e+03
|                ( - -1.365e+05 1 0)
|                ( - -2.159e+05 2 0 WDBNDRY_B 0 4.637e+02 9.605e+02)))))
s>    ( QUESTION0_1_R 1 -8.934e+05 2.507e+03 4.061e+03
s>        ( QUESTION0 -1 -2.341e+05 1.816e+03 1.100e+03
s>            ( - -1.554e+05 1 0)
s>            ( WDBNDRY_B 0 -7.681e+04 6.044e+02 3.489e+02
s>                ( - -5.110e+04 1 0)
s>                ( - -2.510e+04 1 0)))
s>        ( QUESTION0_3_R 1 -6.568e+05 1.447e+03 2.962e+03
s>            ( QUESTION0_4_R 1 -2.103e+05 1.157e+03 9.400e+02
s>                ( - -9.918e+04 1 0)
s>                ( - -1.100e+05 2 0 QUESTION8 1 2.950e+02 5.086e+02))
s>            ( QUESTION1 -1 -4.451e+05 1.017e+03 2.022e+03
s>                ( - -9.114e+04 1 0)
s>                ( QUESTION2_0_L -1 -3.529e+05 5.172e+02 1.593e+03
s>                    ( - -1.365e+05 1 0)
s>                    ( - -2.159e+05 2 0 WDBNDRY_B 0 4.637e+02 9.605e+02)))))INFO: dtree.c(1315): Comp split 0
INFO: dtree.c(1478): Final simple tree
|( QUESTION0_6_R 1 -7.346e+05 1.718e+03 3.310e+03
|    ( QUESTION1 -1 -4.451e+05 1.017e+03 2.022e+03
|        ( - -9.114e+04 1 0)
|        ( QUESTION2_0_L -1 -3.529e+05 5.172e+02 1.593e+03
|            ( - -1.365e+05 1 0)
|            ( WDBNDRY_B 0 -2.159e+05 4.637e+02 9.605e+02
|                ( - -1.414e+05 1 0)
|                ( - -7.407e+04 1 0))))
|    ( QUESTION0_4_R 1 -2.878e+05 1.140e+03 1.289e+03
|        ( - -9.918e+04 1 0)
|        ( QUESTION0_1_R 1 -1.875e+05 7.089e+02 8.576e+02
|            ( WDBNDRY_B 0 -7.681e+04 6.044e+02 3.489e+02
|                ( - -5.110e+04 1 0)
|                ( - -2.510e+04 1 0))
|            ( - -1.100e+05 2 0 QUESTION8 1 2.950e+02 5.086e+02))))
s>    ( QUESTION0_6_R 1 -7.346e+05 1.718e+03 3.310e+03
s>        ( QUESTION1 -1 -4.451e+05 1.017e+03 2.022e+03
s>            ( - -9.114e+04 1 0)
s>            ( QUESTION2_0_L -1 -3.529e+05 5.172e+02 1.593e+03
s>                ( - -1.365e+05 1 0)
s>                ( WDBNDRY_B 0 -2.159e+05 4.637e+02 9.605e+02
s>                    ( - -1.414e+05 1 0)
s>                    ( - -7.407e+04 1 0))))
s>        ( QUESTION0_4_R 1 -2.878e+05 1.140e+03 1.289e+03
s>            ( - -9.918e+04 1 0)
s>            ( QUESTION0_1_R 1 -1.875e+05 7.089e+02 8.576e+02
s>                ( WDBNDRY_B 0 -7.681e+04 6.044e+02 3.489e+02
s>                    ( - -5.110e+04 1 0)
s>                    ( - -2.510e+04 1 0))
s>                ( - -1.100e+05 2 0 QUESTION8 1 2.950e+02 5.086e+02))))INFO: dtree.c(1315): Comp split 1
INFO: dtree.c(1439): stop. leaf nodes are specific
INFO: dtree.c(1478): Final simple tree
|( QUESTION1 -1 -4.707e+05 9.739e+02 2.141e+03
|    ( QUESTION0_1_R 1 -1.168e+05 5.967e+02 5.473e+02
|        ( - -2.510e+04 1 0)
|        ( - -9.114e+04 1 0))
|    ( QUESTION2_0_L -1 -3.529e+05 5.172e+02 1.593e+03
|        ( - -1.365e+05 1 0)
|        ( WDBNDRY_B 0 -2.159e+05 4.637e+02 9.605e+02
|            ( - -1.414e+05 1 0)
|            ( - -7.407e+04 1 0))))
s>    ( QUESTION1 -1 -4.707e+05 9.739e+02 2.141e+03
s>        ( QUESTION0_1_R 1 -1.168e+05 5.967e+02 5.473e+02
s>            ( - -2.510e+04 1 0)
s>            ( - -9.114e+04 1 0))
s>        ( QUESTION2_0_L -1 -3.529e+05 5.172e+02 1.593e+03
s>            ( - -1.365e+05 1 0)
s>            ( WDBNDRY_B 0 -2.159e+05 4.637e+02 9.605e+02
s>                ( - -1.414e+05 1 0)
s>                ( - -7.407e+04 1 0))))INFO: dtree.c(1439): stop. leaf nodes are specific
INFO: dtree.c(1478): Final simple tree
|( QUESTION0_4_R 1 -2.621e+05 1.115e+03 1.170e+03
|    ( - -9.918e+04 1 0)
|    ( QUESTION0_1_R 1 -1.618e+05 7.696e+02 7.384e+02
|        ( - -5.110e+04 1 0)
|        ( QUESTION8 1 -1.100e+05 2.950e+02 5.086e+02
|            ( - -8.325e+04 1 0)
|            ( - -2.643e+04 1 0))))
s>    ( QUESTION0_4_R 1 -2.621e+05 1.115e+03 1.170e+03
s>        ( - -9.918e+04 1 0)
s>        ( QUESTION0_1_R 1 -1.618e+05 7.696e+02 7.384e+02
s>            ( - -5.110e+04 1 0)
s>            ( QUESTION8 1 -1.100e+05 2.950e+02 5.086e+02
s>                ( - -8.325e+04 1 0)
s>                ( - -2.643e+04 1 0))))INFO: dtree.c(1315): Comp split 2
INFO: dtree.c(1439): stop. leaf nodes are specific
INFO: dtree.c(1478): Final simple tree
|( QUESTION0_1_R 1 -1.618e+05 7.696e+02 7.384e+02
|    ( - -5.110e+04 1 0)
|    ( QUESTION8 1 -1.100e+05 2.950e+02 5.086e+02
|        ( - -8.325e+04 1 0)
|        ( - -2.643e+04 1 0)))
s>    ( QUESTION0_1_R 1 -1.618e+05 7.696e+02 7.384e+02
s>        ( - -5.110e+04 1 0)
s>        ( QUESTION8 1 -1.100e+05 2.950e+02 5.086e+02
s>            ( - -8.325e+04 1 0)
s>            ( - -2.643e+04 1 0)))INFO: dtree.c(1315): Comp split 3
INFO: dtree.c(1439): stop. leaf nodes are specific
INFO: dtree.c(1478): Final simple tree
|( QUESTION0 -1 -3.786e+05 5.721e+02 1.713e+03
|    ( QUESTION2_0_L -1 -2.110e+05 4.802e+02 9.745e+02
|        ( - -1.365e+05 1 0)
|        ( - -7.407e+04 1 0))
|    ( WDBNDRY_B 0 -1.670e+05 4.802e+02 7.380e+02
|        ( - -1.414e+05 1 0)
|        ( - -2.510e+04 1 0)))
s>    ( QUESTION0 -1 -3.786e+05 5.721e+02 1.713e+03
s>        ( QUESTION2_0_L -1 -2.110e+05 4.802e+02 9.745e+02
s>            ( - -1.365e+05 1 0)
s>            ( - -7.407e+04 1 0))
s>        ( WDBNDRY_B 0 -1.670e+05 4.802e+02 7.380e+02
s>            ( - -1.414e+05 1 0)
s>            ( - -2.510e+04 1 0)))INFO: dtree.c(1315): Comp split 4
INFO: dtree.c(1439): stop. leaf nodes are specific
INFO: dtree.c(1478): Final simple tree
|( QUESTION8 1 -1.100e+05 2.950e+02 5.086e+02
|    ( - -8.325e+04 1 0)
|    ( - -2.643e+04 1 0))
s>    ( QUESTION8 1 -1.100e+05 2.950e+02 5.086e+02
s>        ( - -8.325e+04 1 0)
s>        ( - -2.643e+04 1 0))INFO: dtree.c(1315): Comp split 5
INFO: dtree.c(1439): stop. leaf nodes are specific
INFO: dtree.c(1478): Final simple tree
|( WDBNDRY_B 0 -1.670e+05 4.802e+02 7.380e+02
|    ( - -1.414e+05 1 0)
|    ( - -2.510e+04 1 0))
s>    ( WDBNDRY_B 0 -1.670e+05 4.802e+02 7.380e+02
s>        ( - -1.414e+05 1 0)
s>        ( - -2.510e+04 1 0))INFO: dtree.c(1439): stop. leaf nodes are specific
INFO: dtree.c(1478): Final simple tree
|( QUESTION2_0_L -1 -2.110e+05 4.802e+02 9.745e+02
|    ( - -1.365e+05 1 0)
|    ( - -7.407e+04 1 0))
s>    ( QUESTION2_0_L -1 -2.110e+05 4.802e+02 9.745e+02
s>        ( - -1.365e+05 1 0)
s>        ( - -7.407e+04 1 0))INFO: dtree.c(1315): Comp split 6
INFO: dtree.c(1315): Comp split 7
INFO: dtree.c(1315): Comp split 8
INFO: dtree.c(1315): Comp split 9
INFO: dtree.c(1318): stop. leaf nodes are specific
Tue Jun  9 01:50:04 2020
