Current configuration:
[NAME]		[DEFLT]	[VALUE]
-allphones	no	no
-cntthresh	0.00001	1.000000e-05
-csplitmax	100	2000
-csplitmin	1	1
-csplitthr	8e-4	0.000000e+00
-example	no	no
-fullvar	no	no
-help		no	no
-meanfn			/home/nattapong/Downloads/acoustic_model/model_parameters/acoustic_model.cd_cont_untied/means
-mixwfn			/home/nattapong/Downloads/acoustic_model/model_parameters/acoustic_model.cd_cont_untied/mixture_weights
-moddeffn		/home/nattapong/Downloads/acoustic_model/model_architecture/acoustic_model.untied.mdef
-mwfloor	1e-4	1.000000e-08
-phone			T
-psetfn			/home/nattapong/Downloads/acoustic_model/model_architecture/acoustic_model.tree_questions
-ssplitmax	5	7
-ssplitmin	1	1
-ssplitthr	8e-4	0.000000e+00
-state			2
-stwt			1.0,0.05,0.0,
-treefn			/home/nattapong/Downloads/acoustic_model/trees/acoustic_model.unpruned/T-2.dtree
-ts2cbfn	.semi.	.cont.
-varfloor	0.00001	1.000000e-05
-varfn			/home/nattapong/Downloads/acoustic_model/model_parameters/acoustic_model.cd_cont_untied/variances

INFO: main.c(223): Reading: /home/nattapong/Downloads/acoustic_model/model_architecture/acoustic_model.untied.mdef
INFO: model_def_io.c(573): Model definition info:
INFO: model_def_io.c(574): 416 total models defined (36 base, 380 tri)
INFO: model_def_io.c(575): 1664 total states
INFO: model_def_io.c(576): 1248 total tied states
INFO: model_def_io.c(577): 108 total tied CI states
INFO: model_def_io.c(578): 36 total tied transition matrices
INFO: model_def_io.c(579): 4 max state/model
INFO: model_def_io.c(580): 4 min state/model
INFO: main.c(242): Building trees for [T A A i] through [T UW SIL e]
INFO: main.c(268): Covering states |[1038 1124]| == 87
INFO: main.c(275): Reading: /home/nattapong/Downloads/acoustic_model/model_parameters/acoustic_model.cd_cont_untied/mixture_weights
INFO: s3mixw_io.c(172): Read /home/nattapong/Downloads/acoustic_model/model_parameters/acoustic_model.cd_cont_untied/mixture_weights [87x1x1 array]
INFO: main.c(311): 29 of 29 models have observation count greater than 0.000010
INFO: main.c(95): nrm stwt: 0.000 0.048 0.952 
INFO: s3gau_io.c(168): Read /home/nattapong/Downloads/acoustic_model/model_parameters/acoustic_model.cd_cont_untied/means [1248x1x1 array]
INFO: s3gau_io.c(168): Read /home/nattapong/Downloads/acoustic_model/model_parameters/acoustic_model.cd_cont_untied/variances [1248x1x1 array]
INFO: main.c(549): Reading: /home/nattapong/Downloads/acoustic_model/model_architecture/acoustic_model.tree_questions
INFO: main.c(587): 178 total simple questions (170 phone; 8 word bndry)
INFO: main.c(589): 42 Left Only questions, and 40 Right Only questions
INFO: dtree.c(1478): Final simple tree
|( QUESTION0_9_R 1 -3.279e+06 2.123e+04 1.804e+04
|    ( - -1.476e+05 4 0 QUESTION0 -1 1.202e+03 8.151e+02)
|    ( QUESTION5 -1 -3.110e+06 5.021e+03 1.723e+04
|        ( - -5.386e+05 3 0 WDBNDRY_E 0 6.203e+02 2.991e+03)
|        ( QUESTION2_4_L -1 -2.567e+06 4.197e+03 1.423e+04
|            ( QUESTION5 1 -1.680e+06 2.510e+03 9.339e+03
|                ( QUESTION0_4_R 1 -4.394e+05 1.647e+03 2.506e+03
|                    ( - -3.111e+05 2 0)
|                    ( - -1.266e+05 1 0))
|                ( QUESTION0_6_R 1 -1.238e+06 2.413e+03 6.833e+03
|                    ( - -5.761e+05 2 0)
|                    ( - -6.594e+05 3 0 QUESTION0_8_R 1 1.047e+03 3.557e+03)))
|            ( QUESTION0_4_R 1 -8.828e+05 2.723e+03 4.895e+03
|                ( - -3.634e+04 2 0 WDBNDRY_B 0 4.173e+02 1.920e+02)
|                ( - -8.437e+05 12 0 QUESTION0 -1 1.329e+03 4.703e+03)))))
s>    ( QUESTION0_9_R 1 -3.279e+06 2.123e+04 1.804e+04
s>        ( - -1.476e+05 4 0 QUESTION0 -1 1.202e+03 8.151e+02)
s>        ( QUESTION5 -1 -3.110e+06 5.021e+03 1.723e+04
s>            ( - -5.386e+05 3 0 WDBNDRY_E 0 6.203e+02 2.991e+03)
s>            ( QUESTION2_4_L -1 -2.567e+06 4.197e+03 1.423e+04
s>                ( QUESTION5 1 -1.680e+06 2.510e+03 9.339e+03
s>                    ( QUESTION0_4_R 1 -4.394e+05 1.647e+03 2.506e+03
s>                        ( - -3.111e+05 2 0)
s>                        ( - -1.266e+05 1 0))
s>                    ( QUESTION0_6_R 1 -1.238e+06 2.413e+03 6.833e+03
s>                        ( - -5.761e+05 2 0)
s>                        ( - -6.594e+05 3 0 QUESTION0_8_R 1 1.047e+03 3.557e+03)))
s>                ( QUESTION0_4_R 1 -8.828e+05 2.723e+03 4.895e+03
s>                    ( - -3.634e+04 2 0 WDBNDRY_B 0 4.173e+02 1.920e+02)
s>                    ( - -8.437e+05 12 0 QUESTION0 -1 1.329e+03 4.703e+03)))))INFO: dtree.c(1315): Comp split 0
INFO: dtree.c(1478): Final simple tree
|( QUESTION5 -1 -3.110e+06 5.021e+03 1.723e+04
|    ( - -5.386e+05 3 0 WDBNDRY_E 0 6.203e+02 2.991e+03)
|    ( QUESTION2_4_L -1 -2.567e+06 4.197e+03 1.423e+04
|        ( QUESTION5 1 -1.680e+06 2.510e+03 9.339e+03
|            ( QUESTION0_4_R 1 -4.394e+05 1.647e+03 2.506e+03
|                ( - -3.111e+05 2 0)
|                ( - -1.266e+05 1 0))
|            ( QUESTION0_6_R 1 -1.238e+06 2.413e+03 6.833e+03
|                ( - -5.761e+05 2 0)
|                ( - -6.594e+05 3 0 QUESTION0_8_R 1 1.047e+03 3.557e+03)))
|        ( QUESTION0_4_R 1 -8.828e+05 2.723e+03 4.895e+03
|            ( - -3.634e+04 2 0 WDBNDRY_B 0 4.173e+02 1.920e+02)
|            ( QUESTION0 -1 -8.437e+05 1.329e+03 4.703e+03
|                ( - -3.683e+05 2 0 WDBNDRY_E 0 5.923e+02 2.037e+03)
|                ( - -4.741e+05 10 0 QUESTION15 -1 1.371e+03 2.666e+03)))))
s>    ( QUESTION5 -1 -3.110e+06 5.021e+03 1.723e+04
s>        ( - -5.386e+05 3 0 WDBNDRY_E 0 6.203e+02 2.991e+03)
s>        ( QUESTION2_4_L -1 -2.567e+06 4.197e+03 1.423e+04
s>            ( QUESTION5 1 -1.680e+06 2.510e+03 9.339e+03
s>                ( QUESTION0_4_R 1 -4.394e+05 1.647e+03 2.506e+03
s>                    ( - -3.111e+05 2 0)
s>                    ( - -1.266e+05 1 0))
s>                ( QUESTION0_6_R 1 -1.238e+06 2.413e+03 6.833e+03
s>                    ( - -5.761e+05 2 0)
s>                    ( - -6.594e+05 3 0 QUESTION0_8_R 1 1.047e+03 3.557e+03)))
s>            ( QUESTION0_4_R 1 -8.828e+05 2.723e+03 4.895e+03
s>                ( - -3.634e+04 2 0 WDBNDRY_B 0 4.173e+02 1.920e+02)
s>                ( QUESTION0 -1 -8.437e+05 1.329e+03 4.703e+03
s>                    ( - -3.683e+05 2 0 WDBNDRY_E 0 5.923e+02 2.037e+03)
s>                    ( - -4.741e+05 10 0 QUESTION15 -1 1.371e+03 2.666e+03)))))INFO: dtree.c(1439): stop. leaf nodes are specific
INFO: dtree.c(1478): Final simple tree
|( QUESTION0 -1 -1.476e+05 1.202e+03 8.151e+02
|    ( - -9.503e+04 2 0)
|    ( QUESTION2 -1 -5.142e+04 3.630e+02 3.036e+02
|        ( - -1.341e+04 1 0)
|        ( - -3.764e+04 1 0)))
s>    ( QUESTION0 -1 -1.476e+05 1.202e+03 8.151e+02
s>        ( - -9.503e+04 2 0)
s>        ( QUESTION2 -1 -5.142e+04 3.630e+02 3.036e+02
s>            ( - -1.341e+04 1 0)
s>            ( - -3.764e+04 1 0)))INFO: dtree.c(1315): Comp split 1
INFO: dtree.c(1478): Final simple tree
|( QUESTION5 1 -1.544e+06 2.326e+03 8.452e+03
|    ( - -4.759e+04 3 0 QUESTION0_0_R 1 5.474e+02 2.542e+02)
|    ( QUESTION2_4_L -1 -1.494e+06 2.253e+03 8.198e+03
|        ( QUESTION0_8_R 1 -6.594e+05 1.047e+03 3.557e+03
|            ( - -1.811e+04 1 0)
|            ( - -6.402e+05 2 0 WDBNDRY_E 0 7.849e+02 3.458e+03))
|        ( QUESTION0_0_R 1 -8.328e+05 1.331e+03 4.641e+03
|            ( QUESTION15 -1 -4.358e+05 1.435e+03 2.458e+03
|                ( - -9.891e+03 1 0)
|                ( WDBNDRY_B 0 -4.245e+05 1.328e+03 2.407e+03
|                    ( - -8.219e+04 1 0)
|                    ( QUESTION0 -1 -3.410e+05 9.787e+02 1.931e+03
|                        ( - -5.782e+04 1 0)
|                        ( - -2.822e+05 4 0 QUESTION2 -1 5.062e+02 1.615e+03))))
|            ( - -3.956e+05 4 0 WDBNDRY_I 0 5.641e+02 2.183e+03))))
s>    ( QUESTION5 1 -1.544e+06 2.326e+03 8.452e+03
s>        ( - -4.759e+04 3 0 QUESTION0_0_R 1 5.474e+02 2.542e+02)
s>        ( QUESTION2_4_L -1 -1.494e+06 2.253e+03 8.198e+03
s>            ( QUESTION0_8_R 1 -6.594e+05 1.047e+03 3.557e+03
s>                ( - -1.811e+04 1 0)
s>                ( - -6.402e+05 2 0 WDBNDRY_E 0 7.849e+02 3.458e+03))
s>            ( QUESTION0_0_R 1 -8.328e+05 1.331e+03 4.641e+03
s>                ( QUESTION15 -1 -4.358e+05 1.435e+03 2.458e+03
s>                    ( - -9.891e+03 1 0)
s>                    ( WDBNDRY_B 0 -4.245e+05 1.328e+03 2.407e+03
s>                        ( - -8.219e+04 1 0)
s>                        ( QUESTION0 -1 -3.410e+05 9.787e+02 1.931e+03
s>                            ( - -5.782e+04 1 0)
s>                            ( - -2.822e+05 4 0 QUESTION2 -1 5.062e+02 1.615e+03))))
s>                ( - -3.956e+05 4 0 WDBNDRY_I 0 5.641e+02 2.183e+03))))INFO: dtree.c(1439): stop. leaf nodes are specific
INFO: dtree.c(1478): Final simple tree
|( QUESTION0 -1 -1.560e+06 3.964e+03 8.773e+03
|    ( QUESTION0_4_R 1 -1.017e+06 2.444e+03 5.782e+03
|        ( - -3.111e+05 2 0)
|        ( QUESTION0_3_R 1 -7.038e+05 1.089e+03 4.004e+03
|            ( - -1.266e+05 1 0)
|            ( - -5.761e+05 2 0)))
|    ( WDBNDRY_E 0 -5.386e+05 6.203e+02 2.991e+03
|        ( - -3.981e+05 1 0)
|        ( QUESTION0_0_R 1 -1.399e+05 3.187e+02 7.888e+02
|            ( - -6.556e+04 1 0)
|            ( - -7.400e+04 1 0))))
s>    ( QUESTION0 -1 -1.560e+06 3.964e+03 8.773e+03
s>        ( QUESTION0_4_R 1 -1.017e+06 2.444e+03 5.782e+03
s>            ( - -3.111e+05 2 0)
s>            ( QUESTION0_3_R 1 -7.038e+05 1.089e+03 4.004e+03
s>                ( - -1.266e+05 1 0)
s>                ( - -5.761e+05 2 0)))
s>        ( WDBNDRY_E 0 -5.386e+05 6.203e+02 2.991e+03
s>            ( - -3.981e+05 1 0)
s>            ( QUESTION0_0_R 1 -1.399e+05 3.187e+02 7.888e+02
s>                ( - -6.556e+04 1 0)
s>                ( - -7.400e+04 1 0))))INFO: dtree.c(1315): Comp split 2
INFO: dtree.c(1439): stop. leaf nodes are specific
INFO: dtree.c(1478): Final simple tree
|( QUESTION0_4_R 1 -1.017e+06 2.444e+03 5.782e+03
|    ( - -3.111e+05 2 0)
|    ( QUESTION0_3_R 1 -7.038e+05 1.089e+03 4.004e+03
|        ( - -1.266e+05 1 0)
|        ( - -5.761e+05 2 0)))
s>    ( QUESTION0_4_R 1 -1.017e+06 2.444e+03 5.782e+03
s>        ( - -3.111e+05 2 0)
s>        ( QUESTION0_3_R 1 -7.038e+05 1.089e+03 4.004e+03
s>            ( - -1.266e+05 1 0)
s>            ( - -5.761e+05 2 0)))INFO: dtree.c(1439): stop. leaf nodes are specific
INFO: dtree.c(1478): Final simple tree
|( WDBNDRY_E 0 -5.386e+05 6.203e+02 2.991e+03
|    ( - -3.981e+05 1 0)
|    ( QUESTION0_0_R 1 -1.399e+05 3.187e+02 7.888e+02
|        ( - -6.556e+04 1 0)
|        ( - -7.400e+04 1 0)))
s>    ( WDBNDRY_E 0 -5.386e+05 6.203e+02 2.991e+03
s>        ( - -3.981e+05 1 0)
s>        ( QUESTION0_0_R 1 -1.399e+05 3.187e+02 7.888e+02
s>            ( - -6.556e+04 1 0)
s>            ( - -7.400e+04 1 0)))INFO: dtree.c(1315): Comp split 3
INFO: dtree.c(1439): stop. leaf nodes are specific
INFO: dtree.c(1478): Final simple tree
|( WDBNDRY_B 0 -3.656e+05 1.251e+03 2.091e+03
|    ( - -8.219e+04 1 0)
|    ( QUESTION2 -1 -2.822e+05 5.062e+02 1.615e+03
|        ( QUESTION0_3_R 1 -8.919e+04 3.190e+02 5.130e+02
|            ( - -5.279e+04 1 0)
|            ( - -3.608e+04 1 0))
|        ( QUESTION0_3_R 1 -1.925e+05 3.336e+02 1.102e+03
|            ( - -2.911e+04 1 0)
|            ( - -1.630e+05 1 0))))
s>    ( WDBNDRY_B 0 -3.656e+05 1.251e+03 2.091e+03
s>        ( - -8.219e+04 1 0)
s>        ( QUESTION2 -1 -2.822e+05 5.062e+02 1.615e+03
s>            ( QUESTION0_3_R 1 -8.919e+04 3.190e+02 5.130e+02
s>                ( - -5.279e+04 1 0)
s>                ( - -3.608e+04 1 0))
s>            ( QUESTION0_3_R 1 -1.925e+05 3.336e+02 1.102e+03
s>                ( - -2.911e+04 1 0)
s>                ( - -1.630e+05 1 0))))INFO: dtree.c(1478): Final simple tree
|( QUESTION5 1 -1.175e+06 1.929e+03 6.361e+03
|    ( QUESTION0_0_R 1 -4.759e+04 5.474e+02 2.542e+02
|        ( - -3.634e+04 2 0 WDBNDRY_B 0 4.173e+02 1.920e+02)
|        ( - -1.071e+04 1 0))
|    ( QUESTION2_4_L -1 -1.126e+06 1.522e+03 6.107e+03
|        ( QUESTION0_8_R 1 -6.594e+05 1.047e+03 3.557e+03
|            ( - -1.811e+04 1 0)
|            ( WDBNDRY_E 0 -6.402e+05 7.849e+02 3.458e+03
|                ( - -5.584e+05 1 0)
|                ( - -8.101e+04 1 0)))
|        ( QUESTION15 -1 -4.649e+05 9.772e+02 2.550e+03
|            ( - -9.891e+03 1 0)
|            ( QUESTION2_6_L -1 -4.540e+05 6.624e+02 2.499e+03
|                ( - -8.992e+04 2 0 QUESTION0_0_R 1 3.722e+02 4.924e+02)
|                ( - -3.634e+05 3 0 WDBNDRY_I 0 5.424e+02 2.007e+03)))))
s>    ( QUESTION5 1 -1.175e+06 1.929e+03 6.361e+03
s>        ( QUESTION0_0_R 1 -4.759e+04 5.474e+02 2.542e+02
s>            ( - -3.634e+04 2 0 WDBNDRY_B 0 4.173e+02 1.920e+02)
s>            ( - -1.071e+04 1 0))
s>        ( QUESTION2_4_L -1 -1.126e+06 1.522e+03 6.107e+03
s>            ( QUESTION0_8_R 1 -6.594e+05 1.047e+03 3.557e+03
s>                ( - -1.811e+04 1 0)
s>                ( WDBNDRY_E 0 -6.402e+05 7.849e+02 3.458e+03
s>                    ( - -5.584e+05 1 0)
s>                    ( - -8.101e+04 1 0)))
s>            ( QUESTION15 -1 -4.649e+05 9.772e+02 2.550e+03
s>                ( - -9.891e+03 1 0)
s>                ( QUESTION2_6_L -1 -4.540e+05 6.624e+02 2.499e+03
s>                    ( - -8.992e+04 2 0 QUESTION0_0_R 1 3.722e+02 4.924e+02)
s>                    ( - -3.634e+05 3 0 WDBNDRY_I 0 5.424e+02 2.007e+03)))))INFO: dtree.c(1315): Comp split 4
INFO: dtree.c(1439): stop. leaf nodes are specific
INFO: dtree.c(1478): Final simple tree
|( QUESTION2 -1 -4.690e+04 7.258e+02 2.426e+02
|    ( - -2.974e+04 1 0)
|    ( WDBNDRY_B 0 -1.643e+04 3.669e+02 8.382e+01
|        ( - -6.177e+03 1 0)
|        ( - -9.891e+03 1 0)))
s>    ( QUESTION2 -1 -4.690e+04 7.258e+02 2.426e+02
s>        ( - -2.974e+04 1 0)
s>        ( WDBNDRY_B 0 -1.643e+04 3.669e+02 8.382e+01
s>            ( - -6.177e+03 1 0)
s>            ( - -9.891e+03 1 0)))INFO: dtree.c(1478): Final simple tree
|( QUESTION2_4_L -1 -1.126e+06 1.527e+03 6.118e+03
|    ( QUESTION0_8_R 1 -6.594e+05 1.047e+03 3.557e+03
|        ( - -1.811e+04 1 0)
|        ( WDBNDRY_E 0 -6.402e+05 7.849e+02 3.458e+03
|            ( - -5.584e+05 1 0)
|            ( - -8.101e+04 1 0)))
|    ( QUESTION2_6_L -1 -4.649e+05 6.650e+02 2.561e+03
|        ( QUESTION0_0_R 1 -8.992e+04 3.722e+02 4.924e+02
|            ( - -5.782e+04 1 0)
|            ( - -3.173e+04 1 0))
|        ( WDBNDRY_I 0 -3.744e+05 5.393e+02 2.069e+03
|            ( - -2.495e+04 1 0)
|            ( QUESTION0_16_R 1 -3.489e+05 4.376e+02 1.925e+03
|                ( - -2.757e+04 1 0)
|                ( - -3.209e+05 2 0 WDBNDRY_B 0 2.476e+02 1.784e+03)))))
s>    ( QUESTION2_4_L -1 -1.126e+06 1.527e+03 6.118e+03
s>        ( QUESTION0_8_R 1 -6.594e+05 1.047e+03 3.557e+03
s>            ( - -1.811e+04 1 0)
s>            ( WDBNDRY_E 0 -6.402e+05 7.849e+02 3.458e+03
s>                ( - -5.584e+05 1 0)
s>                ( - -8.101e+04 1 0)))
s>        ( QUESTION2_6_L -1 -4.649e+05 6.650e+02 2.561e+03
s>            ( QUESTION0_0_R 1 -8.992e+04 3.722e+02 4.924e+02
s>                ( - -5.782e+04 1 0)
s>                ( - -3.173e+04 1 0))
s>            ( WDBNDRY_I 0 -3.744e+05 5.393e+02 2.069e+03
s>                ( - -2.495e+04 1 0)
s>                ( QUESTION0_16_R 1 -3.489e+05 4.376e+02 1.925e+03
s>                    ( - -2.757e+04 1 0)
s>                    ( - -3.209e+05 2 0 WDBNDRY_B 0 2.476e+02 1.784e+03)))))INFO: dtree.c(1315): Comp split 5
INFO: dtree.c(1439): stop. leaf nodes are specific
INFO: dtree.c(1478): Final simple tree
|( QUESTION0_3_R 1 -7.038e+05 1.089e+03 4.004e+03
|    ( - -1.266e+05 1 0)
|    ( - -5.761e+05 2 0))
s>    ( QUESTION0_3_R 1 -7.038e+05 1.089e+03 4.004e+03
s>        ( - -1.266e+05 1 0)
s>        ( - -5.761e+05 2 0))INFO: dtree.c(1315): Comp split 6
INFO: dtree.c(1439): stop. leaf nodes are specific
INFO: dtree.c(1478): Final simple tree
|( QUESTION0_0_R 1 -4.327e+05 5.770e+02 2.384e+03
|    ( - -5.782e+04 1 0)
|    ( WDBNDRY_I 0 -3.744e+05 5.393e+02 2.069e+03
|        ( - -2.495e+04 1 0)
|        ( QUESTION0_16_R 1 -3.489e+05 4.376e+02 1.925e+03
|            ( - -2.757e+04 1 0)
|            ( WDBNDRY_B 0 -3.209e+05 2.476e+02 1.784e+03
|                ( - -1.071e+04 1 0)
|                ( - -3.099e+05 1 0)))))
s>    ( QUESTION0_0_R 1 -4.327e+05 5.770e+02 2.384e+03
s>        ( - -5.782e+04 1 0)
s>        ( WDBNDRY_I 0 -3.744e+05 5.393e+02 2.069e+03
s>            ( - -2.495e+04 1 0)
s>            ( QUESTION0_16_R 1 -3.489e+05 4.376e+02 1.925e+03
s>                ( - -2.757e+04 1 0)
s>                ( WDBNDRY_B 0 -3.209e+05 2.476e+02 1.784e+03
s>                    ( - -1.071e+04 1 0)
s>                    ( - -3.099e+05 1 0)))))INFO: dtree.c(1439): stop. leaf nodes are specific
INFO: dtree.c(1478): Final simple tree
|( QUESTION0_13_R 1 -6.915e+05 1.023e+03 3.734e+03
|    ( - -1.811e+04 1 0)
|    ( QUESTION0_0_R 1 -6.724e+05 7.901e+02 3.635e+03
|        ( - -8.101e+04 1 0)
|        ( WDBNDRY_E 0 -5.906e+05 4.073e+02 3.189e+03
|            ( - -5.584e+05 1 0)
|            ( - -3.173e+04 1 0))))
s>    ( QUESTION0_13_R 1 -6.915e+05 1.023e+03 3.734e+03
s>        ( - -1.811e+04 1 0)
s>        ( QUESTION0_0_R 1 -6.724e+05 7.901e+02 3.635e+03
s>            ( - -8.101e+04 1 0)
s>            ( WDBNDRY_E 0 -5.906e+05 4.073e+02 3.189e+03
s>                ( - -5.584e+05 1 0)
s>                ( - -3.173e+04 1 0))))INFO: dtree.c(1315): Comp split 7
INFO: dtree.c(1439): stop. leaf nodes are specific
INFO: dtree.c(1478): Final simple tree
|( QUESTION2 -1 -2.822e+05 5.062e+02 1.615e+03
|    ( QUESTION0_3_R 1 -8.919e+04 3.190e+02 5.130e+02
|        ( - -5.279e+04 1 0)
|        ( - -3.608e+04 1 0))
|    ( QUESTION0_3_R 1 -1.925e+05 3.336e+02 1.102e+03
|        ( - -2.911e+04 1 0)
|        ( - -1.630e+05 1 0)))
s>    ( QUESTION2 -1 -2.822e+05 5.062e+02 1.615e+03
s>        ( QUESTION0_3_R 1 -8.919e+04 3.190e+02 5.130e+02
s>            ( - -5.279e+04 1 0)
s>            ( - -3.608e+04 1 0))
s>        ( QUESTION0_3_R 1 -1.925e+05 3.336e+02 1.102e+03
s>            ( - -2.911e+04 1 0)
s>            ( - -1.630e+05 1 0)))INFO: dtree.c(1315): Comp split 8
INFO: dtree.c(1439): stop. leaf nodes are specific
INFO: dtree.c(1478): Final simple tree
|( QUESTION2 -1 -5.142e+04 3.630e+02 3.036e+02
|    ( - -1.341e+04 1 0)
|    ( - -3.764e+04 1 0))
s>    ( QUESTION2 -1 -5.142e+04 3.630e+02 3.036e+02
s>        ( - -1.341e+04 1 0)
s>        ( - -3.764e+04 1 0))INFO: dtree.c(1315): Comp split 9
INFO: dtree.c(1315): Comp split 10
INFO: dtree.c(1439): stop. leaf nodes are specific
INFO: dtree.c(1478): Final simple tree
|( QUESTION0_0_R 1 -6.724e+05 7.901e+02 3.635e+03
|    ( - -8.101e+04 1 0)
|    ( WDBNDRY_E 0 -5.906e+05 4.073e+02 3.189e+03
|        ( - -5.584e+05 1 0)
|        ( - -3.173e+04 1 0)))
s>    ( QUESTION0_0_R 1 -6.724e+05 7.901e+02 3.635e+03
s>        ( - -8.101e+04 1 0)
s>        ( WDBNDRY_E 0 -5.906e+05 4.073e+02 3.189e+03
s>            ( - -5.584e+05 1 0)
s>            ( - -3.173e+04 1 0)))INFO: dtree.c(1315): Comp split 11
INFO: dtree.c(1439): stop. leaf nodes are specific
INFO: dtree.c(1478): Final simple tree
|( WDBNDRY_E 0 -5.906e+05 4.073e+02 3.189e+03
|    ( - -5.584e+05 1 0)
|    ( - -3.173e+04 1 0))
s>    ( WDBNDRY_E 0 -5.906e+05 4.073e+02 3.189e+03
s>        ( - -5.584e+05 1 0)
s>        ( - -3.173e+04 1 0))INFO: dtree.c(1315): Comp split 12
INFO: dtree.c(1439): stop. leaf nodes are specific
INFO: dtree.c(1478): Final simple tree
|( WDBNDRY_B 0 -1.643e+04 3.669e+02 8.382e+01
|    ( - -6.177e+03 1 0)
|    ( - -9.891e+03 1 0))
s>    ( WDBNDRY_B 0 -1.643e+04 3.669e+02 8.382e+01
s>        ( - -6.177e+03 1 0)
s>        ( - -9.891e+03 1 0))INFO: dtree.c(1315): Comp split 13
INFO: dtree.c(1439): stop. leaf nodes are specific
INFO: dtree.c(1478): Final simple tree
|( QUESTION0_0_R 1 -1.399e+05 3.187e+02 7.888e+02
|    ( - -6.556e+04 1 0)
|    ( - -7.400e+04 1 0))
s>    ( QUESTION0_0_R 1 -1.399e+05 3.187e+02 7.888e+02
s>        ( - -6.556e+04 1 0)
s>        ( - -7.400e+04 1 0))INFO: dtree.c(1315): Comp split 14
INFO: dtree.c(1439): stop. leaf nodes are specific
INFO: dtree.c(1478): Final simple tree
|( WDBNDRY_B 0 -8.579e+04 4.047e+02 4.573e+02
|    ( - -2.757e+04 1 0)
|    ( - -5.782e+04 1 0))
s>    ( WDBNDRY_B 0 -8.579e+04 4.047e+02 4.573e+02
s>        ( - -2.757e+04 1 0)
s>        ( - -5.782e+04 1 0))INFO: dtree.c(1439): stop. leaf nodes are specific
INFO: dtree.c(1478): Final simple tree
|( WDBNDRY_I 0 -3.463e+05 5.439e+02 1.927e+03
|    ( - -2.495e+04 1 0)
|    ( WDBNDRY_B 0 -3.209e+05 2.476e+02 1.784e+03
|        ( - -1.071e+04 1 0)
|        ( - -3.099e+05 1 0)))
s>    ( WDBNDRY_I 0 -3.463e+05 5.439e+02 1.927e+03
s>        ( - -2.495e+04 1 0)
s>        ( WDBNDRY_B 0 -3.209e+05 2.476e+02 1.784e+03
s>            ( - -1.071e+04 1 0)
s>            ( - -3.099e+05 1 0)))INFO: dtree.c(1315): Comp split 15
INFO: dtree.c(1439): stop. leaf nodes are specific
INFO: dtree.c(1478): Final simple tree
|( WDBNDRY_B 0 -3.209e+05 2.476e+02 1.784e+03
|    ( - -1.071e+04 1 0)
|    ( - -3.099e+05 1 0))
s>    ( WDBNDRY_B 0 -3.209e+05 2.476e+02 1.784e+03
s>        ( - -1.071e+04 1 0)
s>        ( - -3.099e+05 1 0))INFO: dtree.c(1315): Comp split 16
INFO: dtree.c(1439): stop. leaf nodes are specific
INFO: dtree.c(1478): Final simple tree
|( QUESTION0_3_R 1 -1.925e+05 3.336e+02 1.102e+03
|    ( - -2.911e+04 1 0)
|    ( - -1.630e+05 1 0))
s>    ( QUESTION0_3_R 1 -1.925e+05 3.336e+02 1.102e+03
s>        ( - -2.911e+04 1 0)
s>        ( - -1.630e+05 1 0))INFO: dtree.c(1439): stop. leaf nodes are specific
INFO: dtree.c(1478): Final simple tree
|( QUESTION0_3_R 1 -8.919e+04 3.190e+02 5.130e+02
|    ( - -5.279e+04 1 0)
|    ( - -3.608e+04 1 0))
s>    ( QUESTION0_3_R 1 -8.919e+04 3.190e+02 5.130e+02
s>        ( - -5.279e+04 1 0)
s>        ( - -3.608e+04 1 0))INFO: dtree.c(1315): Comp split 17
INFO: dtree.c(1315): Comp split 18
INFO: dtree.c(1315): Comp split 19
INFO: dtree.c(1315): Comp split 20
INFO: dtree.c(1315): Comp split 21
INFO: dtree.c(1315): Comp split 22
INFO: dtree.c(1315): Comp split 23
INFO: dtree.c(1315): Comp split 24
INFO: dtree.c(1315): Comp split 25
INFO: dtree.c(1318): stop. leaf nodes are specific
Tue Jun  9 01:50:02 2020
