Current configuration:
[NAME]		[DEFLT]			[VALUE]
-example	no			no
-fullvar	no			no
-help		no			no
-meanfn					/home/nattapong/Downloads/acoustic_model/model_parameters/acoustic_model.ci_cont/means
-mixwfn					/home/nattapong/Downloads/acoustic_model/model_parameters/acoustic_model.ci_cont/mixture_weights
-moddeffn				/home/nattapong/Downloads/acoustic_model/model_architecture/acoustic_model.ci.mdef
-niter		0			1
-npermute	6			12
-qstperstt	8			20
-questfn				/home/nattapong/Downloads/acoustic_model/model_architecture/acoustic_model.tree_questions
-tempfn		/tmp/TEMP.QUESTS	/tmp/TEMP.QUESTS
-type					.cont.
-varfloor	1.0e-08			1.000000e-08
-varfn					/home/nattapong/Downloads/acoustic_model/model_parameters/acoustic_model.ci_cont/variances

INFO: main.c(792): Reading: /home/nattapong/Downloads/acoustic_model/model_architecture/acoustic_model.ci.mdef
INFO: model_def_io.c(573): Model definition info:
INFO: model_def_io.c(574): 36 total models defined (36 base, 0 tri)
INFO: model_def_io.c(575): 144 total states
INFO: model_def_io.c(576): 108 total tied states
INFO: model_def_io.c(577): 108 total tied CI states
INFO: model_def_io.c(578): 36 total tied transition matrices
INFO: model_def_io.c(579): 4 max state/model
INFO: model_def_io.c(580): 4 min state/model
INFO: main.c(811): Reading: /home/nattapong/Downloads/acoustic_model/model_parameters/acoustic_model.ci_cont/mixture_weights
INFO: s3mixw_io.c(116): Read /home/nattapong/Downloads/acoustic_model/model_parameters/acoustic_model.ci_cont/mixture_weights [108x1x1 array]
INFO: s3gau_io.c(168): Read /home/nattapong/Downloads/acoustic_model/model_parameters/acoustic_model.ci_cont/means [108x1x1 array]
INFO: s3gau_io.c(168): Read /home/nattapong/Downloads/acoustic_model/model_parameters/acoustic_model.ci_cont/variances [108x1x1 array]
INFO: main.c(1109): Done building questions using state 0
INFO: main.c(1110):  20 questions from state 0
INFO: main.c(1109): Done building questions using state 1
INFO: main.c(1110):  21 questions from state 1
INFO: main.c(1109): Done building questions using state 2
INFO: main.c(1110):  21 questions from state 2
INFO: main.c(1115): Stored questions in /home/nattapong/Downloads/acoustic_model/model_architecture/acoustic_model.tree_questions
Tue Jun  9 01:49:59 2020
