Current configuration:
[NAME]		[DEFLT]	[VALUE]
-allphones	no	no
-cntthresh	0.00001	1.000000e-05
-csplitmax	100	2000
-csplitmin	1	1
-csplitthr	8e-4	0.000000e+00
-example	no	no
-fullvar	no	no
-help		no	no
-meanfn			/home/nattapong/Downloads/acoustic_model/model_parameters/acoustic_model.cd_cont_untied/means
-mixwfn			/home/nattapong/Downloads/acoustic_model/model_parameters/acoustic_model.cd_cont_untied/mixture_weights
-moddeffn		/home/nattapong/Downloads/acoustic_model/model_architecture/acoustic_model.untied.mdef
-mwfloor	1e-4	1.000000e-08
-phone			D
-psetfn			/home/nattapong/Downloads/acoustic_model/model_architecture/acoustic_model.tree_questions
-ssplitmax	5	7
-ssplitmin	1	1
-ssplitthr	8e-4	0.000000e+00
-state			2
-stwt			1.0,0.05,0.0,
-treefn			/home/nattapong/Downloads/acoustic_model/trees/acoustic_model.unpruned/D-2.dtree
-ts2cbfn	.semi.	.cont.
-varfloor	0.00001	1.000000e-05
-varfn			/home/nattapong/Downloads/acoustic_model/model_parameters/acoustic_model.cd_cont_untied/variances

INFO: main.c(223): Reading: /home/nattapong/Downloads/acoustic_model/model_architecture/acoustic_model.untied.mdef
INFO: model_def_io.c(573): Model definition info:
INFO: model_def_io.c(574): 416 total models defined (36 base, 380 tri)
INFO: model_def_io.c(575): 1664 total states
INFO: model_def_io.c(576): 1248 total tied states
INFO: model_def_io.c(577): 108 total tied CI states
INFO: model_def_io.c(578): 36 total tied transition matrices
INFO: model_def_io.c(579): 4 max state/model
INFO: model_def_io.c(580): 4 min state/model
INFO: main.c(242): Building trees for [D A A i] through [D OW SIL e]
INFO: main.c(268): Covering states |[462 506]| == 45
INFO: main.c(275): Reading: /home/nattapong/Downloads/acoustic_model/model_parameters/acoustic_model.cd_cont_untied/mixture_weights
INFO: s3mixw_io.c(172): Read /home/nattapong/Downloads/acoustic_model/model_parameters/acoustic_model.cd_cont_untied/mixture_weights [45x1x1 array]
INFO: main.c(311): 15 of 15 models have observation count greater than 0.000010
INFO: main.c(95): nrm stwt: 0.000 0.048 0.952 
INFO: s3gau_io.c(168): Read /home/nattapong/Downloads/acoustic_model/model_parameters/acoustic_model.cd_cont_untied/means [1248x1x1 array]
INFO: s3gau_io.c(168): Read /home/nattapong/Downloads/acoustic_model/model_parameters/acoustic_model.cd_cont_untied/variances [1248x1x1 array]
INFO: main.c(549): Reading: /home/nattapong/Downloads/acoustic_model/model_architecture/acoustic_model.tree_questions
INFO: main.c(587): 178 total simple questions (170 phone; 8 word bndry)
INFO: main.c(589): 42 Left Only questions, and 40 Right Only questions
INFO: dtree.c(1478): Final simple tree
|( QUESTION0_9_R 1 -7.836e+05 8.159e+03 4.162e+03
|    ( - -1.070e+05 2 0 QUESTION2_0_L -1 2.600e+02 5.875e+02)
|    ( QUESTION0 -1 -6.684e+05 2.513e+03 3.575e+03
|        ( QUESTION0 1 -2.709e+05 8.366e+02 1.492e+03
|            ( QUESTION0_3_R 1 -1.552e+05 7.505e+02 8.642e+02
|                ( - -1.319e+05 1 0)
|                ( - -2.259e+04 1 0))
|            ( - -1.148e+05 4 0 QUESTION0_4_R 1 6.103e+02 6.275e+02))
|        ( WDBNDRY_E 0 -3.950e+05 1.860e+03 2.083e+03
|            ( - -2.256e+05 1 0)
|            ( QUESTION0_4_R 1 -1.675e+05 1.164e+03 9.022e+02
|                ( - -2.682e+04 1 0)
|                ( QUESTION15 1 -1.396e+05 8.404e+02 7.585e+02
|                    ( - -4.180e+04 2 0 QUESTION0_0_R 1 3.735e+02 2.282e+02)
|                    ( - -9.692e+04 3 0 QUESTION3 -1 5.284e+02 5.304e+02))))))
s>    ( QUESTION0_9_R 1 -7.836e+05 8.159e+03 4.162e+03
s>        ( - -1.070e+05 2 0 QUESTION2_0_L -1 2.600e+02 5.875e+02)
s>        ( QUESTION0 -1 -6.684e+05 2.513e+03 3.575e+03
s>            ( QUESTION0 1 -2.709e+05 8.366e+02 1.492e+03
s>                ( QUESTION0_3_R 1 -1.552e+05 7.505e+02 8.642e+02
s>                    ( - -1.319e+05 1 0)
s>                    ( - -2.259e+04 1 0))
s>                ( - -1.148e+05 4 0 QUESTION0_4_R 1 6.103e+02 6.275e+02))
s>            ( WDBNDRY_E 0 -3.950e+05 1.860e+03 2.083e+03
s>                ( - -2.256e+05 1 0)
s>                ( QUESTION0_4_R 1 -1.675e+05 1.164e+03 9.022e+02
s>                    ( - -2.682e+04 1 0)
s>                    ( QUESTION15 1 -1.396e+05 8.404e+02 7.585e+02
s>                        ( - -4.180e+04 2 0 QUESTION0_0_R 1 3.735e+02 2.282e+02)
s>                        ( - -9.692e+04 3 0 QUESTION3 -1 5.284e+02 5.304e+02))))))INFO: dtree.c(1315): Comp split 0
INFO: dtree.c(1478): Final simple tree
|( QUESTION0 -1 -6.684e+05 2.513e+03 3.575e+03
|    ( QUESTION0 1 -2.709e+05 8.366e+02 1.492e+03
|        ( QUESTION0_3_R 1 -1.552e+05 7.505e+02 8.642e+02
|            ( - -1.319e+05 1 0)
|            ( - -2.259e+04 1 0))
|        ( QUESTION0_4_R 1 -1.148e+05 6.103e+02 6.275e+02
|            ( - -3.471e+04 1 0)
|            ( - -7.948e+04 3 0 QUESTION0_16_R 1 3.724e+02 4.297e+02)))
|    ( WDBNDRY_E 0 -3.950e+05 1.860e+03 2.083e+03
|        ( - -2.256e+05 1 0)
|        ( QUESTION0_4_R 1 -1.675e+05 1.164e+03 9.022e+02
|            ( - -2.682e+04 1 0)
|            ( QUESTION15 1 -1.396e+05 8.404e+02 7.585e+02
|                ( - -4.180e+04 2 0 QUESTION0_0_R 1 3.735e+02 2.282e+02)
|                ( - -9.692e+04 3 0 QUESTION3 -1 5.284e+02 5.304e+02)))))
s>    ( QUESTION0 -1 -6.684e+05 2.513e+03 3.575e+03
s>        ( QUESTION0 1 -2.709e+05 8.366e+02 1.492e+03
s>            ( QUESTION0_3_R 1 -1.552e+05 7.505e+02 8.642e+02
s>                ( - -1.319e+05 1 0)
s>                ( - -2.259e+04 1 0))
s>            ( QUESTION0_4_R 1 -1.148e+05 6.103e+02 6.275e+02
s>                ( - -3.471e+04 1 0)
s>                ( - -7.948e+04 3 0 QUESTION0_16_R 1 3.724e+02 4.297e+02)))
s>        ( WDBNDRY_E 0 -3.950e+05 1.860e+03 2.083e+03
s>            ( - -2.256e+05 1 0)
s>            ( QUESTION0_4_R 1 -1.675e+05 1.164e+03 9.022e+02
s>                ( - -2.682e+04 1 0)
s>                ( QUESTION15 1 -1.396e+05 8.404e+02 7.585e+02
s>                    ( - -4.180e+04 2 0 QUESTION0_0_R 1 3.735e+02 2.282e+02)
s>                    ( - -9.692e+04 3 0 QUESTION3 -1 5.284e+02 5.304e+02)))))INFO: dtree.c(1439): stop. leaf nodes are specific
INFO: dtree.c(1478): Final simple tree
|( QUESTION2_0_L -1 -1.070e+05 2.600e+02 5.875e+02
|    ( - -6.906e+04 1 0)
|    ( - -3.766e+04 1 0))
s>    ( QUESTION2_0_L -1 -1.070e+05 2.600e+02 5.875e+02
s>        ( - -6.906e+04 1 0)
s>        ( - -3.766e+04 1 0))INFO: dtree.c(1315): Comp split 1
INFO: dtree.c(1478): Final simple tree
|( QUESTION0 -1 -4.121e+05 1.622e+03 2.250e+03
|    ( QUESTION0 1 -2.709e+05 8.366e+02 1.492e+03
|        ( QUESTION0_3_R 1 -1.552e+05 7.505e+02 8.642e+02
|            ( - -1.319e+05 1 0)
|            ( - -2.259e+04 1 0))
|        ( QUESTION0_4_R 1 -1.148e+05 6.103e+02 6.275e+02
|            ( - -3.471e+04 1 0)
|            ( - -7.948e+04 3 0 QUESTION0_16_R 1 3.724e+02 4.297e+02)))
|    ( QUESTION15 1 -1.396e+05 8.404e+02 7.585e+02
|        ( - -4.180e+04 2 0 QUESTION0_0_R 1 3.735e+02 2.282e+02)
|        ( QUESTION3 -1 -9.692e+04 5.284e+02 5.304e+02
|            ( QUESTION0_0_R 1 -5.423e+04 4.138e+02 2.958e+02
|                ( - -3.795e+04 1 0)
|                ( - -1.587e+04 1 0))
|            ( - -4.216e+04 1 0))))
s>    ( QUESTION0 -1 -4.121e+05 1.622e+03 2.250e+03
s>        ( QUESTION0 1 -2.709e+05 8.366e+02 1.492e+03
s>            ( QUESTION0_3_R 1 -1.552e+05 7.505e+02 8.642e+02
s>                ( - -1.319e+05 1 0)
s>                ( - -2.259e+04 1 0))
s>            ( QUESTION0_4_R 1 -1.148e+05 6.103e+02 6.275e+02
s>                ( - -3.471e+04 1 0)
s>                ( - -7.948e+04 3 0 QUESTION0_16_R 1 3.724e+02 4.297e+02)))
s>        ( QUESTION15 1 -1.396e+05 8.404e+02 7.585e+02
s>            ( - -4.180e+04 2 0 QUESTION0_0_R 1 3.735e+02 2.282e+02)
s>            ( QUESTION3 -1 -9.692e+04 5.284e+02 5.304e+02
s>                ( QUESTION0_0_R 1 -5.423e+04 4.138e+02 2.958e+02
s>                    ( - -3.795e+04 1 0)
s>                    ( - -1.587e+04 1 0))
s>                ( - -4.216e+04 1 0))))INFO: dtree.c(1439): stop. leaf nodes are specific
INFO: dtree.c(1478): Final simple tree
|( WDBNDRY_E 0 -2.536e+05 1.141e+03 1.324e+03
|    ( - -2.256e+05 1 0)
|    ( - -2.682e+04 1 0))
s>    ( WDBNDRY_E 0 -2.536e+05 1.141e+03 1.324e+03
s>        ( - -2.256e+05 1 0)
s>        ( - -2.682e+04 1 0))INFO: dtree.c(1315): Comp split 2
INFO: dtree.c(1439): stop. leaf nodes are specific
INFO: dtree.c(1478): Final simple tree
|( QUESTION15 1 -1.628e+05 9.623e+02 8.820e+02
|    ( QUESTION0_0_R 1 -4.180e+04 3.735e+02 2.282e+02
|        ( - -1.984e+04 1 0)
|        ( - -2.158e+04 1 0))
|    ( QUESTION5 -1 -1.201e+05 6.365e+02 6.538e+02
|        ( - -4.216e+04 1 0)
|        ( QUESTION0_0_R 1 -7.727e+04 5.017e+02 4.192e+02
|            ( QUESTION0_3_R 1 -6.090e+04 3.490e+02 3.331e+02
|                ( - -3.795e+04 1 0)
|                ( - -2.259e+04 1 0))
|            ( - -1.587e+04 1 0))))
s>    ( QUESTION15 1 -1.628e+05 9.623e+02 8.820e+02
s>        ( QUESTION0_0_R 1 -4.180e+04 3.735e+02 2.282e+02
s>            ( - -1.984e+04 1 0)
s>            ( - -2.158e+04 1 0))
s>        ( QUESTION5 -1 -1.201e+05 6.365e+02 6.538e+02
s>            ( - -4.216e+04 1 0)
s>            ( QUESTION0_0_R 1 -7.727e+04 5.017e+02 4.192e+02
s>                ( QUESTION0_3_R 1 -6.090e+04 3.490e+02 3.331e+02
s>                    ( - -3.795e+04 1 0)
s>                    ( - -2.259e+04 1 0))
s>                ( - -1.587e+04 1 0))))INFO: dtree.c(1439): stop. leaf nodes are specific
INFO: dtree.c(1478): Final simple tree
|( QUESTION0 1 -2.476e+05 8.538e+02 1.368e+03
|    ( - -1.319e+05 1 0)
|    ( QUESTION0_4_R 1 -1.148e+05 6.103e+02 6.275e+02
|        ( - -3.471e+04 1 0)
|        ( QUESTION0_16_R 1 -7.948e+04 3.724e+02 4.297e+02
|            ( - -3.249e+04 1 0)
|            ( QUESTION0_0_R 1 -4.661e+04 2.364e+02 2.561e+02
|                ( - -9.785e+03 1 0)
|                ( - -3.659e+04 1 0)))))
s>    ( QUESTION0 1 -2.476e+05 8.538e+02 1.368e+03
s>        ( - -1.319e+05 1 0)
s>        ( QUESTION0_4_R 1 -1.148e+05 6.103e+02 6.275e+02
s>            ( - -3.471e+04 1 0)
s>            ( QUESTION0_16_R 1 -7.948e+04 3.724e+02 4.297e+02
s>                ( - -3.249e+04 1 0)
s>                ( QUESTION0_0_R 1 -4.661e+04 2.364e+02 2.561e+02
s>                    ( - -9.785e+03 1 0)
s>                    ( - -3.659e+04 1 0)))))INFO: dtree.c(1315): Comp split 3
INFO: dtree.c(1315): Comp split 4
INFO: dtree.c(1439): stop. leaf nodes are specific
INFO: dtree.c(1478): Final simple tree
|( QUESTION0_16_R 1 -7.948e+04 3.724e+02 4.297e+02
|    ( - -3.249e+04 1 0)
|    ( QUESTION0_0_R 1 -4.661e+04 2.364e+02 2.561e+02
|        ( - -9.785e+03 1 0)
|        ( - -3.659e+04 1 0)))
s>    ( QUESTION0_16_R 1 -7.948e+04 3.724e+02 4.297e+02
s>        ( - -3.249e+04 1 0)
s>        ( QUESTION0_0_R 1 -4.661e+04 2.364e+02 2.561e+02
s>            ( - -9.785e+03 1 0)
s>            ( - -3.659e+04 1 0)))INFO: dtree.c(1439): stop. leaf nodes are specific
INFO: dtree.c(1478): Final simple tree
|( QUESTION0_4_R 1 -1.671e+05 4.975e+02 9.386e+02
|    ( - -3.471e+04 1 0)
|    ( - -1.319e+05 1 0))
s>    ( QUESTION0_4_R 1 -1.671e+05 4.975e+02 9.386e+02
s>        ( - -3.471e+04 1 0)
s>        ( - -1.319e+05 1 0))INFO: dtree.c(1315): Comp split 5
INFO: dtree.c(1439): stop. leaf nodes are specific
INFO: dtree.c(1478): Final simple tree
|( QUESTION5 -1 -1.201e+05 6.365e+02 6.538e+02
|    ( - -4.216e+04 1 0)
|    ( QUESTION0_0_R 1 -7.727e+04 5.017e+02 4.192e+02
|        ( QUESTION0_3_R 1 -6.090e+04 3.490e+02 3.331e+02
|            ( - -3.795e+04 1 0)
|            ( - -2.259e+04 1 0))
|        ( - -1.587e+04 1 0)))
s>    ( QUESTION5 -1 -1.201e+05 6.365e+02 6.538e+02
s>        ( - -4.216e+04 1 0)
s>        ( QUESTION0_0_R 1 -7.727e+04 5.017e+02 4.192e+02
s>            ( QUESTION0_3_R 1 -6.090e+04 3.490e+02 3.331e+02
s>                ( - -3.795e+04 1 0)
s>                ( - -2.259e+04 1 0))
s>            ( - -1.587e+04 1 0)))INFO: dtree.c(1439): stop. leaf nodes are specific
INFO: dtree.c(1478): Final simple tree
|( QUESTION0_0_R 1 -4.180e+04 3.735e+02 2.282e+02
|    ( - -1.984e+04 1 0)
|    ( - -2.158e+04 1 0))
s>    ( QUESTION0_0_R 1 -4.180e+04 3.735e+02 2.282e+02
s>        ( - -1.984e+04 1 0)
s>        ( - -2.158e+04 1 0))INFO: dtree.c(1315): Comp split 6
INFO: dtree.c(1439): stop. leaf nodes are specific
INFO: dtree.c(1478): Final simple tree
|( QUESTION0_3_R 1 -6.090e+04 3.490e+02 3.331e+02
|    ( - -3.795e+04 1 0)
|    ( - -2.259e+04 1 0))
s>    ( QUESTION0_3_R 1 -6.090e+04 3.490e+02 3.331e+02
s>        ( - -3.795e+04 1 0)
s>        ( - -2.259e+04 1 0))INFO: dtree.c(1439): stop. leaf nodes are specific
INFO: dtree.c(1478): Final simple tree
|( QUESTION0_0_R 1 -5.840e+04 3.772e+02 3.207e+02
|    ( - -4.216e+04 1 0)
|    ( - -1.587e+04 1 0))
s>    ( QUESTION0_0_R 1 -5.840e+04 3.772e+02 3.207e+02
s>        ( - -4.216e+04 1 0)
s>        ( - -1.587e+04 1 0))INFO: dtree.c(1315): Comp split 7
INFO: dtree.c(1315): Comp split 8
INFO: dtree.c(1315): Comp split 9
INFO: dtree.c(1315): Comp split 10
INFO: dtree.c(1439): stop. leaf nodes are specific
INFO: dtree.c(1478): Final simple tree
|( QUESTION0_0_R 1 -4.661e+04 2.364e+02 2.561e+02
|    ( - -9.785e+03 1 0)
|    ( - -3.659e+04 1 0))
s>    ( QUESTION0_0_R 1 -4.661e+04 2.364e+02 2.561e+02
s>        ( - -9.785e+03 1 0)
s>        ( - -3.659e+04 1 0))INFO: dtree.c(1315): Comp split 11
INFO: dtree.c(1315): Comp split 12
INFO: dtree.c(1315): Comp split 13
INFO: dtree.c(1315): Comp split 14
INFO: dtree.c(1318): stop. leaf nodes are specific
Tue Jun  9 01:50:01 2020
