Current configuration:
[NAME]		[DEFLT]	[VALUE]
-allphones	no	no
-cntthresh	0.00001	1.000000e-05
-csplitmax	100	2000
-csplitmin	1	1
-csplitthr	8e-4	0.000000e+00
-example	no	no
-fullvar	no	no
-help		no	no
-meanfn			/home/nattapong/Downloads/acoustic_model/model_parameters/acoustic_model.cd_cont_untied/means
-mixwfn			/home/nattapong/Downloads/acoustic_model/model_parameters/acoustic_model.cd_cont_untied/mixture_weights
-moddeffn		/home/nattapong/Downloads/acoustic_model/model_architecture/acoustic_model.untied.mdef
-mwfloor	1e-4	1.000000e-08
-phone			IH
-psetfn			/home/nattapong/Downloads/acoustic_model/model_architecture/acoustic_model.tree_questions
-ssplitmax	5	7
-ssplitmin	1	1
-ssplitthr	8e-4	0.000000e+00
-state			0
-stwt			1.0,0.05,0.0,
-treefn			/home/nattapong/Downloads/acoustic_model/trees/acoustic_model.unpruned/IH-0.dtree
-ts2cbfn	.semi.	.cont.
-varfloor	0.00001	1.000000e-05
-varfn			/home/nattapong/Downloads/acoustic_model/model_parameters/acoustic_model.cd_cont_untied/variances

INFO: main.c(223): Reading: /home/nattapong/Downloads/acoustic_model/model_architecture/acoustic_model.untied.mdef
INFO: model_def_io.c(573): Model definition info:
INFO: model_def_io.c(574): 416 total models defined (36 base, 380 tri)
INFO: model_def_io.c(575): 1664 total states
INFO: model_def_io.c(576): 1248 total tied states
INFO: model_def_io.c(577): 108 total tied CI states
INFO: model_def_io.c(578): 36 total tied transition matrices
INFO: model_def_io.c(579): 4 max state/model
INFO: model_def_io.c(580): 4 min state/model
INFO: main.c(242): Building trees for [IH D W i] through [IH W TH i]
INFO: main.c(268): Covering states |[555 590]| == 36
INFO: main.c(275): Reading: /home/nattapong/Downloads/acoustic_model/model_parameters/acoustic_model.cd_cont_untied/mixture_weights
INFO: s3mixw_io.c(172): Read /home/nattapong/Downloads/acoustic_model/model_parameters/acoustic_model.cd_cont_untied/mixture_weights [36x1x1 array]
INFO: main.c(311): 12 of 12 models have observation count greater than 0.000010
INFO: main.c(95): nrm stwt: 0.952 0.048 0.000 
INFO: s3gau_io.c(168): Read /home/nattapong/Downloads/acoustic_model/model_parameters/acoustic_model.cd_cont_untied/means [1248x1x1 array]
INFO: s3gau_io.c(168): Read /home/nattapong/Downloads/acoustic_model/model_parameters/acoustic_model.cd_cont_untied/variances [1248x1x1 array]
INFO: main.c(549): Reading: /home/nattapong/Downloads/acoustic_model/model_architecture/acoustic_model.tree_questions
INFO: main.c(587): 178 total simple questions (170 phone; 8 word bndry)
INFO: main.c(589): 42 Left Only questions, and 40 Right Only questions
INFO: dtree.c(1478): Final simple tree
|( QUESTION2 -1 -7.707e+05 7.379e+03 3.598e+03
|    ( QUESTION0_0_R 1 -1.430e+05 3.240e+02 6.546e+02
|        ( QUESTION15 1 -1.234e+05 3.188e+02 5.656e+02
|            ( - -5.447e+04 1 0)
|            ( - -6.857e+04 1 0))
|        ( - -1.928e+04 1 0))
|    ( QUESTION2_0_L -1 -6.204e+05 2.058e+03 2.943e+03
|        ( - -2.339e+05 3 0 WDBNDRY_E 0 2.044e+02 1.130e+03)
|        ( QUESTION2 1 -3.844e+05 2.332e+03 1.813e+03
|            ( - -1.014e+05 1 0)
|            ( QUESTION19 -1 -2.808e+05 9.076e+02 1.319e+03
|                ( - -1.158e+05 2 0 QUESTION0_0_R 1 2.251e+02 5.545e+02)
|                ( QUESTION0_0_R 1 -1.641e+05 4.407e+02 7.650e+02
|                    ( - -3.783e+04 1 0)
|                    ( - -1.258e+05 2 0 WDBNDRY_E 0 2.115e+02 5.823e+02))))))
s>    ( QUESTION2 -1 -7.707e+05 7.379e+03 3.598e+03
s>        ( QUESTION0_0_R 1 -1.430e+05 3.240e+02 6.546e+02
s>            ( QUESTION15 1 -1.234e+05 3.188e+02 5.656e+02
s>                ( - -5.447e+04 1 0)
s>                ( - -6.857e+04 1 0))
s>            ( - -1.928e+04 1 0))
s>        ( QUESTION2_0_L -1 -6.204e+05 2.058e+03 2.943e+03
s>            ( - -2.339e+05 3 0 WDBNDRY_E 0 2.044e+02 1.130e+03)
s>            ( QUESTION2 1 -3.844e+05 2.332e+03 1.813e+03
s>                ( - -1.014e+05 1 0)
s>                ( QUESTION19 -1 -2.808e+05 9.076e+02 1.319e+03
s>                    ( - -1.158e+05 2 0 QUESTION0_0_R 1 2.251e+02 5.545e+02)
s>                    ( QUESTION0_0_R 1 -1.641e+05 4.407e+02 7.650e+02
s>                        ( - -3.783e+04 1 0)
s>                        ( - -1.258e+05 2 0 WDBNDRY_E 0 2.115e+02 5.823e+02))))))INFO: dtree.c(1315): Comp split 0
INFO: dtree.c(1478): Final simple tree
|( QUESTION2_0_L -1 -6.204e+05 2.058e+03 2.943e+03
|    ( WDBNDRY_E 0 -2.339e+05 2.044e+02 1.130e+03
|        ( - -1.359e+05 1 0)
|        ( - -9.777e+04 2 0 QUESTION15 -1 1.307e+02 4.754e+02))
|    ( QUESTION2 1 -3.844e+05 2.332e+03 1.813e+03
|        ( - -1.014e+05 1 0)
|        ( QUESTION19 -1 -2.808e+05 9.076e+02 1.319e+03
|            ( QUESTION0_0_R 1 -1.158e+05 2.251e+02 5.545e+02
|                ( - -8.740e+04 1 0)
|                ( - -2.816e+04 1 0))
|            ( QUESTION0_0_R 1 -1.641e+05 4.407e+02 7.650e+02
|                ( - -3.783e+04 1 0)
|                ( WDBNDRY_E 0 -1.258e+05 2.115e+02 5.823e+02
|                    ( - -1.039e+05 1 0)
|                    ( - -2.166e+04 1 0))))))
s>    ( QUESTION2_0_L -1 -6.204e+05 2.058e+03 2.943e+03
s>        ( WDBNDRY_E 0 -2.339e+05 2.044e+02 1.130e+03
s>            ( - -1.359e+05 1 0)
s>            ( - -9.777e+04 2 0 QUESTION15 -1 1.307e+02 4.754e+02))
s>        ( QUESTION2 1 -3.844e+05 2.332e+03 1.813e+03
s>            ( - -1.014e+05 1 0)
s>            ( QUESTION19 -1 -2.808e+05 9.076e+02 1.319e+03
s>                ( QUESTION0_0_R 1 -1.158e+05 2.251e+02 5.545e+02
s>                    ( - -8.740e+04 1 0)
s>                    ( - -2.816e+04 1 0))
s>                ( QUESTION0_0_R 1 -1.641e+05 4.407e+02 7.650e+02
s>                    ( - -3.783e+04 1 0)
s>                    ( WDBNDRY_E 0 -1.258e+05 2.115e+02 5.823e+02
s>                        ( - -1.039e+05 1 0)
s>                        ( - -2.166e+04 1 0))))))INFO: dtree.c(1439): stop. leaf nodes are specific
INFO: dtree.c(1478): Final simple tree
|( QUESTION0_0_R 1 -1.430e+05 3.240e+02 6.546e+02
|    ( QUESTION15 1 -1.234e+05 3.188e+02 5.656e+02
|        ( - -5.447e+04 1 0)
|        ( - -6.857e+04 1 0))
|    ( - -1.928e+04 1 0))
s>    ( QUESTION0_0_R 1 -1.430e+05 3.240e+02 6.546e+02
s>        ( QUESTION15 1 -1.234e+05 3.188e+02 5.656e+02
s>            ( - -5.447e+04 1 0)
s>            ( - -6.857e+04 1 0))
s>        ( - -1.928e+04 1 0))INFO: dtree.c(1315): Comp split 1
INFO: dtree.c(1478): Final simple tree
|( QUESTION18 -1 -5.162e+05 1.595e+03 2.450e+03
|    ( QUESTION19 -1 -2.808e+05 9.076e+02 1.319e+03
|        ( QUESTION0_0_R 1 -1.158e+05 2.251e+02 5.545e+02
|            ( - -8.740e+04 1 0)
|            ( - -2.816e+04 1 0))
|        ( QUESTION0_0_R 1 -1.641e+05 4.407e+02 7.650e+02
|            ( - -3.783e+04 1 0)
|            ( WDBNDRY_E 0 -1.258e+05 2.115e+02 5.823e+02
|                ( - -1.039e+05 1 0)
|                ( - -2.166e+04 1 0))))
|    ( WDBNDRY_E 0 -2.339e+05 2.044e+02 1.130e+03
|        ( - -1.359e+05 1 0)
|        ( QUESTION15 -1 -9.777e+04 1.307e+02 4.754e+02
|            ( - -4.693e+04 1 0)
|            ( - -5.071e+04 1 0))))
s>    ( QUESTION18 -1 -5.162e+05 1.595e+03 2.450e+03
s>        ( QUESTION19 -1 -2.808e+05 9.076e+02 1.319e+03
s>            ( QUESTION0_0_R 1 -1.158e+05 2.251e+02 5.545e+02
s>                ( - -8.740e+04 1 0)
s>                ( - -2.816e+04 1 0))
s>            ( QUESTION0_0_R 1 -1.641e+05 4.407e+02 7.650e+02
s>                ( - -3.783e+04 1 0)
s>                ( WDBNDRY_E 0 -1.258e+05 2.115e+02 5.823e+02
s>                    ( - -1.039e+05 1 0)
s>                    ( - -2.166e+04 1 0))))
s>        ( WDBNDRY_E 0 -2.339e+05 2.044e+02 1.130e+03
s>            ( - -1.359e+05 1 0)
s>            ( QUESTION15 -1 -9.777e+04 1.307e+02 4.754e+02
s>                ( - -4.693e+04 1 0)
s>                ( - -5.071e+04 1 0))))INFO: dtree.c(1315): Comp split 2
INFO: dtree.c(1439): stop. leaf nodes are specific
INFO: dtree.c(1478): Final simple tree
|( QUESTION19 -1 -2.808e+05 9.076e+02 1.319e+03
|    ( QUESTION0_0_R 1 -1.158e+05 2.251e+02 5.545e+02
|        ( - -8.740e+04 1 0)
|        ( - -2.816e+04 1 0))
|    ( QUESTION0_0_R 1 -1.641e+05 4.407e+02 7.650e+02
|        ( - -3.783e+04 1 0)
|        ( WDBNDRY_E 0 -1.258e+05 2.115e+02 5.823e+02
|            ( - -1.039e+05 1 0)
|            ( - -2.166e+04 1 0))))
s>    ( QUESTION19 -1 -2.808e+05 9.076e+02 1.319e+03
s>        ( QUESTION0_0_R 1 -1.158e+05 2.251e+02 5.545e+02
s>            ( - -8.740e+04 1 0)
s>            ( - -2.816e+04 1 0))
s>        ( QUESTION0_0_R 1 -1.641e+05 4.407e+02 7.650e+02
s>            ( - -3.783e+04 1 0)
s>            ( WDBNDRY_E 0 -1.258e+05 2.115e+02 5.823e+02
s>                ( - -1.039e+05 1 0)
s>                ( - -2.166e+04 1 0))))INFO: dtree.c(1439): stop. leaf nodes are specific
INFO: dtree.c(1478): Final simple tree
|( WDBNDRY_E 0 -2.339e+05 2.044e+02 1.130e+03
|    ( - -1.359e+05 1 0)
|    ( QUESTION15 -1 -9.777e+04 1.307e+02 4.754e+02
|        ( - -4.693e+04 1 0)
|        ( - -5.071e+04 1 0)))
s>    ( WDBNDRY_E 0 -2.339e+05 2.044e+02 1.130e+03
s>        ( - -1.359e+05 1 0)
s>        ( QUESTION15 -1 -9.777e+04 1.307e+02 4.754e+02
s>            ( - -4.693e+04 1 0)
s>            ( - -5.071e+04 1 0)))INFO: dtree.c(1315): Comp split 3
INFO: dtree.c(1439): stop. leaf nodes are specific
INFO: dtree.c(1478): Final simple tree
|( QUESTION0_0_R 1 -1.641e+05 4.407e+02 7.650e+02
|    ( - -3.783e+04 1 0)
|    ( WDBNDRY_E 0 -1.258e+05 2.115e+02 5.823e+02
|        ( - -1.039e+05 1 0)
|        ( - -2.166e+04 1 0)))
s>    ( QUESTION0_0_R 1 -1.641e+05 4.407e+02 7.650e+02
s>        ( - -3.783e+04 1 0)
s>        ( WDBNDRY_E 0 -1.258e+05 2.115e+02 5.823e+02
s>            ( - -1.039e+05 1 0)
s>            ( - -2.166e+04 1 0)))INFO: dtree.c(1439): stop. leaf nodes are specific
INFO: dtree.c(1478): Final simple tree
|( QUESTION0_0_R 1 -1.158e+05 2.251e+02 5.545e+02
|    ( - -8.740e+04 1 0)
|    ( - -2.816e+04 1 0))
s>    ( QUESTION0_0_R 1 -1.158e+05 2.251e+02 5.545e+02
s>        ( - -8.740e+04 1 0)
s>        ( - -2.816e+04 1 0))INFO: dtree.c(1315): Comp split 4
INFO: dtree.c(1439): stop. leaf nodes are specific
INFO: dtree.c(1478): Final simple tree
|( WDBNDRY_E 0 -1.258e+05 2.115e+02 5.823e+02
|    ( - -1.039e+05 1 0)
|    ( - -2.166e+04 1 0))
s>    ( WDBNDRY_E 0 -1.258e+05 2.115e+02 5.823e+02
s>        ( - -1.039e+05 1 0)
s>        ( - -2.166e+04 1 0))INFO: dtree.c(1315): Comp split 5
INFO: dtree.c(1439): stop. leaf nodes are specific
INFO: dtree.c(1478): Final simple tree
|( QUESTION15 1 -1.234e+05 3.188e+02 5.656e+02
|    ( - -5.447e+04 1 0)
|    ( - -6.857e+04 1 0))
s>    ( QUESTION15 1 -1.234e+05 3.188e+02 5.656e+02
s>        ( - -5.447e+04 1 0)
s>        ( - -6.857e+04 1 0))INFO: dtree.c(1315): Comp split 6
INFO: dtree.c(1315): Comp split 7
INFO: dtree.c(1315): Comp split 8
INFO: dtree.c(1315): Comp split 9
INFO: dtree.c(1439): stop. leaf nodes are specific
INFO: dtree.c(1478): Final simple tree
|( QUESTION15 -1 -9.777e+04 1.307e+02 4.754e+02
|    ( - -4.693e+04 1 0)
|    ( - -5.071e+04 1 0))
s>    ( QUESTION15 -1 -9.777e+04 1.307e+02 4.754e+02
s>        ( - -4.693e+04 1 0)
s>        ( - -5.071e+04 1 0))INFO: dtree.c(1315): Comp split 10
INFO: dtree.c(1315): Comp split 11
INFO: dtree.c(1318): stop. leaf nodes are specific
Tue Jun  9 01:50:00 2020
