Current configuration:
[NAME]		[DEFLT]	[VALUE]
-allphones	no	no
-cntthresh	0.00001	1.000000e-05
-csplitmax	100	2000
-csplitmin	1	1
-csplitthr	8e-4	0.000000e+00
-example	no	no
-fullvar	no	no
-help		no	no
-meanfn			/home/nattapong/Downloads/acoustic_model/model_parameters/acoustic_model.cd_cont_untied/means
-mixwfn			/home/nattapong/Downloads/acoustic_model/model_parameters/acoustic_model.cd_cont_untied/mixture_weights
-moddeffn		/home/nattapong/Downloads/acoustic_model/model_architecture/acoustic_model.untied.mdef
-mwfloor	1e-4	1.000000e-08
-phone			A
-psetfn			/home/nattapong/Downloads/acoustic_model/model_architecture/acoustic_model.tree_questions
-ssplitmax	5	7
-ssplitmin	1	1
-ssplitthr	8e-4	0.000000e+00
-state			0
-stwt			1.0,0.05,0.0,
-treefn			/home/nattapong/Downloads/acoustic_model/trees/acoustic_model.unpruned/A-0.dtree
-ts2cbfn	.semi.	.cont.
-varfloor	0.00001	1.000000e-05
-varfn			/home/nattapong/Downloads/acoustic_model/model_parameters/acoustic_model.cd_cont_untied/variances

INFO: main.c(223): Reading: /home/nattapong/Downloads/acoustic_model/model_architecture/acoustic_model.untied.mdef
INFO: model_def_io.c(573): Model definition info:
INFO: model_def_io.c(574): 416 total models defined (36 base, 380 tri)
INFO: model_def_io.c(575): 1664 total states
INFO: model_def_io.c(576): 1248 total tied states
INFO: model_def_io.c(577): 108 total tied CI states
INFO: model_def_io.c(578): 36 total tied transition matrices
INFO: model_def_io.c(579): 4 max state/model
INFO: model_def_io.c(580): 4 min state/model
INFO: main.c(242): Building trees for [A A M i] through [A WH N i]
INFO: main.c(268): Covering states |[108 314]| == 207
INFO: main.c(275): Reading: /home/nattapong/Downloads/acoustic_model/model_parameters/acoustic_model.cd_cont_untied/mixture_weights
INFO: s3mixw_io.c(172): Read /home/nattapong/Downloads/acoustic_model/model_parameters/acoustic_model.cd_cont_untied/mixture_weights [207x1x1 array]
INFO: main.c(311): 69 of 69 models have observation count greater than 0.000010
INFO: main.c(95): nrm stwt: 0.952 0.048 0.000 
INFO: s3gau_io.c(168): Read /home/nattapong/Downloads/acoustic_model/model_parameters/acoustic_model.cd_cont_untied/means [1248x1x1 array]
INFO: s3gau_io.c(168): Read /home/nattapong/Downloads/acoustic_model/model_parameters/acoustic_model.cd_cont_untied/variances [1248x1x1 array]
INFO: main.c(549): Reading: /home/nattapong/Downloads/acoustic_model/model_architecture/acoustic_model.tree_questions
INFO: main.c(587): 178 total simple questions (170 phone; 8 word bndry)
INFO: main.c(589): 42 Left Only questions, and 40 Right Only questions
INFO: dtree.c(1478): Final simple tree
|( QUESTION2_8_L -1 -3.490e+06 1.923e+04 1.651e+04
|    ( QUESTION7 -1 -6.284e+05 6.832e+03 3.019e+03
|        ( - -2.296e+05 6 0 QUESTION11 1 1.240e+03 1.097e+03)
|        ( QUESTION0 -1 -3.919e+05 5.657e+03 1.922e+03
|            ( - -2.476e+05 5 0 QUESTION0_17_R 1 3.848e+02 1.209e+03)
|            ( - -1.386e+05 4 0 QUESTION0_1_R 1 1.196e+03 7.129e+02)))
|    ( QUESTION2_6_L -1 -2.842e+06 1.287e+04 1.349e+04
|        ( QUESTION2_15_L -1 -1.397e+06 6.375e+03 6.605e+03
|            ( QUESTION2_18_L -1 -1.044e+06 5.423e+03 5.000e+03
|                ( - -5.124e+05 7 0 QUESTION14 1 2.282e+03 2.444e+03)
|                ( - -5.259e+05 14 0 QUESTION3 1 2.022e+03 2.556e+03))
|            ( - -3.471e+05 11 0 QUESTION15 -1 1.659e+03 1.605e+03))
|        ( QUESTION2 -1 -1.432e+06 1.035e+04 6.884e+03
|            ( - -4.587e+05 7 0 WDBNDRY_E 0 9.737e+02 2.211e+03)
|            ( - -9.629e+05 15 0 QUESTION14 1 2.006e+03 4.673e+03))))
s>    ( QUESTION2_8_L -1 -3.490e+06 1.923e+04 1.651e+04
s>        ( QUESTION7 -1 -6.284e+05 6.832e+03 3.019e+03
s>            ( - -2.296e+05 6 0 QUESTION11 1 1.240e+03 1.097e+03)
s>            ( QUESTION0 -1 -3.919e+05 5.657e+03 1.922e+03
s>                ( - -2.476e+05 5 0 QUESTION0_17_R 1 3.848e+02 1.209e+03)
s>                ( - -1.386e+05 4 0 QUESTION0_1_R 1 1.196e+03 7.129e+02)))
s>        ( QUESTION2_6_L -1 -2.842e+06 1.287e+04 1.349e+04
s>            ( QUESTION2_15_L -1 -1.397e+06 6.375e+03 6.605e+03
s>                ( QUESTION2_18_L -1 -1.044e+06 5.423e+03 5.000e+03
s>                    ( - -5.124e+05 7 0 QUESTION14 1 2.282e+03 2.444e+03)
s>                    ( - -5.259e+05 14 0 QUESTION3 1 2.022e+03 2.556e+03))
s>                ( - -3.471e+05 11 0 QUESTION15 -1 1.659e+03 1.605e+03))
s>            ( QUESTION2 -1 -1.432e+06 1.035e+04 6.884e+03
s>                ( - -4.587e+05 7 0 WDBNDRY_E 0 9.737e+02 2.211e+03)
s>                ( - -9.629e+05 15 0 QUESTION14 1 2.006e+03 4.673e+03))))INFO: dtree.c(1315): Comp split 0
INFO: dtree.c(1478): Final simple tree
|( QUESTION2 -1 -2.486e+06 1.176e+04 1.188e+04
|    ( - -4.587e+05 7 0 WDBNDRY_E 0 9.737e+02 2.211e+03)
|    ( QUESTION2_6_L -1 -2.016e+06 9.041e+03 9.673e+03
|        ( QUESTION2_18_L -1 -1.044e+06 5.423e+03 5.000e+03
|            ( QUESTION14 1 -5.124e+05 2.282e+03 2.444e+03
|                ( - -3.267e+05 4 0 QUESTION17 1 8.408e+02 1.594e+03)
|                ( WDBNDRY_E 0 -1.834e+05 2.384e+03 8.506e+02
|                    ( - -5.869e+04 1 0)
|                    ( - -1.223e+05 2 0 QUESTION0 1 3.617e+02 5.695e+02)))
|            ( QUESTION3 1 -5.259e+05 2.022e+03 2.556e+03
|                ( - -1.742e+05 2 0 QUESTION0_4_R 1 5.499e+02 8.683e+02)
|                ( - -3.497e+05 12 0 QUESTION2_16_L -1 1.127e+03 1.687e+03)))
|        ( QUESTION14 1 -9.629e+05 2.006e+03 4.673e+03
|            ( - -3.109e+05 7 0 WDBNDRY_B 0 1.710e+03 1.501e+03)
|            ( - -6.500e+05 8 0 QUESTION0_5_R 1 2.143e+03 3.173e+03))))
s>    ( QUESTION2 -1 -2.486e+06 1.176e+04 1.188e+04
s>        ( - -4.587e+05 7 0 WDBNDRY_E 0 9.737e+02 2.211e+03)
s>        ( QUESTION2_6_L -1 -2.016e+06 9.041e+03 9.673e+03
s>            ( QUESTION2_18_L -1 -1.044e+06 5.423e+03 5.000e+03
s>                ( QUESTION14 1 -5.124e+05 2.282e+03 2.444e+03
s>                    ( - -3.267e+05 4 0 QUESTION17 1 8.408e+02 1.594e+03)
s>                    ( WDBNDRY_E 0 -1.834e+05 2.384e+03 8.506e+02
s>                        ( - -5.869e+04 1 0)
s>                        ( - -1.223e+05 2 0 QUESTION0 1 3.617e+02 5.695e+02)))
s>                ( QUESTION3 1 -5.259e+05 2.022e+03 2.556e+03
s>                    ( - -1.742e+05 2 0 QUESTION0_4_R 1 5.499e+02 8.683e+02)
s>                    ( - -3.497e+05 12 0 QUESTION2_16_L -1 1.127e+03 1.687e+03)))
s>            ( QUESTION14 1 -9.629e+05 2.006e+03 4.673e+03
s>                ( - -3.109e+05 7 0 WDBNDRY_B 0 1.710e+03 1.501e+03)
s>                ( - -6.500e+05 8 0 QUESTION0_5_R 1 2.143e+03 3.173e+03))))INFO: dtree.c(1478): Final simple tree
|( QUESTION12 -1 -9.817e+05 7.450e+03 4.624e+03
|    ( QUESTION0_1_R 1 -1.386e+05 1.196e+03 7.129e+02
|        ( - -6.954e+04 1 0)
|        ( - -6.790e+04 3 0 QUESTION2 1 4.130e+02 3.416e+02))
|    ( QUESTION0 -1 -8.357e+05 8.399e+03 3.911e+03
|        ( - -2.476e+05 5 0 QUESTION0_17_R 1 3.848e+02 1.209e+03)
|        ( QUESTION2 -1 -5.796e+05 2.950e+03 2.702e+03
|            ( QUESTION11 1 -2.479e+05 1.234e+03 1.181e+03
|                ( - -3.911e+04 1 0)
|                ( - -2.075e+05 6 0 QUESTION5 1 6.295e+02 1.003e+03))
|            ( QUESTION15 -1 -3.288e+05 1.505e+03 1.521e+03
|                ( QUESTION3 1 -2.505e+05 6.534e+02 1.171e+03
|                    ( - -1.146e+05 1 0)
|                    ( - -1.353e+05 6 0 QUESTION14 1 5.774e+02 6.333e+02))
|                ( - -7.683e+04 3 0 QUESTION0_15_R 1 4.797e+02 3.503e+02)))))
s>    ( QUESTION12 -1 -9.817e+05 7.450e+03 4.624e+03
s>        ( QUESTION0_1_R 1 -1.386e+05 1.196e+03 7.129e+02
s>            ( - -6.954e+04 1 0)
s>            ( - -6.790e+04 3 0 QUESTION2 1 4.130e+02 3.416e+02))
s>        ( QUESTION0 -1 -8.357e+05 8.399e+03 3.911e+03
s>            ( - -2.476e+05 5 0 QUESTION0_17_R 1 3.848e+02 1.209e+03)
s>            ( QUESTION2 -1 -5.796e+05 2.950e+03 2.702e+03
s>                ( QUESTION11 1 -2.479e+05 1.234e+03 1.181e+03
s>                    ( - -3.911e+04 1 0)
s>                    ( - -2.075e+05 6 0 QUESTION5 1 6.295e+02 1.003e+03))
s>                ( QUESTION15 -1 -3.288e+05 1.505e+03 1.521e+03
s>                    ( QUESTION3 1 -2.505e+05 6.534e+02 1.171e+03
s>                        ( - -1.146e+05 1 0)
s>                        ( - -1.353e+05 6 0 QUESTION14 1 5.774e+02 6.333e+02))
s>                    ( - -7.683e+04 3 0 QUESTION0_15_R 1 4.797e+02 3.503e+02)))))INFO: dtree.c(1315): Comp split 1
INFO: dtree.c(1478): Final simple tree
|( QUESTION2_6_L -1 -2.016e+06 9.041e+03 9.673e+03
|    ( QUESTION2_18_L -1 -1.044e+06 5.423e+03 5.000e+03
|        ( QUESTION14 1 -5.124e+05 2.282e+03 2.444e+03
|            ( - -3.267e+05 4 0 QUESTION17 1 8.408e+02 1.594e+03)
|            ( WDBNDRY_E 0 -1.834e+05 2.384e+03 8.506e+02
|                ( - -5.869e+04 1 0)
|                ( - -1.223e+05 2 0 QUESTION0 1 3.617e+02 5.695e+02)))
|        ( QUESTION3 1 -5.259e+05 2.022e+03 2.556e+03
|            ( - -1.742e+05 2 0 QUESTION0_4_R 1 5.499e+02 8.683e+02)
|            ( - -3.497e+05 12 0 QUESTION2_16_L -1 1.127e+03 1.687e+03)))
|    ( QUESTION14 1 -9.629e+05 2.006e+03 4.673e+03
|        ( - -3.109e+05 7 0 WDBNDRY_B 0 1.710e+03 1.501e+03)
|        ( QUESTION0_5_R 1 -6.500e+05 2.143e+03 3.173e+03
|            ( - -4.833e+05 5 0 QUESTION5 1 7.128e+02 2.372e+03)
|            ( - -1.645e+05 3 0 WDBNDRY_B 0 1.400e+03 8.004e+02))))
s>    ( QUESTION2_6_L -1 -2.016e+06 9.041e+03 9.673e+03
s>        ( QUESTION2_18_L -1 -1.044e+06 5.423e+03 5.000e+03
s>            ( QUESTION14 1 -5.124e+05 2.282e+03 2.444e+03
s>                ( - -3.267e+05 4 0 QUESTION17 1 8.408e+02 1.594e+03)
s>                ( WDBNDRY_E 0 -1.834e+05 2.384e+03 8.506e+02
s>                    ( - -5.869e+04 1 0)
s>                    ( - -1.223e+05 2 0 QUESTION0 1 3.617e+02 5.695e+02)))
s>            ( QUESTION3 1 -5.259e+05 2.022e+03 2.556e+03
s>                ( - -1.742e+05 2 0 QUESTION0_4_R 1 5.499e+02 8.683e+02)
s>                ( - -3.497e+05 12 0 QUESTION2_16_L -1 1.127e+03 1.687e+03)))
s>        ( QUESTION14 1 -9.629e+05 2.006e+03 4.673e+03
s>            ( - -3.109e+05 7 0 WDBNDRY_B 0 1.710e+03 1.501e+03)
s>            ( QUESTION0_5_R 1 -6.500e+05 2.143e+03 3.173e+03
s>                ( - -4.833e+05 5 0 QUESTION5 1 7.128e+02 2.372e+03)
s>                ( - -1.645e+05 3 0 WDBNDRY_B 0 1.400e+03 8.004e+02))))INFO: dtree.c(1439): stop. leaf nodes are specific
INFO: dtree.c(1478): Final simple tree
|( WDBNDRY_E 0 -4.587e+05 9.737e+02 2.211e+03
|    ( - -9.042e+04 1 0)
|    ( QUESTION14 1 -3.673e+05 3.835e+02 1.792e+03
|        ( QUESTION0_16_R 1 -2.523e+05 2.979e+02 1.236e+03
|            ( QUESTION15 1 -1.547e+05 2.797e+02 7.557e+02
|                ( - -4.156e+04 1 0)
|                ( - -1.128e+05 1 0))
|            ( QUESTION0_0_R 1 -9.732e+04 1.683e+02 4.801e+02
|                ( - -4.685e+04 1 0)
|                ( - -5.030e+04 1 0)))
|        ( QUESTION0 1 -1.147e+05 3.381e+02 5.564e+02
|            ( - -2.053e+04 1 0)
|            ( - -9.381e+04 1 0))))
s>    ( WDBNDRY_E 0 -4.587e+05 9.737e+02 2.211e+03
s>        ( - -9.042e+04 1 0)
s>        ( QUESTION14 1 -3.673e+05 3.835e+02 1.792e+03
s>            ( QUESTION0_16_R 1 -2.523e+05 2.979e+02 1.236e+03
s>                ( QUESTION15 1 -1.547e+05 2.797e+02 7.557e+02
s>                    ( - -4.156e+04 1 0)
s>                    ( - -1.128e+05 1 0))
s>                ( QUESTION0_0_R 1 -9.732e+04 1.683e+02 4.801e+02
s>                    ( - -4.685e+04 1 0)
s>                    ( - -5.030e+04 1 0)))
s>            ( QUESTION0 1 -1.147e+05 3.381e+02 5.564e+02
s>                ( - -2.053e+04 1 0)
s>                ( - -9.381e+04 1 0))))INFO: dtree.c(1315): Comp split 2
INFO: dtree.c(1478): Final simple tree
|( QUESTION2 -1 -5.796e+05 2.950e+03 2.702e+03
|    ( QUESTION11 1 -2.479e+05 1.234e+03 1.181e+03
|        ( - -3.911e+04 1 0)
|        ( QUESTION5 1 -2.075e+05 6.295e+02 1.003e+03
|            ( - -2.721e+04 2 0 QUESTION0_0_R 1 4.294e+02 1.293e+02)
|            ( - -1.797e+05 4 0 QUESTION0_16_R 1 3.875e+02 8.733e+02)))
|    ( QUESTION15 -1 -3.288e+05 1.505e+03 1.521e+03
|        ( QUESTION3 1 -2.505e+05 6.534e+02 1.171e+03
|            ( - -1.146e+05 1 0)
|            ( QUESTION14 1 -1.353e+05 5.774e+02 6.333e+02
|                ( - -4.849e+04 2 0 QUESTION15 1 1.808e+02 2.364e+02)
|                ( - -8.619e+04 4 0 QUESTION0_0_R 1 3.839e+02 3.969e+02)))
|        ( QUESTION0_15_R 1 -7.683e+04 4.797e+02 3.503e+02
|            ( - -3.022e+04 1 0)
|            ( - -4.613e+04 2 0 QUESTION0_0_R 1 2.320e+02 2.068e+02))))
s>    ( QUESTION2 -1 -5.796e+05 2.950e+03 2.702e+03
s>        ( QUESTION11 1 -2.479e+05 1.234e+03 1.181e+03
s>            ( - -3.911e+04 1 0)
s>            ( QUESTION5 1 -2.075e+05 6.295e+02 1.003e+03
s>                ( - -2.721e+04 2 0 QUESTION0_0_R 1 4.294e+02 1.293e+02)
s>                ( - -1.797e+05 4 0 QUESTION0_16_R 1 3.875e+02 8.733e+02)))
s>        ( QUESTION15 -1 -3.288e+05 1.505e+03 1.521e+03
s>            ( QUESTION3 1 -2.505e+05 6.534e+02 1.171e+03
s>                ( - -1.146e+05 1 0)
s>                ( QUESTION14 1 -1.353e+05 5.774e+02 6.333e+02
s>                    ( - -4.849e+04 2 0 QUESTION15 1 1.808e+02 2.364e+02)
s>                    ( - -8.619e+04 4 0 QUESTION0_0_R 1 3.839e+02 3.969e+02)))
s>            ( QUESTION0_15_R 1 -7.683e+04 4.797e+02 3.503e+02
s>                ( - -3.022e+04 1 0)
s>                ( - -4.613e+04 2 0 QUESTION0_0_R 1 2.320e+02 2.068e+02))))INFO: dtree.c(1478): Final simple tree
|( QUESTION0 -1 -3.919e+05 5.657e+03 1.922e+03
|    ( QUESTION0_17_R 1 -2.476e+05 3.848e+02 1.209e+03
|        ( - -2.840e+04 1 0)
|        ( QUESTION11 1 -2.188e+05 3.078e+02 1.067e+03
|            ( - -3.709e+04 1 0)
|            ( QUESTION2 1 -1.814e+05 2.592e+02 8.856e+02
|                ( - -2.571e+04 1 0)
|                ( QUESTION0_0_R 1 -1.555e+05 2.110e+02 7.600e+02
|                    ( - -1.017e+05 1 0)
|                    ( - -5.353e+04 1 0)))))
|    ( QUESTION0_1_R 1 -1.386e+05 1.196e+03 7.129e+02
|        ( - -6.954e+04 1 0)
|        ( QUESTION2 1 -6.790e+04 4.130e+02 3.416e+02
|            ( - -5.575e+04 2 0)
|            ( - -1.173e+04 1 0))))
s>    ( QUESTION0 -1 -3.919e+05 5.657e+03 1.922e+03
s>        ( QUESTION0_17_R 1 -2.476e+05 3.848e+02 1.209e+03
s>            ( - -2.840e+04 1 0)
s>            ( QUESTION11 1 -2.188e+05 3.078e+02 1.067e+03
s>                ( - -3.709e+04 1 0)
s>                ( QUESTION2 1 -1.814e+05 2.592e+02 8.856e+02
s>                    ( - -2.571e+04 1 0)
s>                    ( QUESTION0_0_R 1 -1.555e+05 2.110e+02 7.600e+02
s>                        ( - -1.017e+05 1 0)
s>                        ( - -5.353e+04 1 0)))))
s>        ( QUESTION0_1_R 1 -1.386e+05 1.196e+03 7.129e+02
s>            ( - -6.954e+04 1 0)
s>            ( QUESTION2 1 -6.790e+04 4.130e+02 3.416e+02
s>                ( - -5.575e+04 2 0)
s>                ( - -1.173e+04 1 0))))INFO: dtree.c(1315): Comp split 3
INFO: dtree.c(1478): Final simple tree
|( QUESTION3 1 -5.858e+05 1.775e+03 2.837e+03
|    ( - -1.742e+05 2 0 QUESTION0_4_R 1 5.499e+02 8.683e+02)
|    ( WDBNDRY_E 0 -4.098e+05 1.417e+03 1.968e+03
|        ( - -5.869e+04 1 0)
|        ( QUESTION2_16_L -1 -3.497e+05 1.127e+03 1.687e+03
|            ( QUESTION0_15_R 1 -2.297e+05 9.443e+02 1.112e+03
|                ( QUESTION15 -1 -9.040e+04 9.346e+02 4.406e+02
|                    ( - -3.778e+04 1 0)
|                    ( - -5.169e+04 1 0))
|                ( - -1.384e+05 6 0 QUESTION0_1_R 1 5.688e+02 6.715e+02))
|            ( QUESTION9 1 -1.188e+05 6.185e+02 5.752e+02
|                ( - -4.438e+04 1 0)
|                ( QUESTION0_1_R 1 -7.381e+04 9.324e+02 3.564e+02
|                    ( - -3.411e+04 1 0)
|                    ( - -3.876e+04 2 0 QUESTION0_0_R 1 1.644e+02 1.863e+02))))))
s>    ( QUESTION3 1 -5.858e+05 1.775e+03 2.837e+03
s>        ( - -1.742e+05 2 0 QUESTION0_4_R 1 5.499e+02 8.683e+02)
s>        ( WDBNDRY_E 0 -4.098e+05 1.417e+03 1.968e+03
s>            ( - -5.869e+04 1 0)
s>            ( QUESTION2_16_L -1 -3.497e+05 1.127e+03 1.687e+03
s>                ( QUESTION0_15_R 1 -2.297e+05 9.443e+02 1.112e+03
s>                    ( QUESTION15 -1 -9.040e+04 9.346e+02 4.406e+02
s>                        ( - -3.778e+04 1 0)
s>                        ( - -5.169e+04 1 0))
s>                    ( - -1.384e+05 6 0 QUESTION0_1_R 1 5.688e+02 6.715e+02))
s>                ( QUESTION9 1 -1.188e+05 6.185e+02 5.752e+02
s>                    ( - -4.438e+04 1 0)
s>                    ( QUESTION0_1_R 1 -7.381e+04 9.324e+02 3.564e+02
s>                        ( - -3.411e+04 1 0)
s>                        ( - -3.876e+04 2 0 QUESTION0_0_R 1 1.644e+02 1.863e+02))))))INFO: dtree.c(1478): Final simple tree
|( QUESTION2_6_L -1 -1.420e+06 5.636e+03 6.837e+03
|    ( QUESTION14 1 -4.515e+05 2.457e+03 2.163e+03
|        ( QUESTION17 1 -3.267e+05 8.408e+02 1.594e+03
|            ( - -2.176e+05 1 0)
|            ( - -1.082e+05 3 0 QUESTION0_17_R 1 1.555e+03 5.163e+02))
|        ( - -1.223e+05 2 0 QUESTION0 1 3.617e+02 5.695e+02))
|    ( QUESTION14 1 -9.629e+05 2.006e+03 4.673e+03
|        ( WDBNDRY_B 0 -3.109e+05 1.710e+03 1.501e+03
|            ( - -1.260e+05 3 0 QUESTION0_18_R 1 4.951e+02 6.080e+02)
|            ( - -1.831e+05 4 0 QUESTION0_0_R 1 2.906e+02 8.928e+02))
|        ( QUESTION0_5_R 1 -6.500e+05 2.143e+03 3.173e+03
|            ( - -4.833e+05 5 0 QUESTION5 1 7.128e+02 2.372e+03)
|            ( WDBNDRY_B 0 -1.645e+05 1.400e+03 8.004e+02
|                ( - -1.168e+05 2 0 QUESTION0_0_R 1 6.371e+02 5.725e+02)
|                ( - -4.627e+04 1 0)))))
s>    ( QUESTION2_6_L -1 -1.420e+06 5.636e+03 6.837e+03
s>        ( QUESTION14 1 -4.515e+05 2.457e+03 2.163e+03
s>            ( QUESTION17 1 -3.267e+05 8.408e+02 1.594e+03
s>                ( - -2.176e+05 1 0)
s>                ( - -1.082e+05 3 0 QUESTION0_17_R 1 1.555e+03 5.163e+02))
s>            ( - -1.223e+05 2 0 QUESTION0 1 3.617e+02 5.695e+02))
s>        ( QUESTION14 1 -9.629e+05 2.006e+03 4.673e+03
s>            ( WDBNDRY_B 0 -3.109e+05 1.710e+03 1.501e+03
s>                ( - -1.260e+05 3 0 QUESTION0_18_R 1 4.951e+02 6.080e+02)
s>                ( - -1.831e+05 4 0 QUESTION0_0_R 1 2.906e+02 8.928e+02))
s>            ( QUESTION0_5_R 1 -6.500e+05 2.143e+03 3.173e+03
s>                ( - -4.833e+05 5 0 QUESTION5 1 7.128e+02 2.372e+03)
s>                ( WDBNDRY_B 0 -1.645e+05 1.400e+03 8.004e+02
s>                    ( - -1.168e+05 2 0 QUESTION0_0_R 1 6.371e+02 5.725e+02)
s>                    ( - -4.627e+04 1 0)))))INFO: dtree.c(1315): Comp split 4
INFO: dtree.c(1439): stop. leaf nodes are specific
INFO: dtree.c(1478): Final simple tree
|( QUESTION0_1_R 1 -1.386e+05 1.196e+03 7.129e+02
|    ( - -6.954e+04 1 0)
|    ( QUESTION2 1 -6.790e+04 4.130e+02 3.416e+02
|        ( - -5.575e+04 2 0)
|        ( - -1.173e+04 1 0)))
s>    ( QUESTION0_1_R 1 -1.386e+05 1.196e+03 7.129e+02
s>        ( - -6.954e+04 1 0)
s>        ( QUESTION2 1 -6.790e+04 4.130e+02 3.416e+02
s>            ( - -5.575e+04 2 0)
s>            ( - -1.173e+04 1 0)))INFO: dtree.c(1439): stop. leaf nodes are specific
INFO: dtree.c(1478): Final simple tree
|( QUESTION0_17_R 1 -2.476e+05 3.848e+02 1.209e+03
|    ( - -2.840e+04 1 0)
|    ( QUESTION11 1 -2.188e+05 3.078e+02 1.067e+03
|        ( - -3.709e+04 1 0)
|        ( QUESTION2 1 -1.814e+05 2.592e+02 8.856e+02
|            ( - -2.571e+04 1 0)
|            ( QUESTION0_0_R 1 -1.555e+05 2.110e+02 7.600e+02
|                ( - -1.017e+05 1 0)
|                ( - -5.353e+04 1 0)))))
s>    ( QUESTION0_17_R 1 -2.476e+05 3.848e+02 1.209e+03
s>        ( - -2.840e+04 1 0)
s>        ( QUESTION11 1 -2.188e+05 3.078e+02 1.067e+03
s>            ( - -3.709e+04 1 0)
s>            ( QUESTION2 1 -1.814e+05 2.592e+02 8.856e+02
s>                ( - -2.571e+04 1 0)
s>                ( QUESTION0_0_R 1 -1.555e+05 2.110e+02 7.600e+02
s>                    ( - -1.017e+05 1 0)
s>                    ( - -5.353e+04 1 0)))))INFO: dtree.c(1315): Comp split 5
INFO: dtree.c(1478): Final simple tree
|( QUESTION14 1 -9.629e+05 2.006e+03 4.673e+03
|    ( WDBNDRY_B 0 -3.109e+05 1.710e+03 1.501e+03
|        ( - -1.260e+05 3 0 QUESTION0_18_R 1 4.951e+02 6.080e+02)
|        ( - -1.831e+05 4 0 QUESTION0_0_R 1 2.906e+02 8.928e+02))
|    ( QUESTION0_5_R 1 -6.500e+05 2.143e+03 3.173e+03
|        ( QUESTION5 1 -4.833e+05 7.128e+02 2.372e+03
|            ( - -5.372e+04 1 0)
|            ( QUESTION1 -1 -4.289e+05 7.010e+02 2.117e+03
|                ( - -3.821e+05 2 0 QUESTION0 1 4.950e+02 1.900e+03)
|                ( - -4.613e+04 2 0 WDBNDRY_B 0 3.755e+02 2.174e+02)))
|        ( WDBNDRY_B 0 -1.645e+05 1.400e+03 8.004e+02
|            ( QUESTION0_0_R 1 -1.168e+05 6.371e+02 5.725e+02
|                ( - -4.717e+04 1 0)
|                ( - -6.903e+04 1 0))
|            ( - -4.627e+04 1 0))))
s>    ( QUESTION14 1 -9.629e+05 2.006e+03 4.673e+03
s>        ( WDBNDRY_B 0 -3.109e+05 1.710e+03 1.501e+03
s>            ( - -1.260e+05 3 0 QUESTION0_18_R 1 4.951e+02 6.080e+02)
s>            ( - -1.831e+05 4 0 QUESTION0_0_R 1 2.906e+02 8.928e+02))
s>        ( QUESTION0_5_R 1 -6.500e+05 2.143e+03 3.173e+03
s>            ( QUESTION5 1 -4.833e+05 7.128e+02 2.372e+03
s>                ( - -5.372e+04 1 0)
s>                ( QUESTION1 -1 -4.289e+05 7.010e+02 2.117e+03
s>                    ( - -3.821e+05 2 0 QUESTION0 1 4.950e+02 1.900e+03)
s>                    ( - -4.613e+04 2 0 WDBNDRY_B 0 3.755e+02 2.174e+02)))
s>            ( WDBNDRY_B 0 -1.645e+05 1.400e+03 8.004e+02
s>                ( QUESTION0_0_R 1 -1.168e+05 6.371e+02 5.725e+02
s>                    ( - -4.717e+04 1 0)
s>                    ( - -6.903e+04 1 0))
s>                ( - -4.627e+04 1 0))))INFO: dtree.c(1439): stop. leaf nodes are specific
INFO: dtree.c(1478): Final simple tree
|( QUESTION14 1 -4.515e+05 2.457e+03 2.163e+03
|    ( QUESTION17 1 -3.267e+05 8.408e+02 1.594e+03
|        ( - -2.176e+05 1 0)
|        ( QUESTION0_17_R 1 -1.082e+05 1.555e+03 5.163e+02
|            ( - -3.905e+04 1 0)
|            ( QUESTION0_0_R 1 -6.762e+04 2.628e+02 3.187e+02
|                ( - -4.238e+04 1 0)
|                ( - -2.498e+04 1 0))))
|    ( QUESTION0 1 -1.223e+05 3.617e+02 5.695e+02
|        ( - -5.170e+04 1 0)
|        ( - -7.026e+04 1 0)))
s>    ( QUESTION14 1 -4.515e+05 2.457e+03 2.163e+03
s>        ( QUESTION17 1 -3.267e+05 8.408e+02 1.594e+03
s>            ( - -2.176e+05 1 0)
s>            ( QUESTION0_17_R 1 -1.082e+05 1.555e+03 5.163e+02
s>                ( - -3.905e+04 1 0)
s>                ( QUESTION0_0_R 1 -6.762e+04 2.628e+02 3.187e+02
s>                    ( - -4.238e+04 1 0)
s>                    ( - -2.498e+04 1 0))))
s>        ( QUESTION0 1 -1.223e+05 3.617e+02 5.695e+02
s>            ( - -5.170e+04 1 0)
s>            ( - -7.026e+04 1 0)))INFO: dtree.c(1315): Comp split 6
INFO: dtree.c(1439): stop. leaf nodes are specific
INFO: dtree.c(1478): Final simple tree
|( QUESTION0 1 -1.903e+05 4.082e+02 8.882e+02
|    ( - -5.170e+04 1 0)
|    ( QUESTION2 1 -1.382e+05 3.328e+02 6.466e+02
|        ( - -7.026e+04 1 0)
|        ( QUESTION0_0_R 1 -6.762e+04 2.628e+02 3.187e+02
|            ( - -4.238e+04 1 0)
|            ( - -2.498e+04 1 0))))
s>    ( QUESTION0 1 -1.903e+05 4.082e+02 8.882e+02
s>        ( - -5.170e+04 1 0)
s>        ( QUESTION2 1 -1.382e+05 3.328e+02 6.466e+02
s>            ( - -7.026e+04 1 0)
s>            ( QUESTION0_0_R 1 -6.762e+04 2.628e+02 3.187e+02
s>                ( - -4.238e+04 1 0)
s>                ( - -2.498e+04 1 0))))INFO: dtree.c(1439): stop. leaf nodes are specific
INFO: dtree.c(1478): Final simple tree
|( QUESTION0_0_R 1 -2.570e+05 3.229e+02 1.275e+03
|    ( - -2.176e+05 1 0)
|    ( - -3.905e+04 1 0))
s>    ( QUESTION0_0_R 1 -2.570e+05 3.229e+02 1.275e+03
s>        ( - -2.176e+05 1 0)
s>        ( - -3.905e+04 1 0))INFO: dtree.c(1315): Comp split 7
INFO: dtree.c(1439): stop. leaf nodes are specific
INFO: dtree.c(1478): Final simple tree
|( QUESTION0_0_R 1 -1.168e+05 6.371e+02 5.725e+02
|    ( - -4.717e+04 1 0)
|    ( - -6.903e+04 1 0))
s>    ( QUESTION0_0_R 1 -1.168e+05 6.371e+02 5.725e+02
s>        ( - -4.717e+04 1 0)
s>        ( - -6.903e+04 1 0))INFO: dtree.c(1478): Final simple tree
|( WDBNDRY_B 0 -8.423e+05 2.132e+03 4.101e+03
|    ( QUESTION0_18_R 1 -1.436e+05 4.502e+02 6.870e+02
|        ( - -8.118e+04 1 0)
|        ( - -6.199e+04 3 0 QUESTION0_15_R 1 2.741e+02 2.921e+02))
|    ( QUESTION14 1 -6.966e+05 1.374e+03 3.414e+03
|        ( - -1.831e+05 4 0 QUESTION0_0_R 1 2.906e+02 8.928e+02)
|        ( QUESTION5 1 -5.121e+05 7.559e+02 2.521e+03
|            ( - -5.372e+04 1 0)
|            ( QUESTION0 -1 -4.576e+05 5.203e+02 2.266e+03
|                ( - -2.834e+04 1 0)
|                ( QUESTION0 1 -4.287e+05 4.937e+02 2.127e+03
|                    ( - -1.040e+05 1 0)
|                    ( QUESTION0_4_R 1 -3.242e+05 3.974e+02 1.606e+03
|                        ( - -4.627e+04 1 0)
|                        ( - -2.775e+05 1 0)))))))
s>    ( WDBNDRY_B 0 -8.423e+05 2.132e+03 4.101e+03
s>        ( QUESTION0_18_R 1 -1.436e+05 4.502e+02 6.870e+02
s>            ( - -8.118e+04 1 0)
s>            ( - -6.199e+04 3 0 QUESTION0_15_R 1 2.741e+02 2.921e+02))
s>        ( QUESTION14 1 -6.966e+05 1.374e+03 3.414e+03
s>            ( - -1.831e+05 4 0 QUESTION0_0_R 1 2.906e+02 8.928e+02)
s>            ( QUESTION5 1 -5.121e+05 7.559e+02 2.521e+03
s>                ( - -5.372e+04 1 0)
s>                ( QUESTION0 -1 -4.576e+05 5.203e+02 2.266e+03
s>                    ( - -2.834e+04 1 0)
s>                    ( QUESTION0 1 -4.287e+05 4.937e+02 2.127e+03
s>                        ( - -1.040e+05 1 0)
s>                        ( QUESTION0_4_R 1 -3.242e+05 3.974e+02 1.606e+03
s>                            ( - -4.627e+04 1 0)
s>                            ( - -2.775e+05 1 0)))))))INFO: dtree.c(1315): Comp split 8
INFO: dtree.c(1478): Final simple tree
|( QUESTION15 -1 -3.288e+05 1.505e+03 1.521e+03
|    ( QUESTION3 1 -2.505e+05 6.534e+02 1.171e+03
|        ( - -1.146e+05 1 0)
|        ( QUESTION14 1 -1.353e+05 5.774e+02 6.333e+02
|            ( - -4.849e+04 2 0 QUESTION15 1 1.808e+02 2.364e+02)
|            ( QUESTION0_0_R 1 -8.619e+04 3.839e+02 3.969e+02
|                ( - -4.385e+04 2 0 QUESTION0_3_R 1 2.129e+02 2.000e+02)
|                ( QUESTION0_13_R 1 -4.196e+04 2.561e+02 1.969e+02
|                    ( - -2.984e+04 1 0)
|                    ( - -1.187e+04 1 0)))))
|    ( QUESTION0_15_R 1 -7.683e+04 4.797e+02 3.503e+02
|        ( - -3.022e+04 1 0)
|        ( QUESTION0_0_R 1 -4.613e+04 2.320e+02 2.068e+02
|            ( - -1.777e+04 1 0)
|            ( - -2.813e+04 1 0))))
s>    ( QUESTION15 -1 -3.288e+05 1.505e+03 1.521e+03
s>        ( QUESTION3 1 -2.505e+05 6.534e+02 1.171e+03
s>            ( - -1.146e+05 1 0)
s>            ( QUESTION14 1 -1.353e+05 5.774e+02 6.333e+02
s>                ( - -4.849e+04 2 0 QUESTION15 1 1.808e+02 2.364e+02)
s>                ( QUESTION0_0_R 1 -8.619e+04 3.839e+02 3.969e+02
s>                    ( - -4.385e+04 2 0 QUESTION0_3_R 1 2.129e+02 2.000e+02)
s>                    ( QUESTION0_13_R 1 -4.196e+04 2.561e+02 1.969e+02
s>                        ( - -2.984e+04 1 0)
s>                        ( - -1.187e+04 1 0)))))
s>        ( QUESTION0_15_R 1 -7.683e+04 4.797e+02 3.503e+02
s>            ( - -3.022e+04 1 0)
s>            ( QUESTION0_0_R 1 -4.613e+04 2.320e+02 2.068e+02
s>                ( - -1.777e+04 1 0)
s>                ( - -2.813e+04 1 0))))INFO: dtree.c(1439): stop. leaf nodes are specific
INFO: dtree.c(1478): Final simple tree
|( QUESTION11 1 -2.479e+05 1.234e+03 1.181e+03
|    ( - -3.911e+04 1 0)
|    ( QUESTION5 1 -2.075e+05 6.295e+02 1.003e+03
|        ( QUESTION0_0_R 1 -2.721e+04 4.294e+02 1.293e+02
|            ( - -1.761e+04 1 0)
|            ( - -9.172e+03 1 0))
|        ( QUESTION0_16_R 1 -1.797e+05 3.875e+02 8.733e+02
|            ( - -1.346e+05 2 0)
|            ( QUESTION0_0_R 1 -4.473e+04 2.402e+02 2.165e+02
|                ( - -3.267e+04 1 0)
|                ( - -1.182e+04 1 0)))))
s>    ( QUESTION11 1 -2.479e+05 1.234e+03 1.181e+03
s>        ( - -3.911e+04 1 0)
s>        ( QUESTION5 1 -2.075e+05 6.295e+02 1.003e+03
s>            ( QUESTION0_0_R 1 -2.721e+04 4.294e+02 1.293e+02
s>                ( - -1.761e+04 1 0)
s>                ( - -9.172e+03 1 0))
s>            ( QUESTION0_16_R 1 -1.797e+05 3.875e+02 8.733e+02
s>                ( - -1.346e+05 2 0)
s>                ( QUESTION0_0_R 1 -4.473e+04 2.402e+02 2.165e+02
s>                    ( - -3.267e+04 1 0)
s>                    ( - -1.182e+04 1 0)))))INFO: dtree.c(1315): Comp split 9
INFO: dtree.c(1478): Final simple tree
|( QUESTION2_16_L -1 -3.497e+05 1.127e+03 1.687e+03
|    ( QUESTION0_15_R 1 -2.297e+05 9.443e+02 1.112e+03
|        ( QUESTION15 -1 -9.040e+04 9.346e+02 4.406e+02
|            ( - -3.778e+04 1 0)
|            ( - -5.169e+04 1 0))
|        ( QUESTION0_1_R 1 -1.384e+05 5.688e+02 6.715e+02
|            ( - -1.974e+04 1 0)
|            ( QUESTION14 1 -1.181e+05 4.158e+02 5.716e+02
|                ( - -5.892e+04 2 0 QUESTION0_0_R 1 2.030e+02 2.894e+02)
|                ( - -5.875e+04 3 0 QUESTION19 -1 3.041e+02 2.822e+02))))
|    ( QUESTION9 1 -1.188e+05 6.185e+02 5.752e+02
|        ( - -4.438e+04 1 0)
|        ( QUESTION0_1_R 1 -7.381e+04 9.324e+02 3.564e+02
|            ( - -3.411e+04 1 0)
|            ( - -3.876e+04 2 0 QUESTION0_0_R 1 1.644e+02 1.863e+02))))
s>    ( QUESTION2_16_L -1 -3.497e+05 1.127e+03 1.687e+03
s>        ( QUESTION0_15_R 1 -2.297e+05 9.443e+02 1.112e+03
s>            ( QUESTION15 -1 -9.040e+04 9.346e+02 4.406e+02
s>                ( - -3.778e+04 1 0)
s>                ( - -5.169e+04 1 0))
s>            ( QUESTION0_1_R 1 -1.384e+05 5.688e+02 6.715e+02
s>                ( - -1.974e+04 1 0)
s>                ( QUESTION14 1 -1.181e+05 4.158e+02 5.716e+02
s>                    ( - -5.892e+04 2 0 QUESTION0_0_R 1 2.030e+02 2.894e+02)
s>                    ( - -5.875e+04 3 0 QUESTION19 -1 3.041e+02 2.822e+02))))
s>        ( QUESTION9 1 -1.188e+05 6.185e+02 5.752e+02
s>            ( - -4.438e+04 1 0)
s>            ( QUESTION0_1_R 1 -7.381e+04 9.324e+02 3.564e+02
s>                ( - -3.411e+04 1 0)
s>                ( - -3.876e+04 2 0 QUESTION0_0_R 1 1.644e+02 1.863e+02))))INFO: dtree.c(1439): stop. leaf nodes are specific
INFO: dtree.c(1478): Final simple tree
|( WDBNDRY_E 0 -2.338e+05 8.748e+02 1.149e+03
|    ( - -5.869e+04 1 0)
|    ( QUESTION0_4_R 1 -1.742e+05 5.499e+02 8.683e+02
|        ( - -5.354e+04 1 0)
|        ( - -1.201e+05 1 0)))
s>    ( WDBNDRY_E 0 -2.338e+05 8.748e+02 1.149e+03
s>        ( - -5.869e+04 1 0)
s>        ( QUESTION0_4_R 1 -1.742e+05 5.499e+02 8.683e+02
s>            ( - -5.354e+04 1 0)
s>            ( - -1.201e+05 1 0)))INFO: dtree.c(1315): Comp split 10
INFO: dtree.c(1439): stop. leaf nodes are specific
INFO: dtree.c(1478): Final simple tree
|( QUESTION0 1 -4.287e+05 4.937e+02 2.127e+03
|    ( - -1.040e+05 1 0)
|    ( QUESTION0_4_R 1 -3.242e+05 3.974e+02 1.606e+03
|        ( - -4.627e+04 1 0)
|        ( - -2.775e+05 1 0)))
s>    ( QUESTION0 1 -4.287e+05 4.937e+02 2.127e+03
s>        ( - -1.040e+05 1 0)
s>        ( QUESTION0_4_R 1 -3.242e+05 3.974e+02 1.606e+03
s>            ( - -4.627e+04 1 0)
s>            ( - -2.775e+05 1 0)))INFO: dtree.c(1478): Final simple tree
|( WDBNDRY_B 0 -4.114e+05 1.925e+03 1.973e+03
|    ( QUESTION0_18_R 1 -1.436e+05 4.502e+02 6.870e+02
|        ( - -8.118e+04 1 0)
|        ( QUESTION0_15_R 1 -6.199e+04 2.741e+02 2.921e+02
|            ( - -1.744e+04 1 0)
|            ( QUESTION0_0_R 1 -4.428e+04 2.062e+02 2.087e+02
|                ( - -1.741e+04 1 0)
|                ( - -2.667e+04 1 0))))
|    ( QUESTION0 -1 -2.659e+05 4.851e+02 1.286e+03
|        ( - -2.834e+04 1 0)
|        ( QUESTION0_0_R 1 -2.370e+05 3.138e+02 1.148e+03
|            ( - -8.078e+04 2 0 QUESTION2 1 1.685e+02 3.874e+02)
|            ( QUESTION15 -1 -1.559e+05 2.644e+02 7.605e+02
|                ( - -1.427e+05 2 0 QUESTION0_13_R 1 1.810e+02 6.985e+02)
|                ( - -1.295e+04 1 0)))))
s>    ( WDBNDRY_B 0 -4.114e+05 1.925e+03 1.973e+03
s>        ( QUESTION0_18_R 1 -1.436e+05 4.502e+02 6.870e+02
s>            ( - -8.118e+04 1 0)
s>            ( QUESTION0_15_R 1 -6.199e+04 2.741e+02 2.921e+02
s>                ( - -1.744e+04 1 0)
s>                ( QUESTION0_0_R 1 -4.428e+04 2.062e+02 2.087e+02
s>                    ( - -1.741e+04 1 0)
s>                    ( - -2.667e+04 1 0))))
s>        ( QUESTION0 -1 -2.659e+05 4.851e+02 1.286e+03
s>            ( - -2.834e+04 1 0)
s>            ( QUESTION0_0_R 1 -2.370e+05 3.138e+02 1.148e+03
s>                ( - -8.078e+04 2 0 QUESTION2 1 1.685e+02 3.874e+02)
s>                ( QUESTION15 -1 -1.559e+05 2.644e+02 7.605e+02
s>                    ( - -1.427e+05 2 0 QUESTION0_13_R 1 1.810e+02 6.985e+02)
s>                    ( - -1.295e+04 1 0)))))INFO: dtree.c(1315): Comp split 11
INFO: dtree.c(1439): stop. leaf nodes are specific
INFO: dtree.c(1478): Final simple tree
|( QUESTION0 -1 -2.659e+05 4.851e+02 1.286e+03
|    ( - -2.834e+04 1 0)
|    ( QUESTION0_0_R 1 -2.370e+05 3.138e+02 1.148e+03
|        ( QUESTION2 1 -8.078e+04 1.685e+02 3.874e+02
|            ( - -5.372e+04 1 0)
|            ( - -2.689e+04 1 0))
|        ( QUESTION15 -1 -1.559e+05 2.644e+02 7.605e+02
|            ( QUESTION0_13_R 1 -1.427e+05 1.810e+02 6.985e+02
|                ( - -7.938e+04 1 0)
|                ( - -6.316e+04 1 0))
|            ( - -1.295e+04 1 0))))
s>    ( QUESTION0 -1 -2.659e+05 4.851e+02 1.286e+03
s>        ( - -2.834e+04 1 0)
s>        ( QUESTION0_0_R 1 -2.370e+05 3.138e+02 1.148e+03
s>            ( QUESTION2 1 -8.078e+04 1.685e+02 3.874e+02
s>                ( - -5.372e+04 1 0)
s>                ( - -2.689e+04 1 0))
s>            ( QUESTION15 -1 -1.559e+05 2.644e+02 7.605e+02
s>                ( QUESTION0_13_R 1 -1.427e+05 1.810e+02 6.985e+02
s>                    ( - -7.938e+04 1 0)
s>                    ( - -6.316e+04 1 0))
s>                ( - -1.295e+04 1 0))))INFO: dtree.c(1439): stop. leaf nodes are specific
INFO: dtree.c(1478): Final simple tree
|( QUESTION0_18_R 1 -1.436e+05 4.502e+02 6.870e+02
|    ( - -8.118e+04 1 0)
|    ( QUESTION0_15_R 1 -6.199e+04 2.741e+02 2.921e+02
|        ( - -1.744e+04 1 0)
|        ( QUESTION0_0_R 1 -4.428e+04 2.062e+02 2.087e+02
|            ( - -1.741e+04 1 0)
|            ( - -2.667e+04 1 0))))
s>    ( QUESTION0_18_R 1 -1.436e+05 4.502e+02 6.870e+02
s>        ( - -8.118e+04 1 0)
s>        ( QUESTION0_15_R 1 -6.199e+04 2.741e+02 2.921e+02
s>            ( - -1.744e+04 1 0)
s>            ( QUESTION0_0_R 1 -4.428e+04 2.062e+02 2.087e+02
s>                ( - -1.741e+04 1 0)
s>                ( - -2.667e+04 1 0))))INFO: dtree.c(1315): Comp split 12
INFO: dtree.c(1439): stop. leaf nodes are specific
INFO: dtree.c(1478): Final simple tree
|( QUESTION3 1 -2.505e+05 6.534e+02 1.171e+03
|    ( - -1.146e+05 1 0)
|    ( QUESTION14 1 -1.353e+05 5.774e+02 6.333e+02
|        ( QUESTION15 1 -4.849e+04 1.808e+02 2.364e+02
|            ( - -3.732e+04 1 0)
|            ( - -1.098e+04 1 0))
|        ( QUESTION0_0_R 1 -8.619e+04 3.839e+02 3.969e+02
|            ( QUESTION0_3_R 1 -4.385e+04 2.129e+02 2.000e+02
|                ( - -3.251e+04 1 0)
|                ( - -1.112e+04 1 0))
|            ( QUESTION0_13_R 1 -4.196e+04 2.561e+02 1.969e+02
|                ( - -2.984e+04 1 0)
|                ( - -1.187e+04 1 0)))))
s>    ( QUESTION3 1 -2.505e+05 6.534e+02 1.171e+03
s>        ( - -1.146e+05 1 0)
s>        ( QUESTION14 1 -1.353e+05 5.774e+02 6.333e+02
s>            ( QUESTION15 1 -4.849e+04 1.808e+02 2.364e+02
s>                ( - -3.732e+04 1 0)
s>                ( - -1.098e+04 1 0))
s>            ( QUESTION0_0_R 1 -8.619e+04 3.839e+02 3.969e+02
s>                ( QUESTION0_3_R 1 -4.385e+04 2.129e+02 2.000e+02
s>                    ( - -3.251e+04 1 0)
s>                    ( - -1.112e+04 1 0))
s>                ( QUESTION0_13_R 1 -4.196e+04 2.561e+02 1.969e+02
s>                    ( - -2.984e+04 1 0)
s>                    ( - -1.187e+04 1 0)))))INFO: dtree.c(1439): stop. leaf nodes are specific
INFO: dtree.c(1478): Final simple tree
|( QUESTION0_15_R 1 -7.683e+04 4.797e+02 3.503e+02
|    ( - -3.022e+04 1 0)
|    ( QUESTION0_0_R 1 -4.613e+04 2.320e+02 2.068e+02
|        ( - -1.777e+04 1 0)
|        ( - -2.813e+04 1 0)))
s>    ( QUESTION0_15_R 1 -7.683e+04 4.797e+02 3.503e+02
s>        ( - -3.022e+04 1 0)
s>        ( QUESTION0_0_R 1 -4.613e+04 2.320e+02 2.068e+02
s>            ( - -1.777e+04 1 0)
s>            ( - -2.813e+04 1 0)))INFO: dtree.c(1315): Comp split 13
INFO: dtree.c(1439): stop. leaf nodes are specific
INFO: dtree.c(1478): Final simple tree
|( QUESTION0_0_R 1 -3.876e+04 1.644e+02 1.863e+02
|    ( - -2.087e+04 1 0)
|    ( - -1.772e+04 1 0))
s>    ( QUESTION0_0_R 1 -3.876e+04 1.644e+02 1.863e+02
s>        ( - -2.087e+04 1 0)
s>        ( - -1.772e+04 1 0))INFO: dtree.c(1478): Final simple tree
|( QUESTION15 -1 -3.094e+05 9.849e+02 1.501e+03
|    ( QUESTION0_0_R 1 -1.376e+05 1.001e+03 6.750e+02
|        ( QUESTION0_1_R 1 -9.884e+04 4.508e+02 4.888e+02
|            ( - -5.401e+04 2 0 QUESTION2_16_L -1 1.476e+02 2.701e+02)
|            ( - -4.438e+04 1 0))
|        ( - -3.778e+04 1 0))
|    ( QUESTION0_15_R 1 -1.708e+05 1.042e+03 8.260e+02
|        ( - -5.169e+04 1 0)
|        ( QUESTION14 1 -1.181e+05 4.158e+02 5.716e+02
|            ( QUESTION0_0_R 1 -5.892e+04 2.030e+02 2.894e+02
|                ( - -1.256e+04 1 0)
|                ( - -4.615e+04 1 0))
|            ( QUESTION19 -1 -5.875e+04 3.041e+02 2.822e+02
|                ( - -1.568e+04 1 0)
|                ( - -4.276e+04 2 0 QUESTION0 1 1.721e+02 2.059e+02)))))
s>    ( QUESTION15 -1 -3.094e+05 9.849e+02 1.501e+03
s>        ( QUESTION0_0_R 1 -1.376e+05 1.001e+03 6.750e+02
s>            ( QUESTION0_1_R 1 -9.884e+04 4.508e+02 4.888e+02
s>                ( - -5.401e+04 2 0 QUESTION2_16_L -1 1.476e+02 2.701e+02)
s>                ( - -4.438e+04 1 0))
s>            ( - -3.778e+04 1 0))
s>        ( QUESTION0_15_R 1 -1.708e+05 1.042e+03 8.260e+02
s>            ( - -5.169e+04 1 0)
s>            ( QUESTION14 1 -1.181e+05 4.158e+02 5.716e+02
s>                ( QUESTION0_0_R 1 -5.892e+04 2.030e+02 2.894e+02
s>                    ( - -1.256e+04 1 0)
s>                    ( - -4.615e+04 1 0))
s>                ( QUESTION19 -1 -5.875e+04 3.041e+02 2.822e+02
s>                    ( - -1.568e+04 1 0)
s>                    ( - -4.276e+04 2 0 QUESTION0 1 1.721e+02 2.059e+02)))))INFO: dtree.c(1315): Comp split 14
INFO: dtree.c(1439): stop. leaf nodes are specific
INFO: dtree.c(1478): Final simple tree
|( QUESTION0_15_R 1 -1.567e+05 8.837e+02 7.578e+02
|    ( - -3.778e+04 1 0)
|    ( QUESTION14 1 -1.181e+05 4.158e+02 5.716e+02
|        ( QUESTION0_0_R 1 -5.892e+04 2.030e+02 2.894e+02
|            ( - -1.256e+04 1 0)
|            ( - -4.615e+04 1 0))
|        ( QUESTION19 -1 -5.875e+04 3.041e+02 2.822e+02
|            ( - -1.568e+04 1 0)
|            ( QUESTION0 1 -4.276e+04 1.721e+02 2.059e+02
|                ( - -1.234e+04 1 0)
|                ( - -3.025e+04 1 0)))))
s>    ( QUESTION0_15_R 1 -1.567e+05 8.837e+02 7.578e+02
s>        ( - -3.778e+04 1 0)
s>        ( QUESTION14 1 -1.181e+05 4.158e+02 5.716e+02
s>            ( QUESTION0_0_R 1 -5.892e+04 2.030e+02 2.894e+02
s>                ( - -1.256e+04 1 0)
s>                ( - -4.615e+04 1 0))
s>            ( QUESTION19 -1 -5.875e+04 3.041e+02 2.822e+02
s>                ( - -1.568e+04 1 0)
s>                ( QUESTION0 1 -4.276e+04 1.721e+02 2.059e+02
s>                    ( - -1.234e+04 1 0)
s>                    ( - -3.025e+04 1 0)))))INFO: dtree.c(1439): stop. leaf nodes are specific
INFO: dtree.c(1478): Final simple tree
|( QUESTION0_0_R 1 -1.513e+05 7.884e+02 7.432e+02
|    ( QUESTION0_1_R 1 -9.884e+04 4.508e+02 4.888e+02
|        ( QUESTION2_16_L -1 -5.401e+04 1.476e+02 2.701e+02
|            ( - -1.974e+04 1 0)
|            ( - -3.411e+04 1 0))
|        ( - -4.438e+04 1 0))
|    ( - -5.169e+04 1 0))
s>    ( QUESTION0_0_R 1 -1.513e+05 7.884e+02 7.432e+02
s>        ( QUESTION0_1_R 1 -9.884e+04 4.508e+02 4.888e+02
s>            ( QUESTION2_16_L -1 -5.401e+04 1.476e+02 2.701e+02
s>                ( - -1.974e+04 1 0)
s>                ( - -3.411e+04 1 0))
s>            ( - -4.438e+04 1 0))
s>        ( - -5.169e+04 1 0))INFO: dtree.c(1315): Comp split 15
INFO: dtree.c(1439): stop. leaf nodes are specific
INFO: dtree.c(1478): Final simple tree
|( QUESTION5 1 -2.075e+05 6.295e+02 1.003e+03
|    ( QUESTION0_0_R 1 -2.721e+04 4.294e+02 1.293e+02
|        ( - -1.761e+04 1 0)
|        ( - -9.172e+03 1 0))
|    ( QUESTION0_16_R 1 -1.797e+05 3.875e+02 8.733e+02
|        ( - -1.346e+05 2 0)
|        ( QUESTION0_0_R 1 -4.473e+04 2.402e+02 2.165e+02
|            ( - -3.267e+04 1 0)
|            ( - -1.182e+04 1 0))))
s>    ( QUESTION5 1 -2.075e+05 6.295e+02 1.003e+03
s>        ( QUESTION0_0_R 1 -2.721e+04 4.294e+02 1.293e+02
s>            ( - -1.761e+04 1 0)
s>            ( - -9.172e+03 1 0))
s>        ( QUESTION0_16_R 1 -1.797e+05 3.875e+02 8.733e+02
s>            ( - -1.346e+05 2 0)
s>            ( QUESTION0_0_R 1 -4.473e+04 2.402e+02 2.165e+02
s>                ( - -3.267e+04 1 0)
s>                ( - -1.182e+04 1 0))))INFO: dtree.c(1315): Comp split 16
INFO: dtree.c(1439): stop. leaf nodes are specific
INFO: dtree.c(1478): Final simple tree
|( QUESTION2 1 -6.790e+04 4.130e+02 3.416e+02
|    ( - -5.575e+04 2 0)
|    ( - -1.173e+04 1 0))
s>    ( QUESTION2 1 -6.790e+04 4.130e+02 3.416e+02
s>        ( - -5.575e+04 2 0)
s>        ( - -1.173e+04 1 0))INFO: dtree.c(1315): Comp split 17
INFO: dtree.c(1439): stop. leaf nodes are specific
INFO: dtree.c(1478): Final simple tree
|( QUESTION14 1 -3.673e+05 3.835e+02 1.792e+03
|    ( QUESTION0_16_R 1 -2.523e+05 2.979e+02 1.236e+03
|        ( QUESTION15 1 -1.547e+05 2.797e+02 7.557e+02
|            ( - -4.156e+04 1 0)
|            ( - -1.128e+05 1 0))
|        ( QUESTION0_0_R 1 -9.732e+04 1.683e+02 4.801e+02
|            ( - -4.685e+04 1 0)
|            ( - -5.030e+04 1 0)))
|    ( QUESTION0 1 -1.147e+05 3.381e+02 5.564e+02
|        ( - -2.053e+04 1 0)
|        ( - -9.381e+04 1 0)))
s>    ( QUESTION14 1 -3.673e+05 3.835e+02 1.792e+03
s>        ( QUESTION0_16_R 1 -2.523e+05 2.979e+02 1.236e+03
s>            ( QUESTION15 1 -1.547e+05 2.797e+02 7.557e+02
s>                ( - -4.156e+04 1 0)
s>                ( - -1.128e+05 1 0))
s>            ( QUESTION0_0_R 1 -9.732e+04 1.683e+02 4.801e+02
s>                ( - -4.685e+04 1 0)
s>                ( - -5.030e+04 1 0)))
s>        ( QUESTION0 1 -1.147e+05 3.381e+02 5.564e+02
s>            ( - -2.053e+04 1 0)
s>            ( - -9.381e+04 1 0)))INFO: dtree.c(1315): Comp split 18
INFO: dtree.c(1439): stop. leaf nodes are specific
INFO: dtree.c(1478): Final simple tree
|( QUESTION14 1 -1.181e+05 4.158e+02 5.716e+02
|    ( QUESTION0_0_R 1 -5.892e+04 2.030e+02 2.894e+02
|        ( - -1.256e+04 1 0)
|        ( - -4.615e+04 1 0))
|    ( QUESTION19 -1 -5.875e+04 3.041e+02 2.822e+02
|        ( - -1.568e+04 1 0)
|        ( QUESTION0 1 -4.276e+04 1.721e+02 2.059e+02
|            ( - -1.234e+04 1 0)
|            ( - -3.025e+04 1 0))))
s>    ( QUESTION14 1 -1.181e+05 4.158e+02 5.716e+02
s>        ( QUESTION0_0_R 1 -5.892e+04 2.030e+02 2.894e+02
s>            ( - -1.256e+04 1 0)
s>            ( - -4.615e+04 1 0))
s>        ( QUESTION19 -1 -5.875e+04 3.041e+02 2.822e+02
s>            ( - -1.568e+04 1 0)
s>            ( QUESTION0 1 -4.276e+04 1.721e+02 2.059e+02
s>                ( - -1.234e+04 1 0)
s>                ( - -3.025e+04 1 0))))INFO: dtree.c(1315): Comp split 19
INFO: dtree.c(1439): stop. leaf nodes are specific
INFO: dtree.c(1478): Final simple tree
|( QUESTION0_4_R 1 -1.742e+05 5.499e+02 8.683e+02
|    ( - -5.354e+04 1 0)
|    ( - -1.201e+05 1 0))
s>    ( QUESTION0_4_R 1 -1.742e+05 5.499e+02 8.683e+02
s>        ( - -5.354e+04 1 0)
s>        ( - -1.201e+05 1 0))INFO: dtree.c(1315): Comp split 20
INFO: dtree.c(1439): stop. leaf nodes are specific
INFO: dtree.c(1478): Final simple tree
|( QUESTION0_1_R 1 -9.884e+04 4.508e+02 4.888e+02
|    ( QUESTION2_16_L -1 -5.401e+04 1.476e+02 2.701e+02
|        ( - -1.974e+04 1 0)
|        ( - -3.411e+04 1 0))
|    ( - -4.438e+04 1 0))
s>    ( QUESTION0_1_R 1 -9.884e+04 4.508e+02 4.888e+02
s>        ( QUESTION2_16_L -1 -5.401e+04 1.476e+02 2.701e+02
s>            ( - -1.974e+04 1 0)
s>            ( - -3.411e+04 1 0))
s>        ( - -4.438e+04 1 0))INFO: dtree.c(1315): Comp split 21
INFO: dtree.c(1439): stop. leaf nodes are specific
INFO: dtree.c(1478): Final simple tree
|( QUESTION0_13_R 1 -9.097e+04 5.807e+02 4.333e+02
|    ( - -2.984e+04 1 0)
|    ( QUESTION0_0_R 1 -6.055e+04 1.986e+02 2.944e+02
|        ( QUESTION15 1 -4.849e+04 1.808e+02 2.364e+02
|            ( - -3.732e+04 1 0)
|            ( - -1.098e+04 1 0))
|        ( - -1.187e+04 1 0)))
s>    ( QUESTION0_13_R 1 -9.097e+04 5.807e+02 4.333e+02
s>        ( - -2.984e+04 1 0)
s>        ( QUESTION0_0_R 1 -6.055e+04 1.986e+02 2.944e+02
s>            ( QUESTION15 1 -4.849e+04 1.808e+02 2.364e+02
s>                ( - -3.732e+04 1 0)
s>                ( - -1.098e+04 1 0))
s>            ( - -1.187e+04 1 0)))INFO: dtree.c(1439): stop. leaf nodes are specific
INFO: dtree.c(1478): Final simple tree
|( QUESTION0 1 -1.588e+05 3.667e+02 7.377e+02
|    ( QUESTION0_3_R 1 -4.385e+04 2.129e+02 2.000e+02
|        ( - -3.251e+04 1 0)
|        ( - -1.112e+04 1 0))
|    ( - -1.146e+05 1 0))
s>    ( QUESTION0 1 -1.588e+05 3.667e+02 7.377e+02
s>        ( QUESTION0_3_R 1 -4.385e+04 2.129e+02 2.000e+02
s>            ( - -3.251e+04 1 0)
s>            ( - -1.112e+04 1 0))
s>        ( - -1.146e+05 1 0))INFO: dtree.c(1315): Comp split 22
INFO: dtree.c(1315): Comp split 23
INFO: dtree.c(1439): stop. leaf nodes are specific
INFO: dtree.c(1478): Final simple tree
|( QUESTION0_16_R 1 -1.797e+05 3.875e+02 8.733e+02
|    ( - -1.346e+05 2 0)
|    ( QUESTION0_0_R 1 -4.473e+04 2.402e+02 2.165e+02
|        ( - -3.267e+04 1 0)
|        ( - -1.182e+04 1 0)))
s>    ( QUESTION0_16_R 1 -1.797e+05 3.875e+02 8.733e+02
s>        ( - -1.346e+05 2 0)
s>        ( QUESTION0_0_R 1 -4.473e+04 2.402e+02 2.165e+02
s>            ( - -3.267e+04 1 0)
s>            ( - -1.182e+04 1 0)))INFO: dtree.c(1439): stop. leaf nodes are specific
INFO: dtree.c(1478): Final simple tree
|( QUESTION0_0_R 1 -2.721e+04 4.294e+02 1.293e+02
|    ( - -1.761e+04 1 0)
|    ( - -9.172e+03 1 0))
s>    ( QUESTION0_0_R 1 -2.721e+04 4.294e+02 1.293e+02
s>        ( - -1.761e+04 1 0)
s>        ( - -9.172e+03 1 0))INFO: dtree.c(1315): Comp split 24
INFO: dtree.c(1439): stop. leaf nodes are specific
INFO: dtree.c(1478): Final simple tree
|( QUESTION0_0_R 1 -6.055e+04 1.986e+02 2.944e+02
|    ( QUESTION15 1 -4.849e+04 1.808e+02 2.364e+02
|        ( - -3.732e+04 1 0)
|        ( - -1.098e+04 1 0))
|    ( - -1.187e+04 1 0))
s>    ( QUESTION0_0_R 1 -6.055e+04 1.986e+02 2.944e+02
s>        ( QUESTION15 1 -4.849e+04 1.808e+02 2.364e+02
s>            ( - -3.732e+04 1 0)
s>            ( - -1.098e+04 1 0))
s>        ( - -1.187e+04 1 0))INFO: dtree.c(1315): Comp split 25
INFO: dtree.c(1315): Comp split 26
INFO: dtree.c(1439): stop. leaf nodes are specific
INFO: dtree.c(1478): Final simple tree
|( QUESTION0_4_R 1 -3.242e+05 3.974e+02 1.606e+03
|    ( - -4.627e+04 1 0)
|    ( - -2.775e+05 1 0))
s>    ( QUESTION0_4_R 1 -3.242e+05 3.974e+02 1.606e+03
s>        ( - -4.627e+04 1 0)
s>        ( - -2.775e+05 1 0))INFO: dtree.c(1315): Comp split 27
INFO: dtree.c(1439): stop. leaf nodes are specific
INFO: dtree.c(1478): Final simple tree
|( QUESTION0_0_R 1 -2.370e+05 3.138e+02 1.148e+03
|    ( QUESTION2 1 -8.078e+04 1.685e+02 3.874e+02
|        ( - -5.372e+04 1 0)
|        ( - -2.689e+04 1 0))
|    ( QUESTION15 -1 -1.559e+05 2.644e+02 7.605e+02
|        ( QUESTION0_13_R 1 -1.427e+05 1.810e+02 6.985e+02
|            ( - -7.938e+04 1 0)
|            ( - -6.316e+04 1 0))
|        ( - -1.295e+04 1 0)))
s>    ( QUESTION0_0_R 1 -2.370e+05 3.138e+02 1.148e+03
s>        ( QUESTION2 1 -8.078e+04 1.685e+02 3.874e+02
s>            ( - -5.372e+04 1 0)
s>            ( - -2.689e+04 1 0))
s>        ( QUESTION15 -1 -1.559e+05 2.644e+02 7.605e+02
s>            ( QUESTION0_13_R 1 -1.427e+05 1.810e+02 6.985e+02
s>                ( - -7.938e+04 1 0)
s>                ( - -6.316e+04 1 0))
s>            ( - -1.295e+04 1 0)))INFO: dtree.c(1315): Comp split 28
INFO: dtree.c(1439): stop. leaf nodes are specific
INFO: dtree.c(1478): Final simple tree
|( QUESTION0_0_R 1 -4.613e+04 2.320e+02 2.068e+02
|    ( - -1.777e+04 1 0)
|    ( - -2.813e+04 1 0))
s>    ( QUESTION0_0_R 1 -4.613e+04 2.320e+02 2.068e+02
s>        ( - -1.777e+04 1 0)
s>        ( - -2.813e+04 1 0))INFO: dtree.c(1315): Comp split 29
INFO: dtree.c(1439): stop. leaf nodes are specific
INFO: dtree.c(1478): Final simple tree
|( QUESTION0_13_R 1 -4.437e+04 2.604e+02 2.131e+02
|    ( - -2.667e+04 1 0)
|    ( - -1.744e+04 1 0))
s>    ( QUESTION0_13_R 1 -4.437e+04 2.604e+02 2.131e+02
s>        ( - -2.667e+04 1 0)
s>        ( - -1.744e+04 1 0))INFO: dtree.c(1439): stop. leaf nodes are specific
INFO: dtree.c(1478): Final simple tree
|( QUESTION0_0_R 1 -9.880e+04 2.162e+02 4.739e+02
|    ( - -1.741e+04 1 0)
|    ( - -8.118e+04 1 0))
s>    ( QUESTION0_0_R 1 -9.880e+04 2.162e+02 4.739e+02
s>        ( - -1.741e+04 1 0)
s>        ( - -8.118e+04 1 0))INFO: dtree.c(1315): Comp split 30
INFO: dtree.c(1439): stop. leaf nodes are specific
INFO: dtree.c(1478): Final simple tree
|( QUESTION2_16_L -1 -5.401e+04 1.476e+02 2.701e+02
|    ( - -1.974e+04 1 0)
|    ( - -3.411e+04 1 0))
s>    ( QUESTION2_16_L -1 -5.401e+04 1.476e+02 2.701e+02
s>        ( - -1.974e+04 1 0)
s>        ( - -3.411e+04 1 0))INFO: dtree.c(1315): Comp split 31
INFO: dtree.c(1315): Comp split 32
INFO: dtree.c(1439): stop. leaf nodes are specific
INFO: dtree.c(1478): Final simple tree
|( QUESTION19 -1 -5.875e+04 3.041e+02 2.822e+02
|    ( - -1.568e+04 1 0)
|    ( QUESTION0 1 -4.276e+04 1.721e+02 2.059e+02
|        ( - -1.234e+04 1 0)
|        ( - -3.025e+04 1 0)))
s>    ( QUESTION19 -1 -5.875e+04 3.041e+02 2.822e+02
s>        ( - -1.568e+04 1 0)
s>        ( QUESTION0 1 -4.276e+04 1.721e+02 2.059e+02
s>            ( - -1.234e+04 1 0)
s>            ( - -3.025e+04 1 0)))INFO: dtree.c(1439): stop. leaf nodes are specific
INFO: dtree.c(1478): Final simple tree
|( QUESTION0_0_R 1 -5.892e+04 2.030e+02 2.894e+02
|    ( - -1.256e+04 1 0)
|    ( - -4.615e+04 1 0))
s>    ( QUESTION0_0_R 1 -5.892e+04 2.030e+02 2.894e+02
s>        ( - -1.256e+04 1 0)
s>        ( - -4.615e+04 1 0))INFO: dtree.c(1315): Comp split 33
INFO: dtree.c(1315): Comp split 34
INFO: dtree.c(1439): stop. leaf nodes are specific
INFO: dtree.c(1478): Final simple tree
|( QUESTION2 1 -1.382e+05 3.328e+02 6.466e+02
|    ( - -7.026e+04 1 0)
|    ( QUESTION0_0_R 1 -6.762e+04 2.628e+02 3.187e+02
|        ( - -4.238e+04 1 0)
|        ( - -2.498e+04 1 0)))
s>    ( QUESTION2 1 -1.382e+05 3.328e+02 6.466e+02
s>        ( - -7.026e+04 1 0)
s>        ( QUESTION0_0_R 1 -6.762e+04 2.628e+02 3.187e+02
s>            ( - -4.238e+04 1 0)
s>            ( - -2.498e+04 1 0)))INFO: dtree.c(1315): Comp split 35
INFO: dtree.c(1439): stop. leaf nodes are specific
INFO: dtree.c(1478): Final simple tree
|( QUESTION0_0_R 1 -6.238e+04 2.998e+02 3.055e+02
|    ( - -2.053e+04 1 0)
|    ( - -4.156e+04 1 0))
s>    ( QUESTION0_0_R 1 -6.238e+04 2.998e+02 3.055e+02
s>        ( - -2.053e+04 1 0)
s>        ( - -4.156e+04 1 0))INFO: dtree.c(1439): stop. leaf nodes are specific
INFO: dtree.c(1478): Final simple tree
|( QUESTION2 1 -3.046e+05 3.294e+02 1.487e+03
|    ( - -9.381e+04 1 0)
|    ( QUESTION0_16_R 1 -2.104e+05 2.669e+02 1.031e+03
|        ( - -1.128e+05 1 0)
|        ( QUESTION0_0_R 1 -9.732e+04 1.683e+02 4.801e+02
|            ( - -4.685e+04 1 0)
|            ( - -5.030e+04 1 0))))
s>    ( QUESTION2 1 -3.046e+05 3.294e+02 1.487e+03
s>        ( - -9.381e+04 1 0)
s>        ( QUESTION0_16_R 1 -2.104e+05 2.669e+02 1.031e+03
s>            ( - -1.128e+05 1 0)
s>            ( QUESTION0_0_R 1 -9.732e+04 1.683e+02 4.801e+02
s>                ( - -4.685e+04 1 0)
s>                ( - -5.030e+04 1 0))))INFO: dtree.c(1315): Comp split 36
INFO: dtree.c(1315): Comp split 37
INFO: dtree.c(1439): stop. leaf nodes are specific
INFO: dtree.c(1478): Final simple tree
|( QUESTION0_0_R 1 -4.473e+04 2.402e+02 2.165e+02
|    ( - -3.267e+04 1 0)
|    ( - -1.182e+04 1 0))
s>    ( QUESTION0_0_R 1 -4.473e+04 2.402e+02 2.165e+02
s>        ( - -3.267e+04 1 0)
s>        ( - -1.182e+04 1 0))INFO: dtree.c(1315): Comp split 38
INFO: dtree.c(1439): stop. leaf nodes are specific
INFO: dtree.c(1478): Final simple tree
|( QUESTION11 1 -2.188e+05 3.078e+02 1.067e+03
|    ( - -3.709e+04 1 0)
|    ( QUESTION2 1 -1.814e+05 2.592e+02 8.856e+02
|        ( - -2.571e+04 1 0)
|        ( QUESTION0_0_R 1 -1.555e+05 2.110e+02 7.600e+02
|            ( - -1.017e+05 1 0)
|            ( - -5.353e+04 1 0))))
s>    ( QUESTION11 1 -2.188e+05 3.078e+02 1.067e+03
s>        ( - -3.709e+04 1 0)
s>        ( QUESTION2 1 -1.814e+05 2.592e+02 8.856e+02
s>            ( - -2.571e+04 1 0)
s>            ( QUESTION0_0_R 1 -1.555e+05 2.110e+02 7.600e+02
s>                ( - -1.017e+05 1 0)
s>                ( - -5.353e+04 1 0))))INFO: dtree.c(1315): Comp split 39
INFO: dtree.c(1439): stop. leaf nodes are specific
INFO: dtree.c(1478): Final simple tree
|( QUESTION0_3_R 1 -4.385e+04 2.129e+02 2.000e+02
|    ( - -3.251e+04 1 0)
|    ( - -1.112e+04 1 0))
s>    ( QUESTION0_3_R 1 -4.385e+04 2.129e+02 2.000e+02
s>        ( - -3.251e+04 1 0)
s>        ( - -1.112e+04 1 0))INFO: dtree.c(1315): Comp split 40
INFO: dtree.c(1439): stop. leaf nodes are specific
INFO: dtree.c(1478): Final simple tree
|( QUESTION0_0_R 1 -6.762e+04 2.628e+02 3.187e+02
|    ( - -4.238e+04 1 0)
|    ( - -2.498e+04 1 0))
s>    ( QUESTION0_0_R 1 -6.762e+04 2.628e+02 3.187e+02
s>        ( - -4.238e+04 1 0)
s>        ( - -2.498e+04 1 0))INFO: dtree.c(1315): Comp split 41
INFO: dtree.c(1439): stop. leaf nodes are specific
INFO: dtree.c(1478): Final simple tree
|( QUESTION0_16_R 1 -2.104e+05 2.669e+02 1.031e+03
|    ( - -1.128e+05 1 0)
|    ( QUESTION0_0_R 1 -9.732e+04 1.683e+02 4.801e+02
|        ( - -4.685e+04 1 0)
|        ( - -5.030e+04 1 0)))
s>    ( QUESTION0_16_R 1 -2.104e+05 2.669e+02 1.031e+03
s>        ( - -1.128e+05 1 0)
s>        ( QUESTION0_0_R 1 -9.732e+04 1.683e+02 4.801e+02
s>            ( - -4.685e+04 1 0)
s>            ( - -5.030e+04 1 0)))INFO: dtree.c(1315): Comp split 42
INFO: dtree.c(1315): Comp split 43
INFO: dtree.c(1439): stop. leaf nodes are specific
INFO: dtree.c(1478): Final simple tree
|( QUESTION15 -1 -1.559e+05 2.644e+02 7.605e+02
|    ( QUESTION0_13_R 1 -1.427e+05 1.810e+02 6.985e+02
|        ( - -7.938e+04 1 0)
|        ( - -6.316e+04 1 0))
|    ( - -1.295e+04 1 0))
s>    ( QUESTION15 -1 -1.559e+05 2.644e+02 7.605e+02
s>        ( QUESTION0_13_R 1 -1.427e+05 1.810e+02 6.985e+02
s>            ( - -7.938e+04 1 0)
s>            ( - -6.316e+04 1 0))
s>        ( - -1.295e+04 1 0))INFO: dtree.c(1439): stop. leaf nodes are specific
INFO: dtree.c(1478): Final simple tree
|( QUESTION2 1 -8.078e+04 1.685e+02 3.874e+02
|    ( - -5.372e+04 1 0)
|    ( - -2.689e+04 1 0))
s>    ( QUESTION2 1 -8.078e+04 1.685e+02 3.874e+02
s>        ( - -5.372e+04 1 0)
s>        ( - -2.689e+04 1 0))INFO: dtree.c(1315): Comp split 44
INFO: dtree.c(1439): stop. leaf nodes are specific
INFO: dtree.c(1478): Final simple tree
|( QUESTION2 1 -1.814e+05 2.592e+02 8.856e+02
|    ( - -2.571e+04 1 0)
|    ( QUESTION0_0_R 1 -1.555e+05 2.110e+02 7.600e+02
|        ( - -1.017e+05 1 0)
|        ( - -5.353e+04 1 0)))
s>    ( QUESTION2 1 -1.814e+05 2.592e+02 8.856e+02
s>        ( - -2.571e+04 1 0)
s>        ( QUESTION0_0_R 1 -1.555e+05 2.110e+02 7.600e+02
s>            ( - -1.017e+05 1 0)
s>            ( - -5.353e+04 1 0)))INFO: dtree.c(1315): Comp split 45
INFO: dtree.c(1439): stop. leaf nodes are specific
INFO: dtree.c(1478): Final simple tree
|( QUESTION0 1 -4.276e+04 1.721e+02 2.059e+02
|    ( - -1.234e+04 1 0)
|    ( - -3.025e+04 1 0))
s>    ( QUESTION0 1 -4.276e+04 1.721e+02 2.059e+02
s>        ( - -1.234e+04 1 0)
s>        ( - -3.025e+04 1 0))INFO: dtree.c(1315): Comp split 46
INFO: dtree.c(1315): Comp split 47
INFO: dtree.c(1439): stop. leaf nodes are specific
INFO: dtree.c(1478): Final simple tree
|( QUESTION0_0_R 1 -9.732e+04 1.683e+02 4.801e+02
|    ( - -4.685e+04 1 0)
|    ( - -5.030e+04 1 0))
s>    ( QUESTION0_0_R 1 -9.732e+04 1.683e+02 4.801e+02
s>        ( - -4.685e+04 1 0)
s>        ( - -5.030e+04 1 0))INFO: dtree.c(1315): Comp split 48
INFO: dtree.c(1439): stop. leaf nodes are specific
INFO: dtree.c(1478): Final simple tree
|( QUESTION0_13_R 1 -1.427e+05 1.810e+02 6.985e+02
|    ( - -7.938e+04 1 0)
|    ( - -6.316e+04 1 0))
s>    ( QUESTION0_13_R 1 -1.427e+05 1.810e+02 6.985e+02
s>        ( - -7.938e+04 1 0)
s>        ( - -6.316e+04 1 0))INFO: dtree.c(1315): Comp split 49
INFO: dtree.c(1315): Comp split 50
INFO: dtree.c(1315): Comp split 51
INFO: dtree.c(1439): stop. leaf nodes are specific
INFO: dtree.c(1478): Final simple tree
|( QUESTION0_0_R 1 -1.555e+05 2.110e+02 7.600e+02
|    ( - -1.017e+05 1 0)
|    ( - -5.353e+04 1 0))
s>    ( QUESTION0_0_R 1 -1.555e+05 2.110e+02 7.600e+02
s>        ( - -1.017e+05 1 0)
s>        ( - -5.353e+04 1 0))INFO: dtree.c(1315): Comp split 52
INFO: dtree.c(1315): Comp split 53
INFO: dtree.c(1315): Comp split 54
INFO: dtree.c(1315): Comp split 55
INFO: dtree.c(1315): Comp split 56
INFO: dtree.c(1315): Comp split 57
INFO: dtree.c(1315): Comp split 58
INFO: dtree.c(1439): stop. leaf nodes are specific
INFO: dtree.c(1478): Final simple tree
|( QUESTION15 1 -4.849e+04 1.808e+02 2.364e+02
|    ( - -3.732e+04 1 0)
|    ( - -1.098e+04 1 0))
s>    ( QUESTION15 1 -4.849e+04 1.808e+02 2.364e+02
s>        ( - -3.732e+04 1 0)
s>        ( - -1.098e+04 1 0))INFO: dtree.c(1315): Comp split 59
INFO: dtree.c(1315): Comp split 60
INFO: dtree.c(1315): Comp split 61
INFO: dtree.c(1315): Comp split 62
INFO: dtree.c(1315): Comp split 63
INFO: dtree.c(1315): Comp split 64
INFO: dtree.c(1315): Comp split 65
INFO: dtree.c(1315): Comp split 66
INFO: dtree.c(1318): stop. leaf nodes are specific
Tue Jun  9 01:50:03 2020
