Current configuration:
[NAME]		[DEFLT]	[VALUE]
-allphones	no	no
-cntthresh	0.00001	1.000000e-05
-csplitmax	100	2000
-csplitmin	1	1
-csplitthr	8e-4	0.000000e+00
-example	no	no
-fullvar	no	no
-help		no	no
-meanfn			/home/nattapong/Downloads/acoustic_model/model_parameters/acoustic_model.cd_cont_untied/means
-mixwfn			/home/nattapong/Downloads/acoustic_model/model_parameters/acoustic_model.cd_cont_untied/mixture_weights
-moddeffn		/home/nattapong/Downloads/acoustic_model/model_architecture/acoustic_model.untied.mdef
-mwfloor	1e-4	1.000000e-08
-phone			L
-psetfn			/home/nattapong/Downloads/acoustic_model/model_architecture/acoustic_model.tree_questions
-ssplitmax	5	7
-ssplitmin	1	1
-ssplitthr	8e-4	0.000000e+00
-state			2
-stwt			1.0,0.05,0.0,
-treefn			/home/nattapong/Downloads/acoustic_model/trees/acoustic_model.unpruned/L-2.dtree
-ts2cbfn	.semi.	.cont.
-varfloor	0.00001	1.000000e-05
-varfn			/home/nattapong/Downloads/acoustic_model/model_parameters/acoustic_model.cd_cont_untied/variances

INFO: main.c(223): Reading: /home/nattapong/Downloads/acoustic_model/model_architecture/acoustic_model.untied.mdef
INFO: model_def_io.c(573): Model definition info:
INFO: model_def_io.c(574): 416 total models defined (36 base, 380 tri)
INFO: model_def_io.c(575): 1664 total states
INFO: model_def_io.c(576): 1248 total tied states
INFO: model_def_io.c(577): 108 total tied CI states
INFO: model_def_io.c(578): 36 total tied transition matrices
INFO: model_def_io.c(579): 4 max state/model
INFO: model_def_io.c(580): 4 min state/model
INFO: main.c(242): Building trees for [L A EH i] through [L PH OA i]
INFO: main.c(268): Covering states |[678 701]| == 24
INFO: main.c(275): Reading: /home/nattapong/Downloads/acoustic_model/model_parameters/acoustic_model.cd_cont_untied/mixture_weights
INFO: s3mixw_io.c(172): Read /home/nattapong/Downloads/acoustic_model/model_parameters/acoustic_model.cd_cont_untied/mixture_weights [24x1x1 array]
INFO: main.c(311): 8 of 8 models have observation count greater than 0.000010
INFO: main.c(95): nrm stwt: 0.000 0.048 0.952 
INFO: s3gau_io.c(168): Read /home/nattapong/Downloads/acoustic_model/model_parameters/acoustic_model.cd_cont_untied/means [1248x1x1 array]
INFO: s3gau_io.c(168): Read /home/nattapong/Downloads/acoustic_model/model_parameters/acoustic_model.cd_cont_untied/variances [1248x1x1 array]
INFO: main.c(549): Reading: /home/nattapong/Downloads/acoustic_model/model_architecture/acoustic_model.tree_questions
INFO: main.c(587): 178 total simple questions (170 phone; 8 word bndry)
INFO: main.c(589): 42 Left Only questions, and 40 Right Only questions
INFO: dtree.c(1478): Final simple tree
|( QUESTION0_9_R 1 -1.728e+05 1.712e+03 9.461e+02
|    ( QUESTION2_4_L -1 -6.872e+04 1.210e+03 3.768e+02
|        ( - -2.517e+04 1 0)
|        ( QUESTION20 -1 -4.234e+04 5.309e+02 2.361e+02
|            ( - -2.030e+04 1 0)
|            ( QUESTION0_10_R 1 -2.151e+04 4.330e+02 1.182e+02
|                ( - -1.074e+04 1 0)
|                ( - -1.033e+04 1 0))))
|    ( QUESTION5 1 -1.024e+05 1.592e+03 5.694e+02
|        ( - -2.621e+04 1 0)
|        ( QUESTION0_2_R 1 -7.455e+04 5.365e+02 4.280e+02
|            ( - -2.551e+04 1 0)
|            ( QUESTION0_0_R 1 -4.851e+04 2.856e+02 2.801e+02
|                ( - -2.614e+04 1 0)
|                ( - -2.208e+04 1 0)))))
s>    ( QUESTION0_9_R 1 -1.728e+05 1.712e+03 9.461e+02
s>        ( QUESTION2_4_L -1 -6.872e+04 1.210e+03 3.768e+02
s>            ( - -2.517e+04 1 0)
s>            ( QUESTION20 -1 -4.234e+04 5.309e+02 2.361e+02
s>                ( - -2.030e+04 1 0)
s>                ( QUESTION0_10_R 1 -2.151e+04 4.330e+02 1.182e+02
s>                    ( - -1.074e+04 1 0)
s>                    ( - -1.033e+04 1 0))))
s>        ( QUESTION5 1 -1.024e+05 1.592e+03 5.694e+02
s>            ( - -2.621e+04 1 0)
s>            ( QUESTION0_2_R 1 -7.455e+04 5.365e+02 4.280e+02
s>                ( - -2.551e+04 1 0)
s>                ( QUESTION0_0_R 1 -4.851e+04 2.856e+02 2.801e+02
s>                    ( - -2.614e+04 1 0)
s>                    ( - -2.208e+04 1 0)))))INFO: dtree.c(1315): Comp split 0
INFO: dtree.c(1439): stop. leaf nodes are specific
INFO: dtree.c(1478): Final simple tree
|( QUESTION0_2_R 1 -7.455e+04 5.365e+02 4.280e+02
|    ( - -2.551e+04 1 0)
|    ( QUESTION0_0_R 1 -4.851e+04 2.856e+02 2.801e+02
|        ( - -2.614e+04 1 0)
|        ( - -2.208e+04 1 0)))
s>    ( QUESTION0_2_R 1 -7.455e+04 5.365e+02 4.280e+02
s>        ( - -2.551e+04 1 0)
s>        ( QUESTION0_0_R 1 -4.851e+04 2.856e+02 2.801e+02
s>            ( - -2.614e+04 1 0)
s>            ( - -2.208e+04 1 0)))INFO: dtree.c(1439): stop. leaf nodes are specific
INFO: dtree.c(1478): Final simple tree
|( QUESTION2_4_L -1 -9.608e+04 1.708e+03 5.181e+02
|    ( QUESTION0_9_R 1 -5.203e+04 6.557e+02 2.820e+02
|        ( - -2.517e+04 1 0)
|        ( - -2.621e+04 1 0))
|    ( QUESTION20 -1 -4.234e+04 5.309e+02 2.361e+02
|        ( - -2.030e+04 1 0)
|        ( QUESTION0_10_R 1 -2.151e+04 4.330e+02 1.182e+02
|            ( - -1.074e+04 1 0)
|            ( - -1.033e+04 1 0))))
s>    ( QUESTION2_4_L -1 -9.608e+04 1.708e+03 5.181e+02
s>        ( QUESTION0_9_R 1 -5.203e+04 6.557e+02 2.820e+02
s>            ( - -2.517e+04 1 0)
s>            ( - -2.621e+04 1 0))
s>        ( QUESTION20 -1 -4.234e+04 5.309e+02 2.361e+02
s>            ( - -2.030e+04 1 0)
s>            ( QUESTION0_10_R 1 -2.151e+04 4.330e+02 1.182e+02
s>                ( - -1.074e+04 1 0)
s>                ( - -1.033e+04 1 0))))INFO: dtree.c(1315): Comp split 1
INFO: dtree.c(1439): stop. leaf nodes are specific
INFO: dtree.c(1478): Final simple tree
|( QUESTION20 -1 -4.234e+04 5.309e+02 2.361e+02
|    ( - -2.030e+04 1 0)
|    ( QUESTION0_10_R 1 -2.151e+04 4.330e+02 1.182e+02
|        ( - -1.074e+04 1 0)
|        ( - -1.033e+04 1 0)))
s>    ( QUESTION20 -1 -4.234e+04 5.309e+02 2.361e+02
s>        ( - -2.030e+04 1 0)
s>        ( QUESTION0_10_R 1 -2.151e+04 4.330e+02 1.182e+02
s>            ( - -1.074e+04 1 0)
s>            ( - -1.033e+04 1 0)))INFO: dtree.c(1439): stop. leaf nodes are specific
INFO: dtree.c(1478): Final simple tree
|( QUESTION0_9_R 1 -5.203e+04 6.557e+02 2.820e+02
|    ( - -2.517e+04 1 0)
|    ( - -2.621e+04 1 0))
s>    ( QUESTION0_9_R 1 -5.203e+04 6.557e+02 2.820e+02
s>        ( - -2.517e+04 1 0)
s>        ( - -2.621e+04 1 0))INFO: dtree.c(1315): Comp split 2
INFO: dtree.c(1315): Comp split 3
INFO: dtree.c(1439): stop. leaf nodes are specific
INFO: dtree.c(1478): Final simple tree
|( QUESTION0_0_R 1 -4.851e+04 2.856e+02 2.801e+02
|    ( - -2.614e+04 1 0)
|    ( - -2.208e+04 1 0))
s>    ( QUESTION0_0_R 1 -4.851e+04 2.856e+02 2.801e+02
s>        ( - -2.614e+04 1 0)
s>        ( - -2.208e+04 1 0))INFO: dtree.c(1315): Comp split 4
INFO: dtree.c(1439): stop. leaf nodes are specific
INFO: dtree.c(1478): Final simple tree
|( QUESTION0_10_R 1 -2.151e+04 4.330e+02 1.182e+02
|    ( - -1.074e+04 1 0)
|    ( - -1.033e+04 1 0))
s>    ( QUESTION0_10_R 1 -2.151e+04 4.330e+02 1.182e+02
s>        ( - -1.074e+04 1 0)
s>        ( - -1.033e+04 1 0))INFO: dtree.c(1315): Comp split 5
INFO: dtree.c(1315): Comp split 6
INFO: dtree.c(1315): Comp split 7
INFO: dtree.c(1318): stop. leaf nodes are specific
Tue Jun  9 01:50:01 2020
