Current configuration:
[NAME]		[DEFLT]	[VALUE]
-allphones	no	no
-cntthresh	0.00001	1.000000e-05
-csplitmax	100	2000
-csplitmin	1	1
-csplitthr	8e-4	0.000000e+00
-example	no	no
-fullvar	no	no
-help		no	no
-meanfn			/home/nattapong/Downloads/acoustic_model/model_parameters/acoustic_model.cd_cont_untied/means
-mixwfn			/home/nattapong/Downloads/acoustic_model/model_parameters/acoustic_model.cd_cont_untied/mixture_weights
-moddeffn		/home/nattapong/Downloads/acoustic_model/model_architecture/acoustic_model.untied.mdef
-mwfloor	1e-4	1.000000e-08
-phone			OW
-psetfn			/home/nattapong/Downloads/acoustic_model/model_architecture/acoustic_model.tree_questions
-ssplitmax	5	7
-ssplitmin	1	1
-ssplitthr	8e-4	0.000000e+00
-state			0
-stwt			1.0,0.05,0.0,
-treefn			/home/nattapong/Downloads/acoustic_model/trees/acoustic_model.unpruned/OW-0.dtree
-ts2cbfn	.semi.	.cont.
-varfloor	0.00001	1.000000e-05
-varfn			/home/nattapong/Downloads/acoustic_model/model_parameters/acoustic_model.cd_cont_untied/variances

INFO: main.c(223): Reading: /home/nattapong/Downloads/acoustic_model/model_architecture/acoustic_model.untied.mdef
INFO: model_def_io.c(573): Model definition info:
INFO: model_def_io.c(574): 416 total models defined (36 base, 380 tri)
INFO: model_def_io.c(575): 1664 total states
INFO: model_def_io.c(576): 1248 total tied states
INFO: model_def_io.c(577): 108 total tied CI states
INFO: model_def_io.c(578): 36 total tied transition matrices
INFO: model_def_io.c(579): 4 max state/model
INFO: model_def_io.c(580): 4 min state/model
INFO: main.c(242): Building trees for [OW A N i] through [OW TH M i]
INFO: main.c(268): Covering states |[858 905]| == 48
INFO: main.c(275): Reading: /home/nattapong/Downloads/acoustic_model/model_parameters/acoustic_model.cd_cont_untied/mixture_weights
INFO: s3mixw_io.c(172): Read /home/nattapong/Downloads/acoustic_model/model_parameters/acoustic_model.cd_cont_untied/mixture_weights [48x1x1 array]
INFO: main.c(311): 16 of 16 models have observation count greater than 0.000010
INFO: main.c(95): nrm stwt: 0.952 0.048 0.000 
INFO: s3gau_io.c(168): Read /home/nattapong/Downloads/acoustic_model/model_parameters/acoustic_model.cd_cont_untied/means [1248x1x1 array]
INFO: s3gau_io.c(168): Read /home/nattapong/Downloads/acoustic_model/model_parameters/acoustic_model.cd_cont_untied/variances [1248x1x1 array]
INFO: main.c(549): Reading: /home/nattapong/Downloads/acoustic_model/model_architecture/acoustic_model.tree_questions
INFO: main.c(587): 178 total simple questions (170 phone; 8 word bndry)
INFO: main.c(589): 42 Left Only questions, and 40 Right Only questions
INFO: dtree.c(1478): Final simple tree
|( QUESTION2_18_L -1 -1.058e+06 9.104e+03 5.128e+03
|    ( - -4.384e+05 5 0 QUESTION0 1 9.738e+02 2.227e+03)
|    ( QUESTION2 -1 -6.108e+05 6.181e+03 2.900e+03
|        ( - -9.197e+04 2 0 QUESTION0_0_R 1 5.501e+02 4.450e+02)
|        ( QUESTION2_15_L -1 -5.127e+05 3.327e+03 2.455e+03
|            ( QUESTION15 -1 -1.975e+05 1.625e+03 9.672e+02
|                ( - -1.360e+05 2 0 QUESTION0 1 2.556e+02 6.641e+02)
|                ( - -5.987e+04 1 0))
|            ( QUESTION16 1 -3.118e+05 1.921e+03 1.488e+03
|                ( - -1.646e+05 1 0)
|                ( QUESTION0 -1 -1.453e+05 1.134e+03 6.894e+02
|                    ( - -3.982e+04 2 0 QUESTION2 1 1.822e+02 1.921e+02)
|                    ( QUESTION14 1 -1.043e+05 1.013e+03 4.973e+02
|                        ( - -8.241e+04 1 0)
|                        ( - -2.092e+04 2 0 QUESTION0_0_R 1 2.901e+02 1.010e+02)))))))
s>    ( QUESTION2_18_L -1 -1.058e+06 9.104e+03 5.128e+03
s>        ( - -4.384e+05 5 0 QUESTION0 1 9.738e+02 2.227e+03)
s>        ( QUESTION2 -1 -6.108e+05 6.181e+03 2.900e+03
s>            ( - -9.197e+04 2 0 QUESTION0_0_R 1 5.501e+02 4.450e+02)
s>            ( QUESTION2_15_L -1 -5.127e+05 3.327e+03 2.455e+03
s>                ( QUESTION15 -1 -1.975e+05 1.625e+03 9.672e+02
s>                    ( - -1.360e+05 2 0 QUESTION0 1 2.556e+02 6.641e+02)
s>                    ( - -5.987e+04 1 0))
s>                ( QUESTION16 1 -3.118e+05 1.921e+03 1.488e+03
s>                    ( - -1.646e+05 1 0)
s>                    ( QUESTION0 -1 -1.453e+05 1.134e+03 6.894e+02
s>                        ( - -3.982e+04 2 0 QUESTION2 1 1.822e+02 1.921e+02)
s>                        ( QUESTION14 1 -1.043e+05 1.013e+03 4.973e+02
s>                            ( - -8.241e+04 1 0)
s>                            ( - -2.092e+04 2 0 QUESTION0_0_R 1 2.901e+02 1.010e+02)))))))INFO: dtree.c(1315): Comp split 0
INFO: dtree.c(1439): stop. leaf nodes are specific
INFO: dtree.c(1478): Final simple tree
|( QUESTION15 -1 -5.002e+05 1.886e+03 2.531e+03
|    ( QUESTION0 1 -4.384e+05 9.738e+02 2.227e+03
|        ( - -5.375e+04 1 0)
|        ( QUESTION15 1 -3.837e+05 7.733e+02 1.961e+03
|            ( QUESTION0_0_R 1 -1.928e+05 6.489e+02 9.860e+02
|                ( - -1.518e+05 1 0)
|                ( - -4.043e+04 1 0))
|            ( QUESTION2 1 -1.901e+05 2.222e+02 9.751e+02
|                ( - -1.474e+05 1 0)
|                ( - -4.241e+04 1 0))))
|    ( - -5.987e+04 1 0))
s>    ( QUESTION15 -1 -5.002e+05 1.886e+03 2.531e+03
s>        ( QUESTION0 1 -4.384e+05 9.738e+02 2.227e+03
s>            ( - -5.375e+04 1 0)
s>            ( QUESTION15 1 -3.837e+05 7.733e+02 1.961e+03
s>                ( QUESTION0_0_R 1 -1.928e+05 6.489e+02 9.860e+02
s>                    ( - -1.518e+05 1 0)
s>                    ( - -4.043e+04 1 0))
s>                ( QUESTION2 1 -1.901e+05 2.222e+02 9.751e+02
s>                    ( - -1.474e+05 1 0)
s>                    ( - -4.241e+04 1 0))))
s>        ( - -5.987e+04 1 0))INFO: dtree.c(1478): Final simple tree
|( QUESTION2 -1 -5.489e+05 6.196e+03 2.597e+03
|    ( QUESTION0_0_R 1 -9.197e+04 5.501e+02 4.450e+02
|        ( - -5.460e+04 1 0)
|        ( - -3.682e+04 1 0))
|    ( QUESTION2_15_L -1 -4.508e+05 2.931e+03 2.152e+03
|        ( - -1.360e+05 2 0 QUESTION0 1 2.556e+02 6.641e+02)
|        ( QUESTION16 1 -3.118e+05 1.921e+03 1.488e+03
|            ( - -1.646e+05 1 0)
|            ( QUESTION0 -1 -1.453e+05 1.134e+03 6.894e+02
|                ( - -3.982e+04 2 0 QUESTION2 1 1.822e+02 1.921e+02)
|                ( QUESTION14 1 -1.043e+05 1.013e+03 4.973e+02
|                    ( - -8.241e+04 1 0)
|                    ( QUESTION0_0_R 1 -2.092e+04 2.901e+02 1.010e+02
|                        ( - -9.396e+03 1 0)
|                        ( - -1.123e+04 1 0)))))))
s>    ( QUESTION2 -1 -5.489e+05 6.196e+03 2.597e+03
s>        ( QUESTION0_0_R 1 -9.197e+04 5.501e+02 4.450e+02
s>            ( - -5.460e+04 1 0)
s>            ( - -3.682e+04 1 0))
s>        ( QUESTION2_15_L -1 -4.508e+05 2.931e+03 2.152e+03
s>            ( - -1.360e+05 2 0 QUESTION0 1 2.556e+02 6.641e+02)
s>            ( QUESTION16 1 -3.118e+05 1.921e+03 1.488e+03
s>                ( - -1.646e+05 1 0)
s>                ( QUESTION0 -1 -1.453e+05 1.134e+03 6.894e+02
s>                    ( - -3.982e+04 2 0 QUESTION2 1 1.822e+02 1.921e+02)
s>                    ( QUESTION14 1 -1.043e+05 1.013e+03 4.973e+02
s>                        ( - -8.241e+04 1 0)
s>                        ( QUESTION0_0_R 1 -2.092e+04 2.901e+02 1.010e+02
s>                            ( - -9.396e+03 1 0)
s>                            ( - -1.123e+04 1 0)))))))INFO: dtree.c(1315): Comp split 1
INFO: dtree.c(1478): Final simple tree
|( QUESTION2_15_L -1 -4.508e+05 2.931e+03 2.152e+03
|    ( QUESTION0 1 -1.360e+05 2.556e+02 6.641e+02
|        ( - -2.508e+04 1 0)
|        ( - -1.107e+05 1 0))
|    ( QUESTION16 1 -3.118e+05 1.921e+03 1.488e+03
|        ( - -1.646e+05 1 0)
|        ( QUESTION0 -1 -1.453e+05 1.134e+03 6.894e+02
|            ( QUESTION2 1 -3.982e+04 1.822e+02 1.921e+02
|                ( - -1.101e+04 1 0)
|                ( - -2.863e+04 1 0))
|            ( QUESTION14 1 -1.043e+05 1.013e+03 4.973e+02
|                ( - -8.241e+04 1 0)
|                ( QUESTION0_0_R 1 -2.092e+04 2.901e+02 1.010e+02
|                    ( - -9.396e+03 1 0)
|                    ( - -1.123e+04 1 0))))))
s>    ( QUESTION2_15_L -1 -4.508e+05 2.931e+03 2.152e+03
s>        ( QUESTION0 1 -1.360e+05 2.556e+02 6.641e+02
s>            ( - -2.508e+04 1 0)
s>            ( - -1.107e+05 1 0))
s>        ( QUESTION16 1 -3.118e+05 1.921e+03 1.488e+03
s>            ( - -1.646e+05 1 0)
s>            ( QUESTION0 -1 -1.453e+05 1.134e+03 6.894e+02
s>                ( QUESTION2 1 -3.982e+04 1.822e+02 1.921e+02
s>                    ( - -1.101e+04 1 0)
s>                    ( - -2.863e+04 1 0))
s>                ( QUESTION14 1 -1.043e+05 1.013e+03 4.973e+02
s>                    ( - -8.241e+04 1 0)
s>                    ( QUESTION0_0_R 1 -2.092e+04 2.901e+02 1.010e+02
s>                        ( - -9.396e+03 1 0)
s>                        ( - -1.123e+04 1 0))))))INFO: dtree.c(1439): stop. leaf nodes are specific
INFO: dtree.c(1478): Final simple tree
|( QUESTION0_0_R 1 -9.197e+04 5.501e+02 4.450e+02
|    ( - -5.460e+04 1 0)
|    ( - -3.682e+04 1 0))
s>    ( QUESTION0_0_R 1 -9.197e+04 5.501e+02 4.450e+02
s>        ( - -5.460e+04 1 0)
s>        ( - -3.682e+04 1 0))INFO: dtree.c(1315): Comp split 2
INFO: dtree.c(1439): stop. leaf nodes are specific
INFO: dtree.c(1478): Final simple tree
|( QUESTION16 1 -3.118e+05 1.921e+03 1.488e+03
|    ( - -1.646e+05 1 0)
|    ( QUESTION0 -1 -1.453e+05 1.134e+03 6.894e+02
|        ( QUESTION2 1 -3.982e+04 1.822e+02 1.921e+02
|            ( - -1.101e+04 1 0)
|            ( - -2.863e+04 1 0))
|        ( QUESTION14 1 -1.043e+05 1.013e+03 4.973e+02
|            ( - -8.241e+04 1 0)
|            ( QUESTION0_0_R 1 -2.092e+04 2.901e+02 1.010e+02
|                ( - -9.396e+03 1 0)
|                ( - -1.123e+04 1 0)))))
s>    ( QUESTION16 1 -3.118e+05 1.921e+03 1.488e+03
s>        ( - -1.646e+05 1 0)
s>        ( QUESTION0 -1 -1.453e+05 1.134e+03 6.894e+02
s>            ( QUESTION2 1 -3.982e+04 1.822e+02 1.921e+02
s>                ( - -1.101e+04 1 0)
s>                ( - -2.863e+04 1 0))
s>            ( QUESTION14 1 -1.043e+05 1.013e+03 4.973e+02
s>                ( - -8.241e+04 1 0)
s>                ( QUESTION0_0_R 1 -2.092e+04 2.901e+02 1.010e+02
s>                    ( - -9.396e+03 1 0)
s>                    ( - -1.123e+04 1 0)))))INFO: dtree.c(1439): stop. leaf nodes are specific
INFO: dtree.c(1478): Final simple tree
|( QUESTION0 1 -1.360e+05 2.556e+02 6.641e+02
|    ( - -2.508e+04 1 0)
|    ( - -1.107e+05 1 0))
s>    ( QUESTION0 1 -1.360e+05 2.556e+02 6.641e+02
s>        ( - -2.508e+04 1 0)
s>        ( - -1.107e+05 1 0))INFO: dtree.c(1315): Comp split 3
INFO: dtree.c(1439): stop. leaf nodes are specific
INFO: dtree.c(1478): Final simple tree
|( QUESTION0 -1 -1.453e+05 1.134e+03 6.894e+02
|    ( QUESTION2 1 -3.982e+04 1.822e+02 1.921e+02
|        ( - -1.101e+04 1 0)
|        ( - -2.863e+04 1 0))
|    ( QUESTION14 1 -1.043e+05 1.013e+03 4.973e+02
|        ( - -8.241e+04 1 0)
|        ( QUESTION0_0_R 1 -2.092e+04 2.901e+02 1.010e+02
|            ( - -9.396e+03 1 0)
|            ( - -1.123e+04 1 0))))
s>    ( QUESTION0 -1 -1.453e+05 1.134e+03 6.894e+02
s>        ( QUESTION2 1 -3.982e+04 1.822e+02 1.921e+02
s>            ( - -1.101e+04 1 0)
s>            ( - -2.863e+04 1 0))
s>        ( QUESTION14 1 -1.043e+05 1.013e+03 4.973e+02
s>            ( - -8.241e+04 1 0)
s>            ( QUESTION0_0_R 1 -2.092e+04 2.901e+02 1.010e+02
s>                ( - -9.396e+03 1 0)
s>                ( - -1.123e+04 1 0))))INFO: dtree.c(1315): Comp split 4
INFO: dtree.c(1439): stop. leaf nodes are specific
INFO: dtree.c(1478): Final simple tree
|( QUESTION0 1 -4.384e+05 9.738e+02 2.227e+03
|    ( - -5.375e+04 1 0)
|    ( QUESTION15 1 -3.837e+05 7.733e+02 1.961e+03
|        ( QUESTION0_0_R 1 -1.928e+05 6.489e+02 9.860e+02
|            ( - -1.518e+05 1 0)
|            ( - -4.043e+04 1 0))
|        ( QUESTION2 1 -1.901e+05 2.222e+02 9.751e+02
|            ( - -1.474e+05 1 0)
|            ( - -4.241e+04 1 0))))
s>    ( QUESTION0 1 -4.384e+05 9.738e+02 2.227e+03
s>        ( - -5.375e+04 1 0)
s>        ( QUESTION15 1 -3.837e+05 7.733e+02 1.961e+03
s>            ( QUESTION0_0_R 1 -1.928e+05 6.489e+02 9.860e+02
s>                ( - -1.518e+05 1 0)
s>                ( - -4.043e+04 1 0))
s>            ( QUESTION2 1 -1.901e+05 2.222e+02 9.751e+02
s>                ( - -1.474e+05 1 0)
s>                ( - -4.241e+04 1 0))))INFO: dtree.c(1315): Comp split 5
INFO: dtree.c(1439): stop. leaf nodes are specific
INFO: dtree.c(1478): Final simple tree
|( QUESTION14 1 -1.043e+05 1.013e+03 4.973e+02
|    ( - -8.241e+04 1 0)
|    ( QUESTION0_0_R 1 -2.092e+04 2.901e+02 1.010e+02
|        ( - -9.396e+03 1 0)
|        ( - -1.123e+04 1 0)))
s>    ( QUESTION14 1 -1.043e+05 1.013e+03 4.973e+02
s>        ( - -8.241e+04 1 0)
s>        ( QUESTION0_0_R 1 -2.092e+04 2.901e+02 1.010e+02
s>            ( - -9.396e+03 1 0)
s>            ( - -1.123e+04 1 0)))INFO: dtree.c(1439): stop. leaf nodes are specific
INFO: dtree.c(1478): Final simple tree
|( QUESTION2 1 -3.982e+04 1.822e+02 1.921e+02
|    ( - -1.101e+04 1 0)
|    ( - -2.863e+04 1 0))
s>    ( QUESTION2 1 -3.982e+04 1.822e+02 1.921e+02
s>        ( - -1.101e+04 1 0)
s>        ( - -2.863e+04 1 0))INFO: dtree.c(1315): Comp split 6
INFO: dtree.c(1439): stop. leaf nodes are specific
INFO: dtree.c(1478): Final simple tree
|( QUESTION0_0_R 1 -2.092e+04 2.901e+02 1.010e+02
|    ( - -9.396e+03 1 0)
|    ( - -1.123e+04 1 0))
s>    ( QUESTION0_0_R 1 -2.092e+04 2.901e+02 1.010e+02
s>        ( - -9.396e+03 1 0)
s>        ( - -1.123e+04 1 0))INFO: dtree.c(1315): Comp split 7
INFO: dtree.c(1439): stop. leaf nodes are specific
INFO: dtree.c(1478): Final simple tree
|( QUESTION15 1 -3.837e+05 7.733e+02 1.961e+03
|    ( QUESTION0_0_R 1 -1.928e+05 6.489e+02 9.860e+02
|        ( - -1.518e+05 1 0)
|        ( - -4.043e+04 1 0))
|    ( QUESTION2 1 -1.901e+05 2.222e+02 9.751e+02
|        ( - -1.474e+05 1 0)
|        ( - -4.241e+04 1 0)))
s>    ( QUESTION15 1 -3.837e+05 7.733e+02 1.961e+03
s>        ( QUESTION0_0_R 1 -1.928e+05 6.489e+02 9.860e+02
s>            ( - -1.518e+05 1 0)
s>            ( - -4.043e+04 1 0))
s>        ( QUESTION2 1 -1.901e+05 2.222e+02 9.751e+02
s>            ( - -1.474e+05 1 0)
s>            ( - -4.241e+04 1 0)))INFO: dtree.c(1315): Comp split 8
INFO: dtree.c(1439): stop. leaf nodes are specific
INFO: dtree.c(1478): Final simple tree
|( QUESTION0_0_R 1 -2.311e+05 6.389e+02 1.180e+03
|    ( QUESTION2 1 -1.901e+05 2.222e+02 9.751e+02
|        ( - -1.474e+05 1 0)
|        ( - -4.241e+04 1 0))
|    ( - -4.043e+04 1 0))
s>    ( QUESTION0_0_R 1 -2.311e+05 6.389e+02 1.180e+03
s>        ( QUESTION2 1 -1.901e+05 2.222e+02 9.751e+02
s>            ( - -1.474e+05 1 0)
s>            ( - -4.241e+04 1 0))
s>        ( - -4.043e+04 1 0))INFO: dtree.c(1315): Comp split 9
INFO: dtree.c(1439): stop. leaf nodes are specific
INFO: dtree.c(1478): Final simple tree
|( QUESTION2 1 -1.901e+05 2.222e+02 9.751e+02
|    ( - -1.474e+05 1 0)
|    ( - -4.241e+04 1 0))
s>    ( QUESTION2 1 -1.901e+05 2.222e+02 9.751e+02
s>        ( - -1.474e+05 1 0)
s>        ( - -4.241e+04 1 0))INFO: dtree.c(1315): Comp split 10
INFO: dtree.c(1315): Comp split 11
INFO: dtree.c(1315): Comp split 12
INFO: dtree.c(1315): Comp split 13
INFO: dtree.c(1315): Comp split 14
INFO: dtree.c(1315): Comp split 15
INFO: dtree.c(1318): stop. leaf nodes are specific
Tue Jun  9 01:50:00 2020
