Current configuration:
[NAME]		[DEFLT]	[VALUE]
-allphones	no	no
-cntthresh	0.00001	1.000000e-05
-csplitmax	100	2000
-csplitmin	1	1
-csplitthr	8e-4	0.000000e+00
-example	no	no
-fullvar	no	no
-help		no	no
-meanfn			/home/nattapong/Downloads/acoustic_model/model_parameters/acoustic_model.cd_cont_untied/means
-mixwfn			/home/nattapong/Downloads/acoustic_model/model_parameters/acoustic_model.cd_cont_untied/mixture_weights
-moddeffn		/home/nattapong/Downloads/acoustic_model/model_architecture/acoustic_model.untied.mdef
-mwfloor	1e-4	1.000000e-08
-phone			T
-psetfn			/home/nattapong/Downloads/acoustic_model/model_architecture/acoustic_model.tree_questions
-ssplitmax	5	7
-ssplitmin	1	1
-ssplitthr	8e-4	0.000000e+00
-state			1
-stwt			1.0,0.05,0.0,
-treefn			/home/nattapong/Downloads/acoustic_model/trees/acoustic_model.unpruned/T-1.dtree
-ts2cbfn	.semi.	.cont.
-varfloor	0.00001	1.000000e-05
-varfn			/home/nattapong/Downloads/acoustic_model/model_parameters/acoustic_model.cd_cont_untied/variances

INFO: main.c(223): Reading: /home/nattapong/Downloads/acoustic_model/model_architecture/acoustic_model.untied.mdef
INFO: model_def_io.c(573): Model definition info:
INFO: model_def_io.c(574): 416 total models defined (36 base, 380 tri)
INFO: model_def_io.c(575): 1664 total states
INFO: model_def_io.c(576): 1248 total tied states
INFO: model_def_io.c(577): 108 total tied CI states
INFO: model_def_io.c(578): 36 total tied transition matrices
INFO: model_def_io.c(579): 4 max state/model
INFO: model_def_io.c(580): 4 min state/model
INFO: main.c(242): Building trees for [T A A i] through [T UW SIL e]
INFO: main.c(268): Covering states |[1038 1124]| == 87
INFO: main.c(275): Reading: /home/nattapong/Downloads/acoustic_model/model_parameters/acoustic_model.cd_cont_untied/mixture_weights
INFO: s3mixw_io.c(172): Read /home/nattapong/Downloads/acoustic_model/model_parameters/acoustic_model.cd_cont_untied/mixture_weights [87x1x1 array]
INFO: main.c(311): 29 of 29 models have observation count greater than 0.000010
INFO: main.c(95): nrm stwt: 0.045 0.909 0.045 
INFO: s3gau_io.c(168): Read /home/nattapong/Downloads/acoustic_model/model_parameters/acoustic_model.cd_cont_untied/means [1248x1x1 array]
INFO: s3gau_io.c(168): Read /home/nattapong/Downloads/acoustic_model/model_parameters/acoustic_model.cd_cont_untied/variances [1248x1x1 array]
INFO: main.c(549): Reading: /home/nattapong/Downloads/acoustic_model/model_architecture/acoustic_model.tree_questions
INFO: main.c(587): 178 total simple questions (170 phone; 8 word bndry)
INFO: main.c(589): 42 Left Only questions, and 40 Right Only questions
INFO: dtree.c(1478): Final simple tree
|( QUESTION0_9_R 1 -1.701e+06 1.032e+04 8.129e+03
|    ( QUESTION0 -1 -1.727e+05 1.199e+03 8.345e+02
|        ( - -1.441e+05 2 0)
|        ( - -2.746e+04 2 0 QUESTION2 -1 2.678e+02 1.303e+02))
|    ( QUESTION2_4_L -1 -1.518e+06 2.770e+03 7.295e+03
|        ( WDBNDRY_E 0 -7.773e+05 2.300e+03 3.714e+03
|            ( - -4.230e+05 1 0)
|            ( - -3.520e+05 7 0 QUESTION3 1 9.950e+02 1.594e+03))
|        ( QUESTION5 -1 -7.379e+05 1.402e+03 3.580e+03
|            ( - -3.879e+05 3 0 WDBNDRY_E 0 9.914e+02 1.955e+03)
|            ( WDBNDRY_E 0 -3.486e+05 1.052e+03 1.626e+03
|                ( - -1.115e+05 1 0)
|                ( QUESTION4 -1 -2.360e+05 1.121e+03 1.103e+03
|                    ( - -2.203e+04 1 0)
|                    ( - -2.129e+05 12 0 QUESTION0_16_R 1 8.545e+02 9.922e+02))))))
s>    ( QUESTION0_9_R 1 -1.701e+06 1.032e+04 8.129e+03
s>        ( QUESTION0 -1 -1.727e+05 1.199e+03 8.345e+02
s>            ( - -1.441e+05 2 0)
s>            ( - -2.746e+04 2 0 QUESTION2 -1 2.678e+02 1.303e+02))
s>        ( QUESTION2_4_L -1 -1.518e+06 2.770e+03 7.295e+03
s>            ( WDBNDRY_E 0 -7.773e+05 2.300e+03 3.714e+03
s>                ( - -4.230e+05 1 0)
s>                ( - -3.520e+05 7 0 QUESTION3 1 9.950e+02 1.594e+03))
s>            ( QUESTION5 -1 -7.379e+05 1.402e+03 3.580e+03
s>                ( - -3.879e+05 3 0 WDBNDRY_E 0 9.914e+02 1.955e+03)
s>                ( WDBNDRY_E 0 -3.486e+05 1.052e+03 1.626e+03
s>                    ( - -1.115e+05 1 0)
s>                    ( QUESTION4 -1 -2.360e+05 1.121e+03 1.103e+03
s>                        ( - -2.203e+04 1 0)
s>                        ( - -2.129e+05 12 0 QUESTION0_16_R 1 8.545e+02 9.922e+02))))))INFO: dtree.c(1315): Comp split 0
INFO: dtree.c(1439): stop. leaf nodes are specific
INFO: dtree.c(1478): Final simple tree
|( QUESTION0 -1 -1.727e+05 1.199e+03 8.345e+02
|    ( - -1.441e+05 2 0)
|    ( QUESTION2 -1 -2.746e+04 2.678e+02 1.303e+02
|        ( - -1.079e+04 1 0)
|        ( - -1.641e+04 1 0)))
s>    ( QUESTION0 -1 -1.727e+05 1.199e+03 8.345e+02
s>        ( - -1.441e+05 2 0)
s>        ( QUESTION2 -1 -2.746e+04 2.678e+02 1.303e+02
s>            ( - -1.079e+04 1 0)
s>            ( - -1.641e+04 1 0)))INFO: dtree.c(1478): Final simple tree
|( QUESTION2_4_L -1 -1.518e+06 2.770e+03 7.295e+03
|    ( WDBNDRY_E 0 -7.773e+05 2.300e+03 3.714e+03
|        ( - -4.230e+05 1 0)
|        ( QUESTION3 1 -3.520e+05 9.950e+02 1.594e+03
|            ( - -4.983e+04 1 0)
|            ( - -3.012e+05 6 0 QUESTION0_6_R 1 8.019e+02 1.347e+03)))
|    ( QUESTION5 -1 -7.379e+05 1.402e+03 3.580e+03
|        ( WDBNDRY_E 0 -3.879e+05 9.914e+02 1.955e+03
|            ( - -3.139e+05 1 0)
|            ( - -7.301e+04 2 0 QUESTION0_0_R 1 3.731e+02 3.568e+02))
|        ( WDBNDRY_E 0 -3.486e+05 1.052e+03 1.626e+03
|            ( - -1.115e+05 1 0)
|            ( QUESTION4 -1 -2.360e+05 1.121e+03 1.103e+03
|                ( - -2.203e+04 1 0)
|                ( - -2.129e+05 12 0 QUESTION0_16_R 1 8.545e+02 9.922e+02)))))
s>    ( QUESTION2_4_L -1 -1.518e+06 2.770e+03 7.295e+03
s>        ( WDBNDRY_E 0 -7.773e+05 2.300e+03 3.714e+03
s>            ( - -4.230e+05 1 0)
s>            ( QUESTION3 1 -3.520e+05 9.950e+02 1.594e+03
s>                ( - -4.983e+04 1 0)
s>                ( - -3.012e+05 6 0 QUESTION0_6_R 1 8.019e+02 1.347e+03)))
s>        ( QUESTION5 -1 -7.379e+05 1.402e+03 3.580e+03
s>            ( WDBNDRY_E 0 -3.879e+05 9.914e+02 1.955e+03
s>                ( - -3.139e+05 1 0)
s>                ( - -7.301e+04 2 0 QUESTION0_0_R 1 3.731e+02 3.568e+02))
s>            ( WDBNDRY_E 0 -3.486e+05 1.052e+03 1.626e+03
s>                ( - -1.115e+05 1 0)
s>                ( QUESTION4 -1 -2.360e+05 1.121e+03 1.103e+03
s>                    ( - -2.203e+04 1 0)
s>                    ( - -2.129e+05 12 0 QUESTION0_16_R 1 8.545e+02 9.922e+02)))))INFO: dtree.c(1315): Comp split 1
INFO: dtree.c(1478): Final simple tree
|( WDBNDRY_I 0 -9.405e+05 2.101e+03 4.460e+03
|    ( QUESTION2_4_L -1 -4.360e+05 1.351e+03 1.953e+03
|        ( QUESTION0_6_R 1 -3.012e+05 8.019e+02 1.347e+03
|            ( - -1.708e+05 2 0)
|            ( QUESTION0_4_R 1 -1.295e+05 7.208e+02 5.796e+02
|                ( - -7.440e+04 2 0)
|                ( - -5.440e+04 2 0 QUESTION0_0_R 1 3.412e+02 2.577e+02)))
|        ( QUESTION2_3_L -1 -1.335e+05 7.625e+02 6.051e+02
|            ( - -5.348e+04 4 0 QUESTION0_6_R 1 4.549e+02 2.203e+02)
|            ( - -7.923e+04 4 0 QUESTION0_6_R 1 5.253e+02 3.848e+02)))
|    ( WDBNDRY_B 0 -5.024e+05 7.376e+02 2.507e+03
|        ( QUESTION0_16_R 1 -7.873e+04 7.522e+02 3.870e+02
|            ( - -4.110e+04 1 0)
|            ( - -3.688e+04 3 0 QUESTION0_6_R 1 4.792e+02 1.719e+02))
|        ( - -4.230e+05 1 0)))
s>    ( WDBNDRY_I 0 -9.405e+05 2.101e+03 4.460e+03
s>        ( QUESTION2_4_L -1 -4.360e+05 1.351e+03 1.953e+03
s>            ( QUESTION0_6_R 1 -3.012e+05 8.019e+02 1.347e+03
s>                ( - -1.708e+05 2 0)
s>                ( QUESTION0_4_R 1 -1.295e+05 7.208e+02 5.796e+02
s>                    ( - -7.440e+04 2 0)
s>                    ( - -5.440e+04 2 0 QUESTION0_0_R 1 3.412e+02 2.577e+02)))
s>            ( QUESTION2_3_L -1 -1.335e+05 7.625e+02 6.051e+02
s>                ( - -5.348e+04 4 0 QUESTION0_6_R 1 4.549e+02 2.203e+02)
s>                ( - -7.923e+04 4 0 QUESTION0_6_R 1 5.253e+02 3.848e+02)))
s>        ( WDBNDRY_B 0 -5.024e+05 7.376e+02 2.507e+03
s>            ( QUESTION0_16_R 1 -7.873e+04 7.522e+02 3.870e+02
s>                ( - -4.110e+04 1 0)
s>                ( - -3.688e+04 3 0 QUESTION0_6_R 1 4.792e+02 1.719e+02))
s>            ( - -4.230e+05 1 0)))INFO: dtree.c(1439): stop. leaf nodes are specific
INFO: dtree.c(1478): Final simple tree
|( QUESTION5 -1 -5.745e+05 1.435e+03 2.835e+03
|    ( WDBNDRY_E 0 -3.879e+05 9.914e+02 1.955e+03
|        ( - -3.139e+05 1 0)
|        ( QUESTION0_0_R 1 -7.301e+04 3.731e+02 3.568e+02
|            ( - -2.891e+04 1 0)
|            ( - -4.372e+04 1 0)))
|    ( WDBNDRY_E 0 -1.851e+05 1.045e+03 8.800e+02
|        ( - -1.115e+05 1 0)
|        ( QUESTION0 -1 -7.257e+04 7.074e+02 3.570e+02
|            ( - -4.983e+04 1 0)
|            ( - -2.203e+04 1 0))))
s>    ( QUESTION5 -1 -5.745e+05 1.435e+03 2.835e+03
s>        ( WDBNDRY_E 0 -3.879e+05 9.914e+02 1.955e+03
s>            ( - -3.139e+05 1 0)
s>            ( QUESTION0_0_R 1 -7.301e+04 3.731e+02 3.568e+02
s>                ( - -2.891e+04 1 0)
s>                ( - -4.372e+04 1 0)))
s>        ( WDBNDRY_E 0 -1.851e+05 1.045e+03 8.800e+02
s>            ( - -1.115e+05 1 0)
s>            ( QUESTION0 -1 -7.257e+04 7.074e+02 3.570e+02
s>                ( - -4.983e+04 1 0)
s>                ( - -2.203e+04 1 0))))INFO: dtree.c(1315): Comp split 2
INFO: dtree.c(1439): stop. leaf nodes are specific
INFO: dtree.c(1478): Final simple tree
|( QUESTION0_6_R 1 -3.012e+05 8.019e+02 1.347e+03
|    ( - -1.708e+05 2 0)
|    ( QUESTION0_4_R 1 -1.295e+05 7.208e+02 5.796e+02
|        ( - -7.440e+04 2 0)
|        ( QUESTION0_0_R 1 -5.440e+04 3.412e+02 2.577e+02
|            ( - -3.413e+04 1 0)
|            ( - -1.993e+04 1 0))))
s>    ( QUESTION0_6_R 1 -3.012e+05 8.019e+02 1.347e+03
s>        ( - -1.708e+05 2 0)
s>        ( QUESTION0_4_R 1 -1.295e+05 7.208e+02 5.796e+02
s>            ( - -7.440e+04 2 0)
s>            ( QUESTION0_0_R 1 -5.440e+04 3.412e+02 2.577e+02
s>                ( - -3.413e+04 1 0)
s>                ( - -1.993e+04 1 0))))INFO: dtree.c(1478): Final simple tree
|( WDBNDRY_E 0 -6.371e+05 1.262e+03 3.112e+03
|    ( - -4.230e+05 1 0)
|    ( QUESTION0_16_R 1 -2.129e+05 8.545e+02 9.922e+02
|        ( - -4.110e+04 1 0)
|        ( QUESTION2_3_L -1 -1.709e+05 7.275e+02 7.770e+02
|            ( - -5.348e+04 4 0 QUESTION0_6_R 1 4.549e+02 2.203e+02)
|            ( WDBNDRY_B 0 -1.167e+05 5.946e+02 5.567e+02
|                ( QUESTION0_6_R 1 -3.688e+04 4.792e+02 1.719e+02
|                    ( - -2.492e+04 1 0)
|                    ( - -1.147e+04 2 0 QUESTION0_0_R 1 1.674e+02 5.617e+01))
|                ( QUESTION0_6_R 1 -7.923e+04 5.253e+02 3.848e+02
|                    ( QUESTION0 -1 -4.069e+04 4.611e+02 1.983e+02
|                        ( - -2.955e+04 1 0)
|                        ( - -1.068e+04 1 0))
|                    ( - -3.801e+04 2 0 QUESTION0_0_R 1 3.257e+02 1.865e+02))))))
s>    ( WDBNDRY_E 0 -6.371e+05 1.262e+03 3.112e+03
s>        ( - -4.230e+05 1 0)
s>        ( QUESTION0_16_R 1 -2.129e+05 8.545e+02 9.922e+02
s>            ( - -4.110e+04 1 0)
s>            ( QUESTION2_3_L -1 -1.709e+05 7.275e+02 7.770e+02
s>                ( - -5.348e+04 4 0 QUESTION0_6_R 1 4.549e+02 2.203e+02)
s>                ( WDBNDRY_B 0 -1.167e+05 5.946e+02 5.567e+02
s>                    ( QUESTION0_6_R 1 -3.688e+04 4.792e+02 1.719e+02
s>                        ( - -2.492e+04 1 0)
s>                        ( - -1.147e+04 2 0 QUESTION0_0_R 1 1.674e+02 5.617e+01))
s>                    ( QUESTION0_6_R 1 -7.923e+04 5.253e+02 3.848e+02
s>                        ( QUESTION0 -1 -4.069e+04 4.611e+02 1.983e+02
s>                            ( - -2.955e+04 1 0)
s>                            ( - -1.068e+04 1 0))
s>                        ( - -3.801e+04 2 0 QUESTION0_0_R 1 3.257e+02 1.865e+02))))))INFO: dtree.c(1315): Comp split 3
INFO: dtree.c(1478): Final simple tree
|( QUESTION2_3_L -1 -1.323e+05 7.231e+02 5.905e+02
|    ( QUESTION0_6_R 1 -5.348e+04 4.549e+02 2.203e+02
|        ( QUESTION2 -1 -3.331e+04 2.828e+02 1.295e+02
|            ( - -8.015e+03 1 0)
|            ( - -2.502e+04 1 0))
|        ( QUESTION0_0_R 1 -1.971e+04 2.395e+02 9.081e+01
|            ( - -1.050e+04 1 0)
|            ( - -8.977e+03 1 0)))
|    ( WDBNDRY_B 0 -7.809e+04 5.254e+02 3.702e+02
|        ( QUESTION0_6_R 1 -3.688e+04 4.792e+02 1.719e+02
|            ( - -2.492e+04 1 0)
|            ( - -1.147e+04 2 0 QUESTION0_0_R 1 1.674e+02 5.617e+01))
|        ( QUESTION0 -1 -4.069e+04 4.611e+02 1.983e+02
|            ( - -2.955e+04 1 0)
|            ( - -1.068e+04 1 0))))
s>    ( QUESTION2_3_L -1 -1.323e+05 7.231e+02 5.905e+02
s>        ( QUESTION0_6_R 1 -5.348e+04 4.549e+02 2.203e+02
s>            ( QUESTION2 -1 -3.331e+04 2.828e+02 1.295e+02
s>                ( - -8.015e+03 1 0)
s>                ( - -2.502e+04 1 0))
s>            ( QUESTION0_0_R 1 -1.971e+04 2.395e+02 9.081e+01
s>                ( - -1.050e+04 1 0)
s>                ( - -8.977e+03 1 0)))
s>        ( WDBNDRY_B 0 -7.809e+04 5.254e+02 3.702e+02
s>            ( QUESTION0_6_R 1 -3.688e+04 4.792e+02 1.719e+02
s>                ( - -2.492e+04 1 0)
s>                ( - -1.147e+04 2 0 QUESTION0_0_R 1 1.674e+02 5.617e+01))
s>            ( QUESTION0 -1 -4.069e+04 4.611e+02 1.983e+02
s>                ( - -2.955e+04 1 0)
s>                ( - -1.068e+04 1 0))))INFO: dtree.c(1439): stop. leaf nodes are specific
INFO: dtree.c(1478): Final simple tree
|( WDBNDRY_B 0 -5.033e+05 7.106e+02 2.522e+03
|    ( - -4.110e+04 1 0)
|    ( WDBNDRY_E 0 -4.615e+05 5.307e+02 2.307e+03
|        ( - -4.230e+05 1 0)
|        ( QUESTION0_0_R 1 -3.801e+04 3.257e+02 1.865e+02
|            ( - -1.700e+04 1 0)
|            ( - -2.069e+04 1 0))))
s>    ( WDBNDRY_B 0 -5.033e+05 7.106e+02 2.522e+03
s>        ( - -4.110e+04 1 0)
s>        ( WDBNDRY_E 0 -4.615e+05 5.307e+02 2.307e+03
s>            ( - -4.230e+05 1 0)
s>            ( QUESTION0_0_R 1 -3.801e+04 3.257e+02 1.865e+02
s>                ( - -1.700e+04 1 0)
s>                ( - -2.069e+04 1 0))))INFO: dtree.c(1315): Comp split 4
INFO: dtree.c(1439): stop. leaf nodes are specific
INFO: dtree.c(1478): Final simple tree
|( WDBNDRY_E 0 -1.851e+05 1.045e+03 8.800e+02
|    ( - -1.115e+05 1 0)
|    ( QUESTION0 -1 -7.257e+04 7.074e+02 3.570e+02
|        ( - -4.983e+04 1 0)
|        ( - -2.203e+04 1 0)))
s>    ( WDBNDRY_E 0 -1.851e+05 1.045e+03 8.800e+02
s>        ( - -1.115e+05 1 0)
s>        ( QUESTION0 -1 -7.257e+04 7.074e+02 3.570e+02
s>            ( - -4.983e+04 1 0)
s>            ( - -2.203e+04 1 0)))INFO: dtree.c(1439): stop. leaf nodes are specific
INFO: dtree.c(1478): Final simple tree
|( WDBNDRY_E 0 -3.879e+05 9.914e+02 1.955e+03
|    ( - -3.139e+05 1 0)
|    ( QUESTION0_0_R 1 -7.301e+04 3.731e+02 3.568e+02
|        ( - -2.891e+04 1 0)
|        ( - -4.372e+04 1 0)))
s>    ( WDBNDRY_E 0 -3.879e+05 9.914e+02 1.955e+03
s>        ( - -3.139e+05 1 0)
s>        ( QUESTION0_0_R 1 -7.301e+04 3.731e+02 3.568e+02
s>            ( - -2.891e+04 1 0)
s>            ( - -4.372e+04 1 0)))INFO: dtree.c(1315): Comp split 5
INFO: dtree.c(1439): stop. leaf nodes are specific
INFO: dtree.c(1478): Final simple tree
|( QUESTION2 -1 -2.746e+04 2.678e+02 1.303e+02
|    ( - -1.079e+04 1 0)
|    ( - -1.641e+04 1 0))
s>    ( QUESTION2 -1 -2.746e+04 2.678e+02 1.303e+02
s>        ( - -1.079e+04 1 0)
s>        ( - -1.641e+04 1 0))INFO: dtree.c(1315): Comp split 6
INFO: dtree.c(1439): stop. leaf nodes are specific
INFO: dtree.c(1478): Final simple tree
|( QUESTION0 -1 -7.257e+04 7.074e+02 3.570e+02
|    ( - -4.983e+04 1 0)
|    ( - -2.203e+04 1 0))
s>    ( QUESTION0 -1 -7.257e+04 7.074e+02 3.570e+02
s>        ( - -4.983e+04 1 0)
s>        ( - -2.203e+04 1 0))INFO: dtree.c(1315): Comp split 7
INFO: dtree.c(1439): stop. leaf nodes are specific
INFO: dtree.c(1478): Final simple tree
|( QUESTION0_0_R 1 -7.301e+04 3.731e+02 3.568e+02
|    ( - -2.891e+04 1 0)
|    ( - -4.372e+04 1 0))
s>    ( QUESTION0_0_R 1 -7.301e+04 3.731e+02 3.568e+02
s>        ( - -2.891e+04 1 0)
s>        ( - -4.372e+04 1 0))INFO: dtree.c(1315): Comp split 8
INFO: dtree.c(1439): stop. leaf nodes are specific
INFO: dtree.c(1478): Final simple tree
|( QUESTION0_4_R 1 -1.295e+05 7.208e+02 5.796e+02
|    ( - -7.440e+04 2 0)
|    ( QUESTION0_0_R 1 -5.440e+04 3.412e+02 2.577e+02
|        ( - -3.413e+04 1 0)
|        ( - -1.993e+04 1 0)))
s>    ( QUESTION0_4_R 1 -1.295e+05 7.208e+02 5.796e+02
s>        ( - -7.440e+04 2 0)
s>        ( QUESTION0_0_R 1 -5.440e+04 3.412e+02 2.577e+02
s>            ( - -3.413e+04 1 0)
s>            ( - -1.993e+04 1 0)))INFO: dtree.c(1315): Comp split 9
INFO: dtree.c(1439): stop. leaf nodes are specific
INFO: dtree.c(1478): Final simple tree
|( WDBNDRY_B 0 -7.906e+04 6.557e+02 3.360e+02
|    ( - -2.492e+04 1 0)
|    ( QUESTION0_6_R 1 -5.348e+04 4.549e+02 2.203e+02
|        ( QUESTION2 -1 -3.331e+04 2.828e+02 1.295e+02
|            ( - -8.015e+03 1 0)
|            ( - -2.502e+04 1 0))
|        ( QUESTION0_0_R 1 -1.971e+04 2.395e+02 9.081e+01
|            ( - -1.050e+04 1 0)
|            ( - -8.977e+03 1 0))))
s>    ( WDBNDRY_B 0 -7.906e+04 6.557e+02 3.360e+02
s>        ( - -2.492e+04 1 0)
s>        ( QUESTION0_6_R 1 -5.348e+04 4.549e+02 2.203e+02
s>            ( QUESTION2 -1 -3.331e+04 2.828e+02 1.295e+02
s>                ( - -8.015e+03 1 0)
s>                ( - -2.502e+04 1 0))
s>            ( QUESTION0_0_R 1 -1.971e+04 2.395e+02 9.081e+01
s>                ( - -1.050e+04 1 0)
s>                ( - -8.977e+03 1 0))))INFO: dtree.c(1439): stop. leaf nodes are specific
INFO: dtree.c(1478): Final simple tree
|( QUESTION1 -1 -5.248e+04 4.335e+02 2.545e+02
|    ( - -1.068e+04 1 0)
|    ( WDBNDRY_B 0 -4.136e+04 3.443e+02 2.001e+02
|        ( QUESTION0_0_R 1 -1.147e+04 1.674e+02 5.617e+01
|            ( - -4.352e+03 1 0)
|            ( - -6.953e+03 1 0))
|        ( - -2.955e+04 1 0)))
s>    ( QUESTION1 -1 -5.248e+04 4.335e+02 2.545e+02
s>        ( - -1.068e+04 1 0)
s>        ( WDBNDRY_B 0 -4.136e+04 3.443e+02 2.001e+02
s>            ( QUESTION0_0_R 1 -1.147e+04 1.674e+02 5.617e+01
s>                ( - -4.352e+03 1 0)
s>                ( - -6.953e+03 1 0))
s>            ( - -2.955e+04 1 0)))INFO: dtree.c(1315): Comp split 10
INFO: dtree.c(1439): stop. leaf nodes are specific
INFO: dtree.c(1478): Final simple tree
|( QUESTION0_0_R 1 -5.440e+04 3.412e+02 2.577e+02
|    ( - -3.413e+04 1 0)
|    ( - -1.993e+04 1 0))
s>    ( QUESTION0_0_R 1 -5.440e+04 3.412e+02 2.577e+02
s>        ( - -3.413e+04 1 0)
s>        ( - -1.993e+04 1 0))INFO: dtree.c(1315): Comp split 11
INFO: dtree.c(1439): stop. leaf nodes are specific
INFO: dtree.c(1478): Final simple tree
|( WDBNDRY_E 0 -4.615e+05 5.307e+02 2.307e+03
|    ( - -4.230e+05 1 0)
|    ( QUESTION0_0_R 1 -3.801e+04 3.257e+02 1.865e+02
|        ( - -1.700e+04 1 0)
|        ( - -2.069e+04 1 0)))
s>    ( WDBNDRY_E 0 -4.615e+05 5.307e+02 2.307e+03
s>        ( - -4.230e+05 1 0)
s>        ( QUESTION0_0_R 1 -3.801e+04 3.257e+02 1.865e+02
s>            ( - -1.700e+04 1 0)
s>            ( - -2.069e+04 1 0)))INFO: dtree.c(1315): Comp split 12
INFO: dtree.c(1315): Comp split 13
INFO: dtree.c(1439): stop. leaf nodes are specific
INFO: dtree.c(1478): Final simple tree
|( QUESTION0_6_R 1 -5.348e+04 4.549e+02 2.203e+02
|    ( QUESTION2 -1 -3.331e+04 2.828e+02 1.295e+02
|        ( - -8.015e+03 1 0)
|        ( - -2.502e+04 1 0))
|    ( QUESTION0_0_R 1 -1.971e+04 2.395e+02 9.081e+01
|        ( - -1.050e+04 1 0)
|        ( - -8.977e+03 1 0)))
s>    ( QUESTION0_6_R 1 -5.348e+04 4.549e+02 2.203e+02
s>        ( QUESTION2 -1 -3.331e+04 2.828e+02 1.295e+02
s>            ( - -8.015e+03 1 0)
s>            ( - -2.502e+04 1 0))
s>        ( QUESTION0_0_R 1 -1.971e+04 2.395e+02 9.081e+01
s>            ( - -1.050e+04 1 0)
s>            ( - -8.977e+03 1 0)))INFO: dtree.c(1315): Comp split 14
INFO: dtree.c(1439): stop. leaf nodes are specific
INFO: dtree.c(1478): Final simple tree
|( QUESTION0_0_R 1 -3.801e+04 3.257e+02 1.865e+02
|    ( - -1.700e+04 1 0)
|    ( - -2.069e+04 1 0))
s>    ( QUESTION0_0_R 1 -3.801e+04 3.257e+02 1.865e+02
s>        ( - -1.700e+04 1 0)
s>        ( - -2.069e+04 1 0))INFO: dtree.c(1315): Comp split 15
INFO: dtree.c(1439): stop. leaf nodes are specific
INFO: dtree.c(1478): Final simple tree
|( QUESTION0_0_R 1 -1.971e+04 2.395e+02 9.081e+01
|    ( - -1.050e+04 1 0)
|    ( - -8.977e+03 1 0))
s>    ( QUESTION0_0_R 1 -1.971e+04 2.395e+02 9.081e+01
s>        ( - -1.050e+04 1 0)
s>        ( - -8.977e+03 1 0))INFO: dtree.c(1439): stop. leaf nodes are specific
INFO: dtree.c(1478): Final simple tree
|( QUESTION2 -1 -3.331e+04 2.828e+02 1.295e+02
|    ( - -8.015e+03 1 0)
|    ( - -2.502e+04 1 0))
s>    ( QUESTION2 -1 -3.331e+04 2.828e+02 1.295e+02
s>        ( - -8.015e+03 1 0)
s>        ( - -2.502e+04 1 0))INFO: dtree.c(1315): Comp split 16
INFO: dtree.c(1439): stop. leaf nodes are specific
INFO: dtree.c(1478): Final simple tree
|( WDBNDRY_B 0 -3.676e+04 2.611e+02 1.790e+02
|    ( - -6.953e+03 1 0)
|    ( - -2.955e+04 1 0))
s>    ( WDBNDRY_B 0 -3.676e+04 2.611e+02 1.790e+02
s>        ( - -6.953e+03 1 0)
s>        ( - -2.955e+04 1 0))INFO: dtree.c(1439): stop. leaf nodes are specific
INFO: dtree.c(1478): Final simple tree
|( WDBNDRY_B 0 -1.528e+04 2.493e+02 7.551e+01
|    ( - -4.352e+03 1 0)
|    ( - -1.068e+04 1 0))
s>    ( WDBNDRY_B 0 -1.528e+04 2.493e+02 7.551e+01
s>        ( - -4.352e+03 1 0)
s>        ( - -1.068e+04 1 0))INFO: dtree.c(1315): Comp split 17
INFO: dtree.c(1315): Comp split 18
INFO: dtree.c(1315): Comp split 19
INFO: dtree.c(1315): Comp split 20
INFO: dtree.c(1315): Comp split 21
INFO: dtree.c(1315): Comp split 22
INFO: dtree.c(1315): Comp split 23
INFO: dtree.c(1315): Comp split 24
INFO: dtree.c(1315): Comp split 25
INFO: dtree.c(1318): stop. leaf nodes are specific
Tue Jun  9 01:50:02 2020
