Current configuration:
[NAME]		[DEFLT]	[VALUE]
-allphones	no	no
-cntthresh	0.00001	1.000000e-05
-csplitmax	100	2000
-csplitmin	1	1
-csplitthr	8e-4	0.000000e+00
-example	no	no
-fullvar	no	no
-help		no	no
-meanfn			/home/nattapong/Downloads/acoustic_model/model_parameters/acoustic_model.cd_cont_untied/means
-mixwfn			/home/nattapong/Downloads/acoustic_model/model_parameters/acoustic_model.cd_cont_untied/mixture_weights
-moddeffn		/home/nattapong/Downloads/acoustic_model/model_architecture/acoustic_model.untied.mdef
-mwfloor	1e-4	1.000000e-08
-phone			D
-psetfn			/home/nattapong/Downloads/acoustic_model/model_architecture/acoustic_model.tree_questions
-ssplitmax	5	7
-ssplitmin	1	1
-ssplitthr	8e-4	0.000000e+00
-state			0
-stwt			1.0,0.05,0.0,
-treefn			/home/nattapong/Downloads/acoustic_model/trees/acoustic_model.unpruned/D-0.dtree
-ts2cbfn	.semi.	.cont.
-varfloor	0.00001	1.000000e-05
-varfn			/home/nattapong/Downloads/acoustic_model/model_parameters/acoustic_model.cd_cont_untied/variances

INFO: main.c(223): Reading: /home/nattapong/Downloads/acoustic_model/model_architecture/acoustic_model.untied.mdef
INFO: model_def_io.c(573): Model definition info:
INFO: model_def_io.c(574): 416 total models defined (36 base, 380 tri)
INFO: model_def_io.c(575): 1664 total states
INFO: model_def_io.c(576): 1248 total tied states
INFO: model_def_io.c(577): 108 total tied CI states
INFO: model_def_io.c(578): 36 total tied transition matrices
INFO: model_def_io.c(579): 4 max state/model
INFO: model_def_io.c(580): 4 min state/model
INFO: main.c(242): Building trees for [D A A i] through [D OW SIL e]
INFO: main.c(268): Covering states |[462 506]| == 45
INFO: main.c(275): Reading: /home/nattapong/Downloads/acoustic_model/model_parameters/acoustic_model.cd_cont_untied/mixture_weights
INFO: s3mixw_io.c(172): Read /home/nattapong/Downloads/acoustic_model/model_parameters/acoustic_model.cd_cont_untied/mixture_weights [45x1x1 array]
INFO: main.c(311): 15 of 15 models have observation count greater than 0.000010
INFO: main.c(95): nrm stwt: 0.952 0.048 0.000 
INFO: s3gau_io.c(168): Read /home/nattapong/Downloads/acoustic_model/model_parameters/acoustic_model.cd_cont_untied/means [1248x1x1 array]
INFO: s3gau_io.c(168): Read /home/nattapong/Downloads/acoustic_model/model_parameters/acoustic_model.cd_cont_untied/variances [1248x1x1 array]
INFO: main.c(549): Reading: /home/nattapong/Downloads/acoustic_model/model_architecture/acoustic_model.tree_questions
INFO: main.c(587): 178 total simple questions (170 phone; 8 word bndry)
INFO: main.c(589): 42 Left Only questions, and 40 Right Only questions
INFO: dtree.c(1478): Final simple tree
|( QUESTION5 -1 -5.244e+05 6.275e+03 2.512e+03
|    ( - -1.289e+05 2 0 WDBNDRY_E 0 3.639e+02 6.247e+02)
|    ( QUESTION0_9_R 1 -3.892e+05 1.473e+03 1.888e+03
|        ( QUESTION2_0_L -1 -1.668e+05 1.145e+03 8.129e+02
|            ( - -1.059e+05 1 0)
|            ( - -5.971e+04 1 0))
|        ( QUESTION0 -1 -2.210e+05 1.750e+03 1.075e+03
|            ( QUESTION0_6_R 1 -1.350e+05 1.119e+03 6.628e+02
|                ( - -2.350e+04 1 0)
|                ( QUESTION2 1 -1.104e+05 4.734e+02 5.470e+02
|                    ( - -2.944e+04 2 0 QUESTION0_0_R 1 2.317e+02 1.499e+02)
|                    ( - -8.051e+04 3 0 QUESTION0 1 2.892e+02 3.971e+02)))
|            ( QUESTION15 1 -8.419e+04 5.125e+02 4.118e+02
|                ( - -3.075e+04 2 0 QUESTION0_0_R 1 3.702e+02 1.499e+02)
|                ( - -5.292e+04 3 0 QUESTION0_4_R 1 4.353e+02 2.620e+02)))))
s>    ( QUESTION5 -1 -5.244e+05 6.275e+03 2.512e+03
s>        ( - -1.289e+05 2 0 WDBNDRY_E 0 3.639e+02 6.247e+02)
s>        ( QUESTION0_9_R 1 -3.892e+05 1.473e+03 1.888e+03
s>            ( QUESTION2_0_L -1 -1.668e+05 1.145e+03 8.129e+02
s>                ( - -1.059e+05 1 0)
s>                ( - -5.971e+04 1 0))
s>            ( QUESTION0 -1 -2.210e+05 1.750e+03 1.075e+03
s>                ( QUESTION0_6_R 1 -1.350e+05 1.119e+03 6.628e+02
s>                    ( - -2.350e+04 1 0)
s>                    ( QUESTION2 1 -1.104e+05 4.734e+02 5.470e+02
s>                        ( - -2.944e+04 2 0 QUESTION0_0_R 1 2.317e+02 1.499e+02)
s>                        ( - -8.051e+04 3 0 QUESTION0 1 2.892e+02 3.971e+02)))
s>                ( QUESTION15 1 -8.419e+04 5.125e+02 4.118e+02
s>                    ( - -3.075e+04 2 0 QUESTION0_0_R 1 3.702e+02 1.499e+02)
s>                    ( - -5.292e+04 3 0 QUESTION0_4_R 1 4.353e+02 2.620e+02)))))INFO: dtree.c(1315): Comp split 0
INFO: dtree.c(1478): Final simple tree
|( QUESTION0_9_R 1 -3.892e+05 1.473e+03 1.888e+03
|    ( QUESTION2_0_L -1 -1.668e+05 1.145e+03 8.129e+02
|        ( - -1.059e+05 1 0)
|        ( - -5.971e+04 1 0))
|    ( QUESTION0 -1 -2.210e+05 1.750e+03 1.075e+03
|        ( QUESTION0_6_R 1 -1.350e+05 1.119e+03 6.628e+02
|            ( - -2.350e+04 1 0)
|            ( QUESTION2 1 -1.104e+05 4.734e+02 5.470e+02
|                ( - -2.944e+04 2 0 QUESTION0_0_R 1 2.317e+02 1.499e+02)
|                ( - -8.051e+04 3 0 QUESTION0 1 2.892e+02 3.971e+02)))
|        ( QUESTION15 1 -8.419e+04 5.125e+02 4.118e+02
|            ( - -3.075e+04 2 0 QUESTION0_0_R 1 3.702e+02 1.499e+02)
|            ( QUESTION0_4_R 1 -5.292e+04 4.353e+02 2.620e+02
|                ( - -1.202e+04 1 0)
|                ( - -4.047e+04 2 0 QUESTION0_0_R 1 2.805e+02 1.997e+02)))))
s>    ( QUESTION0_9_R 1 -3.892e+05 1.473e+03 1.888e+03
s>        ( QUESTION2_0_L -1 -1.668e+05 1.145e+03 8.129e+02
s>            ( - -1.059e+05 1 0)
s>            ( - -5.971e+04 1 0))
s>        ( QUESTION0 -1 -2.210e+05 1.750e+03 1.075e+03
s>            ( QUESTION0_6_R 1 -1.350e+05 1.119e+03 6.628e+02
s>                ( - -2.350e+04 1 0)
s>                ( QUESTION2 1 -1.104e+05 4.734e+02 5.470e+02
s>                    ( - -2.944e+04 2 0 QUESTION0_0_R 1 2.317e+02 1.499e+02)
s>                    ( - -8.051e+04 3 0 QUESTION0 1 2.892e+02 3.971e+02)))
s>            ( QUESTION15 1 -8.419e+04 5.125e+02 4.118e+02
s>                ( - -3.075e+04 2 0 QUESTION0_0_R 1 3.702e+02 1.499e+02)
s>                ( QUESTION0_4_R 1 -5.292e+04 4.353e+02 2.620e+02
s>                    ( - -1.202e+04 1 0)
s>                    ( - -4.047e+04 2 0 QUESTION0_0_R 1 2.805e+02 1.997e+02)))))INFO: dtree.c(1439): stop. leaf nodes are specific
INFO: dtree.c(1478): Final simple tree
|( WDBNDRY_E 0 -1.289e+05 3.639e+02 6.247e+02
|    ( - -1.021e+05 1 0)
|    ( - -2.647e+04 1 0))
s>    ( WDBNDRY_E 0 -1.289e+05 3.639e+02 6.247e+02
s>        ( - -1.021e+05 1 0)
s>        ( - -2.647e+04 1 0))INFO: dtree.c(1315): Comp split 1
INFO: dtree.c(1439): stop. leaf nodes are specific
INFO: dtree.c(1478): Final simple tree
|( QUESTION2 1 -1.104e+05 4.734e+02 5.470e+02
|    ( QUESTION0_0_R 1 -2.944e+04 2.317e+02 1.499e+02
|        ( - -9.076e+03 1 0)
|        ( - -2.013e+04 1 0))
|    ( QUESTION0 1 -8.051e+04 2.892e+02 3.971e+02
|        ( - -3.977e+04 1 0)
|        ( QUESTION0_0_R 1 -4.045e+04 2.905e+02 1.992e+02
|            ( - -5.998e+03 1 0)
|            ( - -3.416e+04 1 0))))
s>    ( QUESTION2 1 -1.104e+05 4.734e+02 5.470e+02
s>        ( QUESTION0_0_R 1 -2.944e+04 2.317e+02 1.499e+02
s>            ( - -9.076e+03 1 0)
s>            ( - -2.013e+04 1 0))
s>        ( QUESTION0 1 -8.051e+04 2.892e+02 3.971e+02
s>            ( - -3.977e+04 1 0)
s>            ( QUESTION0_0_R 1 -4.045e+04 2.905e+02 1.992e+02
s>                ( - -5.998e+03 1 0)
s>                ( - -3.416e+04 1 0))))INFO: dtree.c(1478): Final simple tree
|( QUESTION0 -1 -2.759e+05 1.245e+03 1.341e+03
|    ( QUESTION2_0_L -1 -1.905e+05 1.193e+03 9.287e+02
|        ( QUESTION0_0_R 1 -1.296e+05 1.541e+02 6.385e+02
|            ( - -2.350e+04 1 0)
|            ( - -1.059e+05 1 0))
|        ( - -5.971e+04 1 0))
|    ( QUESTION15 1 -8.419e+04 5.125e+02 4.118e+02
|        ( QUESTION0_0_R 1 -3.075e+04 3.702e+02 1.499e+02
|            ( - -1.539e+04 1 0)
|            ( - -1.499e+04 1 0))
|        ( QUESTION0_4_R 1 -5.292e+04 4.353e+02 2.620e+02
|            ( - -1.202e+04 1 0)
|            ( QUESTION0_0_R 1 -4.047e+04 2.805e+02 1.997e+02
|                ( - -1.421e+04 1 0)
|                ( - -2.598e+04 1 0)))))
s>    ( QUESTION0 -1 -2.759e+05 1.245e+03 1.341e+03
s>        ( QUESTION2_0_L -1 -1.905e+05 1.193e+03 9.287e+02
s>            ( QUESTION0_0_R 1 -1.296e+05 1.541e+02 6.385e+02
s>                ( - -2.350e+04 1 0)
s>                ( - -1.059e+05 1 0))
s>            ( - -5.971e+04 1 0))
s>        ( QUESTION15 1 -8.419e+04 5.125e+02 4.118e+02
s>            ( QUESTION0_0_R 1 -3.075e+04 3.702e+02 1.499e+02
s>                ( - -1.539e+04 1 0)
s>                ( - -1.499e+04 1 0))
s>            ( QUESTION0_4_R 1 -5.292e+04 4.353e+02 2.620e+02
s>                ( - -1.202e+04 1 0)
s>                ( QUESTION0_0_R 1 -4.047e+04 2.805e+02 1.997e+02
s>                    ( - -1.421e+04 1 0)
s>                    ( - -2.598e+04 1 0)))))INFO: dtree.c(1315): Comp split 2
INFO: dtree.c(1439): stop. leaf nodes are specific
INFO: dtree.c(1478): Final simple tree
|( QUESTION0_3_R 1 -1.441e+05 3.486e+02 7.093e+02
|    ( - -1.421e+04 1 0)
|    ( QUESTION0_0_R 1 -1.296e+05 1.541e+02 6.385e+02
|        ( - -2.350e+04 1 0)
|        ( - -1.059e+05 1 0)))
s>    ( QUESTION0_3_R 1 -1.441e+05 3.486e+02 7.093e+02
s>        ( - -1.421e+04 1 0)
s>        ( QUESTION0_0_R 1 -1.296e+05 1.541e+02 6.385e+02
s>            ( - -2.350e+04 1 0)
s>            ( - -1.059e+05 1 0)))INFO: dtree.c(1439): stop. leaf nodes are specific
INFO: dtree.c(1478): Final simple tree
|( QUESTION0_9_R 1 -1.305e+05 1.180e+03 6.312e+02
|    ( - -5.971e+04 1 0)
|    ( QUESTION0_4_R 1 -6.959e+04 4.833e+02 3.410e+02
|        ( - -1.202e+04 1 0)
|        ( QUESTION0_15_R 1 -5.709e+04 4.013e+02 2.787e+02
|            ( - -1.499e+04 1 0)
|            ( QUESTION0_0_R 1 -4.170e+04 3.232e+02 2.050e+02
|                ( - -1.539e+04 1 0)
|                ( - -2.598e+04 1 0)))))
s>    ( QUESTION0_9_R 1 -1.305e+05 1.180e+03 6.312e+02
s>        ( - -5.971e+04 1 0)
s>        ( QUESTION0_4_R 1 -6.959e+04 4.833e+02 3.410e+02
s>            ( - -1.202e+04 1 0)
s>            ( QUESTION0_15_R 1 -5.709e+04 4.013e+02 2.787e+02
s>                ( - -1.499e+04 1 0)
s>                ( QUESTION0_0_R 1 -4.170e+04 3.232e+02 2.050e+02
s>                    ( - -1.539e+04 1 0)
s>                    ( - -2.598e+04 1 0)))))INFO: dtree.c(1315): Comp split 3
INFO: dtree.c(1439): stop. leaf nodes are specific
INFO: dtree.c(1478): Final simple tree
|( QUESTION0_4_R 1 -6.959e+04 4.833e+02 3.410e+02
|    ( - -1.202e+04 1 0)
|    ( QUESTION0_15_R 1 -5.709e+04 4.013e+02 2.787e+02
|        ( - -1.499e+04 1 0)
|        ( QUESTION0_0_R 1 -4.170e+04 3.232e+02 2.050e+02
|            ( - -1.539e+04 1 0)
|            ( - -2.598e+04 1 0))))
s>    ( QUESTION0_4_R 1 -6.959e+04 4.833e+02 3.410e+02
s>        ( - -1.202e+04 1 0)
s>        ( QUESTION0_15_R 1 -5.709e+04 4.013e+02 2.787e+02
s>            ( - -1.499e+04 1 0)
s>            ( QUESTION0_0_R 1 -4.170e+04 3.232e+02 2.050e+02
s>                ( - -1.539e+04 1 0)
s>                ( - -2.598e+04 1 0))))INFO: dtree.c(1315): Comp split 4
INFO: dtree.c(1439): stop. leaf nodes are specific
INFO: dtree.c(1478): Final simple tree
|( QUESTION0_4_R 1 -3.569e+04 2.727e+02 1.808e+02
|    ( - -9.076e+03 1 0)
|    ( QUESTION0_0_R 1 -2.634e+04 2.155e+02 1.333e+02
|        ( - -5.998e+03 1 0)
|        ( - -2.013e+04 1 0)))
s>    ( QUESTION0_4_R 1 -3.569e+04 2.727e+02 1.808e+02
s>        ( - -9.076e+03 1 0)
s>        ( QUESTION0_0_R 1 -2.634e+04 2.155e+02 1.333e+02
s>            ( - -5.998e+03 1 0)
s>            ( - -2.013e+04 1 0)))INFO: dtree.c(1439): stop. leaf nodes are specific
INFO: dtree.c(1478): Final simple tree
|( QUESTION0_0_R 1 -7.421e+04 2.755e+02 3.661e+02
|    ( - -3.977e+04 1 0)
|    ( - -3.416e+04 1 0))
s>    ( QUESTION0_0_R 1 -7.421e+04 2.755e+02 3.661e+02
s>        ( - -3.977e+04 1 0)
s>        ( - -3.416e+04 1 0))INFO: dtree.c(1315): Comp split 5
INFO: dtree.c(1439): stop. leaf nodes are specific
INFO: dtree.c(1478): Final simple tree
|( QUESTION0_15_R 1 -5.709e+04 4.013e+02 2.787e+02
|    ( - -1.499e+04 1 0)
|    ( QUESTION0_0_R 1 -4.170e+04 3.232e+02 2.050e+02
|        ( - -1.539e+04 1 0)
|        ( - -2.598e+04 1 0)))
s>    ( QUESTION0_15_R 1 -5.709e+04 4.013e+02 2.787e+02
s>        ( - -1.499e+04 1 0)
s>        ( QUESTION0_0_R 1 -4.170e+04 3.232e+02 2.050e+02
s>            ( - -1.539e+04 1 0)
s>            ( - -2.598e+04 1 0)))INFO: dtree.c(1315): Comp split 6
INFO: dtree.c(1439): stop. leaf nodes are specific
INFO: dtree.c(1478): Final simple tree
|( QUESTION0_0_R 1 -4.170e+04 3.232e+02 2.050e+02
|    ( - -1.539e+04 1 0)
|    ( - -2.598e+04 1 0))
s>    ( QUESTION0_0_R 1 -4.170e+04 3.232e+02 2.050e+02
s>        ( - -1.539e+04 1 0)
s>        ( - -2.598e+04 1 0))INFO: dtree.c(1315): Comp split 7
INFO: dtree.c(1315): Comp split 8
INFO: dtree.c(1439): stop. leaf nodes are specific
INFO: dtree.c(1478): Final simple tree
|( QUESTION0_0_R 1 -1.296e+05 1.541e+02 6.385e+02
|    ( - -2.350e+04 1 0)
|    ( - -1.059e+05 1 0))
s>    ( QUESTION0_0_R 1 -1.296e+05 1.541e+02 6.385e+02
s>        ( - -2.350e+04 1 0)
s>        ( - -1.059e+05 1 0))INFO: dtree.c(1315): Comp split 9
INFO: dtree.c(1315): Comp split 10
INFO: dtree.c(1315): Comp split 11
INFO: dtree.c(1439): stop. leaf nodes are specific
INFO: dtree.c(1478): Final simple tree
|( QUESTION0_0_R 1 -2.634e+04 2.155e+02 1.333e+02
|    ( - -5.998e+03 1 0)
|    ( - -2.013e+04 1 0))
s>    ( QUESTION0_0_R 1 -2.634e+04 2.155e+02 1.333e+02
s>        ( - -5.998e+03 1 0)
s>        ( - -2.013e+04 1 0))INFO: dtree.c(1315): Comp split 12
INFO: dtree.c(1315): Comp split 13
INFO: dtree.c(1315): Comp split 14
INFO: dtree.c(1318): stop. leaf nodes are specific
Tue Jun  9 01:50:00 2020
