Current configuration:
[NAME]		[DEFLT]	[VALUE]
-allphones	no	no
-cntthresh	0.00001	1.000000e-05
-csplitmax	100	2000
-csplitmin	1	1
-csplitthr	8e-4	0.000000e+00
-example	no	no
-fullvar	no	no
-help		no	no
-meanfn			/home/nattapong/Downloads/acoustic_model/model_parameters/acoustic_model.cd_cont_untied/means
-mixwfn			/home/nattapong/Downloads/acoustic_model/model_parameters/acoustic_model.cd_cont_untied/mixture_weights
-moddeffn		/home/nattapong/Downloads/acoustic_model/model_architecture/acoustic_model.untied.mdef
-mwfloor	1e-4	1.000000e-08
-phone			OW
-psetfn			/home/nattapong/Downloads/acoustic_model/model_architecture/acoustic_model.tree_questions
-ssplitmax	5	7
-ssplitmin	1	1
-ssplitthr	8e-4	0.000000e+00
-state			1
-stwt			1.0,0.05,0.0,
-treefn			/home/nattapong/Downloads/acoustic_model/trees/acoustic_model.unpruned/OW-1.dtree
-ts2cbfn	.semi.	.cont.
-varfloor	0.00001	1.000000e-05
-varfn			/home/nattapong/Downloads/acoustic_model/model_parameters/acoustic_model.cd_cont_untied/variances

INFO: main.c(223): Reading: /home/nattapong/Downloads/acoustic_model/model_architecture/acoustic_model.untied.mdef
INFO: model_def_io.c(573): Model definition info:
INFO: model_def_io.c(574): 416 total models defined (36 base, 380 tri)
INFO: model_def_io.c(575): 1664 total states
INFO: model_def_io.c(576): 1248 total tied states
INFO: model_def_io.c(577): 108 total tied CI states
INFO: model_def_io.c(578): 36 total tied transition matrices
INFO: model_def_io.c(579): 4 max state/model
INFO: model_def_io.c(580): 4 min state/model
INFO: main.c(242): Building trees for [OW A N i] through [OW TH M i]
INFO: main.c(268): Covering states |[858 905]| == 48
INFO: main.c(275): Reading: /home/nattapong/Downloads/acoustic_model/model_parameters/acoustic_model.cd_cont_untied/mixture_weights
INFO: s3mixw_io.c(172): Read /home/nattapong/Downloads/acoustic_model/model_parameters/acoustic_model.cd_cont_untied/mixture_weights [48x1x1 array]
INFO: main.c(311): 16 of 16 models have observation count greater than 0.000010
INFO: main.c(95): nrm stwt: 0.045 0.909 0.045 
INFO: s3gau_io.c(168): Read /home/nattapong/Downloads/acoustic_model/model_parameters/acoustic_model.cd_cont_untied/means [1248x1x1 array]
INFO: s3gau_io.c(168): Read /home/nattapong/Downloads/acoustic_model/model_parameters/acoustic_model.cd_cont_untied/variances [1248x1x1 array]
INFO: main.c(549): Reading: /home/nattapong/Downloads/acoustic_model/model_architecture/acoustic_model.tree_questions
INFO: main.c(587): 178 total simple questions (170 phone; 8 word bndry)
INFO: main.c(589): 42 Left Only questions, and 40 Right Only questions
INFO: dtree.c(1478): Final simple tree
|( QUESTION2 -1 -9.618e+05 7.128e+03 4.559e+03
|    ( - -1.620e+05 2 0 QUESTION0_0_R 1 1.116e+03 8.305e+02)
|    ( QUESTION16 1 -7.927e+05 5.475e+03 3.728e+03
|        ( - -1.508e+05 2 0 QUESTION2_0_L -1 1.061e+03 7.349e+02)
|        ( QUESTION2_18_L -1 -6.365e+05 5.023e+03 2.993e+03
|            ( QUESTION0 1 -2.791e+05 1.942e+03 1.296e+03
|                ( - -6.903e+04 1 0)
|                ( QUESTION0_0_R 1 -2.081e+05 1.402e+03 9.523e+02
|                    ( - -1.764e+05 2 0 QUESTION2 1 1.430e+03 8.068e+02)
|                    ( - -3.032e+04 1 0)))
|            ( QUESTION0_0_R 1 -3.524e+05 2.633e+03 1.697e+03
|                ( QUESTION0 -1 -2.549e+05 1.750e+03 1.227e+03
|                    ( - -4.521e+04 2 0 QUESTION2 1 2.271e+02 2.202e+02)
|                    ( - -2.079e+05 4 0 QUESTION15 -1 1.205e+03 1.007e+03))
|                ( - -9.482e+04 2 0 QUESTION2 1 4.999e+02 4.701e+02)))))
s>    ( QUESTION2 -1 -9.618e+05 7.128e+03 4.559e+03
s>        ( - -1.620e+05 2 0 QUESTION0_0_R 1 1.116e+03 8.305e+02)
s>        ( QUESTION16 1 -7.927e+05 5.475e+03 3.728e+03
s>            ( - -1.508e+05 2 0 QUESTION2_0_L -1 1.061e+03 7.349e+02)
s>            ( QUESTION2_18_L -1 -6.365e+05 5.023e+03 2.993e+03
s>                ( QUESTION0 1 -2.791e+05 1.942e+03 1.296e+03
s>                    ( - -6.903e+04 1 0)
s>                    ( QUESTION0_0_R 1 -2.081e+05 1.402e+03 9.523e+02
s>                        ( - -1.764e+05 2 0 QUESTION2 1 1.430e+03 8.068e+02)
s>                        ( - -3.032e+04 1 0)))
s>                ( QUESTION0_0_R 1 -3.524e+05 2.633e+03 1.697e+03
s>                    ( QUESTION0 -1 -2.549e+05 1.750e+03 1.227e+03
s>                        ( - -4.521e+04 2 0 QUESTION2 1 2.271e+02 2.202e+02)
s>                        ( - -2.079e+05 4 0 QUESTION15 -1 1.205e+03 1.007e+03))
s>                    ( - -9.482e+04 2 0 QUESTION2 1 4.999e+02 4.701e+02)))))INFO: dtree.c(1315): Comp split 0
INFO: dtree.c(1478): Final simple tree
|( QUESTION2_18_L -1 -6.040e+05 4.653e+03 2.848e+03
|    ( QUESTION2 1 -2.470e+05 2.082e+03 1.150e+03
|        ( - -9.575e+04 1 0)
|        ( QUESTION0 1 -1.492e+05 9.027e+02 7.116e+02
|            ( - -6.903e+04 1 0)
|            ( - -7.924e+04 1 0)))
|    ( QUESTION0_0_R 1 -3.524e+05 2.633e+03 1.697e+03
|        ( QUESTION0 -1 -2.549e+05 1.750e+03 1.227e+03
|            ( - -4.521e+04 2 0 QUESTION2 1 2.271e+02 2.202e+02)
|            ( QUESTION15 -1 -2.079e+05 1.205e+03 1.007e+03
|                ( QUESTION2_15_L -1 -1.531e+05 6.338e+02 7.389e+02
|                    ( - -1.414e+05 2 0 QUESTION0 1 4.924e+02 6.830e+02)
|                    ( - -1.104e+04 1 0))
|                ( - -5.367e+04 1 0)))
|        ( - -9.482e+04 2 0 QUESTION2 1 4.999e+02 4.701e+02)))
s>    ( QUESTION2_18_L -1 -6.040e+05 4.653e+03 2.848e+03
s>        ( QUESTION2 1 -2.470e+05 2.082e+03 1.150e+03
s>            ( - -9.575e+04 1 0)
s>            ( QUESTION0 1 -1.492e+05 9.027e+02 7.116e+02
s>                ( - -6.903e+04 1 0)
s>                ( - -7.924e+04 1 0)))
s>        ( QUESTION0_0_R 1 -3.524e+05 2.633e+03 1.697e+03
s>            ( QUESTION0 -1 -2.549e+05 1.750e+03 1.227e+03
s>                ( - -4.521e+04 2 0 QUESTION2 1 2.271e+02 2.202e+02)
s>                ( QUESTION15 -1 -2.079e+05 1.205e+03 1.007e+03
s>                    ( QUESTION2_15_L -1 -1.531e+05 6.338e+02 7.389e+02
s>                        ( - -1.414e+05 2 0 QUESTION0 1 4.924e+02 6.830e+02)
s>                        ( - -1.104e+04 1 0))
s>                    ( - -5.367e+04 1 0)))
s>            ( - -9.482e+04 2 0 QUESTION2 1 4.999e+02 4.701e+02)))INFO: dtree.c(1439): stop. leaf nodes are specific
INFO: dtree.c(1478): Final simple tree
|( QUESTION2 -1 -3.492e+05 5.495e+03 1.711e+03
|    ( QUESTION0_0_R 1 -1.620e+05 1.116e+03 8.305e+02
|        ( - -7.790e+04 1 0)
|        ( - -8.297e+04 1 0))
|    ( QUESTION2_0_L -1 -1.817e+05 1.236e+03 8.804e+02
|        ( - -1.262e+05 1 0)
|        ( QUESTION0_0_R 1 -5.426e+04 4.638e+02 2.555e+02
|            ( - -2.347e+04 1 0)
|            ( - -3.032e+04 1 0))))
s>    ( QUESTION2 -1 -3.492e+05 5.495e+03 1.711e+03
s>        ( QUESTION0_0_R 1 -1.620e+05 1.116e+03 8.305e+02
s>            ( - -7.790e+04 1 0)
s>            ( - -8.297e+04 1 0))
s>        ( QUESTION2_0_L -1 -1.817e+05 1.236e+03 8.804e+02
s>            ( - -1.262e+05 1 0)
s>            ( QUESTION0_0_R 1 -5.426e+04 4.638e+02 2.555e+02
s>                ( - -2.347e+04 1 0)
s>                ( - -3.032e+04 1 0))))INFO: dtree.c(1315): Comp split 1
INFO: dtree.c(1439): stop. leaf nodes are specific
INFO: dtree.c(1478): Final simple tree
|( QUESTION2_0_L -1 -1.817e+05 1.236e+03 8.804e+02
|    ( - -1.262e+05 1 0)
|    ( QUESTION0_0_R 1 -5.426e+04 4.638e+02 2.555e+02
|        ( - -2.347e+04 1 0)
|        ( - -3.032e+04 1 0)))
s>    ( QUESTION2_0_L -1 -1.817e+05 1.236e+03 8.804e+02
s>        ( - -1.262e+05 1 0)
s>        ( QUESTION0_0_R 1 -5.426e+04 4.638e+02 2.555e+02
s>            ( - -2.347e+04 1 0)
s>            ( - -3.032e+04 1 0)))INFO: dtree.c(1439): stop. leaf nodes are specific
INFO: dtree.c(1478): Final simple tree
|( QUESTION0_0_R 1 -1.620e+05 1.116e+03 8.305e+02
|    ( - -7.790e+04 1 0)
|    ( - -8.297e+04 1 0))
s>    ( QUESTION0_0_R 1 -1.620e+05 1.116e+03 8.305e+02
s>        ( - -7.790e+04 1 0)
s>        ( - -8.297e+04 1 0))INFO: dtree.c(1315): Comp split 2
INFO: dtree.c(1439): stop. leaf nodes are specific
INFO: dtree.c(1478): Final simple tree
|( QUESTION2_15_L -1 -2.503e+05 2.708e+03 1.209e+03
|    ( QUESTION0 1 -1.414e+05 4.924e+02 6.830e+02
|        ( - -3.214e+04 1 0)
|        ( - -1.088e+05 1 0))
|    ( QUESTION2 1 -1.062e+05 4.870e+02 5.260e+02
|        ( - -1.745e+04 1 0)
|        ( QUESTION0_0_R 1 -8.823e+04 3.213e+02 4.364e+02
|            ( - -1.104e+04 1 0)
|            ( - -7.687e+04 1 0))))
s>    ( QUESTION2_15_L -1 -2.503e+05 2.708e+03 1.209e+03
s>        ( QUESTION0 1 -1.414e+05 4.924e+02 6.830e+02
s>            ( - -3.214e+04 1 0)
s>            ( - -1.088e+05 1 0))
s>        ( QUESTION2 1 -1.062e+05 4.870e+02 5.260e+02
s>            ( - -1.745e+04 1 0)
s>            ( QUESTION0_0_R 1 -8.823e+04 3.213e+02 4.364e+02
s>                ( - -1.104e+04 1 0)
s>                ( - -7.687e+04 1 0))))INFO: dtree.c(1439): stop. leaf nodes are specific
INFO: dtree.c(1478): Final simple tree
|( QUESTION2 1 -3.485e+05 1.962e+03 1.639e+03
|    ( QUESTION0 -1 -1.143e+05 8.538e+02 5.249e+02
|        ( - -1.766e+04 1 0)
|        ( - -9.575e+04 1 0))
|    ( QUESTION0 1 -2.323e+05 1.313e+03 1.114e+03
|        ( QUESTION15 -1 -1.238e+05 1.105e+03 6.117e+02
|            ( - -6.903e+04 1 0)
|            ( - -5.367e+04 1 0))
|        ( QUESTION0 -1 -1.072e+05 6.441e+02 5.021e+02
|            ( - -2.732e+04 1 0)
|            ( - -7.924e+04 1 0))))
s>    ( QUESTION2 1 -3.485e+05 1.962e+03 1.639e+03
s>        ( QUESTION0 -1 -1.143e+05 8.538e+02 5.249e+02
s>            ( - -1.766e+04 1 0)
s>            ( - -9.575e+04 1 0))
s>        ( QUESTION0 1 -2.323e+05 1.313e+03 1.114e+03
s>            ( QUESTION15 -1 -1.238e+05 1.105e+03 6.117e+02
s>                ( - -6.903e+04 1 0)
s>                ( - -5.367e+04 1 0))
s>            ( QUESTION0 -1 -1.072e+05 6.441e+02 5.021e+02
s>                ( - -2.732e+04 1 0)
s>                ( - -7.924e+04 1 0))))INFO: dtree.c(1315): Comp split 3
INFO: dtree.c(1439): stop. leaf nodes are specific
INFO: dtree.c(1478): Final simple tree
|( QUESTION2 1 -1.062e+05 4.870e+02 5.260e+02
|    ( - -1.745e+04 1 0)
|    ( QUESTION0_0_R 1 -8.823e+04 3.213e+02 4.364e+02
|        ( - -1.104e+04 1 0)
|        ( - -7.687e+04 1 0)))
s>    ( QUESTION2 1 -1.062e+05 4.870e+02 5.260e+02
s>        ( - -1.745e+04 1 0)
s>        ( QUESTION0_0_R 1 -8.823e+04 3.213e+02 4.364e+02
s>            ( - -1.104e+04 1 0)
s>            ( - -7.687e+04 1 0)))INFO: dtree.c(1439): stop. leaf nodes are specific
INFO: dtree.c(1478): Final simple tree
|( QUESTION0 1 -1.414e+05 4.924e+02 6.830e+02
|    ( - -3.214e+04 1 0)
|    ( - -1.088e+05 1 0))
s>    ( QUESTION0 1 -1.414e+05 4.924e+02 6.830e+02
s>        ( - -3.214e+04 1 0)
s>        ( - -1.088e+05 1 0))INFO: dtree.c(1315): Comp split 4
INFO: dtree.c(1439): stop. leaf nodes are specific
INFO: dtree.c(1478): Final simple tree
|( QUESTION0 1 -2.507e+05 1.527e+03 1.200e+03
|    ( QUESTION15 -1 -1.238e+05 1.105e+03 6.117e+02
|        ( - -6.903e+04 1 0)
|        ( - -5.367e+04 1 0))
|    ( QUESTION0 -1 -1.254e+05 9.176e+02 5.885e+02
|        ( QUESTION2 1 -4.521e+04 2.271e+02 2.202e+02
|            ( - -1.766e+04 1 0)
|            ( - -2.732e+04 1 0))
|        ( - -7.924e+04 1 0)))
s>    ( QUESTION0 1 -2.507e+05 1.527e+03 1.200e+03
s>        ( QUESTION15 -1 -1.238e+05 1.105e+03 6.117e+02
s>            ( - -6.903e+04 1 0)
s>            ( - -5.367e+04 1 0))
s>        ( QUESTION0 -1 -1.254e+05 9.176e+02 5.885e+02
s>            ( QUESTION2 1 -4.521e+04 2.271e+02 2.202e+02
s>                ( - -1.766e+04 1 0)
s>                ( - -2.732e+04 1 0))
s>            ( - -7.924e+04 1 0)))INFO: dtree.c(1315): Comp split 5
INFO: dtree.c(1439): stop. leaf nodes are specific
INFO: dtree.c(1478): Final simple tree
|( QUESTION0 -1 -1.254e+05 9.176e+02 5.885e+02
|    ( QUESTION2 1 -4.521e+04 2.271e+02 2.202e+02
|        ( - -1.766e+04 1 0)
|        ( - -2.732e+04 1 0))
|    ( - -7.924e+04 1 0))
s>    ( QUESTION0 -1 -1.254e+05 9.176e+02 5.885e+02
s>        ( QUESTION2 1 -4.521e+04 2.271e+02 2.202e+02
s>            ( - -1.766e+04 1 0)
s>            ( - -2.732e+04 1 0))
s>        ( - -7.924e+04 1 0))INFO: dtree.c(1439): stop. leaf nodes are specific
INFO: dtree.c(1478): Final simple tree
|( QUESTION15 -1 -1.238e+05 1.105e+03 6.117e+02
|    ( - -6.903e+04 1 0)
|    ( - -5.367e+04 1 0))
s>    ( QUESTION15 -1 -1.238e+05 1.105e+03 6.117e+02
s>        ( - -6.903e+04 1 0)
s>        ( - -5.367e+04 1 0))INFO: dtree.c(1315): Comp split 6
INFO: dtree.c(1439): stop. leaf nodes are specific
INFO: dtree.c(1478): Final simple tree
|( QUESTION0_0_R 1 -5.426e+04 4.638e+02 2.555e+02
|    ( - -2.347e+04 1 0)
|    ( - -3.032e+04 1 0))
s>    ( QUESTION0_0_R 1 -5.426e+04 4.638e+02 2.555e+02
s>        ( - -2.347e+04 1 0)
s>        ( - -3.032e+04 1 0))INFO: dtree.c(1315): Comp split 7
INFO: dtree.c(1315): Comp split 8
INFO: dtree.c(1315): Comp split 9
INFO: dtree.c(1439): stop. leaf nodes are specific
INFO: dtree.c(1478): Final simple tree
|( QUESTION2 1 -4.521e+04 2.271e+02 2.202e+02
|    ( - -1.766e+04 1 0)
|    ( - -2.732e+04 1 0))
s>    ( QUESTION2 1 -4.521e+04 2.271e+02 2.202e+02
s>        ( - -1.766e+04 1 0)
s>        ( - -2.732e+04 1 0))INFO: dtree.c(1315): Comp split 10
INFO: dtree.c(1315): Comp split 11
INFO: dtree.c(1439): stop. leaf nodes are specific
INFO: dtree.c(1478): Final simple tree
|( QUESTION0_0_R 1 -8.823e+04 3.213e+02 4.364e+02
|    ( - -1.104e+04 1 0)
|    ( - -7.687e+04 1 0))
s>    ( QUESTION0_0_R 1 -8.823e+04 3.213e+02 4.364e+02
s>        ( - -1.104e+04 1 0)
s>        ( - -7.687e+04 1 0))INFO: dtree.c(1315): Comp split 12
INFO: dtree.c(1315): Comp split 13
INFO: dtree.c(1315): Comp split 14
INFO: dtree.c(1315): Comp split 15
INFO: dtree.c(1318): stop. leaf nodes are specific
Tue Jun  9 01:50:00 2020
