Current configuration:
[NAME]		[DEFLT]	[VALUE]
-dest_meanfn		/home/nattapong/Downloads/acoustic_model/model_parameters/acoustic_model.cd_cont_untied/means
-dest_mixwfn		/home/nattapong/Downloads/acoustic_model/model_parameters/acoustic_model.cd_cont_untied/mixture_weights
-dest_moddeffn		/home/nattapong/Downloads/acoustic_model/model_architecture/acoustic_model.untied.mdef
-dest_tmatfn		/home/nattapong/Downloads/acoustic_model/model_parameters/acoustic_model.cd_cont_untied/transition_matrices
-dest_ts2cbfn		.cont.
-dest_varfn		/home/nattapong/Downloads/acoustic_model/model_parameters/acoustic_model.cd_cont_untied/variances
-example	no	no
-fullvar	no	no
-help		no	no
-src_meanfn		/home/nattapong/Downloads/acoustic_model/model_parameters/acoustic_model.ci_cont/means
-src_mixwfn		/home/nattapong/Downloads/acoustic_model/model_parameters/acoustic_model.ci_cont/mixture_weights
-src_moddeffn		/home/nattapong/Downloads/acoustic_model/model_architecture/acoustic_model.ci.mdef
-src_tmatfn		/home/nattapong/Downloads/acoustic_model/model_parameters/acoustic_model.ci_cont/transition_matrices
-src_ts2cbfn		.cont.
-src_varfn		/home/nattapong/Downloads/acoustic_model/model_parameters/acoustic_model.ci_cont/variances

INFO: main.c(261): Reading src /home/nattapong/Downloads/acoustic_model/model_architecture/acoustic_model.ci.mdef
INFO: model_def_io.c(573): Model definition info:
INFO: model_def_io.c(574): 36 total models defined (36 base, 0 tri)
INFO: model_def_io.c(575): 144 total states
INFO: model_def_io.c(576): 108 total tied states
INFO: model_def_io.c(577): 108 total tied CI states
INFO: model_def_io.c(578): 36 total tied transition matrices
INFO: model_def_io.c(579): 4 max state/model
INFO: model_def_io.c(580): 4 min state/model
INFO: main.c(278): Generating continous ts2cb mapping
INFO: main.c(299): Reading src /home/nattapong/Downloads/acoustic_model/model_parameters/acoustic_model.ci_cont/mixture_weights
INFO: s3mixw_io.c(116): Read /home/nattapong/Downloads/acoustic_model/model_parameters/acoustic_model.ci_cont/mixture_weights [108x1x1 array]
INFO: main.c(308): Reading src /home/nattapong/Downloads/acoustic_model/model_parameters/acoustic_model.ci_cont/transition_matrices
INFO: s3tmat_io.c(117): Read /home/nattapong/Downloads/acoustic_model/model_parameters/acoustic_model.ci_cont/transition_matrices [36x3x4 array]
INFO: main.c(318): Reading src /home/nattapong/Downloads/acoustic_model/model_parameters/acoustic_model.ci_cont/means
INFO: s3gau_io.c(168): Read /home/nattapong/Downloads/acoustic_model/model_parameters/acoustic_model.ci_cont/means [108x1x1 array]
INFO: main.c(342): Reading src /home/nattapong/Downloads/acoustic_model/model_parameters/acoustic_model.ci_cont/variances
INFO: s3gau_io.c(168): Read /home/nattapong/Downloads/acoustic_model/model_parameters/acoustic_model.ci_cont/variances [108x1x1 array]
INFO: main.c(390): Reading dest /home/nattapong/Downloads/acoustic_model/model_architecture/acoustic_model.untied.mdef
INFO: model_def_io.c(573): Model definition info:
INFO: model_def_io.c(574): 416 total models defined (36 base, 380 tri)
INFO: model_def_io.c(575): 1664 total states
INFO: model_def_io.c(576): 1248 total tied states
INFO: model_def_io.c(577): 108 total tied CI states
INFO: model_def_io.c(578): 36 total tied transition matrices
INFO: model_def_io.c(579): 4 max state/model
INFO: model_def_io.c(580): 4 min state/model
INFO: main.c(407): Generating continous ts2cb mapping
INFO: main.c(431): Calculating initial model parameters
INFO: main.c(436): Alloc 36x3x4 dest tmat
INFO: main.c(449): Alloc 1248x1x1 dest mixw
INFO: main.c(462): Alloc 1248x1x1 dest mean and var
         A <- A         : [tm     0 +=     0]
[mx     0(0) +=     0] [mg     0(0) <-     0] [mx     1(1) +=     1] [mg     1(1) <-     1] [mx     2(2) +=     2] [mg     2(2) <-     2] 
        AA <- AA        : [tm     1 +=     1]
[mx     3(0) +=     3] [mg     3(0) <-     3] [mx     4(1) +=     4] [mg     4(1) <-     4] [mx     5(2) +=     5] [mg     5(2) <-     5] 
        AH <- AH        : [tm     2 +=     2]
[mx     6(0) +=     6] [mg     6(0) <-     6] [mx     7(1) +=     7] [mg     7(1) <-     7] [mx     8(2) +=     8] [mg     8(2) <-     8] 
        AO <- AO        : [tm     3 +=     3]
[mx     9(0) +=     9] [mg     9(0) <-     9] [mx    10(1) +=    10] [mg    10(1) <-    10] [mx    11(2) +=    11] [mg    11(2) <-    11] 
         B <- B         : [tm     4 +=     4]
[mx    12(0) +=    12] [mg    12(0) <-    12] [mx    13(1) +=    13] [mg    13(1) <-    13] [mx    14(2) +=    14] [mg    14(2) <-    14] 
         C <- C         : [tm     5 +=     5]
[mx    15(0) +=    15] [mg    15(0) <-    15] [mx    16(1) +=    16] [mg    16(1) <-    16] [mx    17(2) +=    17] [mg    17(2) <-    17] 
        CH <- CH        : [tm     6 +=     6]
[mx    18(0) +=    18] [mg    18(0) <-    18] [mx    19(1) +=    19] [mg    19(1) <-    19] [mx    20(2) +=    20] [mg    20(2) <-    20] 
         D <- D         : [tm     7 +=     7]
[mx    21(0) +=    21] [mg    21(0) <-    21] [mx    22(1) +=    22] [mg    22(1) <-    22] [mx    23(2) +=    23] [mg    23(2) <-    23] 
        EH <- EH        : [tm     8 +=     8]
[mx    24(0) +=    24] [mg    24(0) <-    24] [mx    25(1) +=    25] [mg    25(1) <-    25] [mx    26(2) +=    26] [mg    26(2) <-    26] 
        EN <- EN        : [tm     9 +=     9]
[mx    27(0) +=    27] [mg    27(0) <-    27] [mx    28(1) +=    28] [mg    28(1) <-    28] [mx    29(2) +=    29] [mg    29(2) <-    29] 
        ER <- ER        : [tm    10 +=    10]
[mx    30(0) +=    30] [mg    30(0) <-    30] [mx    31(1) +=    31] [mg    31(1) <-    31] [mx    32(2) +=    32] [mg    32(2) <-    32] 
         H <- H         : [tm    11 +=    11]
[mx    33(0) +=    33] [mg    33(0) <-    33] [mx    34(1) +=    34] [mg    34(1) <-    34] [mx    35(2) +=    35] [mg    35(2) <-    35] 
        HH <- HH        : [tm    12 +=    12]
[mx    36(0) +=    36] [mg    36(0) <-    36] [mx    37(1) +=    37] [mg    37(1) <-    37] [mx    38(2) +=    38] [mg    38(2) <-    38] 
        IH <- IH        : [tm    13 +=    13]
[mx    39(0) +=    39] [mg    39(0) <-    39] [mx    40(1) +=    40] [mg    40(1) <-    40] [mx    41(2) +=    41] [mg    41(2) <-    41] 
        IY <- IY        : [tm    14 +=    14]
[mx    42(0) +=    42] [mg    42(0) <-    42] [mx    43(1) +=    43] [mg    43(1) <-    43] [mx    44(2) +=    44] [mg    44(2) <-    44] 
         K <- K         : [tm    15 +=    15]
[mx    45(0) +=    45] [mg    45(0) <-    45] [mx    46(1) +=    46] [mg    46(1) <-    46] [mx    47(2) +=    47] [mg    47(2) <-    47] 
         L <- L         : [tm    16 +=    16]
[mx    48(0) +=    48] [mg    48(0) <-    48] [mx    49(1) +=    49] [mg    49(1) <-    49] [mx    50(2) +=    50] [mg    50(2) <-    50] 
         M <- M         : [tm    17 +=    17]
[mx    51(0) +=    51] [mg    51(0) <-    51] [mx    52(1) +=    52] [mg    52(1) <-    52] [mx    53(2) +=    53] [mg    53(2) <-    53] 
         N <- N         : [tm    18 +=    18]
[mx    54(0) +=    54] [mg    54(0) <-    54] [mx    55(1) +=    55] [mg    55(1) <-    55] [mx    56(2) +=    56] [mg    56(2) <-    56] 
         O <- O         : [tm    19 +=    19]
[mx    57(0) +=    57] [mg    57(0) <-    57] [mx    58(1) +=    58] [mg    58(1) <-    58] [mx    59(2) +=    59] [mg    59(2) <-    59] 
        OA <- OA        : [tm    20 +=    20]
[mx    60(0) +=    60] [mg    60(0) <-    60] [mx    61(1) +=    61] [mg    61(1) <-    61] [mx    62(2) +=    62] [mg    62(2) <-    62] 
        OW <- OW        : [tm    21 +=    21]
[mx    63(0) +=    63] [mg    63(0) <-    63] [mx    64(1) +=    64] [mg    64(1) <-    64] [mx    65(2) +=    65] [mg    65(2) <-    65] 
         P <- P         : [tm    22 +=    22]
[mx    66(0) +=    66] [mg    66(0) <-    66] [mx    67(1) +=    67] [mg    67(1) <-    67] [mx    68(2) +=    68] [mg    68(2) <-    68] 
        PH <- PH        : [tm    23 +=    23]
[mx    69(0) +=    69] [mg    69(0) <-    69] [mx    70(1) +=    70] [mg    70(1) <-    70] [mx    71(2) +=    71] [mg    71(2) <-    71] 
         R <- R         : [tm    24 +=    24]
[mx    72(0) +=    72] [mg    72(0) <-    72] [mx    73(1) +=    73] [mg    73(1) <-    73] [mx    74(2) +=    74] [mg    74(2) <-    74] 
         S <- S         : [tm    25 +=    25]
[mx    75(0) +=    75] [mg    75(0) <-    75] [mx    76(1) +=    76] [mg    76(1) <-    76] [mx    77(2) +=    77] [mg    77(2) <-    77] 
       SIL <- SIL       : [tm    26 +=    26]
[mx    78(0) +=    78] [mg    78(0) <-    78] [mx    79(1) +=    79] [mg    79(1) <-    79] [mx    80(2) +=    80] [mg    80(2) <-    80] 
         T <- T         : [tm    27 +=    27]
[mx    81(0) +=    81] [mg    81(0) <-    81] [mx    82(1) +=    82] [mg    82(1) <-    82] [mx    83(2) +=    83] [mg    83(2) <-    83] 
        TA <- TA        : [tm    28 +=    28]
[mx    84(0) +=    84] [mg    84(0) <-    84] [mx    85(1) +=    85] [mg    85(1) <-    85] [mx    86(2) +=    86] [mg    86(2) <-    86] 
        TH <- TH        : [tm    29 +=    29]
[mx    87(0) +=    87] [mg    87(0) <-    87] [mx    88(1) +=    88] [mg    88(1) <-    88] [mx    89(2) +=    89] [mg    89(2) <-    89] 
         U <- U         : [tm    30 +=    30]
[mx    90(0) +=    90] [mg    90(0) <-    90] [mx    91(1) +=    91] [mg    91(1) <-    91] [mx    92(2) +=    92] [mg    92(2) <-    92] 
        UH <- UH        : [tm    31 +=    31]
[mx    93(0) +=    93] [mg    93(0) <-    93] [mx    94(1) +=    94] [mg    94(1) <-    94] [mx    95(2) +=    95] [mg    95(2) <-    95] 
        UW <- UW        : [tm    32 +=    32]
[mx    96(0) +=    96] [mg    96(0) <-    96] [mx    97(1) +=    97] [mg    97(1) <-    97] [mx    98(2) +=    98] [mg    98(2) <-    98] 
         W <- W         : [tm    33 +=    33]
[mx    99(0) +=    99] [mg    99(0) <-    99] [mx   100(1) +=   100] [mg   100(1) <-   100] [mx   101(2) +=   101] [mg   101(2) <-   101] 
        WH <- WH        : [tm    34 +=    34]
[mx   102(0) +=   102] [mg   102(0) <-   102] [mx   103(1) +=   103] [mg   103(1) <-   103] [mx   104(2) +=   104] [mg   104(2) <-   104] 
         Y <- Y         : [tm    35 +=    35]
[mx   105(0) +=   105] [mg   105(0) <-   105] [mx   106(1) +=   106] [mg   106(1) <-   106] [mx   107(2) +=   107] [mg   107(2) <-   107] 
   A A M i <- A         : [mx   108(0) +=     0] [mg   108(0) <-     0] [mx   109(1) +=     1] [mg   109(1) <-     1] [mx   110(2) +=     2] [mg   110(2) <-     2] 
   A B R i <- A         : [mx   111(0) +=     0] [mg   111(0) <-     0] [mx   112(1) +=     1] [mg   112(1) <-     1] [mx   113(2) +=     2] [mg   113(2) <-     2] 
 A CH IY i <- A         : [mx   114(0) +=     0] [mg   114(0) <-     0] [mx   115(1) +=     1] [mg   115(1) <-     1] [mx   116(2) +=     2] [mg   116(2) <-     2] 
  A CH K i <- A         : [mx   117(0) +=     0] [mg   117(0) <-     0] [mx   118(1) +=     1] [mg   118(1) <-     1] [mx   119(2) +=     2] [mg   119(2) <-     2] 
  A CH L i <- A         : [mx   120(0) +=     0] [mg   120(0) <-     0] [mx   121(1) +=     1] [mg   121(1) <-     1] [mx   122(2) +=     2] [mg   122(2) <-     2] 
  A CH R i <- A         : [mx   123(0) +=     0] [mg   123(0) <-     0] [mx   124(1) +=     1] [mg   124(1) <-     1] [mx   125(2) +=     2] [mg   125(2) <-     2] 
   A D K i <- A         : [mx   126(0) +=     0] [mg   126(0) <-     0] [mx   127(1) +=     1] [mg   127(1) <-     1] [mx   128(2) +=     2] [mg   128(2) <-     2] 
  A H IY i <- A         : [mx   129(0) +=     0] [mg   129(0) <-     0] [mx   130(1) +=     1] [mg   130(1) <-     1] [mx   131(2) +=     2] [mg   131(2) <-     2] 
  A H PH i <- A         : [mx   132(0) +=     0] [mg   132(0) <-     0] [mx   133(1) +=     1] [mg   133(1) <-     1] [mx   134(2) +=     2] [mg   134(2) <-     2] 
   A K D i <- A         : [mx   135(0) +=     0] [mg   135(0) <-     0] [mx   136(1) +=     1] [mg   136(1) <-     1] [mx   137(2) +=     2] [mg   137(2) <-     2] 
   A K M i <- A         : [mx   138(0) +=     0] [mg   138(0) <-     0] [mx   139(1) +=     1] [mg   139(1) <-     1] [mx   140(2) +=     2] [mg   140(2) <-     2] 
   A K P i <- A         : [mx   141(0) +=     0] [mg   141(0) <-     0] [mx   142(1) +=     1] [mg   142(1) <-     1] [mx   143(2) +=     2] [mg   143(2) <-     2] 
   A K R i <- A         : [mx   144(0) +=     0] [mg   144(0) <-     0] [mx   145(1) +=     1] [mg   145(1) <-     1] [mx   146(2) +=     2] [mg   146(2) <-     2] 
   A K S i <- A         : [mx   147(0) +=     0] [mg   147(0) <-     0] [mx   148(1) +=     1] [mg   148(1) <-     1] [mx   149(2) +=     2] [mg   149(2) <-     2] 
 A K SIL e <- A         : [mx   150(0) +=     0] [mg   150(0) <-     0] [mx   151(1) +=     1] [mg   151(1) <-     1] [mx   152(2) +=     2] [mg   152(2) <-     2] 
   A K T i <- A         : [mx   153(0) +=     0] [mg   153(0) <-     0] [mx   154(1) +=     1] [mg   154(1) <-     1] [mx   155(2) +=     2] [mg   155(2) <-     2] 
  A M PH i <- A         : [mx   156(0) +=     0] [mg   156(0) <-     0] [mx   157(1) +=     1] [mg   157(1) <-     1] [mx   158(2) +=     2] [mg   158(2) <-     2] 
   A M R i <- A         : [mx   159(0) +=     0] [mg   159(0) <-     0] [mx   160(1) +=     1] [mg   160(1) <-     1] [mx   161(2) +=     2] [mg   161(2) <-     2] 
   A M S i <- A         : [mx   162(0) +=     0] [mg   162(0) <-     0] [mx   163(1) +=     1] [mg   163(1) <-     1] [mx   164(2) +=     2] [mg   164(2) <-     2] 
   A M T i <- A         : [mx   165(0) +=     0] [mg   165(0) <-     0] [mx   166(1) +=     1] [mg   166(1) <-     1] [mx   167(2) +=     2] [mg   167(2) <-     2] 
   A M W i <- A         : [mx   168(0) +=     0] [mg   168(0) <-     0] [mx   169(1) +=     1] [mg   169(1) <-     1] [mx   170(2) +=     2] [mg   170(2) <-     2] 
   A N H i <- A         : [mx   171(0) +=     0] [mg   171(0) <-     0] [mx   172(1) +=     1] [mg   172(1) <-     1] [mx   173(2) +=     2] [mg   173(2) <-     2] 
   A N K i <- A         : [mx   174(0) +=     0] [mg   174(0) <-     0] [mx   175(1) +=     1] [mg   175(1) <-     1] [mx   176(2) +=     2] [mg   176(2) <-     2] 
   A N M i <- A         : [mx   177(0) +=     0] [mg   177(0) <-     0] [mx   178(1) +=     1] [mg   178(1) <-     1] [mx   179(2) +=     2] [mg   179(2) <-     2] 
  A N PH i <- A         : [mx   180(0) +=     0] [mg   180(0) <-     0] [mx   181(1) +=     1] [mg   181(1) <-     1] [mx   182(2) +=     2] [mg   182(2) <-     2] 
   A N R i <- A         : [mx   183(0) +=     0] [mg   183(0) <-     0] [mx   184(1) +=     1] [mg   184(1) <-     1] [mx   185(2) +=     2] [mg   185(2) <-     2] 
 A N SIL e <- A         : [mx   186(0) +=     0] [mg   186(0) <-     0] [mx   187(1) +=     1] [mg   187(1) <-     1] [mx   188(2) +=     2] [mg   188(2) <-     2] 
   A N T i <- A         : [mx   189(0) +=     0] [mg   189(0) <-     0] [mx   190(1) +=     1] [mg   190(1) <-     1] [mx   191(2) +=     2] [mg   191(2) <-     2] 
   A P K i <- A         : [mx   192(0) +=     0] [mg   192(0) <-     0] [mx   193(1) +=     1] [mg   193(1) <-     1] [mx   194(2) +=     2] [mg   194(2) <-     2] 
   A P R i <- A         : [mx   195(0) +=     0] [mg   195(0) <-     0] [mx   196(1) +=     1] [mg   196(1) <-     1] [mx   197(2) +=     2] [mg   197(2) <-     2] 
  A P TH i <- A         : [mx   198(0) +=     0] [mg   198(0) <-     0] [mx   199(1) +=     1] [mg   199(1) <-     1] [mx   200(2) +=     2] [mg   200(2) <-     2] 
 A PH CH i <- A         : [mx   201(0) +=     0] [mg   201(0) <-     0] [mx   202(1) +=     1] [mg   202(1) <-     1] [mx   203(2) +=     2] [mg   203(2) <-     2] 
  A PH L i <- A         : [mx   204(0) +=     0] [mg   204(0) <-     0] [mx   205(1) +=     1] [mg   205(1) <-     1] [mx   206(2) +=     2] [mg   206(2) <-     2] 
  A PH N i <- A         : [mx   207(0) +=     0] [mg   207(0) <-     0] [mx   208(1) +=     1] [mg   208(1) <-     1] [mx   209(2) +=     2] [mg   209(2) <-     2] 
  A PH Y i <- A         : [mx   210(0) +=     0] [mg   210(0) <-     0] [mx   211(1) +=     1] [mg   211(1) <-     1] [mx   212(2) +=     2] [mg   212(2) <-     2] 
   A R B i <- A         : [mx   213(0) +=     0] [mg   213(0) <-     0] [mx   214(1) +=     1] [mg   214(1) <-     1] [mx   215(2) +=     2] [mg   215(2) <-     2] 
   A R C i <- A         : [mx   216(0) +=     0] [mg   216(0) <-     0] [mx   217(1) +=     1] [mg   217(1) <-     1] [mx   218(2) +=     2] [mg   218(2) <-     2] 
  A R CH i <- A         : [mx   219(0) +=     0] [mg   219(0) <-     0] [mx   220(1) +=     1] [mg   220(1) <-     1] [mx   221(2) +=     2] [mg   221(2) <-     2] 
   A R K i <- A         : [mx   222(0) +=     0] [mg   222(0) <-     0] [mx   223(1) +=     1] [mg   223(1) <-     1] [mx   224(2) +=     2] [mg   224(2) <-     2] 
   A R N i <- A         : [mx   225(0) +=     0] [mg   225(0) <-     0] [mx   226(1) +=     1] [mg   226(1) <-     1] [mx   227(2) +=     2] [mg   227(2) <-     2] 
   A R S i <- A         : [mx   228(0) +=     0] [mg   228(0) <-     0] [mx   229(1) +=     1] [mg   229(1) <-     1] [mx   230(2) +=     2] [mg   230(2) <-     2] 
   A S A i <- A         : [mx   231(0) +=     0] [mg   231(0) <-     0] [mx   232(1) +=     1] [mg   232(1) <-     1] [mx   233(2) +=     2] [mg   233(2) <-     2] 
   A S D i <- A         : [mx   234(0) +=     0] [mg   234(0) <-     0] [mx   235(1) +=     1] [mg   235(1) <-     1] [mx   236(2) +=     2] [mg   236(2) <-     2] 
   A S M i <- A         : [mx   237(0) +=     0] [mg   237(0) <-     0] [mx   238(1) +=     1] [mg   238(1) <-     1] [mx   239(2) +=     2] [mg   239(2) <-     2] 
   A S N i <- A         : [mx   240(0) +=     0] [mg   240(0) <-     0] [mx   241(1) +=     1] [mg   241(1) <-     1] [mx   242(2) +=     2] [mg   242(2) <-     2] 
   A S T i <- A         : [mx   243(0) +=     0] [mg   243(0) <-     0] [mx   244(1) +=     1] [mg   244(1) <-     1] [mx   245(2) +=     2] [mg   245(2) <-     2] 
   A S W i <- A         : [mx   246(0) +=     0] [mg   246(0) <-     0] [mx   247(1) +=     1] [mg   247(1) <-     1] [mx   248(2) +=     2] [mg   248(2) <-     2] 
  A S WH i <- A         : [mx   249(0) +=     0] [mg   249(0) <-     0] [mx   250(1) +=     1] [mg   250(1) <-     1] [mx   251(2) +=     2] [mg   251(2) <-     2] 
A SIL AH b <- A         : [mx   252(0) +=     0] [mg   252(0) <-     0] [mx   253(1) +=     1] [mg   253(1) <-     1] [mx   254(2) +=     2] [mg   254(2) <-     2] 
 A SIL H b <- A         : [mx   255(0) +=     0] [mg   255(0) <-     0] [mx   256(1) +=     1] [mg   256(1) <-     1] [mx   257(2) +=     2] [mg   257(2) <-     2] 
 A SIL N b <- A         : [mx   258(0) +=     0] [mg   258(0) <-     0] [mx   259(1) +=     1] [mg   259(1) <-     1] [mx   260(2) +=     2] [mg   260(2) <-     2] 
A SIL OW b <- A         : [mx   261(0) +=     0] [mg   261(0) <-     0] [mx   262(1) +=     1] [mg   262(1) <-     1] [mx   263(2) +=     2] [mg   263(2) <-     2] 
 A SIL S b <- A         : [mx   264(0) +=     0] [mg   264(0) <-     0] [mx   265(1) +=     1] [mg   265(1) <-     1] [mx   266(2) +=     2] [mg   266(2) <-     2] 
 A SIL U b <- A         : [mx   267(0) +=     0] [mg   267(0) <-     0] [mx   268(1) +=     1] [mg   268(1) <-     1] [mx   269(2) +=     2] [mg   269(2) <-     2] 
   A T B i <- A         : [mx   270(0) +=     0] [mg   270(0) <-     0] [mx   271(1) +=     1] [mg   271(1) <-     1] [mx   272(2) +=     2] [mg   272(2) <-     2] 
   A T K i <- A         : [mx   273(0) +=     0] [mg   273(0) <-     0] [mx   274(1) +=     1] [mg   274(1) <-     1] [mx   275(2) +=     2] [mg   275(2) <-     2] 
   A T M i <- A         : [mx   276(0) +=     0] [mg   276(0) <-     0] [mx   277(1) +=     1] [mg   277(1) <-     1] [mx   278(2) +=     2] [mg   278(2) <-     2] 
   A T N i <- A         : [mx   279(0) +=     0] [mg   279(0) <-     0] [mx   280(1) +=     1] [mg   280(1) <-     1] [mx   281(2) +=     2] [mg   281(2) <-     2] 
   A T T i <- A         : [mx   282(0) +=     0] [mg   282(0) <-     0] [mx   283(1) +=     1] [mg   283(1) <-     1] [mx   284(2) +=     2] [mg   284(2) <-     2] 
  A T TH i <- A         : [mx   285(0) +=     0] [mg   285(0) <-     0] [mx   286(1) +=     1] [mg   286(1) <-     1] [mx   287(2) +=     2] [mg   287(2) <-     2] 
   A T Y i <- A         : [mx   288(0) +=     0] [mg   288(0) <-     0] [mx   289(1) +=     1] [mg   289(1) <-     1] [mx   290(2) +=     2] [mg   290(2) <-     2] 
  A TH L i <- A         : [mx   291(0) +=     0] [mg   291(0) <-     0] [mx   292(1) +=     1] [mg   292(1) <-     1] [mx   293(2) +=     2] [mg   293(2) <-     2] 
  A TH M i <- A         : [mx   294(0) +=     0] [mg   294(0) <-     0] [mx   295(1) +=     1] [mg   295(1) <-     1] [mx   296(2) +=     2] [mg   296(2) <-     2] 
  A TH T i <- A         : [mx   297(0) +=     0] [mg   297(0) <-     0] [mx   298(1) +=     1] [mg   298(1) <-     1] [mx   299(2) +=     2] [mg   299(2) <-     2] 
 A TH TH i <- A         : [mx   300(0) +=     0] [mg   300(0) <-     0] [mx   301(1) +=     1] [mg   301(1) <-     1] [mx   302(2) +=     2] [mg   302(2) <-     2] 
  A W IY i <- A         : [mx   303(0) +=     0] [mg   303(0) <-     0] [mx   304(1) +=     1] [mg   304(1) <-     1] [mx   305(2) +=     2] [mg   305(2) <-     2] 
   A W N i <- A         : [mx   306(0) +=     0] [mg   306(0) <-     0] [mx   307(1) +=     1] [mg   307(1) <-     1] [mx   308(2) +=     2] [mg   308(2) <-     2] 
   A W T i <- A         : [mx   309(0) +=     0] [mg   309(0) <-     0] [mx   310(1) +=     1] [mg   310(1) <-     1] [mx   311(2) +=     2] [mg   311(2) <-     2] 
  A WH N i <- A         : [mx   312(0) +=     0] [mg   312(0) <-     0] [mx   313(1) +=     1] [mg   313(1) <-     1] [mx   314(2) +=     2] [mg   314(2) <-     2] 
  AA B T i <- AA        : [mx   315(0) +=     3] [mg   315(0) <-     3] [mx   316(1) +=     4] [mg   316(1) <-     4] [mx   317(2) +=     5] [mg   317(2) <-     5] 
 AA CH N i <- AA        : [mx   318(0) +=     3] [mg   318(0) <-     3] [mx   319(1) +=     4] [mg   319(1) <-     4] [mx   320(2) +=     5] [mg   320(2) <-     5] 
 AA CH R i <- AA        : [mx   321(0) +=     3] [mg   321(0) <-     3] [mx   322(1) +=     4] [mg   322(1) <-     4] [mx   323(2) +=     5] [mg   323(2) <-     5] 
  AA D K i <- AA        : [mx   324(0) +=     3] [mg   324(0) <-     3] [mx   325(1) +=     4] [mg   325(1) <-     4] [mx   326(2) +=     5] [mg   326(2) <-     5] 
AA HH SIL e <- AA        : [mx   327(0) +=     3] [mg   327(0) <-     3] [mx   328(1) +=     4] [mg   328(1) <-     4] [mx   329(2) +=     5] [mg   329(2) <-     5] 
  AA K M i <- AA        : [mx   330(0) +=     3] [mg   330(0) <-     3] [mx   331(1) +=     4] [mg   331(1) <-     4] [mx   332(2) +=     5] [mg   332(2) <-     5] 
  AA K R i <- AA        : [mx   333(0) +=     3] [mg   333(0) <-     3] [mx   334(1) +=     4] [mg   334(1) <-     4] [mx   335(2) +=     5] [mg   335(2) <-     5] 
  AA L P i <- AA        : [mx   336(0) +=     3] [mg   336(0) <-     3] [mx   337(1) +=     4] [mg   337(1) <-     4] [mx   338(2) +=     5] [mg   338(2) <-     5] 
AA L SIL e <- AA        : [mx   339(0) +=     3] [mg   339(0) <-     3] [mx   340(1) +=     4] [mg   340(1) <-     4] [mx   341(2) +=     5] [mg   341(2) <-     5] 
  AA M T i <- AA        : [mx   342(0) +=     3] [mg   342(0) <-     3] [mx   343(1) +=     4] [mg   343(1) <-     4] [mx   344(2) +=     5] [mg   344(2) <-     5] 
AA N SIL e <- AA        : [mx   345(0) +=     3] [mg   345(0) <-     3] [mx   346(1) +=     4] [mg   346(1) <-     4] [mx   347(2) +=     5] [mg   347(2) <-     5] 
 AA P UW i <- AA        : [mx   348(0) +=     3] [mg   348(0) <-     3] [mx   349(1) +=     4] [mg   349(1) <-     4] [mx   350(2) +=     5] [mg   350(2) <-     5] 
 AA R CH i <- AA        : [mx   351(0) +=     3] [mg   351(0) <-     3] [mx   352(1) +=     4] [mg   352(1) <-     4] [mx   353(2) +=     5] [mg   353(2) <-     5] 
  AA R K i <- AA        : [mx   354(0) +=     3] [mg   354(0) <-     3] [mx   355(1) +=     4] [mg   355(1) <-     4] [mx   356(2) +=     5] [mg   356(2) <-     5] 
AA R SIL e <- AA        : [mx   357(0) +=     3] [mg   357(0) <-     3] [mx   358(1) +=     4] [mg   358(1) <-     4] [mx   359(2) +=     5] [mg   359(2) <-     5] 
AA S SIL e <- AA        : [mx   360(0) +=     3] [mg   360(0) <-     3] [mx   361(1) +=     4] [mg   361(1) <-     4] [mx   362(2) +=     5] [mg   362(2) <-     5] 
AA T SIL e <- AA        : [mx   363(0) +=     3] [mg   363(0) <-     3] [mx   364(1) +=     4] [mg   364(1) <-     4] [mx   365(2) +=     5] [mg   365(2) <-     5] 
  AA T T i <- AA        : [mx   366(0) +=     3] [mg   366(0) <-     3] [mx   367(1) +=     4] [mg   367(1) <-     4] [mx   368(2) +=     5] [mg   368(2) <-     5] 
 AA T TH i <- AA        : [mx   369(0) +=     3] [mg   369(0) <-     3] [mx   370(1) +=     4] [mg   370(1) <-     4] [mx   371(2) +=     5] [mg   371(2) <-     5] 
 AA TH N i <- AA        : [mx   372(0) +=     3] [mg   372(0) <-     3] [mx   373(1) +=     4] [mg   373(1) <-     4] [mx   374(2) +=     5] [mg   374(2) <-     5] 
  AA W T i <- AA        : [mx   375(0) +=     3] [mg   375(0) <-     3] [mx   376(1) +=     4] [mg   376(1) <-     4] [mx   377(2) +=     5] [mg   377(2) <-     5] 
  AA W W i <- AA        : [mx   378(0) +=     3] [mg   378(0) <-     3] [mx   379(1) +=     4] [mg   379(1) <-     4] [mx   380(2) +=     5] [mg   380(2) <-     5] 
  AA Y D i <- AA        : [mx   381(0) +=     3] [mg   381(0) <-     3] [mx   382(1) +=     4] [mg   382(1) <-     4] [mx   383(2) +=     5] [mg   383(2) <-     5] 
AA Y SIL e <- AA        : [mx   384(0) +=     3] [mg   384(0) <-     3] [mx   385(1) +=     4] [mg   385(1) <-     4] [mx   386(2) +=     5] [mg   386(2) <-     5] 
  AA Y T i <- AA        : [mx   387(0) +=     3] [mg   387(0) <-     3] [mx   388(1) +=     4] [mg   388(1) <-     4] [mx   389(2) +=     5] [mg   389(2) <-     5] 
  AH A T i <- AH        : [mx   390(0) +=     6] [mg   390(0) <-     6] [mx   391(1) +=     7] [mg   391(1) <-     7] [mx   392(2) +=     8] [mg   392(2) <-     8] 
  AO B R i <- AO        : [mx   393(0) +=     9] [mg   393(0) <-     9] [mx   394(1) +=    10] [mg   394(1) <-    10] [mx   395(2) +=    11] [mg   395(2) <-    11] 
 AO CH K i <- AO        : [mx   396(0) +=     9] [mg   396(0) <-     9] [mx   397(1) +=    10] [mg   397(1) <-    10] [mx   398(2) +=    11] [mg   398(2) <-    11] 
 AO CH R i <- AO        : [mx   399(0) +=     9] [mg   399(0) <-     9] [mx   400(1) +=    10] [mg   400(1) <-    10] [mx   401(2) +=    11] [mg   401(2) <-    11] 
  AO K D i <- AO        : [mx   402(0) +=     9] [mg   402(0) <-     9] [mx   403(1) +=    10] [mg   403(1) <-    10] [mx   404(2) +=    11] [mg   404(2) <-    11] 
  AO K R i <- AO        : [mx   405(0) +=     9] [mg   405(0) <-     9] [mx   406(1) +=    10] [mg   406(1) <-    10] [mx   407(2) +=    11] [mg   407(2) <-    11] 
  AO S M i <- AO        : [mx   408(0) +=     9] [mg   408(0) <-     9] [mx   409(1) +=    10] [mg   409(1) <-    10] [mx   410(2) +=    11] [mg   410(2) <-    11] 
AO S SIL e <- AO        : [mx   411(0) +=     9] [mg   411(0) <-     9] [mx   412(1) +=    10] [mg   412(1) <-    10] [mx   413(2) +=    11] [mg   413(2) <-    11] 
   B A A i <- B         : [mx   414(0) +=    12] [mg   414(0) <-    12] [mx   415(1) +=    13] [mg   415(1) <-    13] [mx   416(2) +=    14] [mg   416(2) <-    14] 
  B A AO i <- B         : [mx   417(0) +=    12] [mg   417(0) <-    12] [mx   418(1) +=    13] [mg   418(1) <-    13] [mx   419(2) +=    14] [mg   419(2) <-    14] 
  B A UW i <- B         : [mx   420(0) +=    12] [mg   420(0) <-    12] [mx   421(1) +=    13] [mg   421(1) <-    13] [mx   422(2) +=    14] [mg   422(2) <-    14] 
 B IY AA i <- B         : [mx   423(0) +=    12] [mg   423(0) <-    12] [mx   424(1) +=    13] [mg   424(1) <-    13] [mx   425(2) +=    14] [mg   425(2) <-    14] 
  B T UW i <- B         : [mx   426(0) +=    12] [mg   426(0) <-    12] [mx   427(1) +=    13] [mg   427(1) <-    13] [mx   428(2) +=    14] [mg   428(2) <-    14] 
   C A H i <- C         : [mx   429(0) +=    15] [mg   429(0) <-    15] [mx   430(1) +=    16] [mg   430(1) <-    16] [mx   431(2) +=    17] [mg   431(2) <-    17] 
  CH A A i <- CH        : [mx   432(0) +=    18] [mg   432(0) <-    18] [mx   433(1) +=    19] [mg   433(1) <-    19] [mx   434(2) +=    20] [mg   434(2) <-    20] 
 CH A OW i <- CH        : [mx   435(0) +=    18] [mg   435(0) <-    18] [mx   436(1) +=    19] [mg   436(1) <-    19] [mx   437(2) +=    20] [mg   437(2) <-    20] 
 CH AA A i <- CH        : [mx   438(0) +=    18] [mg   438(0) <-    18] [mx   439(1) +=    19] [mg   439(1) <-    19] [mx   440(2) +=    20] [mg   440(2) <-    20] 
 CH D AA i <- CH        : [mx   441(0) +=    18] [mg   441(0) <-    18] [mx   442(1) +=    19] [mg   442(1) <-    19] [mx   443(2) +=    20] [mg   443(2) <-    20] 
CH IH AA i <- CH        : [mx   444(0) +=    18] [mg   444(0) <-    18] [mx   445(1) +=    19] [mg   445(1) <-    19] [mx   446(2) +=    20] [mg   446(2) <-    20] 
 CH M OW i <- CH        : [mx   447(0) +=    18] [mg   447(0) <-    18] [mx   448(1) +=    19] [mg   448(1) <-    19] [mx   449(2) +=    20] [mg   449(2) <-    20] 
CH SIL A b <- CH        : [mx   450(0) +=    18] [mg   450(0) <-    18] [mx   451(1) +=    19] [mg   451(1) <-    19] [mx   452(2) +=    20] [mg   452(2) <-    20] 
CH SIL AO b <- CH        : [mx   453(0) +=    18] [mg   453(0) <-    18] [mx   454(1) +=    19] [mg   454(1) <-    19] [mx   455(2) +=    20] [mg   455(2) <-    20] 
CH SIL ER b <- CH        : [mx   456(0) +=    18] [mg   456(0) <-    18] [mx   457(1) +=    19] [mg   457(1) <-    19] [mx   458(2) +=    20] [mg   458(2) <-    20] 
CH SIL OW b <- CH        : [mx   459(0) +=    18] [mg   459(0) <-    18] [mx   460(1) +=    19] [mg   460(1) <-    19] [mx   461(2) +=    20] [mg   461(2) <-    20] 
   D A A i <- D         : [mx   462(0) +=    21] [mg   462(0) <-    21] [mx   463(1) +=    22] [mg   463(1) <-    22] [mx   464(2) +=    23] [mg   464(2) <-    23] 
  D A AA i <- D         : [mx   465(0) +=    21] [mg   465(0) <-    21] [mx   466(1) +=    22] [mg   466(1) <-    22] [mx   467(2) +=    23] [mg   467(2) <-    23] 
   D A M i <- D         : [mx   468(0) +=    21] [mg   468(0) <-    21] [mx   469(1) +=    22] [mg   469(1) <-    22] [mx   470(2) +=    23] [mg   470(2) <-    23] 
   D A S i <- D         : [mx   471(0) +=    21] [mg   471(0) <-    21] [mx   472(1) +=    22] [mg   472(1) <-    22] [mx   473(2) +=    23] [mg   473(2) <-    23] 
   D A T i <- D         : [mx   474(0) +=    21] [mg   474(0) <-    21] [mx   475(1) +=    22] [mg   475(1) <-    22] [mx   476(2) +=    23] [mg   476(2) <-    23] 
 D AA IH i <- D         : [mx   477(0) +=    21] [mg   477(0) <-    21] [mx   478(1) +=    22] [mg   478(1) <-    22] [mx   479(2) +=    23] [mg   479(2) <-    23] 
  D AA W i <- D         : [mx   480(0) +=    21] [mg   480(0) <-    21] [mx   481(1) +=    22] [mg   481(1) <-    22] [mx   482(2) +=    23] [mg   482(2) <-    23] 
 D AO AA i <- D         : [mx   483(0) +=    21] [mg   483(0) <-    21] [mx   484(1) +=    22] [mg   484(1) <-    22] [mx   485(2) +=    23] [mg   485(2) <-    23] 
 D IH CH i <- D         : [mx   486(0) +=    21] [mg   486(0) <-    21] [mx   487(1) +=    22] [mg   487(1) <-    22] [mx   488(2) +=    23] [mg   488(2) <-    23] 
  D IH N i <- D         : [mx   489(0) +=    21] [mg   489(0) <-    21] [mx   490(1) +=    22] [mg   490(1) <-    22] [mx   491(2) +=    23] [mg   491(2) <-    23] 
  D IH T i <- D         : [mx   492(0) +=    21] [mg   492(0) <-    21] [mx   493(1) +=    22] [mg   493(1) <-    22] [mx   494(2) +=    23] [mg   494(2) <-    23] 
 D IH TH i <- D         : [mx   495(0) +=    21] [mg   495(0) <-    21] [mx   496(1) +=    22] [mg   496(1) <-    22] [mx   497(2) +=    23] [mg   497(2) <-    23] 
  D IH Y i <- D         : [mx   498(0) +=    21] [mg   498(0) <-    21] [mx   499(1) +=    22] [mg   499(1) <-    22] [mx   500(2) +=    23] [mg   500(2) <-    23] 
  D OW N i <- D         : [mx   501(0) +=    21] [mg   501(0) <-    21] [mx   502(1) +=    22] [mg   502(1) <-    22] [mx   503(2) +=    23] [mg   503(2) <-    23] 
D OW SIL e <- D         : [mx   504(0) +=    21] [mg   504(0) <-    21] [mx   505(1) +=    22] [mg   505(1) <-    22] [mx   506(2) +=    23] [mg   506(2) <-    23] 
 EH H EN i <- EH        : [mx   507(0) +=    24] [mg   507(0) <-    24] [mx   508(1) +=    25] [mg   508(1) <-    25] [mx   509(2) +=    26] [mg   509(2) <-    26] 
EH K SIL e <- EH        : [mx   510(0) +=    24] [mg   510(0) <-    24] [mx   511(1) +=    25] [mg   511(1) <-    25] [mx   512(2) +=    26] [mg   512(2) <-    26] 
  EH L N i <- EH        : [mx   513(0) +=    24] [mg   513(0) <-    24] [mx   514(1) +=    25] [mg   514(1) <-    25] [mx   515(2) +=    26] [mg   515(2) <-    26] 
 EH PH L i <- EH        : [mx   516(0) +=    24] [mg   516(0) <-    24] [mx   517(1) +=    25] [mg   517(1) <-    25] [mx   518(2) +=    26] [mg   518(2) <-    26] 
 EH PH R i <- EH        : [mx   519(0) +=    24] [mg   519(0) <-    24] [mx   520(1) +=    25] [mg   520(1) <-    25] [mx   521(2) +=    26] [mg   521(2) <-    26] 
 EH TH L i <- EH        : [mx   522(0) +=    24] [mg   522(0) <-    24] [mx   523(1) +=    25] [mg   523(1) <-    25] [mx   524(2) +=    26] [mg   524(2) <-    26] 
EN EH SIL e <- EN        : [mx   525(0) +=    27] [mg   525(0) <-    27] [mx   526(1) +=    28] [mg   526(1) <-    28] [mx   527(2) +=    29] [mg   527(2) <-    29] 
  EN L N i <- EN        : [mx   528(0) +=    27] [mg   528(0) <-    27] [mx   529(1) +=    28] [mg   529(1) <-    28] [mx   530(2) +=    29] [mg   530(2) <-    29] 
 ER CH M i <- ER        : [mx   531(0) +=    30] [mg   531(0) <-    30] [mx   532(1) +=    31] [mg   532(1) <-    31] [mx   533(2) +=    32] [mg   533(2) <-    32] 
  ER L M i <- ER        : [mx   534(0) +=    30] [mg   534(0) <-    30] [mx   535(1) +=    31] [mg   535(1) <-    31] [mx   536(2) +=    32] [mg   536(2) <-    32] 
   H A A i <- H         : [mx   537(0) +=    33] [mg   537(0) <-    33] [mx   538(1) +=    34] [mg   538(1) <-    34] [mx   539(2) +=    35] [mg   539(2) <-    35] 
  H A IH i <- H         : [mx   540(0) +=    33] [mg   540(0) <-    33] [mx   541(1) +=    34] [mg   541(1) <-    34] [mx   542(2) +=    35] [mg   542(2) <-    35] 
   H C A i <- H         : [mx   543(0) +=    33] [mg   543(0) <-    33] [mx   544(1) +=    34] [mg   544(1) <-    34] [mx   545(2) +=    35] [mg   545(2) <-    35] 
  H L EH i <- H         : [mx   546(0) +=    33] [mg   546(0) <-    33] [mx   547(1) +=    34] [mg   547(1) <-    34] [mx   548(2) +=    35] [mg   548(2) <-    35] 
   H N A i <- H         : [mx   549(0) +=    33] [mg   549(0) <-    33] [mx   550(1) +=    34] [mg   550(1) <-    34] [mx   551(2) +=    35] [mg   551(2) <-    35] 
 HH N AA i <- HH        : [mx   552(0) +=    36] [mg   552(0) <-    36] [mx   553(1) +=    37] [mg   553(1) <-    37] [mx   554(2) +=    38] [mg   554(2) <-    38] 
  IH D W i <- IH        : [mx   555(0) +=    39] [mg   555(0) <-    39] [mx   556(1) +=    40] [mg   556(1) <-    40] [mx   557(2) +=    41] [mg   557(2) <-    41] 
  IH H W i <- IH        : [mx   558(0) +=    39] [mg   558(0) <-    39] [mx   559(1) +=    40] [mg   559(1) <-    40] [mx   560(2) +=    41] [mg   560(2) <-    41] 
IH PH CH i <- IH        : [mx   561(0) +=    39] [mg   561(0) <-    39] [mx   562(1) +=    40] [mg   562(1) <-    40] [mx   563(2) +=    41] [mg   563(2) <-    41] 
 IH PH D i <- IH        : [mx   564(0) +=    39] [mg   564(0) <-    39] [mx   565(1) +=    40] [mg   565(1) <-    40] [mx   566(2) +=    41] [mg   566(2) <-    41] 
IH T SIL e <- IH        : [mx   567(0) +=    39] [mg   567(0) <-    39] [mx   568(1) +=    40] [mg   568(1) <-    40] [mx   569(2) +=    41] [mg   569(2) <-    41] 
  IH T W i <- IH        : [mx   570(0) +=    39] [mg   570(0) <-    39] [mx   571(1) +=    40] [mg   571(1) <-    40] [mx   572(2) +=    41] [mg   572(2) <-    41] 
 IH TH D i <- IH        : [mx   573(0) +=    39] [mg   573(0) <-    39] [mx   574(1) +=    40] [mg   574(1) <-    40] [mx   575(2) +=    41] [mg   575(2) <-    41] 
IH TH SIL e <- IH        : [mx   576(0) +=    39] [mg   576(0) <-    39] [mx   577(1) +=    40] [mg   577(1) <-    40] [mx   578(2) +=    41] [mg   578(2) <-    41] 
IH TH TH i <- IH        : [mx   579(0) +=    39] [mg   579(0) <-    39] [mx   580(1) +=    40] [mg   580(1) <-    40] [mx   581(2) +=    41] [mg   581(2) <-    41] 
  IH W D i <- IH        : [mx   582(0) +=    39] [mg   582(0) <-    39] [mx   583(1) +=    40] [mg   583(1) <-    40] [mx   584(2) +=    41] [mg   584(2) <-    41] 
  IH W T i <- IH        : [mx   585(0) +=    39] [mg   585(0) <-    39] [mx   586(1) +=    40] [mg   586(1) <-    40] [mx   587(2) +=    41] [mg   587(2) <-    41] 
 IH W TH i <- IH        : [mx   588(0) +=    39] [mg   588(0) <-    39] [mx   589(1) +=    40] [mg   589(1) <-    40] [mx   590(2) +=    41] [mg   590(2) <-    41] 
IY A SIL e <- IY        : [mx   591(0) +=    42] [mg   591(0) <-    42] [mx   592(1) +=    43] [mg   592(1) <-    43] [mx   593(2) +=    44] [mg   593(2) <-    44] 
  IY N B i <- IY        : [mx   594(0) +=    42] [mg   594(0) <-    42] [mx   595(1) +=    43] [mg   595(1) <-    43] [mx   596(2) +=    44] [mg   596(2) <-    44] 
   K A A i <- K         : [mx   597(0) +=    45] [mg   597(0) <-    45] [mx   598(1) +=    46] [mg   598(1) <-    46] [mx   599(2) +=    47] [mg   599(2) <-    47] 
  K A AO i <- K         : [mx   600(0) +=    45] [mg   600(0) <-    45] [mx   601(1) +=    46] [mg   601(1) <-    46] [mx   602(2) +=    47] [mg   602(2) <-    47] 
  K A EH i <- K         : [mx   603(0) +=    45] [mg   603(0) <-    45] [mx   604(1) +=    46] [mg   604(1) <-    46] [mx   605(2) +=    47] [mg   605(2) <-    47] 
   K A K i <- K         : [mx   606(0) +=    45] [mg   606(0) <-    45] [mx   607(1) +=    46] [mg   607(1) <-    46] [mx   608(2) +=    47] [mg   608(2) <-    47] 
   K A N i <- K         : [mx   609(0) +=    45] [mg   609(0) <-    45] [mx   610(1) +=    46] [mg   610(1) <-    46] [mx   611(2) +=    47] [mg   611(2) <-    47] 
  K A OW i <- K         : [mx   612(0) +=    45] [mg   612(0) <-    45] [mx   613(1) +=    46] [mg   613(1) <-    46] [mx   614(2) +=    47] [mg   614(2) <-    47] 
   K A P i <- K         : [mx   615(0) +=    45] [mg   615(0) <-    45] [mx   616(1) +=    46] [mg   616(1) <-    46] [mx   617(2) +=    47] [mg   617(2) <-    47] 
   K A S i <- K         : [mx   618(0) +=    45] [mg   618(0) <-    45] [mx   619(1) +=    46] [mg   619(1) <-    46] [mx   620(2) +=    47] [mg   620(2) <-    47] 
  K AA A i <- K         : [mx   621(0) +=    45] [mg   621(0) <-    45] [mx   622(1) +=    46] [mg   622(1) <-    46] [mx   623(2) +=    47] [mg   623(2) <-    47] 
 K AA OW i <- K         : [mx   624(0) +=    45] [mg   624(0) <-    45] [mx   625(1) +=    46] [mg   625(1) <-    46] [mx   626(2) +=    47] [mg   626(2) <-    47] 
 K AO EH i <- K         : [mx   627(0) +=    45] [mg   627(0) <-    45] [mx   628(1) +=    46] [mg   628(1) <-    46] [mx   629(2) +=    47] [mg   629(2) <-    47] 
   K K A i <- K         : [mx   630(0) +=    45] [mg   630(0) <-    45] [mx   631(1) +=    46] [mg   631(1) <-    46] [mx   632(2) +=    47] [mg   632(2) <-    47] 
  K N OW i <- K         : [mx   633(0) +=    45] [mg   633(0) <-    45] [mx   634(1) +=    46] [mg   634(1) <-    46] [mx   635(2) +=    47] [mg   635(2) <-    47] 
  K OW K i <- K         : [mx   636(0) +=    45] [mg   636(0) <-    45] [mx   637(1) +=    46] [mg   637(1) <-    46] [mx   638(2) +=    47] [mg   638(2) <-    47] 
  K OW R i <- K         : [mx   639(0) +=    45] [mg   639(0) <-    45] [mx   640(1) +=    46] [mg   640(1) <-    46] [mx   641(2) +=    47] [mg   641(2) <-    47] 
K OW SIL e <- K         : [mx   642(0) +=    45] [mg   642(0) <-    45] [mx   643(1) +=    46] [mg   643(1) <-    46] [mx   644(2) +=    47] [mg   644(2) <-    47] 
 K SIL A b <- K         : [mx   645(0) +=    45] [mg   645(0) <-    45] [mx   646(1) +=    46] [mg   646(1) <-    46] [mx   647(2) +=    47] [mg   647(2) <-    47] 
K SIL AA b <- K         : [mx   648(0) +=    45] [mg   648(0) <-    45] [mx   649(1) +=    46] [mg   649(1) <-    46] [mx   650(2) +=    47] [mg   650(2) <-    47] 
K SIL AO b <- K         : [mx   651(0) +=    45] [mg   651(0) <-    45] [mx   652(1) +=    46] [mg   652(1) <-    46] [mx   653(2) +=    47] [mg   653(2) <-    47] 
 K SIL O b <- K         : [mx   654(0) +=    45] [mg   654(0) <-    45] [mx   655(1) +=    46] [mg   655(1) <-    46] [mx   656(2) +=    47] [mg   656(2) <-    47] 
K SIL OW b <- K         : [mx   657(0) +=    45] [mg   657(0) <-    45] [mx   658(1) +=    46] [mg   658(1) <-    46] [mx   659(2) +=    47] [mg   659(2) <-    47] 
 K SIL R b <- K         : [mx   660(0) +=    45] [mg   660(0) <-    45] [mx   661(1) +=    46] [mg   661(1) <-    46] [mx   662(2) +=    47] [mg   662(2) <-    47] 
 K SIL U b <- K         : [mx   663(0) +=    45] [mg   663(0) <-    45] [mx   664(1) +=    46] [mg   664(1) <-    46] [mx   665(2) +=    47] [mg   665(2) <-    47] 
 K TA EH i <- K         : [mx   666(0) +=    45] [mg   666(0) <-    45] [mx   667(1) +=    46] [mg   667(1) <-    46] [mx   668(2) +=    47] [mg   668(2) <-    47] 
   K U T i <- K         : [mx   669(0) +=    45] [mg   669(0) <-    45] [mx   670(1) +=    46] [mg   670(1) <-    46] [mx   671(2) +=    47] [mg   671(2) <-    47] 
  K UH K i <- K         : [mx   672(0) +=    45] [mg   672(0) <-    45] [mx   673(1) +=    46] [mg   673(1) <-    46] [mx   674(2) +=    47] [mg   674(2) <-    47] 
  K UH T i <- K         : [mx   675(0) +=    45] [mg   675(0) <-    45] [mx   676(1) +=    46] [mg   676(1) <-    46] [mx   677(2) +=    47] [mg   677(2) <-    47] 
  L A EH i <- L         : [mx   678(0) +=    48] [mg   678(0) <-    48] [mx   679(1) +=    49] [mg   679(1) <-    49] [mx   680(2) +=    50] [mg   680(2) <-    50] 
  L A ER i <- L         : [mx   681(0) +=    48] [mg   681(0) <-    48] [mx   682(1) +=    49] [mg   682(1) <-    49] [mx   683(2) +=    50] [mg   683(2) <-    50] 
   L A H i <- L         : [mx   684(0) +=    48] [mg   684(0) <-    48] [mx   685(1) +=    49] [mg   685(1) <-    49] [mx   686(2) +=    50] [mg   686(2) <-    50] 
  L A OA i <- L         : [mx   687(0) +=    48] [mg   687(0) <-    48] [mx   688(1) +=    49] [mg   688(1) <-    49] [mx   689(2) +=    50] [mg   689(2) <-    50] 
 L EH AA i <- L         : [mx   690(0) +=    48] [mg   690(0) <-    48] [mx   691(1) +=    49] [mg   691(1) <-    49] [mx   692(2) +=    50] [mg   692(2) <-    50] 
 L EH EN i <- L         : [mx   693(0) +=    48] [mg   693(0) <-    48] [mx   694(1) +=    49] [mg   694(1) <-    49] [mx   695(2) +=    50] [mg   695(2) <-    50] 
  L P AA i <- L         : [mx   696(0) +=    48] [mg   696(0) <-    48] [mx   697(1) +=    49] [mg   697(1) <-    49] [mx   698(2) +=    50] [mg   698(2) <-    50] 
 L PH OA i <- L         : [mx   699(0) +=    48] [mg   699(0) <-    48] [mx   700(1) +=    49] [mg   700(1) <-    49] [mx   701(2) +=    50] [mg   701(2) <-    50] 
   M A A i <- M         : [mx   702(0) +=    51] [mg   702(0) <-    51] [mx   703(1) +=    52] [mg   703(1) <-    52] [mx   704(2) +=    53] [mg   704(2) <-    53] 
  M A AA i <- M         : [mx   705(0) +=    51] [mg   705(0) <-    51] [mx   706(1) +=    52] [mg   706(1) <-    52] [mx   707(2) +=    53] [mg   707(2) <-    53] 
 M A SIL e <- M         : [mx   708(0) +=    51] [mg   708(0) <-    51] [mx   709(1) +=    52] [mg   709(1) <-    52] [mx   710(2) +=    53] [mg   710(2) <-    53] 
  M AA A i <- M         : [mx   711(0) +=    51] [mg   711(0) <-    51] [mx   712(1) +=    52] [mg   712(1) <-    52] [mx   713(2) +=    53] [mg   713(2) <-    53] 
  M AA M i <- M         : [mx   714(0) +=    51] [mg   714(0) <-    51] [mx   715(1) +=    52] [mg   715(1) <-    52] [mx   716(2) +=    53] [mg   716(2) <-    53] 
  M AA R i <- M         : [mx   717(0) +=    51] [mg   717(0) <-    51] [mx   718(1) +=    52] [mg   718(1) <-    52] [mx   719(2) +=    53] [mg   719(2) <-    53] 
  M AA T i <- M         : [mx   720(0) +=    51] [mg   720(0) <-    51] [mx   721(1) +=    52] [mg   721(1) <-    52] [mx   722(2) +=    53] [mg   722(2) <-    53] 
  M AO M i <- M         : [mx   723(0) +=    51] [mg   723(0) <-    51] [mx   724(1) +=    52] [mg   724(1) <-    52] [mx   725(2) +=    53] [mg   725(2) <-    53] 
  M AO S i <- M         : [mx   726(0) +=    51] [mg   726(0) <-    51] [mx   727(1) +=    52] [mg   727(1) <-    52] [mx   728(2) +=    53] [mg   728(2) <-    53] 
  M D AA i <- M         : [mx   729(0) +=    51] [mg   729(0) <-    51] [mx   730(1) +=    52] [mg   730(1) <-    52] [mx   731(2) +=    53] [mg   731(2) <-    53] 
 M ER CH i <- M         : [mx   732(0) +=    51] [mg   732(0) <-    51] [mx   733(1) +=    52] [mg   733(1) <-    52] [mx   734(2) +=    53] [mg   734(2) <-    53] 
 M ER PH i <- M         : [mx   735(0) +=    51] [mg   735(0) <-    51] [mx   736(1) +=    52] [mg   736(1) <-    52] [mx   737(2) +=    53] [mg   737(2) <-    53] 
   M M A i <- M         : [mx   738(0) +=    51] [mg   738(0) <-    51] [mx   739(1) +=    52] [mg   739(1) <-    52] [mx   740(2) +=    53] [mg   740(2) <-    53] 
  M M AA i <- M         : [mx   741(0) +=    51] [mg   741(0) <-    51] [mx   742(1) +=    52] [mg   742(1) <-    52] [mx   743(2) +=    53] [mg   743(2) <-    53] 
   M N A i <- M         : [mx   744(0) +=    51] [mg   744(0) <-    51] [mx   745(1) +=    52] [mg   745(1) <-    52] [mx   746(2) +=    53] [mg   746(2) <-    53] 
  M OW M i <- M         : [mx   747(0) +=    51] [mg   747(0) <-    51] [mx   748(1) +=    52] [mg   748(1) <-    52] [mx   749(2) +=    53] [mg   749(2) <-    53] 
 M OW PH i <- M         : [mx   750(0) +=    51] [mg   750(0) <-    51] [mx   751(1) +=    52] [mg   751(1) <-    52] [mx   752(2) +=    53] [mg   752(2) <-    53] 
  M OW S i <- M         : [mx   753(0) +=    51] [mg   753(0) <-    51] [mx   754(1) +=    52] [mg   754(1) <-    52] [mx   755(2) +=    53] [mg   755(2) <-    53] 
M OW SIL e <- M         : [mx   756(0) +=    51] [mg   756(0) <-    51] [mx   757(1) +=    52] [mg   757(1) <-    52] [mx   758(2) +=    53] [mg   758(2) <-    53] 
  M OW T i <- M         : [mx   759(0) +=    51] [mg   759(0) <-    51] [mx   760(1) +=    52] [mg   760(1) <-    52] [mx   761(2) +=    53] [mg   761(2) <-    53] 
  M OW W i <- M         : [mx   762(0) +=    51] [mg   762(0) <-    51] [mx   763(1) +=    52] [mg   763(1) <-    52] [mx   764(2) +=    53] [mg   764(2) <-    53] 
M UW SIL e <- M         : [mx   765(0) +=    51] [mg   765(0) <-    51] [mx   766(1) +=    52] [mg   766(1) <-    52] [mx   767(2) +=    53] [mg   767(2) <-    53] 
   N A A i <- N         : [mx   768(0) +=    54] [mg   768(0) <-    54] [mx   769(1) +=    55] [mg   769(1) <-    55] [mx   770(2) +=    56] [mg   770(2) <-    56] 
  N A AA i <- N         : [mx   771(0) +=    54] [mg   771(0) <-    54] [mx   772(1) +=    55] [mg   772(1) <-    55] [mx   773(2) +=    56] [mg   773(2) <-    56] 
  N A HH i <- N         : [mx   774(0) +=    54] [mg   774(0) <-    54] [mx   775(1) +=    55] [mg   775(1) <-    55] [mx   776(2) +=    56] [mg   776(2) <-    56] 
  N A IY i <- N         : [mx   777(0) +=    54] [mg   777(0) <-    54] [mx   778(1) +=    55] [mg   778(1) <-    55] [mx   779(2) +=    56] [mg   779(2) <-    56] 
   N A K i <- N         : [mx   780(0) +=    54] [mg   780(0) <-    54] [mx   781(1) +=    55] [mg   781(1) <-    55] [mx   782(2) +=    56] [mg   782(2) <-    56] 
   N A N i <- N         : [mx   783(0) +=    54] [mg   783(0) <-    54] [mx   784(1) +=    55] [mg   784(1) <-    55] [mx   785(2) +=    56] [mg   785(2) <-    56] 
   N A S i <- N         : [mx   786(0) +=    54] [mg   786(0) <-    54] [mx   787(1) +=    55] [mg   787(1) <-    55] [mx   788(2) +=    56] [mg   788(2) <-    56] 
 N A SIL e <- N         : [mx   789(0) +=    54] [mg   789(0) <-    54] [mx   790(1) +=    55] [mg   790(1) <-    55] [mx   791(2) +=    56] [mg   791(2) <-    56] 
 N AA AA i <- N         : [mx   792(0) +=    54] [mg   792(0) <-    54] [mx   793(1) +=    55] [mg   793(1) <-    55] [mx   794(2) +=    56] [mg   794(2) <-    56] 
N AA SIL e <- N         : [mx   795(0) +=    54] [mg   795(0) <-    54] [mx   796(1) +=    55] [mg   796(1) <-    55] [mx   797(2) +=    56] [mg   797(2) <-    56] 
  N D AA i <- N         : [mx   798(0) +=    54] [mg   798(0) <-    54] [mx   799(1) +=    55] [mg   799(1) <-    55] [mx   800(2) +=    56] [mg   800(2) <-    56] 
N EH SIL e <- N         : [mx   801(0) +=    54] [mg   801(0) <-    54] [mx   802(1) +=    55] [mg   802(1) <-    55] [mx   803(2) +=    56] [mg   803(2) <-    56] 
N EN SIL e <- N         : [mx   804(0) +=    54] [mg   804(0) <-    54] [mx   805(1) +=    55] [mg   805(1) <-    55] [mx   806(2) +=    56] [mg   806(2) <-    56] 
   N K A i <- N         : [mx   807(0) +=    54] [mg   807(0) <-    54] [mx   808(1) +=    55] [mg   808(1) <-    55] [mx   809(2) +=    56] [mg   809(2) <-    56] 
   N N A i <- N         : [mx   810(0) +=    54] [mg   810(0) <-    54] [mx   811(1) +=    55] [mg   811(1) <-    55] [mx   812(2) +=    56] [mg   812(2) <-    56] 
  N OW A i <- N         : [mx   813(0) +=    54] [mg   813(0) <-    54] [mx   814(1) +=    55] [mg   814(1) <-    55] [mx   815(2) +=    56] [mg   815(2) <-    56] 
 N OW AA i <- N         : [mx   816(0) +=    54] [mg   816(0) <-    54] [mx   817(1) +=    55] [mg   817(1) <-    55] [mx   818(2) +=    56] [mg   818(2) <-    56] 
  N OW M i <- N         : [mx   819(0) +=    54] [mg   819(0) <-    54] [mx   820(1) +=    55] [mg   820(1) <-    55] [mx   821(2) +=    56] [mg   821(2) <-    56] 
  N OW N i <- N         : [mx   822(0) +=    54] [mg   822(0) <-    54] [mx   823(1) +=    55] [mg   823(1) <-    55] [mx   824(2) +=    56] [mg   824(2) <-    56] 
 N OW PH i <- N         : [mx   825(0) +=    54] [mg   825(0) <-    54] [mx   826(1) +=    55] [mg   826(1) <-    55] [mx   827(2) +=    56] [mg   827(2) <-    56] 
  N OW T i <- N         : [mx   828(0) +=    54] [mg   828(0) <-    54] [mx   829(1) +=    55] [mg   829(1) <-    55] [mx   830(2) +=    56] [mg   830(2) <-    56] 
  N T IY i <- N         : [mx   831(0) +=    54] [mg   831(0) <-    54] [mx   832(1) +=    55] [mg   832(1) <-    55] [mx   833(2) +=    56] [mg   833(2) <-    56] 
   N U H i <- N         : [mx   834(0) +=    54] [mg   834(0) <-    54] [mx   835(1) +=    55] [mg   835(1) <-    55] [mx   836(2) +=    56] [mg   836(2) <-    56] 
   N U N i <- N         : [mx   837(0) +=    54] [mg   837(0) <-    54] [mx   838(1) +=    55] [mg   838(1) <-    55] [mx   839(2) +=    56] [mg   839(2) <-    56] 
  N U PH i <- N         : [mx   840(0) +=    54] [mg   840(0) <-    54] [mx   841(1) +=    55] [mg   841(1) <-    55] [mx   842(2) +=    56] [mg   842(2) <-    56] 
   N U R i <- N         : [mx   843(0) +=    54] [mg   843(0) <-    54] [mx   844(1) +=    55] [mg   844(1) <-    55] [mx   845(2) +=    56] [mg   845(2) <-    56] 
   N U T i <- N         : [mx   846(0) +=    54] [mg   846(0) <-    54] [mx   847(1) +=    55] [mg   847(1) <-    55] [mx   848(2) +=    56] [mg   848(2) <-    56] 
   O K S i <- O         : [mx   849(0) +=    57] [mg   849(0) <-    57] [mx   850(1) +=    58] [mg   850(1) <-    58] [mx   851(2) +=    59] [mg   851(2) <-    59] 
  OA L W i <- OA        : [mx   852(0) +=    60] [mg   852(0) <-    60] [mx   853(1) +=    61] [mg   853(1) <-    61] [mx   854(2) +=    62] [mg   854(2) <-    62] 
  OA R W i <- OA        : [mx   855(0) +=    60] [mg   855(0) <-    60] [mx   856(1) +=    61] [mg   856(1) <-    61] [mx   857(2) +=    62] [mg   857(2) <-    62] 
  OW A N i <- OW        : [mx   858(0) +=    63] [mg   858(0) <-    63] [mx   859(1) +=    64] [mg   859(1) <-    64] [mx   860(2) +=    65] [mg   860(2) <-    65] 
  OW A T i <- OW        : [mx   861(0) +=    63] [mg   861(0) <-    63] [mx   862(1) +=    64] [mg   862(1) <-    64] [mx   863(2) +=    65] [mg   863(2) <-    65] 
 OW CH M i <- OW        : [mx   864(0) +=    63] [mg   864(0) <-    63] [mx   865(1) +=    64] [mg   865(1) <-    64] [mx   866(2) +=    65] [mg   866(2) <-    65] 
 OW CH N i <- OW        : [mx   867(0) +=    63] [mg   867(0) <-    63] [mx   868(1) +=    64] [mg   868(1) <-    64] [mx   869(2) +=    65] [mg   869(2) <-    65] 
  OW K D i <- OW        : [mx   870(0) +=    63] [mg   870(0) <-    63] [mx   871(1) +=    64] [mg   871(1) <-    64] [mx   872(2) +=    65] [mg   872(2) <-    65] 
  OW K M i <- OW        : [mx   873(0) +=    63] [mg   873(0) <-    63] [mx   874(1) +=    64] [mg   874(1) <-    64] [mx   875(2) +=    65] [mg   875(2) <-    65] 
  OW K N i <- OW        : [mx   876(0) +=    63] [mg   876(0) <-    63] [mx   877(1) +=    64] [mg   877(1) <-    64] [mx   878(2) +=    65] [mg   878(2) <-    65] 
  OW K S i <- OW        : [mx   879(0) +=    63] [mg   879(0) <-    63] [mx   880(1) +=    64] [mg   880(1) <-    64] [mx   881(2) +=    65] [mg   881(2) <-    65] 
  OW K T i <- OW        : [mx   882(0) +=    63] [mg   882(0) <-    63] [mx   883(1) +=    64] [mg   883(1) <-    64] [mx   884(2) +=    65] [mg   884(2) <-    65] 
  OW R K i <- OW        : [mx   885(0) +=    63] [mg   885(0) <-    63] [mx   886(1) +=    64] [mg   886(1) <-    64] [mx   887(2) +=    65] [mg   887(2) <-    65] 
  OW R M i <- OW        : [mx   888(0) +=    63] [mg   888(0) <-    63] [mx   889(1) +=    64] [mg   889(1) <-    64] [mx   890(2) +=    65] [mg   890(2) <-    65] 
  OW S M i <- OW        : [mx   891(0) +=    63] [mg   891(0) <-    63] [mx   892(1) +=    64] [mg   892(1) <-    64] [mx   893(2) +=    65] [mg   893(2) <-    65] 
  OW S W i <- OW        : [mx   894(0) +=    63] [mg   894(0) <-    63] [mx   895(1) +=    64] [mg   895(1) <-    64] [mx   896(2) +=    65] [mg   896(2) <-    65] 
  OW T D i <- OW        : [mx   897(0) +=    63] [mg   897(0) <-    63] [mx   898(1) +=    64] [mg   898(1) <-    64] [mx   899(2) +=    65] [mg   899(2) <-    65] 
  OW T K i <- OW        : [mx   900(0) +=    63] [mg   900(0) <-    63] [mx   901(1) +=    64] [mg   901(1) <-    64] [mx   902(2) +=    65] [mg   902(2) <-    65] 
 OW TH M i <- OW        : [mx   903(0) +=    63] [mg   903(0) <-    63] [mx   904(1) +=    64] [mg   904(1) <-    64] [mx   905(2) +=    65] [mg   905(2) <-    65] 
  P A AA i <- P         : [mx   906(0) +=    66] [mg   906(0) <-    66] [mx   907(1) +=    67] [mg   907(1) <-    67] [mx   908(2) +=    68] [mg   908(2) <-    68] 
  P AA A i <- P         : [mx   909(0) +=    66] [mg   909(0) <-    66] [mx   910(1) +=    67] [mg   910(1) <-    67] [mx   911(2) +=    68] [mg   911(2) <-    68] 
  P K AA i <- P         : [mx   912(0) +=    66] [mg   912(0) <-    66] [mx   913(1) +=    67] [mg   913(1) <-    67] [mx   914(2) +=    68] [mg   914(2) <-    68] 
 P SIL A b <- P         : [mx   915(0) +=    66] [mg   915(0) <-    66] [mx   916(1) +=    67] [mg   916(1) <-    67] [mx   917(2) +=    68] [mg   917(2) <-    68] 
 P SIL L b <- P         : [mx   918(0) +=    66] [mg   918(0) <-    66] [mx   919(1) +=    67] [mg   919(1) <-    67] [mx   920(2) +=    68] [mg   920(2) <-    68] 
 P SIL R b <- P         : [mx   921(0) +=    66] [mg   921(0) <-    66] [mx   922(1) +=    67] [mg   922(1) <-    67] [mx   923(2) +=    68] [mg   923(2) <-    68] 
   P W A i <- P         : [mx   924(0) +=    66] [mg   924(0) <-    66] [mx   925(1) +=    67] [mg   925(1) <-    67] [mx   926(2) +=    68] [mg   926(2) <-    68] 
  PH A A i <- PH        : [mx   927(0) +=    69] [mg   927(0) <-    69] [mx   928(1) +=    70] [mg   928(1) <-    70] [mx   929(2) +=    71] [mg   929(2) <-    71] 
 PH A UW i <- PH        : [mx   930(0) +=    69] [mg   930(0) <-    69] [mx   931(1) +=    70] [mg   931(1) <-    70] [mx   932(2) +=    71] [mg   932(2) <-    71] 
  PH M A i <- PH        : [mx   933(0) +=    69] [mg   933(0) <-    69] [mx   934(1) +=    70] [mg   934(1) <-    70] [mx   935(2) +=    71] [mg   935(2) <-    71] 
  PH N A i <- PH        : [mx   936(0) +=    69] [mg   936(0) <-    69] [mx   937(1) +=    70] [mg   937(1) <-    70] [mx   938(2) +=    71] [mg   938(2) <-    71] 
 PH N UW i <- PH        : [mx   939(0) +=    69] [mg   939(0) <-    69] [mx   940(1) +=    70] [mg   940(1) <-    70] [mx   941(2) +=    71] [mg   941(2) <-    71] 
PH SIL A b <- PH        : [mx   942(0) +=    69] [mg   942(0) <-    69] [mx   943(1) +=    70] [mg   943(1) <-    70] [mx   944(2) +=    71] [mg   944(2) <-    71] 
PH SIL EH b <- PH        : [mx   945(0) +=    69] [mg   945(0) <-    69] [mx   946(1) +=    70] [mg   946(1) <-    70] [mx   947(2) +=    71] [mg   947(2) <-    71] 
PH SIL IH b <- PH        : [mx   948(0) +=    69] [mg   948(0) <-    69] [mx   949(1) +=    70] [mg   949(1) <-    70] [mx   950(2) +=    71] [mg   950(2) <-    71] 
PH SIL L b <- PH        : [mx   951(0) +=    69] [mg   951(0) <-    69] [mx   952(1) +=    70] [mg   952(1) <-    70] [mx   953(2) +=    71] [mg   953(2) <-    71] 
PH SIL R b <- PH        : [mx   954(0) +=    69] [mg   954(0) <-    69] [mx   955(1) +=    70] [mg   955(1) <-    70] [mx   956(2) +=    71] [mg   956(2) <-    71] 
   R A A i <- R         : [mx   957(0) +=    72] [mg   957(0) <-    72] [mx   958(1) +=    73] [mg   958(1) <-    73] [mx   959(2) +=    74] [mg   959(2) <-    74] 
  R A AA i <- R         : [mx   960(0) +=    72] [mg   960(0) <-    72] [mx   961(1) +=    73] [mg   961(1) <-    73] [mx   962(2) +=    74] [mg   962(2) <-    74] 
  R A OW i <- R         : [mx   963(0) +=    72] [mg   963(0) <-    72] [mx   964(1) +=    73] [mg   964(1) <-    73] [mx   965(2) +=    74] [mg   965(2) <-    74] 
  R AA A i <- R         : [mx   966(0) +=    72] [mg   966(0) <-    72] [mx   967(1) +=    73] [mg   967(1) <-    73] [mx   968(2) +=    74] [mg   968(2) <-    74] 
 R AA AA i <- R         : [mx   969(0) +=    72] [mg   969(0) <-    72] [mx   970(1) +=    73] [mg   970(1) <-    73] [mx   971(2) +=    74] [mg   971(2) <-    74] 
  R AO A i <- R         : [mx   972(0) +=    72] [mg   972(0) <-    72] [mx   973(1) +=    73] [mg   973(1) <-    73] [mx   974(2) +=    74] [mg   974(2) <-    74] 
 R AO OW i <- R         : [mx   975(0) +=    72] [mg   975(0) <-    72] [mx   976(1) +=    73] [mg   976(1) <-    73] [mx   977(2) +=    74] [mg   977(2) <-    74] 
 R EH AA i <- R         : [mx   978(0) +=    72] [mg   978(0) <-    72] [mx   979(1) +=    73] [mg   979(1) <-    73] [mx   980(2) +=    74] [mg   980(2) <-    74] 
  R K OW i <- R         : [mx   981(0) +=    72] [mg   981(0) <-    72] [mx   982(1) +=    73] [mg   982(1) <-    73] [mx   983(2) +=    74] [mg   983(2) <-    74] 
  R M AA i <- R         : [mx   984(0) +=    72] [mg   984(0) <-    72] [mx   985(1) +=    73] [mg   985(1) <-    73] [mx   986(2) +=    74] [mg   986(2) <-    74] 
   R N A i <- R         : [mx   987(0) +=    72] [mg   987(0) <-    72] [mx   988(1) +=    73] [mg   988(1) <-    73] [mx   989(2) +=    74] [mg   989(2) <-    74] 
   R P A i <- R         : [mx   990(0) +=    72] [mg   990(0) <-    72] [mx   991(1) +=    73] [mg   991(1) <-    73] [mx   992(2) +=    74] [mg   992(2) <-    74] 
  R PH A i <- R         : [mx   993(0) +=    72] [mg   993(0) <-    72] [mx   994(1) +=    73] [mg   994(1) <-    73] [mx   995(2) +=    74] [mg   995(2) <-    74] 
 R PH OA i <- R         : [mx   996(0) +=    72] [mg   996(0) <-    72] [mx   997(1) +=    73] [mg   997(1) <-    73] [mx   998(2) +=    74] [mg   998(2) <-    74] 
 R UW UW i <- R         : [mx   999(0) +=    72] [mg   999(0) <-    72] [mx  1000(1) +=    73] [mg  1000(1) <-    73] [mx  1001(2) +=    74] [mg  1001(2) <-    74] 
   S A A i <- S         : [mx  1002(0) +=    75] [mg  1002(0) <-    75] [mx  1003(1) +=    76] [mg  1003(1) <-    76] [mx  1004(2) +=    77] [mg  1004(2) <-    77] 
  S A AO i <- S         : [mx  1005(0) +=    75] [mg  1005(0) <-    75] [mx  1006(1) +=    76] [mg  1006(1) <-    76] [mx  1007(2) +=    77] [mg  1007(2) <-    77] 
   S D A i <- S         : [mx  1008(0) +=    75] [mg  1008(0) <-    75] [mx  1009(1) +=    76] [mg  1009(1) <-    76] [mx  1010(2) +=    77] [mg  1010(2) <-    77] 
   S K A i <- S         : [mx  1011(0) +=    75] [mg  1011(0) <-    75] [mx  1012(1) +=    76] [mg  1012(1) <-    76] [mx  1013(2) +=    77] [mg  1013(2) <-    77] 
  S M AO i <- S         : [mx  1014(0) +=    75] [mg  1014(0) <-    75] [mx  1015(1) +=    76] [mg  1015(1) <-    76] [mx  1016(2) +=    77] [mg  1016(2) <-    77] 
  S N AA i <- S         : [mx  1017(0) +=    75] [mg  1017(0) <-    75] [mx  1018(1) +=    76] [mg  1018(1) <-    76] [mx  1019(2) +=    77] [mg  1019(2) <-    77] 
   S O A i <- S         : [mx  1020(0) +=    75] [mg  1020(0) <-    75] [mx  1021(1) +=    76] [mg  1021(1) <-    76] [mx  1022(2) +=    77] [mg  1022(2) <-    77] 
  S OW A i <- S         : [mx  1023(0) +=    75] [mg  1023(0) <-    75] [mx  1024(1) +=    76] [mg  1024(1) <-    76] [mx  1025(2) +=    77] [mg  1025(2) <-    77] 
 S SIL A b <- S         : [mx  1026(0) +=    75] [mg  1026(0) <-    75] [mx  1027(1) +=    76] [mg  1027(1) <-    76] [mx  1028(2) +=    77] [mg  1028(2) <-    77] 
S SIL AO b <- S         : [mx  1029(0) +=    75] [mg  1029(0) <-    75] [mx  1030(1) +=    76] [mg  1030(1) <-    76] [mx  1031(2) +=    77] [mg  1031(2) <-    77] 
S SIL OW b <- S         : [mx  1032(0) +=    75] [mg  1032(0) <-    75] [mx  1033(1) +=    76] [mg  1033(1) <-    76] [mx  1034(2) +=    77] [mg  1034(2) <-    77] 
   S T A i <- S         : [mx  1035(0) +=    75] [mg  1035(0) <-    75] [mx  1036(1) +=    76] [mg  1036(1) <-    76] [mx  1037(2) +=    77] [mg  1037(2) <-    77] 
   T A A i <- T         : [mx  1038(0) +=    81] [mg  1038(0) <-    81] [mx  1039(1) +=    82] [mg  1039(1) <-    82] [mx  1040(2) +=    83] [mg  1040(2) <-    83] 
  T A AA i <- T         : [mx  1041(0) +=    81] [mg  1041(0) <-    81] [mx  1042(1) +=    82] [mg  1042(1) <-    82] [mx  1043(2) +=    83] [mg  1043(2) <-    83] 
   T A B i <- T         : [mx  1044(0) +=    81] [mg  1044(0) <-    81] [mx  1045(1) +=    82] [mg  1045(1) <-    82] [mx  1046(2) +=    83] [mg  1046(2) <-    83] 
  T A OW i <- T         : [mx  1047(0) +=    81] [mg  1047(0) <-    81] [mx  1048(1) +=    82] [mg  1048(1) <-    82] [mx  1049(2) +=    83] [mg  1049(2) <-    83] 
  T A TH i <- T         : [mx  1050(0) +=    81] [mg  1050(0) <-    81] [mx  1051(1) +=    82] [mg  1051(1) <-    82] [mx  1052(2) +=    83] [mg  1052(2) <-    83] 
  T AA A i <- T         : [mx  1053(0) +=    81] [mg  1053(0) <-    81] [mx  1054(1) +=    82] [mg  1054(1) <-    82] [mx  1055(2) +=    83] [mg  1055(2) <-    83] 
 T AA AA i <- T         : [mx  1056(0) +=    81] [mg  1056(0) <-    81] [mx  1057(1) +=    82] [mg  1057(1) <-    82] [mx  1058(2) +=    83] [mg  1058(2) <-    83] 
 T AA IH i <- T         : [mx  1059(0) +=    81] [mg  1059(0) <-    81] [mx  1060(1) +=    82] [mg  1060(1) <-    82] [mx  1061(2) +=    83] [mg  1061(2) <-    83] 
 T AA OW i <- T         : [mx  1062(0) +=    81] [mg  1062(0) <-    81] [mx  1063(1) +=    82] [mg  1063(1) <-    82] [mx  1064(2) +=    83] [mg  1064(2) <-    83] 
T AA SIL e <- T         : [mx  1065(0) +=    81] [mg  1065(0) <-    81] [mx  1066(1) +=    82] [mg  1066(1) <-    82] [mx  1067(2) +=    83] [mg  1067(2) <-    83] 
  T AH N i <- T         : [mx  1068(0) +=    81] [mg  1068(0) <-    81] [mx  1069(1) +=    82] [mg  1069(1) <-    82] [mx  1070(2) +=    83] [mg  1070(2) <-    83] 
  T AH S i <- T         : [mx  1071(0) +=    81] [mg  1071(0) <-    81] [mx  1072(1) +=    82] [mg  1072(1) <-    82] [mx  1073(2) +=    83] [mg  1073(2) <-    83] 
   T D A i <- T         : [mx  1074(0) +=    81] [mg  1074(0) <-    81] [mx  1075(1) +=    82] [mg  1075(1) <-    82] [mx  1076(2) +=    83] [mg  1076(2) <-    83] 
  T IH A i <- T         : [mx  1077(0) +=    81] [mg  1077(0) <-    81] [mx  1078(1) +=    82] [mg  1078(1) <-    82] [mx  1079(2) +=    83] [mg  1079(2) <-    83] 
 T IH AA i <- T         : [mx  1080(0) +=    81] [mg  1080(0) <-    81] [mx  1081(1) +=    82] [mg  1081(1) <-    82] [mx  1082(2) +=    83] [mg  1082(2) <-    83] 
  T IH T i <- T         : [mx  1083(0) +=    81] [mg  1083(0) <-    81] [mx  1084(1) +=    82] [mg  1084(1) <-    82] [mx  1085(2) +=    83] [mg  1085(2) <-    83] 
 T IH TH i <- T         : [mx  1086(0) +=    81] [mg  1086(0) <-    81] [mx  1087(1) +=    82] [mg  1087(1) <-    82] [mx  1088(2) +=    83] [mg  1088(2) <-    83] 
  T K AA i <- T         : [mx  1089(0) +=    81] [mg  1089(0) <-    81] [mx  1090(1) +=    82] [mg  1090(1) <-    82] [mx  1091(2) +=    83] [mg  1091(2) <-    83] 
   T M A i <- T         : [mx  1092(0) +=    81] [mg  1092(0) <-    81] [mx  1093(1) +=    82] [mg  1093(1) <-    82] [mx  1094(2) +=    83] [mg  1094(2) <-    83] 
  T N OW i <- T         : [mx  1095(0) +=    81] [mg  1095(0) <-    81] [mx  1096(1) +=    82] [mg  1096(1) <-    82] [mx  1097(2) +=    83] [mg  1097(2) <-    83] 
  T OW N i <- T         : [mx  1098(0) +=    81] [mg  1098(0) <-    81] [mx  1099(1) +=    82] [mg  1099(1) <-    82] [mx  1100(2) +=    83] [mg  1100(2) <-    83] 
  T OW S i <- T         : [mx  1101(0) +=    81] [mg  1101(0) <-    81] [mx  1102(1) +=    82] [mg  1102(1) <-    82] [mx  1103(2) +=    83] [mg  1103(2) <-    83] 
T OW SIL e <- T         : [mx  1104(0) +=    81] [mg  1104(0) <-    81] [mx  1105(1) +=    82] [mg  1105(1) <-    82] [mx  1106(2) +=    83] [mg  1106(2) <-    83] 
 T SIL A b <- T         : [mx  1107(0) +=    81] [mg  1107(0) <-    81] [mx  1108(1) +=    82] [mg  1108(1) <-    82] [mx  1109(2) +=    83] [mg  1109(2) <-    83] 
T SIL OW b <- T         : [mx  1110(0) +=    81] [mg  1110(0) <-    81] [mx  1111(1) +=    82] [mg  1111(1) <-    82] [mx  1112(2) +=    83] [mg  1112(2) <-    83] 
 T SIL U b <- T         : [mx  1113(0) +=    81] [mg  1113(0) <-    81] [mx  1114(1) +=    82] [mg  1114(1) <-    82] [mx  1115(2) +=    83] [mg  1115(2) <-    83] 
T SIL UH b <- T         : [mx  1116(0) +=    81] [mg  1116(0) <-    81] [mx  1117(1) +=    82] [mg  1117(1) <-    82] [mx  1118(2) +=    83] [mg  1118(2) <-    83] 
   T T A i <- T         : [mx  1119(0) +=    81] [mg  1119(0) <-    81] [mx  1120(1) +=    82] [mg  1120(1) <-    82] [mx  1121(2) +=    83] [mg  1121(2) <-    83] 
T UW SIL e <- T         : [mx  1122(0) +=    81] [mg  1122(0) <-    81] [mx  1123(1) +=    82] [mg  1123(1) <-    82] [mx  1124(2) +=    83] [mg  1124(2) <-    83] 
TA SIL K b <- TA        : [mx  1125(0) +=    84] [mg  1125(0) <-    84] [mx  1126(1) +=    85] [mg  1126(1) <-    85] [mx  1127(2) +=    86] [mg  1127(2) <-    86] 
  TH A A i <- TH        : [mx  1128(0) +=    87] [mg  1128(0) <-    87] [mx  1129(1) +=    88] [mg  1129(1) <-    88] [mx  1130(2) +=    89] [mg  1130(2) <-    89] 
 TH A AA i <- TH        : [mx  1131(0) +=    87] [mg  1131(0) <-    87] [mx  1132(1) +=    88] [mg  1132(1) <-    88] [mx  1133(2) +=    89] [mg  1133(2) <-    89] 
 TH A IH i <- TH        : [mx  1134(0) +=    87] [mg  1134(0) <-    87] [mx  1135(1) +=    88] [mg  1135(1) <-    88] [mx  1136(2) +=    89] [mg  1136(2) <-    89] 
 TH A OW i <- TH        : [mx  1137(0) +=    87] [mg  1137(0) <-    87] [mx  1138(1) +=    88] [mg  1138(1) <-    88] [mx  1139(2) +=    89] [mg  1139(2) <-    89] 
TH AA AA i <- TH        : [mx  1140(0) +=    87] [mg  1140(0) <-    87] [mx  1141(1) +=    88] [mg  1141(1) <-    88] [mx  1142(2) +=    89] [mg  1142(2) <-    89] 
 TH D AA i <- TH        : [mx  1143(0) +=    87] [mg  1143(0) <-    87] [mx  1144(1) +=    88] [mg  1144(1) <-    88] [mx  1145(2) +=    89] [mg  1145(2) <-    89] 
 TH D IH i <- TH        : [mx  1146(0) +=    87] [mg  1146(0) <-    87] [mx  1147(1) +=    88] [mg  1147(1) <-    88] [mx  1148(2) +=    89] [mg  1148(2) <-    89] 
 TH IH A i <- TH        : [mx  1149(0) +=    87] [mg  1149(0) <-    87] [mx  1150(1) +=    88] [mg  1150(1) <-    88] [mx  1151(2) +=    89] [mg  1151(2) <-    89] 
TH IH IH i <- TH        : [mx  1152(0) +=    87] [mg  1152(0) <-    87] [mx  1153(1) +=    88] [mg  1153(1) <-    88] [mx  1154(2) +=    89] [mg  1154(2) <-    89] 
TH SIL A b <- TH        : [mx  1155(0) +=    87] [mg  1155(0) <-    87] [mx  1156(1) +=    88] [mg  1156(1) <-    88] [mx  1157(2) +=    89] [mg  1157(2) <-    89] 
TH SIL EH b <- TH        : [mx  1158(0) +=    87] [mg  1158(0) <-    87] [mx  1159(1) +=    88] [mg  1159(1) <-    88] [mx  1160(2) +=    89] [mg  1160(2) <-    89] 
TH SIL IH b <- TH        : [mx  1161(0) +=    87] [mg  1161(0) <-    87] [mx  1162(1) +=    88] [mg  1162(1) <-    88] [mx  1163(2) +=    89] [mg  1163(2) <-    89] 
TH SIL OW b <- TH        : [mx  1164(0) +=    87] [mg  1164(0) <-    87] [mx  1165(1) +=    88] [mg  1165(1) <-    88] [mx  1166(2) +=    89] [mg  1166(2) <-    89] 
  TH T A i <- TH        : [mx  1167(0) +=    87] [mg  1167(0) <-    87] [mx  1168(1) +=    88] [mg  1168(1) <-    88] [mx  1169(2) +=    89] [mg  1169(2) <-    89] 
 TH T IH i <- TH        : [mx  1170(0) +=    87] [mg  1170(0) <-    87] [mx  1171(1) +=    88] [mg  1171(1) <-    88] [mx  1172(2) +=    89] [mg  1172(2) <-    89] 
   U A N i <- U         : [mx  1173(0) +=    90] [mg  1173(0) <-    90] [mx  1174(1) +=    91] [mg  1174(1) <-    91] [mx  1175(2) +=    92] [mg  1175(2) <-    92] 
   U K N i <- U         : [mx  1176(0) +=    90] [mg  1176(0) <-    90] [mx  1177(1) +=    91] [mg  1177(1) <-    91] [mx  1178(2) +=    92] [mg  1178(2) <-    92] 
   U T K i <- U         : [mx  1179(0) +=    90] [mg  1179(0) <-    90] [mx  1180(1) +=    91] [mg  1180(1) <-    91] [mx  1181(2) +=    92] [mg  1181(2) <-    92] 
  UH T K i <- UH        : [mx  1182(0) +=    93] [mg  1182(0) <-    93] [mx  1183(1) +=    94] [mg  1183(1) <-    94] [mx  1184(2) +=    95] [mg  1184(2) <-    95] 
UW AA SIL e <- UW        : [mx  1185(0) +=    96] [mg  1185(0) <-    96] [mx  1186(1) +=    97] [mg  1186(1) <-    97] [mx  1187(2) +=    98] [mg  1187(2) <-    98] 
  UW B R i <- UW        : [mx  1188(0) +=    96] [mg  1188(0) <-    96] [mx  1189(1) +=    97] [mg  1189(1) <-    97] [mx  1190(2) +=    98] [mg  1190(2) <-    98] 
 UW PH M i <- UW        : [mx  1191(0) +=    96] [mg  1191(0) <-    96] [mx  1192(1) +=    97] [mg  1192(1) <-    97] [mx  1193(2) +=    98] [mg  1193(2) <-    98] 
  UW R T i <- UW        : [mx  1194(0) +=    96] [mg  1194(0) <-    96] [mx  1195(1) +=    97] [mg  1195(1) <-    97] [mx  1196(2) +=    98] [mg  1196(2) <-    98] 
   W A A i <- W         : [mx  1197(0) +=    99] [mg  1197(0) <-    99] [mx  1198(1) +=   100] [mg  1198(1) <-   100] [mx  1199(2) +=   101] [mg  1199(2) <-   101] 
  W AA P i <- W         : [mx  1200(0) +=    99] [mg  1200(0) <-    99] [mx  1201(1) +=   100] [mg  1201(1) <-   100] [mx  1202(2) +=   101] [mg  1202(2) <-   101] 
  W D IH i <- W         : [mx  1203(0) +=    99] [mg  1203(0) <-    99] [mx  1204(1) +=   100] [mg  1204(1) <-   100] [mx  1205(2) +=   101] [mg  1205(2) <-   101] 
 W IH AA i <- W         : [mx  1206(0) +=    99] [mg  1206(0) <-    99] [mx  1207(1) +=   100] [mg  1207(1) <-   100] [mx  1208(2) +=   101] [mg  1208(2) <-   101] 
 W IH IH i <- W         : [mx  1209(0) +=    99] [mg  1209(0) <-    99] [mx  1210(1) +=   100] [mg  1210(1) <-   100] [mx  1211(2) +=   101] [mg  1211(2) <-   101] 
  W IH W i <- W         : [mx  1212(0) +=    99] [mg  1212(0) <-    99] [mx  1213(1) +=   100] [mg  1213(1) <-   100] [mx  1214(2) +=   101] [mg  1214(2) <-   101] 
   W M A i <- W         : [mx  1215(0) +=    99] [mg  1215(0) <-    99] [mx  1216(1) +=   100] [mg  1216(1) <-   100] [mx  1217(2) +=   101] [mg  1217(2) <-   101] 
W OA SIL e <- W         : [mx  1218(0) +=    99] [mg  1218(0) <-    99] [mx  1219(1) +=   100] [mg  1219(1) <-   100] [mx  1220(2) +=   101] [mg  1220(2) <-   101] 
  W OW A i <- W         : [mx  1221(0) +=    99] [mg  1221(0) <-    99] [mx  1222(1) +=   100] [mg  1222(1) <-   100] [mx  1223(2) +=   101] [mg  1223(2) <-   101] 
 W SIL A b <- W         : [mx  1224(0) +=    99] [mg  1224(0) <-    99] [mx  1225(1) +=   100] [mg  1225(1) <-   100] [mx  1226(2) +=   101] [mg  1226(2) <-   101] 
W SIL AA b <- W         : [mx  1227(0) +=    99] [mg  1227(0) <-    99] [mx  1228(1) +=   100] [mg  1228(1) <-   100] [mx  1229(2) +=   101] [mg  1229(2) <-   101] 
W SIL IH b <- W         : [mx  1230(0) +=    99] [mg  1230(0) <-    99] [mx  1231(1) +=   100] [mg  1231(1) <-   100] [mx  1232(2) +=   101] [mg  1232(2) <-   101] 
  W W AA i <- W         : [mx  1233(0) +=    99] [mg  1233(0) <-    99] [mx  1234(1) +=   100] [mg  1234(1) <-   100] [mx  1235(2) +=   101] [mg  1235(2) <-   101] 
  WH A A i <- WH        : [mx  1236(0) +=   102] [mg  1236(0) <-   102] [mx  1237(1) +=   103] [mg  1237(1) <-   103] [mx  1238(2) +=   104] [mg  1238(2) <-   104] 
WH SIL A b <- WH        : [mx  1239(0) +=   102] [mg  1239(0) <-   102] [mx  1240(1) +=   103] [mg  1240(1) <-   103] [mx  1241(2) +=   104] [mg  1241(2) <-   104] 
  Y A AA i <- Y         : [mx  1242(0) +=   105] [mg  1242(0) <-   105] [mx  1243(1) +=   106] [mg  1243(1) <-   106] [mx  1244(2) +=   107] [mg  1244(2) <-   107] 
  Y D AA i <- Y         : INFO: main.c(528): Writing dest /home/nattapong/Downloads/acoustic_model/model_parameters/acoustic_model.cd_cont_untied/transition_matrices
INFO: s3tmat_io.c(175): Wrote /home/nattapong/Downloads/acoustic_model/model_parameters/acoustic_model.cd_cont_untied/transition_matrices [36x3x4 array]
INFO: main.c(539): Writing dest /home/nattapong/Downloads/acoustic_model/model_parameters/acoustic_model.cd_cont_untied/mixture_weights
INFO: s3mixw_io.c(232): Wrote /home/nattapong/Downloads/acoustic_model/model_parameters/acoustic_model.cd_cont_untied/mixture_weights [1248x1x1 array]
INFO: main.c(548): Writing dest /home/nattapong/Downloads/acoustic_model/model_parameters/acoustic_model.cd_cont_untied/means
INFO: s3gau_io.c(228): Wrote /home/nattapong/Downloads/acoustic_model/model_parameters/acoustic_model.cd_cont_untied/means [1248x1x1 array]
INFO: main.c(560): Writing dest /home/nattapong/Downloads/acoustic_model/model_parameters/acoustic_model.cd_cont_untied/variances
INFO: s3gau_io.c(228): Wrote /home/nattapong/Downloads/acoustic_model/model_parameters/acoustic_model.cd_cont_untied/variances [1248x1x1 array]
[mx  1245(0) +=   105] [mg  1245(0) <-   105] [mx  1246(1) +=   106] [mg  1246(1) <-   106] [mx  1247(2) +=   107] [mg  1247(2) <-   107] 
Tue Jun  9 01:49:46 2020
