Current configuration:
[NAME]		[DEFLT]	[VALUE]
-dictfn			/home/nattapong/Downloads/acoustic_model/etc/acoustic_model.dic
-example	no	no
-fdictfn		/home/nattapong/Downloads/acoustic_model/etc/acoustic_model.filler
-help		no	no
-ignorewpos	no	no
-inCDmdef		
-inCImdef		
-lsnfn			/home/nattapong/Downloads/acoustic_model/etc/acoustic_model_train.transcription
-maxtriphones	100000	100000
-minocc		1	1
-n_state_pm	3	3
-oalltphnmdef		
-ocimdef		
-ocountfn		
-ountiedmdef		/home/nattapong/Downloads/acoustic_model/model_architecture/acoustic_model.untied.mdef
-phnlstfn		/home/nattapong/Downloads/acoustic_model/etc/acoustic_model.phone
-triphnlstfn		

INFO: main.c(95): Will write untied mdef file /home/nattapong/Downloads/acoustic_model/model_architecture/acoustic_model.untied.mdef
INFO: mk_mdef_gen.c(189): 0 single word triphones in input phone list
INFO: mk_mdef_gen.c(190): 0 word beginning triphones in input phone list
INFO: mk_mdef_gen.c(191): 0 word internal triphones in input phone list
INFO: mk_mdef_gen.c(192): 0 word ending triphones in input phone list
INFO: mk_mdef_gen.c(280): Reading dict /home/nattapong/Downloads/acoustic_model/etc/acoustic_model.dic
INFO: mk_mdef_gen.c(322): 133 words in dict /home/nattapong/Downloads/acoustic_model/etc/acoustic_model.dic
INFO: mk_mdef_gen.c(280): Reading dict /home/nattapong/Downloads/acoustic_model/etc/acoustic_model.filler
INFO: mk_mdef_gen.c(322): 3 words in dict /home/nattapong/Downloads/acoustic_model/etc/acoustic_model.filler
INFO: mk_mdef_gen.c(442): 136 words in dictionary
INFO: mk_mdef_gen.c(443): 0 unique single word triphones in dictionary
INFO: mk_mdef_gen.c(444): 615 unique word beginning triphones in dictionary
INFO: mk_mdef_gen.c(445): 310 unique word internal triphones in dictionary
INFO: mk_mdef_gen.c(446): 348 unique word ending triphones in dictionary
INFO: mk_mdef_gen.c(479): Out of vocabulary words in transcript will be mapped to SIL!
INFO: mk_mdef_gen.c(593): 10640 words in transcripts
INFO: mk_mdef_gen.c(594): 0 single word triphones in transcripts
INFO: mk_mdef_gen.c(595): 2660 word beginning triphones in transcripts
INFO: mk_mdef_gen.c(596): 16600 word internal triphones in transcripts
INFO: mk_mdef_gen.c(597): 2660 word ending triphones in transcripts
INFO: mk_mdef_gen.c(640): 21920 triphones extracted from transcripts
INFO: mk_mdef_gen.c(641): 380 unique triphones extracted from transcripts
INFO: mk_mdef_gen.c(642): 0 triphones occur once in the transcripts
INFO: mk_mdef_gen.c(643): 0 triphones occur twice in the transcripts
INFO: mk_mdef_gen.c(644): 0 triphones occur thrice in the transcripts
INFO: mk_mdef_gen.c(645): The rest of the triphones occur more than three times
INFO: mk_mdef_gen.c(646): Count threshold is 1
INFO: mk_mdef_gen.c(897): 36 n_base, 380 n_tri
INFO: mk_mdef_gen.c(969): Wrote mdef file /home/nattapong/Downloads/acoustic_model/model_architecture/acoustic_model.untied.mdef
Tue Jun  9 01:49:46 2020
