Current configuration:
[NAME]		[DEFLT]	[VALUE]
-accumdir		/home/nattapong/Downloads/acoustic_model/bwaccumdir/acoustic_model_buff_1,
-constE		3.0	3.000000e+00
-dcountfn		
-example	no	no
-fullvar	no	no
-help		no	no
-inmeanfn		
-inmixwfn		
-invarfn		
-meanfn			/home/nattapong/Downloads/acoustic_model/model_parameters/acoustic_model.cd_cont_untied/means
-mixwfn			/home/nattapong/Downloads/acoustic_model/model_parameters/acoustic_model.cd_cont_untied/mixture_weights
-mmie		no	no
-oaccumdir		
-regmatfn		
-tiedvar	no	no
-tmatfn			/home/nattapong/Downloads/acoustic_model/model_parameters/acoustic_model.cd_cont_untied/transition_matrices
-varfn			/home/nattapong/Downloads/acoustic_model/model_parameters/acoustic_model.cd_cont_untied/variances

INFO: main.c(207): Reading and accumulating counts from /home/nattapong/Downloads/acoustic_model/bwaccumdir/acoustic_model_buff_1
INFO: s3mixw_io.c(116): Read /home/nattapong/Downloads/acoustic_model/bwaccumdir/acoustic_model_buff_1/mixw_counts [1248x1x1 array]
INFO: s3tmat_io.c(117): Read /home/nattapong/Downloads/acoustic_model/bwaccumdir/acoustic_model_buff_1/tmat_counts [36x3x4 array]
INFO: s3gau_io.c(381): Read /home/nattapong/Downloads/acoustic_model/bwaccumdir/acoustic_model_buff_1/gauden_counts with means with vars (2pass) [1248x1x1 vector arrays]
INFO: main.c(321): -2passvar yes
INFO: main.c(390): Normalizing mean for n_mgau= 1248, n_stream= 1, n_density= 1
INFO: main.c(414): Normalizing var
INFO: s3mixw_io.c(232): Wrote /home/nattapong/Downloads/acoustic_model/model_parameters/acoustic_model.cd_cont_untied/mixture_weights [1248x1x1 array]
INFO: s3tmat_io.c(175): Wrote /home/nattapong/Downloads/acoustic_model/model_parameters/acoustic_model.cd_cont_untied/transition_matrices [36x3x4 array]
INFO: s3gau_io.c(228): Wrote /home/nattapong/Downloads/acoustic_model/model_parameters/acoustic_model.cd_cont_untied/means [1248x1x1 array]
INFO: s3gau_io.c(228): Wrote /home/nattapong/Downloads/acoustic_model/model_parameters/acoustic_model.cd_cont_untied/variances [1248x1x1 array]
Tue Jun  9 01:49:50 2020
Current Overall Likelihood Per Frame = -130.669659502549
