Current configuration:
[NAME]		[DEFLT]	[VALUE]
-example	no	no
-help		no	no
-mixwfn			/home/nattapong/Downloads/acoustic_model/model_parameters/acoustic_model.ci_cont_flatinitial/mixture_weights
-moddeffn		/home/nattapong/Downloads/acoustic_model/model_architecture/acoustic_model.ci.mdef
-ndensity	256	1
-nstream	4	1
-tmatfn			/home/nattapong/Downloads/acoustic_model/model_parameters/acoustic_model.ci_cont_flatinitial/transition_matrices
-topo			/home/nattapong/Downloads/acoustic_model/model_architecture/acoustic_model.topology

INFO: model_def_io.c(573): Model definition info:
INFO: model_def_io.c(574): 36 total models defined (36 base, 0 tri)
INFO: model_def_io.c(575): 144 total states
INFO: model_def_io.c(576): 108 total tied states
INFO: model_def_io.c(577): 108 total tied CI states
INFO: model_def_io.c(578): 36 total tied transition matrices
INFO: model_def_io.c(579): 4 max state/model
INFO: model_def_io.c(580): 4 min state/model
INFO: s3tmat_io.c(175): Wrote /home/nattapong/Downloads/acoustic_model/model_parameters/acoustic_model.ci_cont_flatinitial/transition_matrices [36x3x4 array]
INFO: s3mixw_io.c(232): Wrote /home/nattapong/Downloads/acoustic_model/model_parameters/acoustic_model.ci_cont_flatinitial/mixture_weights [108x1x1 array]
main.c(83): Reading model definition file /home/nattapong/Downloads/acoustic_model/model_architecture/acoustic_model.ci.mdef
main.c(90): 36 models defined
Tue Jun  9 01:49:20 2020
